2025-04-13 18:00:58,025 - INFO - Logging initialized for city: Albuquerque
2025-04-13 18:00:58,109 - INFO - Using device: cpu
2025-04-13 18:00:58,113 - INFO - 
Fold 1/4
2025-04-13 18:01:18,558 - INFO - Epoch 1/40 - Loss: 1.4117
2025-04-13 18:01:33,024 - INFO - Epoch 2/40 - Loss: 1.3987
2025-04-13 18:01:46,965 - INFO - Epoch 3/40 - Loss: 1.3893
2025-04-13 18:02:01,270 - INFO - Epoch 4/40 - Loss: 1.3829
2025-04-13 18:02:15,536 - INFO - Epoch 5/40 - Loss: 1.3788
2025-04-13 18:02:30,271 - INFO - Epoch 6/40 - Loss: 1.3764
2025-04-13 18:02:44,565 - INFO - Epoch 7/40 - Loss: 1.3746
2025-04-13 18:02:59,384 - INFO - Epoch 8/40 - Loss: 1.3727
2025-04-13 18:03:14,474 - INFO - Epoch 9/40 - Loss: 1.3704
2025-04-13 18:03:28,926 - INFO - Epoch 10/40 - Loss: 1.3673
2025-04-13 18:03:43,405 - INFO - Epoch 11/40 - Loss: 1.3630
2025-04-13 18:03:58,376 - INFO - Epoch 12/40 - Loss: 1.3585
2025-04-13 18:04:14,030 - INFO - Epoch 13/40 - Loss: 1.3526
2025-04-13 18:04:28,867 - INFO - Epoch 14/40 - Loss: 1.3469
2025-04-13 18:04:44,055 - INFO - Epoch 15/40 - Loss: 1.3402
2025-04-13 18:04:58,371 - INFO - Epoch 16/40 - Loss: 1.3333
2025-04-13 18:05:13,781 - INFO - Epoch 17/40 - Loss: 1.3276
2025-04-13 18:05:29,304 - INFO - Epoch 18/40 - Loss: 1.3199
2025-04-13 18:05:43,284 - INFO - Epoch 19/40 - Loss: 1.3121
2025-04-13 18:05:58,600 - INFO - Epoch 20/40 - Loss: 1.3019
2025-04-13 18:06:13,873 - INFO - Epoch 21/40 - Loss: 1.2895
2025-04-13 18:06:28,243 - INFO - Epoch 22/40 - Loss: 1.2703
2025-04-13 18:06:43,393 - INFO - Epoch 23/40 - Loss: 1.2533
2025-04-13 18:06:58,355 - INFO - Epoch 24/40 - Loss: 1.2275
2025-04-13 18:07:12,998 - INFO - Epoch 25/40 - Loss: 1.1990
2025-04-13 18:07:28,825 - INFO - Epoch 26/40 - Loss: 1.1668
2025-04-13 18:07:43,288 - INFO - Epoch 27/40 - Loss: 1.1216
2025-04-13 18:08:08,075 - INFO - Epoch 28/40 - Loss: 1.0747
2025-04-13 18:08:22,812 - INFO - Epoch 29/40 - Loss: 1.0335
2025-04-13 18:08:38,775 - INFO - Epoch 30/40 - Loss: 0.9839
2025-04-13 18:08:53,729 - INFO - Epoch 31/40 - Loss: 0.9395
2025-04-13 18:09:09,325 - INFO - Epoch 32/40 - Loss: 0.9314
2025-04-13 18:09:25,595 - INFO - Epoch 33/40 - Loss: 0.9045
2025-04-13 18:09:41,664 - INFO - Epoch 34/40 - Loss: 0.8979
2025-04-13 18:09:59,751 - INFO - Epoch 35/40 - Loss: 0.8991
2025-04-13 18:10:23,775 - INFO - Epoch 36/40 - Loss: 0.8858
2025-04-13 18:10:54,826 - INFO - Epoch 37/40 - Loss: 0.8795
2025-04-13 18:11:36,490 - INFO - Epoch 38/40 - Loss: 0.8945
2025-04-13 18:12:20,061 - INFO - Epoch 39/40 - Loss: 0.9079
2025-04-13 18:13:10,208 - INFO - Epoch 40/40 - Loss: 0.9153
2025-04-13 18:15:44,053 - INFO - Validation R² (Fold 1): 0.7763
2025-04-13 18:15:44,054 - INFO - 
Fold 2/4
2025-04-13 18:15:59,257 - INFO - Epoch 1/40 - Loss: 1.4442
2025-04-13 18:16:14,583 - INFO - Epoch 2/40 - Loss: 1.4287
2025-04-13 18:16:29,352 - INFO - Epoch 3/40 - Loss: 1.4170
2025-04-13 18:16:44,307 - INFO - Epoch 4/40 - Loss: 1.4086
2025-04-13 18:16:59,305 - INFO - Epoch 5/40 - Loss: 1.4030
2025-04-13 18:17:14,552 - INFO - Epoch 6/40 - Loss: 1.3990
2025-04-13 18:17:35,912 - INFO - Epoch 7/40 - Loss: 1.3963
2025-04-13 18:17:50,628 - INFO - Epoch 8/40 - Loss: 1.3942
2025-04-13 18:18:04,888 - INFO - Epoch 9/40 - Loss: 1.3911
2025-04-13 18:18:22,034 - INFO - Epoch 10/40 - Loss: 1.3887
2025-04-13 18:18:37,222 - INFO - Epoch 11/40 - Loss: 1.3847
2025-04-13 18:18:51,916 - INFO - Epoch 12/40 - Loss: 1.3802
2025-04-13 18:19:06,617 - INFO - Epoch 13/40 - Loss: 1.3747
2025-04-13 18:19:21,145 - INFO - Epoch 14/40 - Loss: 1.3684
2025-04-13 18:19:35,506 - INFO - Epoch 15/40 - Loss: 1.3615
2025-04-13 18:19:55,558 - INFO - Epoch 16/40 - Loss: 1.3546
2025-04-13 18:20:13,172 - INFO - Epoch 17/40 - Loss: 1.3471
2025-04-13 18:20:27,681 - INFO - Epoch 18/40 - Loss: 1.3398
2025-04-13 18:20:48,946 - INFO - Epoch 19/40 - Loss: 1.3323
2025-04-13 18:21:03,422 - INFO - Epoch 20/40 - Loss: 1.3224
2025-04-13 18:21:18,385 - INFO - Epoch 21/40 - Loss: 1.3116
2025-04-13 18:21:32,726 - INFO - Epoch 22/40 - Loss: 1.2984
2025-04-13 18:21:47,040 - INFO - Epoch 23/40 - Loss: 1.2752
2025-04-13 18:22:01,908 - INFO - Epoch 24/40 - Loss: 1.2548
2025-04-13 18:22:16,365 - INFO - Epoch 25/40 - Loss: 1.2280
2025-04-13 18:22:30,776 - INFO - Epoch 26/40 - Loss: 1.2008
2025-04-13 18:22:54,664 - INFO - Epoch 27/40 - Loss: 1.1643
2025-04-13 18:23:08,962 - INFO - Epoch 28/40 - Loss: 1.1179
2025-04-13 18:23:46,685 - INFO - Epoch 29/40 - Loss: 1.0738
2025-04-13 18:24:01,181 - INFO - Epoch 30/40 - Loss: 1.0284
2025-04-13 18:24:16,085 - INFO - Epoch 31/40 - Loss: 0.9833
2025-04-13 18:24:31,270 - INFO - Epoch 32/40 - Loss: 0.9459
2025-04-13 18:24:46,328 - INFO - Epoch 33/40 - Loss: 0.9390
2025-04-13 18:25:05,993 - INFO - Epoch 34/40 - Loss: 0.9298
2025-04-13 18:25:23,814 - INFO - Epoch 35/40 - Loss: 0.9201
2025-04-13 18:25:47,000 - INFO - Epoch 36/40 - Loss: 0.9161
2025-04-13 18:26:25,888 - INFO - Epoch 37/40 - Loss: 0.9038
2025-04-13 18:27:01,733 - INFO - Epoch 38/40 - Loss: 0.9116
2025-04-13 18:27:43,357 - INFO - Epoch 39/40 - Loss: 0.9126
2025-04-13 18:28:29,057 - INFO - Epoch 40/40 - Loss: 0.9306
2025-04-13 18:31:03,998 - INFO - Validation R² (Fold 2): 0.7720
2025-04-13 18:31:03,999 - INFO - 
Fold 3/4
2025-04-13 18:31:18,924 - INFO - Epoch 1/40 - Loss: 1.4769
2025-04-13 18:31:34,076 - INFO - Epoch 2/40 - Loss: 1.4588
2025-04-13 18:31:48,643 - INFO - Epoch 3/40 - Loss: 1.4447
2025-04-13 18:32:07,178 - INFO - Epoch 4/40 - Loss: 1.4340
2025-04-13 18:32:21,216 - INFO - Epoch 5/40 - Loss: 1.4264
2025-04-13 18:32:35,896 - INFO - Epoch 6/40 - Loss: 1.4210
2025-04-13 18:32:50,001 - INFO - Epoch 7/40 - Loss: 1.4167
2025-04-13 18:33:08,231 - INFO - Epoch 8/40 - Loss: 1.4137
2025-04-13 18:33:22,744 - INFO - Epoch 9/40 - Loss: 1.4108
2025-04-13 18:33:37,172 - INFO - Epoch 10/40 - Loss: 1.4079
2025-04-13 18:33:51,459 - INFO - Epoch 11/40 - Loss: 1.4042
2025-04-13 18:34:05,706 - INFO - Epoch 12/40 - Loss: 1.3997
2025-04-13 18:34:19,699 - INFO - Epoch 13/40 - Loss: 1.3944
2025-04-13 18:34:34,173 - INFO - Epoch 14/40 - Loss: 1.3882
2025-04-13 18:34:48,543 - INFO - Epoch 15/40 - Loss: 1.3818
2025-04-13 18:35:02,854 - INFO - Epoch 16/40 - Loss: 1.3732
2025-04-13 18:35:17,277 - INFO - Epoch 17/40 - Loss: 1.3657
2025-04-13 18:35:31,718 - INFO - Epoch 18/40 - Loss: 1.3577
2025-04-13 18:35:45,990 - INFO - Epoch 19/40 - Loss: 1.3478
2025-04-13 18:36:00,372 - INFO - Epoch 20/40 - Loss: 1.3363
2025-04-13 18:36:15,333 - INFO - Epoch 21/40 - Loss: 1.3222
2025-04-13 18:36:29,060 - INFO - Epoch 22/40 - Loss: 1.3070
2025-04-13 18:36:43,488 - INFO - Epoch 23/40 - Loss: 1.2853
2025-04-13 18:37:00,975 - INFO - Epoch 24/40 - Loss: 1.2630
2025-04-13 18:37:14,963 - INFO - Epoch 25/40 - Loss: 1.2330
2025-04-13 18:37:28,861 - INFO - Epoch 26/40 - Loss: 1.2003
2025-04-13 18:37:43,518 - INFO - Epoch 27/40 - Loss: 1.1612
2025-04-13 18:37:57,243 - INFO - Epoch 28/40 - Loss: 1.1188
2025-04-13 18:38:11,657 - INFO - Epoch 29/40 - Loss: 1.0731
2025-04-13 18:38:26,363 - INFO - Epoch 30/40 - Loss: 1.0418
2025-04-13 18:38:40,927 - INFO - Epoch 31/40 - Loss: 0.9976
2025-04-13 18:38:55,093 - INFO - Epoch 32/40 - Loss: 0.9739
2025-04-13 18:39:10,199 - INFO - Epoch 33/40 - Loss: 0.9414
2025-04-13 18:39:25,204 - INFO - Epoch 34/40 - Loss: 0.9218
2025-04-13 18:39:42,673 - INFO - Epoch 35/40 - Loss: 0.8954
2025-04-13 18:40:07,091 - INFO - Epoch 36/40 - Loss: 0.8945
2025-04-13 18:40:37,760 - INFO - Epoch 37/40 - Loss: 0.8844
2025-04-13 18:41:13,470 - INFO - Epoch 38/40 - Loss: 0.8835
2025-04-13 18:41:54,342 - INFO - Epoch 39/40 - Loss: 0.8858
2025-04-13 18:42:40,770 - INFO - Epoch 40/40 - Loss: 0.9026
2025-04-13 18:45:07,304 - INFO - Validation R² (Fold 3): 0.7039
2025-04-13 18:45:07,305 - INFO - 
Fold 4/4
2025-04-13 18:45:27,819 - INFO - Epoch 1/40 - Loss: 1.4417
2025-04-13 18:46:01,032 - INFO - Epoch 2/40 - Loss: 1.4261
2025-04-13 18:46:17,864 - INFO - Epoch 3/40 - Loss: 1.4144
2025-04-13 18:46:34,942 - INFO - Epoch 4/40 - Loss: 1.4061
2025-04-13 18:46:50,134 - INFO - Epoch 5/40 - Loss: 1.4003
2025-04-13 18:47:05,438 - INFO - Epoch 6/40 - Loss: 1.3964
2025-04-13 18:47:21,306 - INFO - Epoch 7/40 - Loss: 1.3935
2025-04-13 18:47:36,306 - INFO - Epoch 8/40 - Loss: 1.3912
2025-04-13 18:47:51,617 - INFO - Epoch 9/40 - Loss: 1.3884
2025-04-13 18:48:07,528 - INFO - Epoch 10/40 - Loss: 1.3853
2025-04-13 18:48:24,972 - INFO - Epoch 11/40 - Loss: 1.3815
2025-04-13 18:48:40,006 - INFO - Epoch 12/40 - Loss: 1.3769
2025-04-13 18:48:55,158 - INFO - Epoch 13/40 - Loss: 1.3709
2025-04-13 18:49:10,183 - INFO - Epoch 14/40 - Loss: 1.3638
2025-04-13 18:49:33,021 - INFO - Epoch 15/40 - Loss: 1.3580
2025-04-13 18:49:53,234 - INFO - Epoch 16/40 - Loss: 1.3493
2025-04-13 18:50:13,489 - INFO - Epoch 17/40 - Loss: 1.3411
2025-04-13 18:50:30,473 - INFO - Epoch 18/40 - Loss: 1.3344
2025-04-13 18:50:46,306 - INFO - Epoch 19/40 - Loss: 1.3260
2025-04-13 18:51:04,658 - INFO - Epoch 20/40 - Loss: 1.3154
2025-04-13 18:51:19,670 - INFO - Epoch 21/40 - Loss: 1.3033
2025-04-13 18:51:33,769 - INFO - Epoch 22/40 - Loss: 1.2859
2025-04-13 18:51:48,365 - INFO - Epoch 23/40 - Loss: 1.2687
2025-04-13 18:52:03,316 - INFO - Epoch 24/40 - Loss: 1.2450
2025-04-13 18:52:17,635 - INFO - Epoch 25/40 - Loss: 1.2147
2025-04-13 18:52:32,826 - INFO - Epoch 26/40 - Loss: 1.1838
2025-04-13 18:52:47,346 - INFO - Epoch 27/40 - Loss: 1.1456
2025-04-13 18:53:02,791 - INFO - Epoch 28/40 - Loss: 1.1008
2025-04-13 18:53:20,200 - INFO - Epoch 29/40 - Loss: 1.0601
2025-04-13 18:53:36,262 - INFO - Epoch 30/40 - Loss: 1.0195
2025-04-13 18:53:51,568 - INFO - Epoch 31/40 - Loss: 0.9779
2025-04-13 18:54:07,295 - INFO - Epoch 32/40 - Loss: 0.9421
2025-04-13 18:54:24,953 - INFO - Epoch 33/40 - Loss: 0.9279
2025-04-13 18:54:40,545 - INFO - Epoch 34/40 - Loss: 0.9083
2025-04-13 18:54:58,554 - INFO - Epoch 35/40 - Loss: 0.8930
2025-04-13 18:55:21,953 - INFO - Epoch 36/40 - Loss: 0.8891
2025-04-13 18:55:55,243 - INFO - Epoch 37/40 - Loss: 0.8838
2025-04-13 18:56:32,021 - INFO - Epoch 38/40 - Loss: 0.8933
2025-04-13 18:57:14,188 - INFO - Epoch 39/40 - Loss: 0.8913
2025-04-13 18:58:03,573 - INFO - Epoch 40/40 - Loss: 0.8985
2025-04-13 19:00:34,452 - INFO - Validation R² (Fold 4): 0.7586
2025-04-13 19:00:34,453 - INFO - 
Average R² across folds: 0.7527
2025-04-13 19:00:34,453 - INFO - Best R² across folds: 0.7763
2025-04-13 19:00:34,463 - INFO - 

2025-04-13 19:00:34,466 - INFO - 
Fold 1/4
2025-04-13 19:00:50,327 - INFO - Epoch 1/30 - Loss: 1.3519
2025-04-13 19:01:06,156 - INFO - Epoch 2/30 - Loss: 1.3314
2025-04-13 19:01:22,412 - INFO - Epoch 3/30 - Loss: 1.3187
2025-04-13 19:01:38,318 - INFO - Epoch 4/30 - Loss: 1.3088
2025-04-13 19:01:54,101 - INFO - Epoch 5/30 - Loss: 1.2971
2025-04-13 19:02:10,838 - INFO - Epoch 6/30 - Loss: 1.2796
2025-04-13 19:02:27,324 - INFO - Epoch 7/30 - Loss: 1.2538
2025-04-13 19:02:43,280 - INFO - Epoch 8/30 - Loss: 1.2139
2025-04-13 19:02:59,334 - INFO - Epoch 9/30 - Loss: 1.1640
2025-04-13 19:03:15,557 - INFO - Epoch 10/30 - Loss: 1.1127
2025-04-13 19:03:32,060 - INFO - Epoch 11/30 - Loss: 1.0435
2025-04-13 19:03:48,665 - INFO - Epoch 12/30 - Loss: 0.9904
2025-04-13 19:04:07,385 - INFO - Epoch 13/30 - Loss: 1.0021
2025-04-13 19:04:30,038 - INFO - Epoch 14/30 - Loss: 1.0119
2025-04-13 19:04:56,447 - INFO - Epoch 15/30 - Loss: 1.0272
2025-04-13 19:05:29,523 - INFO - Epoch 16/30 - Loss: 1.1191
2025-04-13 19:06:04,380 - INFO - Epoch 17/30 - Loss: 1.1486
2025-04-13 19:06:41,396 - INFO - Epoch 18/30 - Loss: 1.1869
2025-04-13 19:07:34,492 - INFO - Epoch 19/30 - Loss: 1.3677
2025-04-13 19:08:31,414 - INFO - Epoch 20/30 - Loss: 1.4484
2025-04-13 19:09:35,445 - INFO - Epoch 21/30 - Loss: 1.5214
2025-04-13 19:11:11,470 - INFO - Epoch 22/30 - Loss: 1.7363
2025-04-13 19:12:50,775 - INFO - Epoch 23/30 - Loss: 1.8159
2025-04-13 19:14:54,985 - INFO - Epoch 24/30 - Loss: 1.9423
2025-04-13 19:17:13,563 - INFO - Epoch 25/30 - Loss: 2.0338
2025-04-13 19:19:27,677 - INFO - Epoch 26/30 - Loss: 2.0955
2025-04-13 19:22:30,814 - INFO - Epoch 27/30 - Loss: 2.2201
2025-04-13 19:26:20,194 - INFO - Epoch 28/30 - Loss: 2.3286
2025-04-13 19:29:33,746 - INFO - Epoch 29/30 - Loss: 2.3381
2025-04-13 19:32:30,345 - INFO - Epoch 30/30 - Loss: 2.3330
2025-04-13 19:35:20,048 - INFO - Validation R² (Fold 1): -3.6967
2025-04-13 19:35:20,050 - INFO - 
Fold 2/4
2025-04-13 19:35:35,936 - INFO - Epoch 1/30 - Loss: 1.4089
2025-04-13 19:35:52,263 - INFO - Epoch 2/30 - Loss: 1.3716
2025-04-13 19:36:08,913 - INFO - Epoch 3/30 - Loss: 1.3503
2025-04-13 19:36:24,797 - INFO - Epoch 4/30 - Loss: 1.3375
2025-04-13 19:36:40,836 - INFO - Epoch 5/30 - Loss: 1.3284
2025-04-13 19:36:57,140 - INFO - Epoch 6/30 - Loss: 1.3183
2025-04-13 19:37:13,229 - INFO - Epoch 7/30 - Loss: 1.3052
2025-04-13 19:37:29,588 - INFO - Epoch 8/30 - Loss: 1.2812
2025-04-13 19:37:45,667 - INFO - Epoch 9/30 - Loss: 1.2575
2025-04-13 19:38:01,482 - INFO - Epoch 10/30 - Loss: 1.2145
2025-04-13 19:38:17,090 - INFO - Epoch 11/30 - Loss: 1.1647
2025-04-13 19:38:33,556 - INFO - Epoch 12/30 - Loss: 1.1082
2025-04-13 19:38:50,414 - INFO - Epoch 13/30 - Loss: 1.0697
2025-04-13 19:39:09,123 - INFO - Epoch 14/30 - Loss: 1.0514
2025-04-13 19:39:29,468 - INFO - Epoch 15/30 - Loss: 1.0457
2025-04-13 19:39:53,727 - INFO - Epoch 16/30 - Loss: 1.0765
2025-04-13 19:40:19,977 - INFO - Epoch 17/30 - Loss: 1.0873
2025-04-13 19:40:53,639 - INFO - Epoch 18/30 - Loss: 1.1721
2025-04-13 19:41:37,870 - INFO - Epoch 19/30 - Loss: 1.2601
2025-04-13 19:42:29,751 - INFO - Epoch 20/30 - Loss: 1.2981
2025-04-13 19:43:20,723 - INFO - Epoch 21/30 - Loss: 1.3778
2025-04-13 19:44:34,977 - INFO - Epoch 22/30 - Loss: 1.5027
2025-04-13 19:45:46,624 - INFO - Epoch 23/30 - Loss: 1.5802
2025-04-13 19:47:13,177 - INFO - Epoch 24/30 - Loss: 1.6691
2025-04-13 19:48:56,622 - INFO - Epoch 25/30 - Loss: 1.8234
2025-04-13 19:50:35,732 - INFO - Epoch 26/30 - Loss: 1.8576
2025-04-13 19:52:22,685 - INFO - Epoch 27/30 - Loss: 1.9573
2025-04-13 19:54:05,992 - INFO - Epoch 28/30 - Loss: 1.9841
2025-04-13 19:55:48,524 - INFO - Epoch 29/30 - Loss: 2.0048
2025-04-13 19:57:49,099 - INFO - Epoch 30/30 - Loss: 2.1409
2025-04-13 20:00:39,800 - INFO - Validation R² (Fold 2): -0.2100
2025-04-13 20:00:39,802 - INFO - 
Fold 3/4
2025-04-13 20:01:01,860 - INFO - Epoch 1/30 - Loss: 1.3981
2025-04-13 20:01:22,996 - INFO - Epoch 2/30 - Loss: 1.3691
2025-04-13 20:01:40,072 - INFO - Epoch 3/30 - Loss: 1.3497
2025-04-13 20:01:57,638 - INFO - Epoch 4/30 - Loss: 1.3360
2025-04-13 20:02:14,669 - INFO - Epoch 5/30 - Loss: 1.3229
2025-04-13 20:02:36,560 - INFO - Epoch 6/30 - Loss: 1.3036
2025-04-13 20:02:53,652 - INFO - Epoch 7/30 - Loss: 1.2793
2025-04-13 20:03:11,717 - INFO - Epoch 8/30 - Loss: 1.2467
2025-04-13 20:03:28,287 - INFO - Epoch 9/30 - Loss: 1.1949
2025-04-13 20:03:45,942 - INFO - Epoch 10/30 - Loss: 1.1391
2025-04-13 20:04:03,896 - INFO - Epoch 11/30 - Loss: 1.0875
2025-04-13 20:04:20,637 - INFO - Epoch 12/30 - Loss: 1.0252
2025-04-13 20:04:38,730 - INFO - Epoch 13/30 - Loss: 0.9841
2025-04-13 20:05:02,979 - INFO - Epoch 14/30 - Loss: 1.0689
2025-04-13 20:05:34,311 - INFO - Epoch 15/30 - Loss: 1.0809
2025-04-13 20:06:04,748 - INFO - Epoch 16/30 - Loss: 1.1117
2025-04-13 20:06:37,951 - INFO - Epoch 17/30 - Loss: 1.1549
2025-04-13 20:07:15,960 - INFO - Epoch 18/30 - Loss: 1.2157
2025-04-13 20:08:07,924 - INFO - Epoch 19/30 - Loss: 1.3554
2025-04-13 20:09:06,943 - INFO - Epoch 20/30 - Loss: 1.4269
2025-04-13 20:10:11,191 - INFO - Epoch 21/30 - Loss: 1.5248
2025-04-13 20:12:15,354 - INFO - Epoch 22/30 - Loss: 1.9758
2025-04-13 20:17:34,951 - INFO - Epoch 23/30 - Loss: 2.1434
2025-04-13 20:22:56,996 - INFO - Epoch 24/30 - Loss: 2.2185
2025-04-13 20:28:20,973 - INFO - Epoch 25/30 - Loss: 2.2902
2025-04-13 20:33:39,939 - INFO - Epoch 26/30 - Loss: 2.3435
2025-04-13 20:38:56,977 - INFO - Epoch 27/30 - Loss: 2.3865
2025-04-13 20:44:22,999 - INFO - Epoch 28/30 - Loss: 2.3982
2025-04-13 20:49:59,439 - INFO - Epoch 29/30 - Loss: 2.4439
2025-04-13 20:55:20,436 - INFO - Epoch 30/30 - Loss: 2.5166
2025-04-13 20:58:10,230 - INFO - Validation R² (Fold 3): -7.0684
2025-04-13 20:58:10,231 - INFO - 
Fold 4/4
2025-04-13 20:58:27,265 - INFO - Epoch 1/30 - Loss: 1.4392
2025-04-13 20:58:44,056 - INFO - Epoch 2/30 - Loss: 1.4098
2025-04-13 20:59:00,747 - INFO - Epoch 3/30 - Loss: 1.3887
2025-04-13 20:59:17,744 - INFO - Epoch 4/30 - Loss: 1.3731
2025-04-13 20:59:35,147 - INFO - Epoch 5/30 - Loss: 1.3601
2025-04-13 20:59:53,100 - INFO - Epoch 6/30 - Loss: 1.3444
2025-04-13 21:00:10,277 - INFO - Epoch 7/30 - Loss: 1.3235
2025-04-13 21:00:28,455 - INFO - Epoch 8/30 - Loss: 1.2936
2025-04-13 21:00:46,470 - INFO - Epoch 9/30 - Loss: 1.2574
2025-04-13 21:01:04,037 - INFO - Epoch 10/30 - Loss: 1.2152
2025-04-13 21:01:21,041 - INFO - Epoch 11/30 - Loss: 1.1611
2025-04-13 21:01:39,556 - INFO - Epoch 12/30 - Loss: 1.1183
2025-04-13 21:01:57,741 - INFO - Epoch 13/30 - Loss: 1.0914
2025-04-13 21:02:22,547 - INFO - Epoch 14/30 - Loss: 1.1448
2025-04-13 21:02:47,502 - INFO - Epoch 15/30 - Loss: 1.1307
2025-04-13 21:03:17,016 - INFO - Epoch 16/30 - Loss: 1.1765
2025-04-13 20:38:58,474 - INFO - Epoch 17/30 - Loss: 1.2423
2025-04-13 20:39:47,742 - INFO - Epoch 18/30 - Loss: 1.2939
2025-04-13 20:40:57,809 - INFO - Epoch 19/30 - Loss: 1.4265
2025-04-13 20:42:06,135 - INFO - Epoch 20/30 - Loss: 1.5054
2025-04-13 20:43:19,601 - INFO - Epoch 21/30 - Loss: 1.6199
2025-04-13 20:44:52,470 - INFO - Epoch 22/30 - Loss: 1.7465
2025-04-13 20:46:54,481 - INFO - Epoch 23/30 - Loss: 1.9019
2025-04-13 20:48:53,521 - INFO - Epoch 24/30 - Loss: 1.9714
2025-04-13 20:54:38,167 - INFO - Epoch 25/30 - Loss: 2.1897
2025-04-13 21:00:16,608 - INFO - Epoch 26/30 - Loss: 2.2424
