2025-04-13 17:44:00,730 - INFO - Logging initialized for city: Atlanta
2025-04-13 17:44:00,740 - INFO - Using device: cpu
2025-04-13 17:44:00,741 - INFO - 
Fold 1/2
2025-04-13 17:44:01,538 - INFO - Epoch 1/40 - Loss: 1.0724
2025-04-13 17:44:01,770 - INFO - Epoch 2/40 - Loss: 1.0509
2025-04-13 17:44:02,005 - INFO - Epoch 3/40 - Loss: 1.0305
2025-04-13 17:44:02,259 - INFO - Epoch 4/40 - Loss: 1.0106
2025-04-13 17:44:02,492 - INFO - Epoch 5/40 - Loss: 0.9914
2025-04-13 17:44:02,723 - INFO - Epoch 6/40 - Loss: 0.9730
2025-04-13 17:44:02,951 - INFO - Epoch 7/40 - Loss: 0.9550
2025-04-13 17:44:03,183 - INFO - Epoch 8/40 - Loss: 0.9383
2025-04-13 17:44:03,414 - INFO - Epoch 9/40 - Loss: 0.9197
2025-04-13 17:44:03,646 - INFO - Epoch 10/40 - Loss: 0.8999
2025-04-13 17:44:03,875 - INFO - Epoch 11/40 - Loss: 0.8800
2025-04-13 17:44:04,111 - INFO - Epoch 12/40 - Loss: 0.8574
2025-04-13 17:44:04,346 - INFO - Epoch 13/40 - Loss: 0.8313
2025-04-13 17:44:04,580 - INFO - Epoch 14/40 - Loss: 0.8001
2025-04-13 17:44:04,811 - INFO - Epoch 15/40 - Loss: 0.7654
2025-04-13 17:44:05,042 - INFO - Epoch 16/40 - Loss: 0.7255
2025-04-13 17:44:05,271 - INFO - Epoch 17/40 - Loss: 0.6739
2025-04-13 17:44:05,510 - INFO - Epoch 18/40 - Loss: 0.6114
2025-04-13 17:44:05,743 - INFO - Epoch 19/40 - Loss: 0.5454
2025-04-13 17:44:05,978 - INFO - Epoch 20/40 - Loss: 0.4585
2025-04-13 17:44:06,206 - INFO - Epoch 21/40 - Loss: 0.3886
2025-04-13 17:44:06,439 - INFO - Epoch 22/40 - Loss: 0.3189
2025-04-13 17:44:06,667 - INFO - Epoch 23/40 - Loss: 0.2494
2025-04-13 17:44:06,898 - INFO - Epoch 24/40 - Loss: 0.1813
2025-04-13 17:44:07,136 - INFO - Epoch 25/40 - Loss: 0.1233
2025-04-13 17:44:07,364 - INFO - Epoch 26/40 - Loss: 0.0642
2025-04-13 17:44:07,602 - INFO - Epoch 27/40 - Loss: 0.0519
2025-04-13 17:44:07,848 - INFO - Epoch 28/40 - Loss: 0.0172
2025-04-13 17:44:08,120 - INFO - Epoch 29/40 - Loss: 0.0147
2025-04-13 17:44:08,396 - INFO - Epoch 30/40 - Loss: -0.0130
2025-04-13 17:44:08,679 - INFO - Epoch 31/40 - Loss: -0.0441
2025-04-13 17:44:08,977 - INFO - Epoch 32/40 - Loss: -0.0473
2025-04-13 17:44:09,303 - INFO - Epoch 33/40 - Loss: -0.0619
2025-04-13 17:44:09,620 - INFO - Epoch 34/40 - Loss: -0.0922
2025-04-13 17:44:09,925 - INFO - Epoch 35/40 - Loss: -0.1025
2025-04-13 17:44:10,234 - INFO - Epoch 36/40 - Loss: -0.1113
2025-04-13 17:44:10,550 - INFO - Epoch 37/40 - Loss: -0.1212
2025-04-13 17:44:10,864 - INFO - Epoch 38/40 - Loss: -0.1534
2025-04-13 17:44:11,182 - INFO - Epoch 39/40 - Loss: -0.1685
2025-04-13 17:44:11,545 - INFO - Epoch 40/40 - Loss: -0.1407
2025-04-13 17:44:12,232 - INFO - Validation R² (Fold 1): 0.9816
2025-04-13 17:44:12,232 - INFO - 
Fold 2/2
2025-04-13 17:44:12,513 - INFO - Epoch 1/40 - Loss: 1.0749
2025-04-13 17:44:12,742 - INFO - Epoch 2/40 - Loss: 1.0545
2025-04-13 17:44:12,970 - INFO - Epoch 3/40 - Loss: 1.0345
2025-04-13 17:44:13,196 - INFO - Epoch 4/40 - Loss: 1.0154
2025-04-13 17:44:13,428 - INFO - Epoch 5/40 - Loss: 0.9963
2025-04-13 17:44:13,655 - INFO - Epoch 6/40 - Loss: 0.9781
2025-04-13 17:44:13,884 - INFO - Epoch 7/40 - Loss: 0.9589
2025-04-13 17:44:14,121 - INFO - Epoch 8/40 - Loss: 0.9406
2025-04-13 17:44:14,348 - INFO - Epoch 9/40 - Loss: 0.9212
2025-04-13 17:44:14,580 - INFO - Epoch 10/40 - Loss: 0.9016
2025-04-13 17:44:14,812 - INFO - Epoch 11/40 - Loss: 0.8779
2025-04-13 17:44:15,041 - INFO - Epoch 12/40 - Loss: 0.8533
2025-04-13 17:44:15,278 - INFO - Epoch 13/40 - Loss: 0.8239
2025-04-13 17:44:15,506 - INFO - Epoch 14/40 - Loss: 0.7930
2025-04-13 17:44:15,740 - INFO - Epoch 15/40 - Loss: 0.7521
2025-04-13 17:44:15,968 - INFO - Epoch 16/40 - Loss: 0.7068
2025-04-13 17:44:16,198 - INFO - Epoch 17/40 - Loss: 0.6543
2025-04-13 17:44:16,433 - INFO - Epoch 18/40 - Loss: 0.5874
2025-04-13 17:44:16,662 - INFO - Epoch 19/40 - Loss: 0.5121
2025-04-13 17:44:16,895 - INFO - Epoch 20/40 - Loss: 0.4332
2025-04-13 17:44:17,125 - INFO - Epoch 21/40 - Loss: 0.3499
2025-04-13 17:44:17,355 - INFO - Epoch 22/40 - Loss: 0.2749
2025-04-13 17:44:17,582 - INFO - Epoch 23/40 - Loss: 0.2128
2025-04-13 17:44:17,814 - INFO - Epoch 24/40 - Loss: 0.1515
2025-04-13 17:44:18,053 - INFO - Epoch 25/40 - Loss: 0.1090
2025-04-13 17:44:18,290 - INFO - Epoch 26/40 - Loss: 0.0618
2025-04-13 17:44:18,537 - INFO - Epoch 27/40 - Loss: 0.0336
2025-04-13 17:44:18,779 - INFO - Epoch 28/40 - Loss: 0.0086
2025-04-13 17:44:19,033 - INFO - Epoch 29/40 - Loss: -0.0182
2025-04-13 17:44:19,316 - INFO - Epoch 30/40 - Loss: -0.0255
2025-04-13 17:44:19,593 - INFO - Epoch 31/40 - Loss: -0.0540
2025-04-13 17:44:19,898 - INFO - Epoch 32/40 - Loss: -0.0547
2025-04-13 17:44:20,217 - INFO - Epoch 33/40 - Loss: -0.0559
2025-04-13 17:44:20,514 - INFO - Epoch 34/40 - Loss: -0.1025
2025-04-13 17:44:20,828 - INFO - Epoch 35/40 - Loss: -0.1034
2025-04-13 17:44:21,134 - INFO - Epoch 36/40 - Loss: -0.1194
2025-04-13 17:44:21,493 - INFO - Epoch 37/40 - Loss: -0.0930
2025-04-13 17:44:21,828 - INFO - Epoch 38/40 - Loss: -0.1108
2025-04-13 17:44:22,145 - INFO - Epoch 39/40 - Loss: -0.1382
2025-04-13 17:44:22,512 - INFO - Epoch 40/40 - Loss: -0.1222
2025-04-13 17:44:23,191 - INFO - Validation R² (Fold 2): 0.9821
2025-04-13 17:44:23,191 - INFO - 
Average R² across folds: 0.9818
2025-04-13 17:44:23,191 - INFO - Best R² across folds: 0.9821
2025-04-13 17:44:23,192 - INFO - 

2025-04-13 17:44:23,192 - INFO - 
Fold 1/2
2025-04-13 17:44:23,501 - INFO - Epoch 1/30 - Loss: 0.9873
2025-04-13 17:44:23,739 - INFO - Epoch 2/30 - Loss: 0.9457
2025-04-13 17:44:23,977 - INFO - Epoch 3/30 - Loss: 0.9040
2025-04-13 17:44:24,214 - INFO - Epoch 4/30 - Loss: 0.8603
2025-04-13 17:44:24,445 - INFO - Epoch 5/30 - Loss: 0.8156
2025-04-13 17:44:24,681 - INFO - Epoch 6/30 - Loss: 0.7645
2025-04-13 17:44:24,992 - INFO - Epoch 7/30 - Loss: 0.7085
2025-04-13 17:44:25,242 - INFO - Epoch 8/30 - Loss: 0.6617
2025-04-13 17:44:25,474 - INFO - Epoch 9/30 - Loss: 0.6135
2025-04-13 17:44:25,706 - INFO - Epoch 10/30 - Loss: 0.5799
2025-04-13 17:44:25,940 - INFO - Epoch 11/30 - Loss: 0.5568
2025-04-13 17:44:26,170 - INFO - Epoch 12/30 - Loss: 0.5184
2025-04-13 17:44:26,405 - INFO - Epoch 13/30 - Loss: 0.4966
2025-04-13 17:44:26,643 - INFO - Epoch 14/30 - Loss: 0.4658
2025-04-13 17:44:26,875 - INFO - Epoch 15/30 - Loss: 0.4332
2025-04-13 17:44:27,110 - INFO - Epoch 16/30 - Loss: 0.3724
2025-04-13 17:44:27,372 - INFO - Epoch 17/30 - Loss: 0.3186
2025-04-13 17:44:27,701 - INFO - Epoch 18/30 - Loss: 0.2802
2025-04-13 17:44:27,994 - INFO - Epoch 19/30 - Loss: 0.2350
2025-04-13 17:44:28,247 - INFO - Epoch 20/30 - Loss: 0.2090
2025-04-13 17:44:28,488 - INFO - Epoch 21/30 - Loss: 0.1758
2025-04-13 17:44:28,721 - INFO - Epoch 22/30 - Loss: 0.1420
2025-04-13 17:44:28,951 - INFO - Epoch 23/30 - Loss: 0.1025
2025-04-13 17:44:29,192 - INFO - Epoch 24/30 - Loss: 0.0620
2025-04-13 17:44:29,427 - INFO - Epoch 25/30 - Loss: 0.0149
2025-04-13 17:44:29,662 - INFO - Epoch 26/30 - Loss: -0.0253
2025-04-13 17:44:29,907 - INFO - Epoch 27/30 - Loss: -0.0243
2025-04-13 17:44:30,146 - INFO - Epoch 28/30 - Loss: -0.0816
2025-04-13 17:44:30,429 - INFO - Epoch 29/30 - Loss: -0.0428
2025-04-13 17:44:31,017 - INFO - Epoch 30/30 - Loss: 0.1831
2025-04-13 17:44:32,649 - INFO - Validation R² (Fold 1): -11.4219
2025-04-13 17:44:32,649 - INFO - 
Fold 2/2
2025-04-13 17:44:32,931 - INFO - Epoch 1/30 - Loss: 1.0363
2025-04-13 17:44:33,169 - INFO - Epoch 2/30 - Loss: 0.9801
2025-04-13 17:44:33,404 - INFO - Epoch 3/30 - Loss: 0.9317
2025-04-13 17:44:33,642 - INFO - Epoch 4/30 - Loss: 0.8856
2025-04-13 17:44:33,879 - INFO - Epoch 5/30 - Loss: 0.8354
2025-04-13 17:44:34,110 - INFO - Epoch 6/30 - Loss: 0.7852
2025-04-13 17:44:34,343 - INFO - Epoch 7/30 - Loss: 0.7349
2025-04-13 17:44:34,576 - INFO - Epoch 8/30 - Loss: 0.6794
2025-04-13 17:44:34,805 - INFO - Epoch 9/30 - Loss: 0.6281
2025-04-13 17:44:35,040 - INFO - Epoch 10/30 - Loss: 0.5769
2025-04-13 17:44:35,284 - INFO - Epoch 11/30 - Loss: 0.5370
2025-04-13 17:44:35,517 - INFO - Epoch 12/30 - Loss: 0.5204
2025-04-13 17:44:35,750 - INFO - Epoch 13/30 - Loss: 0.4798
2025-04-13 17:44:35,988 - INFO - Epoch 14/30 - Loss: 0.4510
2025-04-13 17:44:36,225 - INFO - Epoch 15/30 - Loss: 0.4234
2025-04-13 17:44:36,459 - INFO - Epoch 16/30 - Loss: 0.3877
2025-04-13 17:44:36,708 - INFO - Epoch 17/30 - Loss: 0.3412
2025-04-13 17:44:36,944 - INFO - Epoch 18/30 - Loss: 0.2855
2025-04-13 17:44:37,185 - INFO - Epoch 19/30 - Loss: 0.2423
2025-04-13 17:44:37,419 - INFO - Epoch 20/30 - Loss: 0.2049
2025-04-13 17:44:37,655 - INFO - Epoch 21/30 - Loss: 0.1510
2025-04-13 17:44:37,888 - INFO - Epoch 22/30 - Loss: 0.1201
2025-04-13 17:44:38,124 - INFO - Epoch 23/30 - Loss: 0.0851
2025-04-13 17:44:38,362 - INFO - Epoch 24/30 - Loss: 0.0520
2025-04-13 17:44:38,596 - INFO - Epoch 25/30 - Loss: 0.0226
2025-04-13 17:44:38,829 - INFO - Epoch 26/30 - Loss: -0.0212
2025-04-13 17:44:39,061 - INFO - Epoch 27/30 - Loss: -0.0603
2025-04-13 17:44:44,881 - INFO - Epoch 28/30 - Loss: 0.2531
2025-04-13 17:44:45,118 - INFO - Epoch 29/30 - Loss: -0.1308
2025-04-13 17:44:46,904 - INFO - Epoch 30/30 - Loss: 0.2481
2025-04-13 17:44:47,780 - INFO - Validation R² (Fold 2): 0.9589
2025-04-13 17:44:47,780 - INFO - 
Average R² across folds: -5.2315
2025-04-13 17:44:47,780 - INFO - Best R² across folds: 0.9589
2025-04-13 17:44:47,781 - INFO - Generated 2250 points with 500m resolution
