2025-04-14 11:19:30,245 - INFO - Logging initialized for city: Albuquerque
2025-04-14 11:19:30,262 - INFO - Original dataset size: 41876. Randomly selecting 20000 samples.
2025-04-14 11:19:30,453 - INFO - Using device: cuda
2025-04-14 11:19:30,454 - INFO - 
Fold 1/4
2025-04-14 11:19:33,922 - INFO - Epoch 1/40 - Loss: 1.3426
2025-04-14 11:19:34,102 - INFO - Epoch 2/40 - Loss: 1.3347
2025-04-14 11:19:34,284 - INFO - Epoch 3/40 - Loss: 1.3300
2025-04-14 11:19:34,463 - INFO - Epoch 4/40 - Loss: 1.3273
2025-04-14 11:19:34,642 - INFO - Epoch 5/40 - Loss: 1.3259
2025-04-14 11:19:34,822 - INFO - Epoch 6/40 - Loss: 1.3242
2025-04-14 11:19:35,002 - INFO - Epoch 7/40 - Loss: 1.3216
2025-04-14 11:19:35,182 - INFO - Epoch 8/40 - Loss: 1.3178
2025-04-14 11:19:35,362 - INFO - Epoch 9/40 - Loss: 1.3136
2025-04-14 11:19:35,542 - INFO - Epoch 10/40 - Loss: 1.3086
2025-04-14 11:19:35,720 - INFO - Epoch 11/40 - Loss: 1.3033
2025-04-14 11:19:35,899 - INFO - Epoch 12/40 - Loss: 1.2972
2025-04-14 11:19:36,080 - INFO - Epoch 13/40 - Loss: 1.2916
2025-04-14 11:19:36,262 - INFO - Epoch 14/40 - Loss: 1.2860
2025-04-14 11:19:36,440 - INFO - Epoch 15/40 - Loss: 1.2818
2025-04-14 11:19:36,617 - INFO - Epoch 16/40 - Loss: 1.2764
2025-04-14 11:19:36,799 - INFO - Epoch 17/40 - Loss: 1.2711
2025-04-14 11:19:36,979 - INFO - Epoch 18/40 - Loss: 1.2663
2025-04-14 11:19:37,160 - INFO - Epoch 19/40 - Loss: 1.2582
2025-04-14 11:19:37,338 - INFO - Epoch 20/40 - Loss: 1.2505
2025-04-14 11:19:37,516 - INFO - Epoch 21/40 - Loss: 1.2376
2025-04-14 11:19:37,698 - INFO - Epoch 22/40 - Loss: 1.2219
2025-04-14 11:19:37,881 - INFO - Epoch 23/40 - Loss: 1.2044
2025-04-14 11:19:38,060 - INFO - Epoch 24/40 - Loss: 1.1839
2025-04-14 11:19:38,241 - INFO - Epoch 25/40 - Loss: 1.1578
2025-04-14 11:19:38,420 - INFO - Epoch 26/40 - Loss: 1.1344
2025-04-14 11:19:38,601 - INFO - Epoch 27/40 - Loss: 1.0942
2025-04-14 11:19:38,782 - INFO - Epoch 28/40 - Loss: 1.0463
2025-04-14 11:19:38,963 - INFO - Epoch 29/40 - Loss: 1.0104
2025-04-14 11:19:39,147 - INFO - Epoch 30/40 - Loss: 0.9610
2025-04-14 11:19:39,332 - INFO - Epoch 31/40 - Loss: 0.9245
2025-04-14 11:19:39,517 - INFO - Epoch 32/40 - Loss: 0.8943
2025-04-14 11:19:39,701 - INFO - Epoch 33/40 - Loss: 0.8591
2025-04-14 11:19:39,883 - INFO - Epoch 34/40 - Loss: 0.8448
2025-04-14 11:19:40,074 - INFO - Epoch 35/40 - Loss: 0.8447
2025-04-14 11:19:40,264 - INFO - Epoch 36/40 - Loss: 0.8227
2025-04-14 11:19:40,454 - INFO - Epoch 37/40 - Loss: 0.8275
2025-04-14 11:19:40,646 - INFO - Epoch 38/40 - Loss: 0.8330
2025-04-14 11:19:40,844 - INFO - Epoch 39/40 - Loss: 0.8452
2025-04-14 11:19:41,045 - INFO - Epoch 40/40 - Loss: 0.8732
2025-04-14 11:19:41,610 - INFO - Validation R² (Fold 1): 0.7438
2025-04-14 11:19:41,611 - INFO - 
Fold 2/4
2025-04-14 11:19:41,793 - INFO - Epoch 1/40 - Loss: 1.4710
2025-04-14 11:19:41,972 - INFO - Epoch 2/40 - Loss: 1.4532
2025-04-14 11:19:42,152 - INFO - Epoch 3/40 - Loss: 1.4394
2025-04-14 11:19:42,332 - INFO - Epoch 4/40 - Loss: 1.4290
2025-04-14 11:19:42,512 - INFO - Epoch 5/40 - Loss: 1.4215
2025-04-14 11:19:42,693 - INFO - Epoch 6/40 - Loss: 1.4162
2025-04-14 11:19:42,873 - INFO - Epoch 7/40 - Loss: 1.4122
2025-04-14 11:19:43,053 - INFO - Epoch 8/40 - Loss: 1.4091
2025-04-14 11:19:43,234 - INFO - Epoch 9/40 - Loss: 1.4062
2025-04-14 11:19:43,412 - INFO - Epoch 10/40 - Loss: 1.4025
2025-04-14 11:19:43,594 - INFO - Epoch 11/40 - Loss: 1.3987
2025-04-14 11:19:43,772 - INFO - Epoch 12/40 - Loss: 1.3942
2025-04-14 11:19:43,951 - INFO - Epoch 13/40 - Loss: 1.3884
2025-04-14 11:19:44,132 - INFO - Epoch 14/40 - Loss: 1.3823
2025-04-14 11:19:44,311 - INFO - Epoch 15/40 - Loss: 1.3760
2025-04-14 11:19:44,492 - INFO - Epoch 16/40 - Loss: 1.3686
2025-04-14 11:19:44,672 - INFO - Epoch 17/40 - Loss: 1.3618
2025-04-14 11:19:44,852 - INFO - Epoch 18/40 - Loss: 1.3543
2025-04-14 11:19:45,035 - INFO - Epoch 19/40 - Loss: 1.3452
2025-04-14 11:19:45,218 - INFO - Epoch 20/40 - Loss: 1.3342
2025-04-14 11:19:45,399 - INFO - Epoch 21/40 - Loss: 1.3250
2025-04-14 11:19:45,579 - INFO - Epoch 22/40 - Loss: 1.3132
2025-04-14 11:19:45,759 - INFO - Epoch 23/40 - Loss: 1.2905
2025-04-14 11:19:45,941 - INFO - Epoch 24/40 - Loss: 1.2701
2025-04-14 11:19:46,121 - INFO - Epoch 25/40 - Loss: 1.2486
2025-04-14 11:19:46,301 - INFO - Epoch 26/40 - Loss: 1.2278
2025-04-14 11:19:46,483 - INFO - Epoch 27/40 - Loss: 1.1918
2025-04-14 11:19:46,661 - INFO - Epoch 28/40 - Loss: 1.1489
2025-04-14 11:19:46,842 - INFO - Epoch 29/40 - Loss: 1.1015
2025-04-14 11:19:47,022 - INFO - Epoch 30/40 - Loss: 1.0630
2025-04-14 11:19:47,202 - INFO - Epoch 31/40 - Loss: 1.0156
2025-04-14 11:19:47,382 - INFO - Epoch 32/40 - Loss: 0.9788
2025-04-14 11:19:47,562 - INFO - Epoch 33/40 - Loss: 0.9487
2025-04-14 11:19:47,744 - INFO - Epoch 34/40 - Loss: 0.9246
2025-04-14 11:19:47,922 - INFO - Epoch 35/40 - Loss: 0.8997
2025-04-14 11:19:48,102 - INFO - Epoch 36/40 - Loss: 0.8866
2025-04-14 11:19:48,284 - INFO - Epoch 37/40 - Loss: 0.8751
2025-04-14 11:19:48,470 - INFO - Epoch 38/40 - Loss: 0.8814
2025-04-14 11:19:48,657 - INFO - Epoch 39/40 - Loss: 0.8783
2025-04-14 11:19:48,842 - INFO - Epoch 40/40 - Loss: 0.8868
2025-04-14 11:19:49,359 - INFO - Validation R² (Fold 2): 0.6539
2025-04-14 11:19:49,359 - INFO - 
Fold 3/4
2025-04-14 11:19:49,540 - INFO - Epoch 1/40 - Loss: 1.4581
2025-04-14 11:19:49,719 - INFO - Epoch 2/40 - Loss: 1.4414
2025-04-14 11:19:49,900 - INFO - Epoch 3/40 - Loss: 1.4286
2025-04-14 11:19:50,080 - INFO - Epoch 4/40 - Loss: 1.4192
2025-04-14 11:19:50,259 - INFO - Epoch 5/40 - Loss: 1.4124
2025-04-14 11:19:50,440 - INFO - Epoch 6/40 - Loss: 1.4079
2025-04-14 11:19:50,620 - INFO - Epoch 7/40 - Loss: 1.4044
2025-04-14 11:19:50,802 - INFO - Epoch 8/40 - Loss: 1.4016
2025-04-14 11:19:50,983 - INFO - Epoch 9/40 - Loss: 1.3992
2025-04-14 11:19:51,161 - INFO - Epoch 10/40 - Loss: 1.3957
2025-04-14 11:19:51,341 - INFO - Epoch 11/40 - Loss: 1.3915
2025-04-14 11:19:51,521 - INFO - Epoch 12/40 - Loss: 1.3868
2025-04-14 11:19:51,701 - INFO - Epoch 13/40 - Loss: 1.3814
2025-04-14 11:19:51,881 - INFO - Epoch 14/40 - Loss: 1.3757
2025-04-14 11:19:52,061 - INFO - Epoch 15/40 - Loss: 1.3687
2025-04-14 11:19:52,243 - INFO - Epoch 16/40 - Loss: 1.3610
2025-04-14 11:19:52,423 - INFO - Epoch 17/40 - Loss: 1.3540
2025-04-14 11:19:52,603 - INFO - Epoch 18/40 - Loss: 1.3458
2025-04-14 11:19:52,781 - INFO - Epoch 19/40 - Loss: 1.3379
2025-04-14 11:19:52,962 - INFO - Epoch 20/40 - Loss: 1.3307
2025-04-14 11:19:53,141 - INFO - Epoch 21/40 - Loss: 1.3180
2025-04-14 11:19:53,321 - INFO - Epoch 22/40 - Loss: 1.3052
2025-04-14 11:19:53,500 - INFO - Epoch 23/40 - Loss: 1.2861
2025-04-14 11:19:53,682 - INFO - Epoch 24/40 - Loss: 1.2701
2025-04-14 11:19:53,863 - INFO - Epoch 25/40 - Loss: 1.2505
2025-04-14 11:19:54,043 - INFO - Epoch 26/40 - Loss: 1.2266
2025-04-14 11:19:54,223 - INFO - Epoch 27/40 - Loss: 1.1923
2025-04-14 11:19:54,403 - INFO - Epoch 28/40 - Loss: 1.1490
2025-04-14 11:19:54,583 - INFO - Epoch 29/40 - Loss: 1.1066
2025-04-14 11:19:54,764 - INFO - Epoch 30/40 - Loss: 1.0650
2025-04-14 11:19:54,943 - INFO - Epoch 31/40 - Loss: 1.0204
2025-04-14 11:19:55,123 - INFO - Epoch 32/40 - Loss: 0.9880
2025-04-14 11:19:55,301 - INFO - Epoch 33/40 - Loss: 0.9645
2025-04-14 11:19:55,482 - INFO - Epoch 34/40 - Loss: 0.9401
2025-04-14 11:19:55,665 - INFO - Epoch 35/40 - Loss: 0.9275
2025-04-14 11:19:55,849 - INFO - Epoch 36/40 - Loss: 0.9292
2025-04-14 11:19:56,032 - INFO - Epoch 37/40 - Loss: 0.9203
2025-04-14 11:19:56,219 - INFO - Epoch 38/40 - Loss: 0.9304
2025-04-14 11:19:56,402 - INFO - Epoch 39/40 - Loss: 0.9240
2025-04-14 11:19:56,591 - INFO - Epoch 40/40 - Loss: 0.9369
2025-04-14 11:19:57,112 - INFO - Validation R² (Fold 3): 0.7617
2025-04-14 11:19:57,112 - INFO - 
Fold 4/4
2025-04-14 11:19:57,293 - INFO - Epoch 1/40 - Loss: 1.4278
2025-04-14 11:19:57,474 - INFO - Epoch 2/40 - Loss: 1.4135
2025-04-14 11:19:57,653 - INFO - Epoch 3/40 - Loss: 1.4028
2025-04-14 11:19:57,833 - INFO - Epoch 4/40 - Loss: 1.3954
2025-04-14 11:19:58,012 - INFO - Epoch 5/40 - Loss: 1.3903
2025-04-14 11:19:58,191 - INFO - Epoch 6/40 - Loss: 1.3869
2025-04-14 11:19:58,372 - INFO - Epoch 7/40 - Loss: 1.3846
2025-04-14 11:19:58,551 - INFO - Epoch 8/40 - Loss: 1.3827
2025-04-14 11:19:58,731 - INFO - Epoch 9/40 - Loss: 1.3801
2025-04-14 11:19:58,911 - INFO - Epoch 10/40 - Loss: 1.3767
2025-04-14 11:19:59,094 - INFO - Epoch 11/40 - Loss: 1.3726
2025-04-14 11:19:59,272 - INFO - Epoch 12/40 - Loss: 1.3682
2025-04-14 11:19:59,452 - INFO - Epoch 13/40 - Loss: 1.3625
2025-04-14 11:19:59,636 - INFO - Epoch 14/40 - Loss: 1.3565
2025-04-14 11:19:59,819 - INFO - Epoch 15/40 - Loss: 1.3498
2025-04-14 11:20:00,000 - INFO - Epoch 16/40 - Loss: 1.3433
2025-04-14 11:20:00,182 - INFO - Epoch 17/40 - Loss: 1.3373
2025-04-14 11:20:00,361 - INFO - Epoch 18/40 - Loss: 1.3312
2025-04-14 11:20:00,542 - INFO - Epoch 19/40 - Loss: 1.3243
2025-04-14 11:20:00,724 - INFO - Epoch 20/40 - Loss: 1.3178
2025-04-14 11:20:00,903 - INFO - Epoch 21/40 - Loss: 1.3094
2025-04-14 11:20:01,080 - INFO - Epoch 22/40 - Loss: 1.2970
2025-04-14 11:20:01,260 - INFO - Epoch 23/40 - Loss: 1.2774
2025-04-14 11:20:01,440 - INFO - Epoch 24/40 - Loss: 1.2619
2025-04-14 11:20:01,620 - INFO - Epoch 25/40 - Loss: 1.2431
2025-04-14 11:20:01,799 - INFO - Epoch 26/40 - Loss: 1.2149
2025-04-14 11:20:01,980 - INFO - Epoch 27/40 - Loss: 1.1825
2025-04-14 11:20:02,161 - INFO - Epoch 28/40 - Loss: 1.1397
2025-04-14 11:20:02,341 - INFO - Epoch 29/40 - Loss: 1.1001
2025-04-14 11:20:02,521 - INFO - Epoch 30/40 - Loss: 1.0511
2025-04-14 11:20:02,701 - INFO - Epoch 31/40 - Loss: 1.0142
2025-04-14 11:20:02,881 - INFO - Epoch 32/40 - Loss: 0.9818
2025-04-14 11:20:03,063 - INFO - Epoch 33/40 - Loss: 0.9621
2025-04-14 11:20:03,246 - INFO - Epoch 34/40 - Loss: 0.9472
2025-04-14 11:20:03,432 - INFO - Epoch 35/40 - Loss: 0.9325
2025-04-14 11:20:03,618 - INFO - Epoch 36/40 - Loss: 0.9301
2025-04-14 11:20:03,809 - INFO - Epoch 37/40 - Loss: 0.9122
2025-04-14 11:20:03,998 - INFO - Epoch 38/40 - Loss: 0.9146
2025-04-14 11:20:04,189 - INFO - Epoch 39/40 - Loss: 0.9181
2025-04-14 11:20:04,379 - INFO - Epoch 40/40 - Loss: 0.9217
2025-04-14 11:20:04,901 - INFO - Validation R² (Fold 4): 0.7786
2025-04-14 11:20:04,901 - INFO - 
Average R² across folds: 0.7345
2025-04-14 11:20:04,902 - INFO - Best R² across folds: 0.7786
2025-04-14 11:20:04,903 - INFO - 

2025-04-14 11:20:04,904 - INFO - 
Fold 1/4
2025-04-14 11:20:05,086 - INFO - Epoch 1/30 - Loss: 1.2899
2025-04-14 11:20:05,266 - INFO - Epoch 2/30 - Loss: 1.2820
2025-04-14 11:20:05,450 - INFO - Epoch 3/30 - Loss: 1.2760
2025-04-14 11:20:05,631 - INFO - Epoch 4/30 - Loss: 1.2688
2025-04-14 11:20:05,812 - INFO - Epoch 5/30 - Loss: 1.2614
2025-04-14 11:20:05,993 - INFO - Epoch 6/30 - Loss: 1.2520
2025-04-14 11:20:06,174 - INFO - Epoch 7/30 - Loss: 1.2415
2025-04-14 11:20:06,354 - INFO - Epoch 8/30 - Loss: 1.2247
2025-04-14 11:20:06,534 - INFO - Epoch 9/30 - Loss: 1.1985
2025-04-14 11:20:06,714 - INFO - Epoch 10/30 - Loss: 1.1615
2025-04-14 11:20:06,896 - INFO - Epoch 11/30 - Loss: 1.1227
2025-04-14 11:20:07,079 - INFO - Epoch 12/30 - Loss: 1.0612
2025-04-14 11:20:07,261 - INFO - Epoch 13/30 - Loss: 0.9975
2025-04-14 11:20:07,454 - INFO - Epoch 14/30 - Loss: 0.9757
2025-04-14 11:20:07,655 - INFO - Epoch 15/30 - Loss: 0.9565
2025-04-14 11:20:07,881 - INFO - Epoch 16/30 - Loss: 0.9551
2025-04-14 11:20:08,123 - INFO - Epoch 17/30 - Loss: 0.9377
2025-04-14 11:20:08,384 - INFO - Epoch 18/30 - Loss: 0.9391
2025-04-14 11:20:08,669 - INFO - Epoch 19/30 - Loss: 0.9791
2025-04-14 11:20:08,964 - INFO - Epoch 20/30 - Loss: 0.9772
2025-04-14 11:20:09,342 - INFO - Epoch 21/30 - Loss: 1.1338
2025-04-14 11:20:09,752 - INFO - Epoch 22/30 - Loss: 1.1953
2025-04-14 11:20:10,264 - INFO - Epoch 23/30 - Loss: 1.3562
2025-04-14 11:20:10,818 - INFO - Epoch 24/30 - Loss: 1.4407
2025-04-14 11:20:11,402 - INFO - Epoch 25/30 - Loss: 1.5169
2025-04-14 11:20:12,053 - INFO - Epoch 26/30 - Loss: 1.6139
2025-04-14 11:20:12,758 - INFO - Epoch 27/30 - Loss: 1.7334
2025-04-14 11:20:13,521 - INFO - Epoch 28/30 - Loss: 1.7821
2025-04-14 11:20:14,321 - INFO - Epoch 29/30 - Loss: 1.8601
2025-04-14 11:20:15,171 - INFO - Epoch 30/30 - Loss: 1.9590
2025-04-14 11:20:17,417 - INFO - Validation R² (Fold 1): 0.4999
2025-04-14 11:20:17,417 - INFO - 
Fold 2/4
2025-04-14 11:20:17,609 - INFO - Epoch 1/30 - Loss: 1.4183
2025-04-14 11:20:17,789 - INFO - Epoch 2/30 - Loss: 1.3924
2025-04-14 11:20:17,970 - INFO - Epoch 3/30 - Loss: 1.3741
2025-04-14 11:20:18,148 - INFO - Epoch 4/30 - Loss: 1.3618
2025-04-14 11:20:18,328 - INFO - Epoch 5/30 - Loss: 1.3529
2025-04-14 11:20:18,511 - INFO - Epoch 6/30 - Loss: 1.3465
2025-04-14 11:20:18,693 - INFO - Epoch 7/30 - Loss: 1.3395
2025-04-14 11:20:18,874 - INFO - Epoch 8/30 - Loss: 1.3319
2025-04-14 11:20:19,053 - INFO - Epoch 9/30 - Loss: 1.3209
2025-04-14 11:20:19,233 - INFO - Epoch 10/30 - Loss: 1.3038
2025-04-14 11:20:19,413 - INFO - Epoch 11/30 - Loss: 1.2819
2025-04-14 11:20:19,593 - INFO - Epoch 12/30 - Loss: 1.2552
2025-04-14 11:20:19,773 - INFO - Epoch 13/30 - Loss: 1.2197
2025-04-14 11:20:19,954 - INFO - Epoch 14/30 - Loss: 1.1678
2025-04-14 11:20:20,141 - INFO - Epoch 15/30 - Loss: 1.1107
2025-04-14 11:20:20,335 - INFO - Epoch 16/30 - Loss: 1.0933
2025-04-14 11:20:20,533 - INFO - Epoch 17/30 - Loss: 1.0568
2025-04-14 11:20:20,739 - INFO - Epoch 18/30 - Loss: 1.0330
2025-04-14 11:20:20,972 - INFO - Epoch 19/30 - Loss: 1.0454
2025-04-14 11:20:21,232 - INFO - Epoch 20/30 - Loss: 1.0567
2025-04-14 11:20:21,523 - INFO - Epoch 21/30 - Loss: 1.0879
2025-04-14 11:20:21,860 - INFO - Epoch 22/30 - Loss: 1.1436
2025-04-14 11:20:22,204 - INFO - Epoch 23/30 - Loss: 1.1597
2025-04-14 11:20:22,561 - INFO - Epoch 24/30 - Loss: 1.1905
2025-04-14 11:20:22,956 - INFO - Epoch 25/30 - Loss: 1.2767
2025-04-14 11:20:23,399 - INFO - Epoch 26/30 - Loss: 1.3553
2025-04-14 11:20:23,833 - INFO - Epoch 27/30 - Loss: 1.3911
2025-04-14 11:20:24,321 - INFO - Epoch 28/30 - Loss: 1.4541
2025-04-14 11:20:24,854 - INFO - Epoch 29/30 - Loss: 1.5501
2025-04-14 11:20:25,393 - INFO - Epoch 30/30 - Loss: 1.5587
2025-04-14 11:20:27,640 - INFO - Validation R² (Fold 2): 0.6509
2025-04-14 11:20:27,640 - INFO - 
Fold 3/4
2025-04-14 11:20:27,824 - INFO - Epoch 1/30 - Loss: 1.4038
2025-04-14 11:20:28,003 - INFO - Epoch 2/30 - Loss: 1.3804
2025-04-14 11:20:28,183 - INFO - Epoch 3/30 - Loss: 1.3642
2025-04-14 11:20:28,361 - INFO - Epoch 4/30 - Loss: 1.3530
2025-04-14 11:20:28,541 - INFO - Epoch 5/30 - Loss: 1.3457
2025-04-14 11:20:28,722 - INFO - Epoch 6/30 - Loss: 1.3398
2025-04-14 11:20:28,904 - INFO - Epoch 7/30 - Loss: 1.3326
2025-04-14 11:20:29,083 - INFO - Epoch 8/30 - Loss: 1.3236
2025-04-14 11:20:29,263 - INFO - Epoch 9/30 - Loss: 1.3124
2025-04-14 11:20:29,445 - INFO - Epoch 10/30 - Loss: 1.2989
2025-04-14 11:20:29,625 - INFO - Epoch 11/30 - Loss: 1.2735
2025-04-14 11:20:29,804 - INFO - Epoch 12/30 - Loss: 1.2468
2025-04-14 11:20:29,983 - INFO - Epoch 13/30 - Loss: 1.1987
2025-04-14 11:20:30,167 - INFO - Epoch 14/30 - Loss: 1.1586
2025-04-14 11:20:30,351 - INFO - Epoch 15/30 - Loss: 1.1128
2025-04-14 11:20:30,554 - INFO - Epoch 16/30 - Loss: 1.1085
2025-04-14 11:20:30,757 - INFO - Epoch 17/30 - Loss: 1.0626
2025-04-14 11:20:30,992 - INFO - Epoch 18/30 - Loss: 1.0734
2025-04-14 11:20:31,233 - INFO - Epoch 19/30 - Loss: 1.0575
2025-04-14 11:20:31,501 - INFO - Epoch 20/30 - Loss: 1.0626
2025-04-14 11:20:31,773 - INFO - Epoch 21/30 - Loss: 1.0694
2025-04-14 11:20:32,089 - INFO - Epoch 22/30 - Loss: 1.1283
2025-04-14 11:20:32,437 - INFO - Epoch 23/30 - Loss: 1.2023
2025-04-14 11:20:32,839 - INFO - Epoch 24/30 - Loss: 1.2945
2025-04-14 11:20:33,300 - INFO - Epoch 25/30 - Loss: 1.3992
2025-04-14 11:20:33,762 - INFO - Epoch 26/30 - Loss: 1.4270
2025-04-14 11:20:34,284 - INFO - Epoch 27/30 - Loss: 1.5045
2025-04-14 11:20:34,793 - INFO - Epoch 28/30 - Loss: 1.5495
2025-04-14 11:20:35,325 - INFO - Epoch 29/30 - Loss: 1.6095
2025-04-14 11:20:35,892 - INFO - Epoch 30/30 - Loss: 1.6678
2025-04-14 11:20:38,143 - INFO - Validation R² (Fold 3): 0.7479
2025-04-14 11:20:38,143 - INFO - 
Fold 4/4
2025-04-14 11:20:38,325 - INFO - Epoch 1/30 - Loss: 1.3576
2025-04-14 11:20:38,508 - INFO - Epoch 2/30 - Loss: 1.3438
2025-04-14 11:20:38,687 - INFO - Epoch 3/30 - Loss: 1.3345
2025-04-14 11:20:38,868 - INFO - Epoch 4/30 - Loss: 1.3284
2025-04-14 11:20:39,048 - INFO - Epoch 5/30 - Loss: 1.3231
2025-04-14 11:20:39,228 - INFO - Epoch 6/30 - Loss: 1.3168
2025-04-14 11:20:39,409 - INFO - Epoch 7/30 - Loss: 1.3084
2025-04-14 11:20:39,588 - INFO - Epoch 8/30 - Loss: 1.2962
2025-04-14 11:20:39,770 - INFO - Epoch 9/30 - Loss: 1.2769
2025-04-14 11:20:39,949 - INFO - Epoch 10/30 - Loss: 1.2514
2025-04-14 11:20:40,133 - INFO - Epoch 11/30 - Loss: 1.2161
2025-04-14 11:20:40,314 - INFO - Epoch 12/30 - Loss: 1.1738
2025-04-14 11:20:40,495 - INFO - Epoch 13/30 - Loss: 1.1237
2025-04-14 11:20:40,677 - INFO - Epoch 14/30 - Loss: 1.0720
2025-04-14 11:20:40,868 - INFO - Epoch 15/30 - Loss: 1.0388
2025-04-14 11:20:41,081 - INFO - Epoch 16/30 - Loss: 1.0509
2025-04-14 11:20:41,309 - INFO - Epoch 17/30 - Loss: 1.0435
2025-04-14 11:20:41,558 - INFO - Epoch 18/30 - Loss: 1.0355
2025-04-14 11:20:41,855 - INFO - Epoch 19/30 - Loss: 1.0913
2025-04-14 11:20:42,194 - INFO - Epoch 20/30 - Loss: 1.1512
2025-04-14 11:20:42,568 - INFO - Epoch 21/30 - Loss: 1.2098
2025-04-14 11:20:42,963 - INFO - Epoch 22/30 - Loss: 1.2623
2025-04-14 11:20:43,397 - INFO - Epoch 23/30 - Loss: 1.3216
2025-04-14 11:20:43,902 - INFO - Epoch 24/30 - Loss: 1.4289
2025-04-14 11:20:44,409 - INFO - Epoch 25/30 - Loss: 1.4678
2025-04-14 11:20:44,988 - INFO - Epoch 26/30 - Loss: 1.5808
2025-04-14 11:20:45,582 - INFO - Epoch 27/30 - Loss: 1.6558
2025-04-14 11:20:46,214 - INFO - Epoch 28/30 - Loss: 1.7002
2025-04-14 11:20:46,895 - INFO - Epoch 29/30 - Loss: 1.7787
2025-04-14 11:20:47,652 - INFO - Epoch 30/30 - Loss: 1.8806
2025-04-14 11:20:49,899 - INFO - Validation R² (Fold 4): 0.6981
2025-04-14 11:20:49,900 - INFO - 
Average R² across folds: 0.6492
2025-04-14 11:20:49,900 - INFO - Best R² across folds: 0.7479
2025-04-14 11:20:49,902 - INFO - Generated 4488 points with 500m resolution
