2025-04-14 09:27:54,376 - INFO - Logging initialized for city: Atlanta
2025-04-14 09:27:55,180 - INFO - Using device: cuda
2025-04-14 09:27:55,181 - INFO - 
Fold 1/4
2025-04-14 09:28:35,768 - INFO - Epoch 1/40 - Loss: 1.0694
2025-04-14 09:28:35,853 - INFO - Epoch 2/40 - Loss: 1.0490
2025-04-14 09:28:35,939 - INFO - Epoch 3/40 - Loss: 1.0289
2025-04-14 09:28:36,028 - INFO - Epoch 4/40 - Loss: 1.0093
2025-04-14 09:28:36,118 - INFO - Epoch 5/40 - Loss: 0.9901
2025-04-14 09:28:36,209 - INFO - Epoch 6/40 - Loss: 0.9714
2025-04-14 09:28:36,300 - INFO - Epoch 7/40 - Loss: 0.9534
2025-04-14 09:28:36,391 - INFO - Epoch 8/40 - Loss: 0.9353
2025-04-14 09:28:36,482 - INFO - Epoch 9/40 - Loss: 0.9152
2025-04-14 09:28:36,571 - INFO - Epoch 10/40 - Loss: 0.8934
2025-04-14 09:28:36,656 - INFO - Epoch 11/40 - Loss: 0.8698
2025-04-14 09:28:36,744 - INFO - Epoch 12/40 - Loss: 0.8430
2025-04-14 09:28:36,830 - INFO - Epoch 13/40 - Loss: 0.8101
2025-04-14 09:28:36,910 - INFO - Epoch 14/40 - Loss: 0.7714
2025-04-14 09:28:36,990 - INFO - Epoch 15/40 - Loss: 0.7219
2025-04-14 09:28:37,070 - INFO - Epoch 16/40 - Loss: 0.6681
2025-04-14 09:28:37,150 - INFO - Epoch 17/40 - Loss: 0.5980
2025-04-14 09:28:37,230 - INFO - Epoch 18/40 - Loss: 0.5116
2025-04-14 09:28:37,310 - INFO - Epoch 19/40 - Loss: 0.4292
2025-04-14 09:28:37,389 - INFO - Epoch 20/40 - Loss: 0.3410
2025-04-14 09:28:37,469 - INFO - Epoch 21/40 - Loss: 0.2598
2025-04-14 09:28:37,549 - INFO - Epoch 22/40 - Loss: 0.1879
2025-04-14 09:28:37,629 - INFO - Epoch 23/40 - Loss: 0.1257
2025-04-14 09:28:37,710 - INFO - Epoch 24/40 - Loss: 0.0740
2025-04-14 09:28:37,790 - INFO - Epoch 25/40 - Loss: 0.0285
2025-04-14 09:28:37,877 - INFO - Epoch 26/40 - Loss: 0.0027
2025-04-14 09:28:37,971 - INFO - Epoch 27/40 - Loss: -0.0311
2025-04-14 09:28:38,059 - INFO - Epoch 28/40 - Loss: -0.0817
2025-04-14 09:28:38,151 - INFO - Epoch 29/40 - Loss: -0.0896
2025-04-14 09:28:38,248 - INFO - Epoch 30/40 - Loss: -0.1127
2025-04-14 09:28:38,352 - INFO - Epoch 31/40 - Loss: -0.1332
2025-04-14 09:28:38,459 - INFO - Epoch 32/40 - Loss: -0.1437
2025-04-14 09:28:38,562 - INFO - Epoch 33/40 - Loss: -0.1836
2025-04-14 09:28:38,670 - INFO - Epoch 34/40 - Loss: -0.1878
2025-04-14 09:28:38,780 - INFO - Epoch 35/40 - Loss: -0.2011
2025-04-14 09:28:38,898 - INFO - Epoch 36/40 - Loss: -0.1849
2025-04-14 09:28:39,026 - INFO - Epoch 37/40 - Loss: -0.1828
2025-04-14 09:28:39,149 - INFO - Epoch 38/40 - Loss: -0.1881
2025-04-14 09:28:39,271 - INFO - Epoch 39/40 - Loss: -0.2034
2025-04-14 09:28:39,391 - INFO - Epoch 40/40 - Loss: -0.2086
2025-04-14 09:28:40,366 - INFO - Validation R² (Fold 1): 0.9860
2025-04-14 09:28:40,367 - INFO - 
Fold 2/4
2025-04-14 09:28:40,458 - INFO - Epoch 1/40 - Loss: 1.0656
2025-04-14 09:28:40,551 - INFO - Epoch 2/40 - Loss: 1.0449
2025-04-14 09:28:40,631 - INFO - Epoch 3/40 - Loss: 1.0244
2025-04-14 09:28:40,708 - INFO - Epoch 4/40 - Loss: 1.0047
2025-04-14 09:28:40,782 - INFO - Epoch 5/40 - Loss: 0.9851
2025-04-14 09:28:40,859 - INFO - Epoch 6/40 - Loss: 0.9663
2025-04-14 09:28:40,939 - INFO - Epoch 7/40 - Loss: 0.9478
2025-04-14 09:28:41,019 - INFO - Epoch 8/40 - Loss: 0.9289
2025-04-14 09:28:41,100 - INFO - Epoch 9/40 - Loss: 0.9100
2025-04-14 09:28:41,179 - INFO - Epoch 10/40 - Loss: 0.8885
2025-04-14 09:28:41,260 - INFO - Epoch 11/40 - Loss: 0.8649
2025-04-14 09:28:41,339 - INFO - Epoch 12/40 - Loss: 0.8378
2025-04-14 09:28:41,419 - INFO - Epoch 13/40 - Loss: 0.8061
2025-04-14 09:28:41,499 - INFO - Epoch 14/40 - Loss: 0.7687
2025-04-14 09:28:41,579 - INFO - Epoch 15/40 - Loss: 0.7217
2025-04-14 09:28:41,660 - INFO - Epoch 16/40 - Loss: 0.6647
2025-04-14 09:28:41,740 - INFO - Epoch 17/40 - Loss: 0.5963
2025-04-14 09:28:41,818 - INFO - Epoch 18/40 - Loss: 0.5310
2025-04-14 09:28:41,898 - INFO - Epoch 19/40 - Loss: 0.4432
2025-04-14 09:28:41,973 - INFO - Epoch 20/40 - Loss: 0.3483
2025-04-14 09:28:42,050 - INFO - Epoch 21/40 - Loss: 0.2661
2025-04-14 09:28:42,128 - INFO - Epoch 22/40 - Loss: 0.1881
2025-04-14 09:28:42,209 - INFO - Epoch 23/40 - Loss: 0.1340
2025-04-14 09:28:42,292 - INFO - Epoch 24/40 - Loss: 0.0758
2025-04-14 09:28:42,373 - INFO - Epoch 25/40 - Loss: 0.0345
2025-04-14 09:28:42,463 - INFO - Epoch 26/40 - Loss: 0.0162
2025-04-14 09:28:42,561 - INFO - Epoch 27/40 - Loss: -0.0253
2025-04-14 09:28:42,657 - INFO - Epoch 28/40 - Loss: -0.0461
2025-04-14 09:28:42,751 - INFO - Epoch 29/40 - Loss: -0.0860
2025-04-14 09:28:42,849 - INFO - Epoch 30/40 - Loss: -0.1103
2025-04-14 09:28:42,951 - INFO - Epoch 31/40 - Loss: -0.1274
2025-04-14 09:28:43,049 - INFO - Epoch 32/40 - Loss: -0.1519
2025-04-14 09:28:43,151 - INFO - Epoch 33/40 - Loss: -0.1664
2025-04-14 09:28:43,261 - INFO - Epoch 34/40 - Loss: -0.1667
2025-04-14 09:28:43,377 - INFO - Epoch 35/40 - Loss: -0.1723
2025-04-14 09:28:43,491 - INFO - Epoch 36/40 - Loss: -0.2002
2025-04-14 09:28:43,610 - INFO - Epoch 37/40 - Loss: -0.1742
2025-04-14 09:28:43,742 - INFO - Epoch 38/40 - Loss: -0.1899
2025-04-14 09:28:43,862 - INFO - Epoch 39/40 - Loss: -0.1987
2025-04-14 09:28:43,990 - INFO - Epoch 40/40 - Loss: -0.1827
2025-04-14 09:28:44,245 - INFO - Validation R² (Fold 2): 0.9870
2025-04-14 09:28:44,246 - INFO - 
Fold 3/4
2025-04-14 09:28:44,332 - INFO - Epoch 1/40 - Loss: 1.0650
2025-04-14 09:28:44,409 - INFO - Epoch 2/40 - Loss: 1.0441
2025-04-14 09:28:44,498 - INFO - Epoch 3/40 - Loss: 1.0237
2025-04-14 09:28:44,575 - INFO - Epoch 4/40 - Loss: 1.0034
2025-04-14 09:28:44,649 - INFO - Epoch 5/40 - Loss: 0.9835
2025-04-14 09:28:44,721 - INFO - Epoch 6/40 - Loss: 0.9642
2025-04-14 09:28:44,794 - INFO - Epoch 7/40 - Loss: 0.9449
2025-04-14 09:28:44,867 - INFO - Epoch 8/40 - Loss: 0.9256
2025-04-14 09:28:44,942 - INFO - Epoch 9/40 - Loss: 0.9049
2025-04-14 09:28:45,019 - INFO - Epoch 10/40 - Loss: 0.8833
2025-04-14 09:28:45,097 - INFO - Epoch 11/40 - Loss: 0.8588
2025-04-14 09:28:45,173 - INFO - Epoch 12/40 - Loss: 0.8316
2025-04-14 09:28:45,249 - INFO - Epoch 13/40 - Loss: 0.8003
2025-04-14 09:28:45,328 - INFO - Epoch 14/40 - Loss: 0.7621
2025-04-14 09:28:45,408 - INFO - Epoch 15/40 - Loss: 0.7133
2025-04-14 09:28:45,488 - INFO - Epoch 16/40 - Loss: 0.6600
2025-04-14 09:28:45,568 - INFO - Epoch 17/40 - Loss: 0.5847
2025-04-14 09:28:45,649 - INFO - Epoch 18/40 - Loss: 0.5164
2025-04-14 09:28:45,728 - INFO - Epoch 19/40 - Loss: 0.4353
2025-04-14 09:28:45,809 - INFO - Epoch 20/40 - Loss: 0.3429
2025-04-14 09:28:45,889 - INFO - Epoch 21/40 - Loss: 0.2707
2025-04-14 09:28:45,969 - INFO - Epoch 22/40 - Loss: 0.1828
2025-04-14 09:28:46,050 - INFO - Epoch 23/40 - Loss: 0.1240
2025-04-14 09:28:46,131 - INFO - Epoch 24/40 - Loss: 0.0774
2025-04-14 09:28:46,213 - INFO - Epoch 25/40 - Loss: 0.0190
2025-04-14 09:28:46,298 - INFO - Epoch 26/40 - Loss: -0.0189
2025-04-14 09:28:46,391 - INFO - Epoch 27/40 - Loss: -0.0298
2025-04-14 09:28:46,491 - INFO - Epoch 28/40 - Loss: -0.0391
2025-04-14 09:28:46,588 - INFO - Epoch 29/40 - Loss: -0.0809
2025-04-14 09:28:46,682 - INFO - Epoch 30/40 - Loss: -0.1219
2025-04-14 09:28:46,790 - INFO - Epoch 31/40 - Loss: -0.1215
2025-04-14 09:28:46,900 - INFO - Epoch 32/40 - Loss: -0.1408
2025-04-14 09:28:47,013 - INFO - Epoch 33/40 - Loss: -0.1587
2025-04-14 09:28:47,131 - INFO - Epoch 34/40 - Loss: -0.1641
2025-04-14 09:28:47,243 - INFO - Epoch 35/40 - Loss: -0.1761
2025-04-14 09:28:47,367 - INFO - Epoch 36/40 - Loss: -0.1671
2025-04-14 09:28:47,490 - INFO - Epoch 37/40 - Loss: -0.1836
2025-04-14 09:28:47,620 - INFO - Epoch 38/40 - Loss: -0.1914
2025-04-14 09:28:47,749 - INFO - Epoch 39/40 - Loss: -0.1661
2025-04-14 09:28:47,883 - INFO - Epoch 40/40 - Loss: -0.1603
2025-04-14 09:28:48,142 - INFO - Validation R² (Fold 3): 0.9859
2025-04-14 09:28:48,143 - INFO - 
Fold 4/4
2025-04-14 09:28:48,226 - INFO - Epoch 1/40 - Loss: 1.0693
2025-04-14 09:28:48,322 - INFO - Epoch 2/40 - Loss: 1.0487
2025-04-14 09:28:48,400 - INFO - Epoch 3/40 - Loss: 1.0289
2025-04-14 09:28:48,472 - INFO - Epoch 4/40 - Loss: 1.0093
2025-04-14 09:28:48,548 - INFO - Epoch 5/40 - Loss: 0.9908
2025-04-14 09:28:48,628 - INFO - Epoch 6/40 - Loss: 0.9715
2025-04-14 09:28:48,707 - INFO - Epoch 7/40 - Loss: 0.9539
2025-04-14 09:28:48,788 - INFO - Epoch 8/40 - Loss: 0.9347
2025-04-14 09:28:48,868 - INFO - Epoch 9/40 - Loss: 0.9157
2025-04-14 09:28:48,948 - INFO - Epoch 10/40 - Loss: 0.8955
2025-04-14 09:28:49,029 - INFO - Epoch 11/40 - Loss: 0.8729
2025-04-14 09:28:49,108 - INFO - Epoch 12/40 - Loss: 0.8459
2025-04-14 09:28:49,187 - INFO - Epoch 13/40 - Loss: 0.8160
2025-04-14 09:28:49,268 - INFO - Epoch 14/40 - Loss: 0.7784
2025-04-14 09:28:49,348 - INFO - Epoch 15/40 - Loss: 0.7311
2025-04-14 09:28:49,429 - INFO - Epoch 16/40 - Loss: 0.6700
2025-04-14 09:28:49,508 - INFO - Epoch 17/40 - Loss: 0.6071
2025-04-14 09:28:49,588 - INFO - Epoch 18/40 - Loss: 0.5338
2025-04-14 09:28:49,663 - INFO - Epoch 19/40 - Loss: 0.4575
2025-04-14 09:28:49,739 - INFO - Epoch 20/40 - Loss: 0.3656
2025-04-14 09:28:49,812 - INFO - Epoch 21/40 - Loss: 0.2798
2025-04-14 09:28:49,889 - INFO - Epoch 22/40 - Loss: 0.1940
2025-04-14 09:28:49,969 - INFO - Epoch 23/40 - Loss: 0.1451
2025-04-14 09:28:50,051 - INFO - Epoch 24/40 - Loss: 0.0891
2025-04-14 09:28:50,131 - INFO - Epoch 25/40 - Loss: 0.0361
2025-04-14 09:28:50,219 - INFO - Epoch 26/40 - Loss: 0.0087
2025-04-14 09:28:50,309 - INFO - Epoch 27/40 - Loss: -0.0344
2025-04-14 09:28:50,400 - INFO - Epoch 28/40 - Loss: -0.0579
2025-04-14 09:28:50,491 - INFO - Epoch 29/40 - Loss: -0.0884
2025-04-14 09:28:50,581 - INFO - Epoch 30/40 - Loss: -0.1191
2025-04-14 09:28:50,682 - INFO - Epoch 31/40 - Loss: -0.1395
2025-04-14 09:28:50,788 - INFO - Epoch 32/40 - Loss: -0.1489
2025-04-14 09:28:50,893 - INFO - Epoch 33/40 - Loss: -0.1669
2025-04-14 09:28:51,001 - INFO - Epoch 34/40 - Loss: -0.1776
2025-04-14 09:28:51,119 - INFO - Epoch 35/40 - Loss: -0.1849
2025-04-14 09:28:51,240 - INFO - Epoch 36/40 - Loss: -0.1919
2025-04-14 09:28:51,360 - INFO - Epoch 37/40 - Loss: -0.2170
2025-04-14 09:28:51,480 - INFO - Epoch 38/40 - Loss: -0.2017
2025-04-14 09:28:51,608 - INFO - Epoch 39/40 - Loss: -0.2075
2025-04-14 09:28:51,739 - INFO - Epoch 40/40 - Loss: -0.2066
2025-04-14 09:28:52,001 - INFO - Validation R² (Fold 4): 0.9838
2025-04-14 09:28:52,001 - INFO - 
Average R² across folds: 0.9857
2025-04-14 09:28:52,001 - INFO - Best R² across folds: 0.9870
2025-04-14 09:28:52,003 - INFO - 

2025-04-14 09:28:52,004 - INFO - 
Fold 1/4
2025-04-14 09:28:52,153 - INFO - Epoch 1/30 - Loss: 1.0127
2025-04-14 09:28:52,254 - INFO - Epoch 2/30 - Loss: 0.9761
2025-04-14 09:28:52,332 - INFO - Epoch 3/30 - Loss: 0.9370
2025-04-14 09:28:52,410 - INFO - Epoch 4/30 - Loss: 0.8947
2025-04-14 09:28:52,490 - INFO - Epoch 5/30 - Loss: 0.8495
2025-04-14 09:28:52,571 - INFO - Epoch 6/30 - Loss: 0.8015
2025-04-14 09:28:52,651 - INFO - Epoch 7/30 - Loss: 0.7487
2025-04-14 09:28:52,731 - INFO - Epoch 8/30 - Loss: 0.6899
2025-04-14 09:28:52,811 - INFO - Epoch 9/30 - Loss: 0.6321
2025-04-14 09:28:52,890 - INFO - Epoch 10/30 - Loss: 0.5770
2025-04-14 09:28:52,971 - INFO - Epoch 11/30 - Loss: 0.5100
2025-04-14 09:28:53,051 - INFO - Epoch 12/30 - Loss: 0.4620
2025-04-14 09:28:53,132 - INFO - Epoch 13/30 - Loss: 0.4201
2025-04-14 09:28:53,212 - INFO - Epoch 14/30 - Loss: 0.3934
2025-04-14 09:28:53,291 - INFO - Epoch 15/30 - Loss: 0.3620
2025-04-14 09:28:53,371 - INFO - Epoch 16/30 - Loss: 0.3325
2025-04-14 09:28:53,452 - INFO - Epoch 17/30 - Loss: 0.3007
2025-04-14 09:28:53,532 - INFO - Epoch 18/30 - Loss: 0.2650
2025-04-14 09:28:53,611 - INFO - Epoch 19/30 - Loss: 0.2177
2025-04-14 09:28:53,691 - INFO - Epoch 20/30 - Loss: 0.1708
2025-04-14 09:28:53,767 - INFO - Epoch 21/30 - Loss: 0.1164
2025-04-14 09:28:53,843 - INFO - Epoch 22/30 - Loss: 0.0838
2025-04-14 09:28:53,921 - INFO - Epoch 23/30 - Loss: 0.0199
2025-04-14 09:28:54,000 - INFO - Epoch 24/30 - Loss: -0.0194
2025-04-14 09:28:54,075 - INFO - Epoch 25/30 - Loss: -0.0611
2025-04-14 09:28:54,152 - INFO - Epoch 26/30 - Loss: -0.0977
2025-04-14 09:28:54,231 - INFO - Epoch 27/30 - Loss: -0.1369
2025-04-14 09:28:54,311 - INFO - Epoch 28/30 - Loss: -0.1713
2025-04-14 09:28:54,392 - INFO - Epoch 29/30 - Loss: -0.1994
2025-04-14 09:28:54,471 - INFO - Epoch 30/30 - Loss: -0.2391
2025-04-14 09:28:54,738 - INFO - Validation R² (Fold 1): 0.9556
2025-04-14 09:28:54,738 - INFO - 
Fold 2/4
2025-04-14 09:28:54,824 - INFO - Epoch 1/30 - Loss: 1.1016
2025-04-14 09:28:54,929 - INFO - Epoch 2/30 - Loss: 1.0219
2025-04-14 09:28:55,011 - INFO - Epoch 3/30 - Loss: 0.9786
2025-04-14 09:28:55,090 - INFO - Epoch 4/30 - Loss: 0.9400
2025-04-14 09:28:55,172 - INFO - Epoch 5/30 - Loss: 0.9000
2025-04-14 09:28:55,252 - INFO - Epoch 6/30 - Loss: 0.8590
2025-04-14 09:28:55,332 - INFO - Epoch 7/30 - Loss: 0.8131
2025-04-14 09:28:55,413 - INFO - Epoch 8/30 - Loss: 0.7643
2025-04-14 09:28:55,492 - INFO - Epoch 9/30 - Loss: 0.7102
2025-04-14 09:28:55,572 - INFO - Epoch 10/30 - Loss: 0.6512
2025-04-14 09:28:55,653 - INFO - Epoch 11/30 - Loss: 0.5904
2025-04-14 09:28:55,733 - INFO - Epoch 12/30 - Loss: 0.5205
2025-04-14 09:28:55,812 - INFO - Epoch 13/30 - Loss: 0.4585
2025-04-14 09:28:55,891 - INFO - Epoch 14/30 - Loss: 0.3915
2025-04-14 09:28:55,972 - INFO - Epoch 15/30 - Loss: 0.3419
2025-04-14 09:28:56,052 - INFO - Epoch 16/30 - Loss: 0.3025
2025-04-14 09:28:56,132 - INFO - Epoch 17/30 - Loss: 0.2628
2025-04-14 09:28:56,212 - INFO - Epoch 18/30 - Loss: 0.2384
2025-04-14 09:28:56,293 - INFO - Epoch 19/30 - Loss: 0.2222
2025-04-14 09:28:56,372 - INFO - Epoch 20/30 - Loss: 0.1790
2025-04-14 09:28:56,455 - INFO - Epoch 21/30 - Loss: 0.1546
2025-04-14 09:28:56,536 - INFO - Epoch 22/30 - Loss: 0.1187
2025-04-14 09:28:56,619 - INFO - Epoch 23/30 - Loss: 0.0843
2025-04-14 09:28:56,704 - INFO - Epoch 24/30 - Loss: 0.0385
2025-04-14 09:28:56,788 - INFO - Epoch 25/30 - Loss: -0.0057
2025-04-14 09:28:56,866 - INFO - Epoch 26/30 - Loss: -0.0576
2025-04-14 09:28:56,944 - INFO - Epoch 27/30 - Loss: -0.1255
2025-04-14 09:28:57,023 - INFO - Epoch 28/30 - Loss: -0.1606
2025-04-14 09:28:57,102 - INFO - Epoch 29/30 - Loss: -0.2244
2025-04-14 09:28:57,183 - INFO - Epoch 30/30 - Loss: -0.2594
2025-04-14 09:28:57,504 - INFO - Validation R² (Fold 2): 0.9617
2025-04-14 09:28:57,504 - INFO - 
Fold 3/4
2025-04-14 09:28:57,626 - INFO - Epoch 1/30 - Loss: 0.9608
2025-04-14 09:28:57,727 - INFO - Epoch 2/30 - Loss: 0.9238
2025-04-14 09:28:57,804 - INFO - Epoch 3/30 - Loss: 0.8847
2025-04-14 09:28:57,882 - INFO - Epoch 4/30 - Loss: 0.8422
2025-04-14 09:28:57,962 - INFO - Epoch 5/30 - Loss: 0.7970
2025-04-14 09:28:58,042 - INFO - Epoch 6/30 - Loss: 0.7487
2025-04-14 09:28:58,121 - INFO - Epoch 7/30 - Loss: 0.6929
2025-04-14 09:28:58,202 - INFO - Epoch 8/30 - Loss: 0.6436
2025-04-14 09:28:58,280 - INFO - Epoch 9/30 - Loss: 0.5848
2025-04-14 09:28:58,361 - INFO - Epoch 10/30 - Loss: 0.5412
2025-04-14 09:28:58,441 - INFO - Epoch 11/30 - Loss: 0.4944
2025-04-14 09:28:58,519 - INFO - Epoch 12/30 - Loss: 0.4628
2025-04-14 09:28:58,597 - INFO - Epoch 13/30 - Loss: 0.4338
2025-04-14 09:28:58,676 - INFO - Epoch 14/30 - Loss: 0.4115
2025-04-14 09:28:58,754 - INFO - Epoch 15/30 - Loss: 0.3831
2025-04-14 09:28:58,832 - INFO - Epoch 16/30 - Loss: 0.3428
2025-04-14 09:28:58,912 - INFO - Epoch 17/30 - Loss: 0.3054
2025-04-14 09:28:58,991 - INFO - Epoch 18/30 - Loss: 0.2454
2025-04-14 09:28:59,071 - INFO - Epoch 19/30 - Loss: 0.1982
2025-04-14 09:28:59,151 - INFO - Epoch 20/30 - Loss: 0.1541
2025-04-14 09:28:59,231 - INFO - Epoch 21/30 - Loss: 0.1156
2025-04-14 09:28:59,311 - INFO - Epoch 22/30 - Loss: 0.0671
2025-04-14 09:28:59,391 - INFO - Epoch 23/30 - Loss: 0.0231
2025-04-14 09:28:59,471 - INFO - Epoch 24/30 - Loss: -0.0074
2025-04-14 09:28:59,551 - INFO - Epoch 25/30 - Loss: -0.0441
2025-04-14 09:28:59,631 - INFO - Epoch 26/30 - Loss: -0.0818
2025-04-14 09:28:59,711 - INFO - Epoch 27/30 - Loss: -0.1274
2025-04-14 09:28:59,790 - INFO - Epoch 28/30 - Loss: -0.1627
2025-04-14 09:28:59,870 - INFO - Epoch 29/30 - Loss: -0.2036
2025-04-14 09:28:59,950 - INFO - Epoch 30/30 - Loss: -0.2383
2025-04-14 09:29:00,294 - INFO - Validation R² (Fold 3): 0.9570
2025-04-14 09:29:00,294 - INFO - 
Fold 4/4
2025-04-14 09:29:00,448 - INFO - Epoch 1/30 - Loss: 0.9699
2025-04-14 09:29:00,549 - INFO - Epoch 2/30 - Loss: 0.9330
2025-04-14 09:29:00,632 - INFO - Epoch 3/30 - Loss: 0.8941
2025-04-14 09:29:00,712 - INFO - Epoch 4/30 - Loss: 0.8523
2025-04-14 09:29:00,792 - INFO - Epoch 5/30 - Loss: 0.8085
2025-04-14 09:29:00,870 - INFO - Epoch 6/30 - Loss: 0.7599
2025-04-14 09:29:00,949 - INFO - Epoch 7/30 - Loss: 0.7049
2025-04-14 09:29:01,029 - INFO - Epoch 8/30 - Loss: 0.6494
2025-04-14 09:29:01,105 - INFO - Epoch 9/30 - Loss: 0.5996
2025-04-14 09:29:01,183 - INFO - Epoch 10/30 - Loss: 0.5447
2025-04-14 09:29:01,261 - INFO - Epoch 11/30 - Loss: 0.4998
2025-04-14 09:29:01,340 - INFO - Epoch 12/30 - Loss: 0.4628
2025-04-14 09:29:01,421 - INFO - Epoch 13/30 - Loss: 0.4330
2025-04-14 09:29:01,502 - INFO - Epoch 14/30 - Loss: 0.4101
2025-04-14 09:29:01,581 - INFO - Epoch 15/30 - Loss: 0.3789
2025-04-14 09:29:01,661 - INFO - Epoch 16/30 - Loss: 0.3478
2025-04-14 09:29:01,741 - INFO - Epoch 17/30 - Loss: 0.3058
2025-04-14 09:29:01,822 - INFO - Epoch 18/30 - Loss: 0.2522
2025-04-14 09:29:01,902 - INFO - Epoch 19/30 - Loss: 0.2196
2025-04-14 09:29:01,981 - INFO - Epoch 20/30 - Loss: 0.1627
2025-04-14 09:29:02,060 - INFO - Epoch 21/30 - Loss: 0.1179
2025-04-14 09:29:02,142 - INFO - Epoch 22/30 - Loss: 0.0651
2025-04-14 09:29:02,222 - INFO - Epoch 23/30 - Loss: 0.0328
2025-04-14 09:29:02,303 - INFO - Epoch 24/30 - Loss: -0.0060
2025-04-14 09:29:02,381 - INFO - Epoch 25/30 - Loss: -0.0460
2025-04-14 09:29:02,462 - INFO - Epoch 26/30 - Loss: -0.0710
2025-04-14 09:29:02,542 - INFO - Epoch 27/30 - Loss: -0.1162
2025-04-14 09:29:02,621 - INFO - Epoch 28/30 - Loss: -0.1539
2025-04-14 09:29:02,702 - INFO - Epoch 29/30 - Loss: -0.1896
2025-04-14 09:29:02,782 - INFO - Epoch 30/30 - Loss: -0.2371
2025-04-14 09:29:03,243 - INFO - Validation R² (Fold 4): 0.9602
2025-04-14 09:29:03,243 - INFO - 
Average R² across folds: 0.9586
2025-04-14 09:29:03,243 - INFO - Best R² across folds: 0.9617
2025-04-14 09:29:03,246 - INFO - Generated 2250 points with 500m resolution
