2025-04-14 12:10:34,908 - INFO - Logging initialized for city: Baltimore_B
2025-04-14 12:10:34,921 - INFO - Original dataset size: 9998. Using all samples.
2025-04-14 12:10:35,087 - INFO - Using device: cuda
2025-04-14 12:10:35,088 - INFO - 
Fold 1/4
2025-04-14 12:10:40,047 - INFO - Epoch 1/40 - Loss: 1.2236
2025-04-14 12:10:40,113 - INFO - Epoch 2/40 - Loss: 1.2120
2025-04-14 12:10:40,179 - INFO - Epoch 3/40 - Loss: 1.1986
2025-04-14 12:10:40,243 - INFO - Epoch 4/40 - Loss: 1.1823
2025-04-14 12:10:40,307 - INFO - Epoch 5/40 - Loss: 1.1625
2025-04-14 12:10:40,372 - INFO - Epoch 6/40 - Loss: 1.1391
2025-04-14 12:10:40,435 - INFO - Epoch 7/40 - Loss: 1.1127
2025-04-14 12:10:40,500 - INFO - Epoch 8/40 - Loss: 1.0835
2025-04-14 12:10:40,568 - INFO - Epoch 9/40 - Loss: 1.0531
2025-04-14 12:10:40,632 - INFO - Epoch 10/40 - Loss: 1.0215
2025-04-14 12:10:40,699 - INFO - Epoch 11/40 - Loss: 0.9899
2025-04-14 12:10:40,763 - INFO - Epoch 12/40 - Loss: 0.9590
2025-04-14 12:10:40,825 - INFO - Epoch 13/40 - Loss: 0.9285
2025-04-14 12:10:40,892 - INFO - Epoch 14/40 - Loss: 0.8998
2025-04-14 12:10:40,959 - INFO - Epoch 15/40 - Loss: 0.8716
2025-04-14 12:10:41,023 - INFO - Epoch 16/40 - Loss: 0.8441
2025-04-14 12:10:41,089 - INFO - Epoch 17/40 - Loss: 0.8144
2025-04-14 12:10:41,155 - INFO - Epoch 18/40 - Loss: 0.7783
2025-04-14 12:10:41,218 - INFO - Epoch 19/40 - Loss: 0.7358
2025-04-14 12:10:41,283 - INFO - Epoch 20/40 - Loss: 0.6754
2025-04-14 12:10:41,350 - INFO - Epoch 21/40 - Loss: 0.6102
2025-04-14 12:10:41,414 - INFO - Epoch 22/40 - Loss: 0.5306
2025-04-14 12:10:41,480 - INFO - Epoch 23/40 - Loss: 0.4764
2025-04-14 12:10:41,544 - INFO - Epoch 24/40 - Loss: 0.3965
2025-04-14 12:10:41,606 - INFO - Epoch 25/40 - Loss: 0.3659
2025-04-14 12:10:41,674 - INFO - Epoch 26/40 - Loss: 0.2972
2025-04-14 12:10:41,743 - INFO - Epoch 27/40 - Loss: 0.2593
2025-04-14 12:10:41,811 - INFO - Epoch 28/40 - Loss: 0.2606
2025-04-14 12:10:41,883 - INFO - Epoch 29/40 - Loss: 0.2579
2025-04-14 12:10:41,960 - INFO - Epoch 30/40 - Loss: 0.3305
2025-04-14 12:10:42,040 - INFO - Epoch 31/40 - Loss: 0.3391
2025-04-14 12:10:42,116 - INFO - Epoch 32/40 - Loss: 0.3159
2025-04-14 12:10:42,193 - INFO - Epoch 33/40 - Loss: 0.3465
2025-04-14 12:10:42,272 - INFO - Epoch 34/40 - Loss: 0.3508
2025-04-14 12:10:42,360 - INFO - Epoch 35/40 - Loss: 0.4114
2025-04-14 12:10:42,452 - INFO - Epoch 36/40 - Loss: 0.4490
2025-04-14 12:10:42,546 - INFO - Epoch 37/40 - Loss: 0.4596
2025-04-14 12:10:42,633 - INFO - Epoch 38/40 - Loss: 0.4146
2025-04-14 12:10:42,720 - INFO - Epoch 39/40 - Loss: 0.3737
2025-04-14 12:10:42,812 - INFO - Epoch 40/40 - Loss: 0.3850
2025-04-14 12:10:43,097 - INFO - Validation R² (Fold 1): 0.9391
2025-04-14 12:10:43,097 - INFO - 
Fold 2/4
2025-04-14 12:10:43,161 - INFO - Epoch 1/40 - Loss: 1.2246
2025-04-14 12:10:43,222 - INFO - Epoch 2/40 - Loss: 1.2128
2025-04-14 12:10:43,281 - INFO - Epoch 3/40 - Loss: 1.1993
2025-04-14 12:10:43,343 - INFO - Epoch 4/40 - Loss: 1.1829
2025-04-14 12:10:43,405 - INFO - Epoch 5/40 - Loss: 1.1631
2025-04-14 12:10:43,470 - INFO - Epoch 6/40 - Loss: 1.1393
2025-04-14 12:10:43,534 - INFO - Epoch 7/40 - Loss: 1.1128
2025-04-14 12:10:43,599 - INFO - Epoch 8/40 - Loss: 1.0840
2025-04-14 12:10:43,663 - INFO - Epoch 9/40 - Loss: 1.0530
2025-04-14 12:10:43,729 - INFO - Epoch 10/40 - Loss: 1.0212
2025-04-14 12:10:43,794 - INFO - Epoch 11/40 - Loss: 0.9898
2025-04-14 12:10:43,858 - INFO - Epoch 12/40 - Loss: 0.9587
2025-04-14 12:10:43,923 - INFO - Epoch 13/40 - Loss: 0.9291
2025-04-14 12:10:43,989 - INFO - Epoch 14/40 - Loss: 0.9011
2025-04-14 12:10:44,053 - INFO - Epoch 15/40 - Loss: 0.8739
2025-04-14 12:10:44,120 - INFO - Epoch 16/40 - Loss: 0.8451
2025-04-14 12:10:44,185 - INFO - Epoch 17/40 - Loss: 0.8132
2025-04-14 12:10:44,250 - INFO - Epoch 18/40 - Loss: 0.7813
2025-04-14 12:10:44,320 - INFO - Epoch 19/40 - Loss: 0.7382
2025-04-14 12:10:44,388 - INFO - Epoch 20/40 - Loss: 0.6821
2025-04-14 12:10:44,452 - INFO - Epoch 21/40 - Loss: 0.6195
2025-04-14 12:10:44,514 - INFO - Epoch 22/40 - Loss: 0.5422
2025-04-14 12:10:44,580 - INFO - Epoch 23/40 - Loss: 0.4696
2025-04-14 12:10:44,649 - INFO - Epoch 24/40 - Loss: 0.4027
2025-04-14 12:10:44,713 - INFO - Epoch 25/40 - Loss: 0.3638
2025-04-14 12:10:44,781 - INFO - Epoch 26/40 - Loss: 0.3209
2025-04-14 12:10:44,851 - INFO - Epoch 27/40 - Loss: 0.2972
2025-04-14 12:10:44,922 - INFO - Epoch 28/40 - Loss: 0.2814
2025-04-14 12:10:44,993 - INFO - Epoch 29/40 - Loss: 0.2769
2025-04-14 12:10:45,064 - INFO - Epoch 30/40 - Loss: 0.2865
2025-04-14 12:10:45,141 - INFO - Epoch 31/40 - Loss: 0.3406
2025-04-14 12:10:45,221 - INFO - Epoch 32/40 - Loss: 0.3449
2025-04-14 12:10:45,305 - INFO - Epoch 33/40 - Loss: 0.3758
2025-04-14 12:10:45,390 - INFO - Epoch 34/40 - Loss: 0.3906
2025-04-14 12:10:45,480 - INFO - Epoch 35/40 - Loss: 0.4220
2025-04-14 12:10:45,571 - INFO - Epoch 36/40 - Loss: 0.4559
2025-04-14 12:10:45,663 - INFO - Epoch 37/40 - Loss: 0.4639
2025-04-14 12:10:45,754 - INFO - Epoch 38/40 - Loss: 0.4488
2025-04-14 12:10:45,842 - INFO - Epoch 39/40 - Loss: 0.4208
2025-04-14 12:10:45,934 - INFO - Epoch 40/40 - Loss: 0.4285
2025-04-14 12:10:46,187 - INFO - Validation R² (Fold 2): 0.9428
2025-04-14 12:10:46,188 - INFO - 
Fold 3/4
2025-04-14 12:10:46,251 - INFO - Epoch 1/40 - Loss: 1.2360
2025-04-14 12:10:46,311 - INFO - Epoch 2/40 - Loss: 1.2248
2025-04-14 12:10:46,370 - INFO - Epoch 3/40 - Loss: 1.2116
2025-04-14 12:10:46,433 - INFO - Epoch 4/40 - Loss: 1.1949
2025-04-14 12:10:46,497 - INFO - Epoch 5/40 - Loss: 1.1746
2025-04-14 12:10:46,562 - INFO - Epoch 6/40 - Loss: 1.1508
2025-04-14 12:10:46,628 - INFO - Epoch 7/40 - Loss: 1.1233
2025-04-14 12:10:46,692 - INFO - Epoch 8/40 - Loss: 1.0932
2025-04-14 12:10:46,758 - INFO - Epoch 9/40 - Loss: 1.0619
2025-04-14 12:10:46,823 - INFO - Epoch 10/40 - Loss: 1.0285
2025-04-14 12:10:46,888 - INFO - Epoch 11/40 - Loss: 0.9969
2025-04-14 12:10:46,953 - INFO - Epoch 12/40 - Loss: 0.9651
2025-04-14 12:10:47,014 - INFO - Epoch 13/40 - Loss: 0.9360
2025-04-14 12:10:47,073 - INFO - Epoch 14/40 - Loss: 0.9063
2025-04-14 12:10:47,131 - INFO - Epoch 15/40 - Loss: 0.8779
2025-04-14 12:10:47,190 - INFO - Epoch 16/40 - Loss: 0.8495
2025-04-14 12:10:47,251 - INFO - Epoch 17/40 - Loss: 0.8168
2025-04-14 12:10:47,311 - INFO - Epoch 18/40 - Loss: 0.7821
2025-04-14 12:10:47,371 - INFO - Epoch 19/40 - Loss: 0.7404
2025-04-14 12:10:47,431 - INFO - Epoch 20/40 - Loss: 0.6846
2025-04-14 12:10:47,491 - INFO - Epoch 21/40 - Loss: 0.6142
2025-04-14 12:10:47,552 - INFO - Epoch 22/40 - Loss: 0.5366
2025-04-14 12:10:47,611 - INFO - Epoch 23/40 - Loss: 0.4770
2025-04-14 12:10:47,671 - INFO - Epoch 24/40 - Loss: 0.4030
2025-04-14 12:10:47,731 - INFO - Epoch 25/40 - Loss: 0.3567
2025-04-14 12:10:47,791 - INFO - Epoch 26/40 - Loss: 0.2836
2025-04-14 12:10:47,853 - INFO - Epoch 27/40 - Loss: 0.3004
2025-04-14 12:10:47,913 - INFO - Epoch 28/40 - Loss: 0.2466
2025-04-14 12:10:47,973 - INFO - Epoch 29/40 - Loss: 0.2254
2025-04-14 12:10:48,039 - INFO - Epoch 30/40 - Loss: 0.2820
2025-04-14 12:10:48,112 - INFO - Epoch 31/40 - Loss: 0.3694
2025-04-14 12:10:48,183 - INFO - Epoch 32/40 - Loss: 0.3315
2025-04-14 12:10:48,254 - INFO - Epoch 33/40 - Loss: 0.3331
2025-04-14 12:10:48,330 - INFO - Epoch 34/40 - Loss: 0.3465
2025-04-14 12:10:48,408 - INFO - Epoch 35/40 - Loss: 0.3575
2025-04-14 12:10:48,491 - INFO - Epoch 36/40 - Loss: 0.4314
2025-04-14 12:10:48,574 - INFO - Epoch 37/40 - Loss: 0.4680
2025-04-14 12:10:48,653 - INFO - Epoch 38/40 - Loss: 0.4369
2025-04-14 12:10:48,735 - INFO - Epoch 39/40 - Loss: 0.4040
2025-04-14 12:10:48,820 - INFO - Epoch 40/40 - Loss: 0.3967
2025-04-14 12:10:49,069 - INFO - Validation R² (Fold 3): 0.9400
2025-04-14 12:10:49,069 - INFO - 
Fold 4/4
2025-04-14 12:10:49,127 - INFO - Epoch 1/40 - Loss: 1.2441
2025-04-14 12:10:49,182 - INFO - Epoch 2/40 - Loss: 1.2337
2025-04-14 12:10:49,237 - INFO - Epoch 3/40 - Loss: 1.2209
2025-04-14 12:10:49,293 - INFO - Epoch 4/40 - Loss: 1.2050
2025-04-14 12:10:49,351 - INFO - Epoch 5/40 - Loss: 1.1856
2025-04-14 12:10:49,408 - INFO - Epoch 6/40 - Loss: 1.1622
2025-04-14 12:10:49,464 - INFO - Epoch 7/40 - Loss: 1.1352
2025-04-14 12:10:49,522 - INFO - Epoch 8/40 - Loss: 1.1056
2025-04-14 12:10:49,577 - INFO - Epoch 9/40 - Loss: 1.0736
2025-04-14 12:10:49,633 - INFO - Epoch 10/40 - Loss: 1.0409
2025-04-14 12:10:49,693 - INFO - Epoch 11/40 - Loss: 1.0078
2025-04-14 12:10:49,752 - INFO - Epoch 12/40 - Loss: 0.9763
2025-04-14 12:10:49,812 - INFO - Epoch 13/40 - Loss: 0.9460
2025-04-14 12:10:49,872 - INFO - Epoch 14/40 - Loss: 0.9163
2025-04-14 12:10:49,932 - INFO - Epoch 15/40 - Loss: 0.8893
2025-04-14 12:10:49,992 - INFO - Epoch 16/40 - Loss: 0.8603
2025-04-14 12:10:50,051 - INFO - Epoch 17/40 - Loss: 0.8295
2025-04-14 12:10:50,111 - INFO - Epoch 18/40 - Loss: 0.7928
2025-04-14 12:10:50,172 - INFO - Epoch 19/40 - Loss: 0.7509
2025-04-14 12:10:50,231 - INFO - Epoch 20/40 - Loss: 0.6936
2025-04-14 12:10:50,291 - INFO - Epoch 21/40 - Loss: 0.6302
2025-04-14 12:10:50,351 - INFO - Epoch 22/40 - Loss: 0.5647
2025-04-14 12:10:50,411 - INFO - Epoch 23/40 - Loss: 0.5117
2025-04-14 12:10:50,470 - INFO - Epoch 24/40 - Loss: 0.4346
2025-04-14 12:10:50,531 - INFO - Epoch 25/40 - Loss: 0.3572
2025-04-14 12:10:50,591 - INFO - Epoch 26/40 - Loss: 0.2762
2025-04-14 12:10:50,653 - INFO - Epoch 27/40 - Loss: 0.3032
2025-04-14 12:10:50,713 - INFO - Epoch 28/40 - Loss: 0.2607
2025-04-14 12:10:50,779 - INFO - Epoch 29/40 - Loss: 0.2573
2025-04-14 12:10:50,849 - INFO - Epoch 30/40 - Loss: 0.3106
2025-04-14 12:10:50,923 - INFO - Epoch 31/40 - Loss: 0.3516
2025-04-14 12:10:50,993 - INFO - Epoch 32/40 - Loss: 0.3034
2025-04-14 12:10:51,068 - INFO - Epoch 33/40 - Loss: 0.3274
2025-04-14 12:10:51,141 - INFO - Epoch 34/40 - Loss: 0.3153
2025-04-14 12:10:51,218 - INFO - Epoch 35/40 - Loss: 0.4080
2025-04-14 12:10:51,296 - INFO - Epoch 36/40 - Loss: 0.4108
2025-04-14 12:10:51,374 - INFO - Epoch 37/40 - Loss: 0.4141
2025-04-14 12:10:51,459 - INFO - Epoch 38/40 - Loss: 0.4621
2025-04-14 12:10:51,549 - INFO - Epoch 39/40 - Loss: 0.4414
2025-04-14 12:10:51,633 - INFO - Epoch 40/40 - Loss: 0.3921
2025-04-14 12:10:51,871 - INFO - Validation R² (Fold 4): 0.9343
2025-04-14 12:10:51,871 - INFO - 
Average R² across folds: 0.9391
2025-04-14 12:10:51,871 - INFO - Best R² across folds: 0.9428
2025-04-14 12:10:51,872 - INFO - 

2025-04-14 12:10:51,873 - INFO - 
Fold 1/4
2025-04-14 12:10:51,931 - INFO - Epoch 1/30 - Loss: 1.2217
2025-04-14 12:10:51,986 - INFO - Epoch 2/30 - Loss: 1.1267
2025-04-14 12:10:52,041 - INFO - Epoch 3/30 - Loss: 1.0565
2025-04-14 12:10:52,101 - INFO - Epoch 4/30 - Loss: 0.9988
2025-04-14 12:10:52,164 - INFO - Epoch 5/30 - Loss: 0.9511
2025-04-14 12:10:52,224 - INFO - Epoch 6/30 - Loss: 0.9087
2025-04-14 12:10:52,284 - INFO - Epoch 7/30 - Loss: 0.8683
2025-04-14 12:10:52,344 - INFO - Epoch 8/30 - Loss: 0.8287
2025-04-14 12:10:52,404 - INFO - Epoch 9/30 - Loss: 0.7904
2025-04-14 12:10:52,464 - INFO - Epoch 10/30 - Loss: 0.7474
2025-04-14 12:10:52,526 - INFO - Epoch 11/30 - Loss: 0.6979
2025-04-14 12:10:52,587 - INFO - Epoch 12/30 - Loss: 0.6498
2025-04-14 12:10:52,646 - INFO - Epoch 13/30 - Loss: 0.5832
2025-04-14 12:10:52,706 - INFO - Epoch 14/30 - Loss: 0.5107
2025-04-14 12:10:52,766 - INFO - Epoch 15/30 - Loss: 0.4709
2025-04-14 12:10:52,825 - INFO - Epoch 16/30 - Loss: 0.3951
2025-04-14 12:10:52,884 - INFO - Epoch 17/30 - Loss: 0.3172
2025-04-14 12:10:52,944 - INFO - Epoch 18/30 - Loss: 0.2653
2025-04-14 12:10:53,004 - INFO - Epoch 19/30 - Loss: 0.2221
2025-04-14 12:10:53,068 - INFO - Epoch 20/30 - Loss: 0.2133
2025-04-14 12:10:53,136 - INFO - Epoch 21/30 - Loss: 0.2433
2025-04-14 12:10:53,215 - INFO - Epoch 22/30 - Loss: 0.3377
2025-04-14 12:10:53,292 - INFO - Epoch 23/30 - Loss: 0.3158
2025-04-14 12:10:53,382 - INFO - Epoch 24/30 - Loss: 0.4440
2025-04-14 12:10:53,472 - INFO - Epoch 25/30 - Loss: 0.4331
2025-04-14 12:10:53,564 - INFO - Epoch 26/30 - Loss: 0.4642
2025-04-14 12:10:53,664 - INFO - Epoch 27/30 - Loss: 0.5632
2025-04-14 12:10:53,766 - INFO - Epoch 28/30 - Loss: 0.5932
2025-04-14 12:10:53,880 - INFO - Epoch 29/30 - Loss: 0.7292
2025-04-14 12:10:53,990 - INFO - Epoch 30/30 - Loss: 0.7219
2025-04-14 12:10:54,615 - INFO - Validation R² (Fold 1): 0.9329
2025-04-14 12:10:54,616 - INFO - 
Fold 2/4
2025-04-14 12:10:54,675 - INFO - Epoch 1/30 - Loss: 1.1016
2025-04-14 12:10:54,732 - INFO - Epoch 2/30 - Loss: 1.0455
2025-04-14 12:10:54,789 - INFO - Epoch 3/30 - Loss: 0.9965
2025-04-14 12:10:54,851 - INFO - Epoch 4/30 - Loss: 0.9529
2025-04-14 12:10:54,914 - INFO - Epoch 5/30 - Loss: 0.9118
2025-04-14 12:10:54,973 - INFO - Epoch 6/30 - Loss: 0.8736
2025-04-14 12:10:55,031 - INFO - Epoch 7/30 - Loss: 0.8354
2025-04-14 12:10:55,093 - INFO - Epoch 8/30 - Loss: 0.7947
2025-04-14 12:10:55,152 - INFO - Epoch 9/30 - Loss: 0.7534
2025-04-14 12:10:55,212 - INFO - Epoch 10/30 - Loss: 0.7029
2025-04-14 12:10:55,273 - INFO - Epoch 11/30 - Loss: 0.6473
2025-04-14 12:10:55,334 - INFO - Epoch 12/30 - Loss: 0.5992
2025-04-14 12:10:55,394 - INFO - Epoch 13/30 - Loss: 0.5322
2025-04-14 12:10:55,452 - INFO - Epoch 14/30 - Loss: 0.4725
2025-04-14 12:10:55,512 - INFO - Epoch 15/30 - Loss: 0.4005
2025-04-14 12:10:55,572 - INFO - Epoch 16/30 - Loss: 0.3500
2025-04-14 12:10:55,633 - INFO - Epoch 17/30 - Loss: 0.3021
2025-04-14 12:10:55,693 - INFO - Epoch 18/30 - Loss: 0.2605
2025-04-14 12:10:55,757 - INFO - Epoch 19/30 - Loss: 0.2902
2025-04-14 12:10:55,823 - INFO - Epoch 20/30 - Loss: 0.2849
2025-04-14 12:10:55,893 - INFO - Epoch 21/30 - Loss: 0.3110
2025-04-14 12:10:55,965 - INFO - Epoch 22/30 - Loss: 0.3218
2025-04-14 12:10:56,041 - INFO - Epoch 23/30 - Loss: 0.3593
2025-04-14 12:10:56,130 - INFO - Epoch 24/30 - Loss: 0.4568
2025-04-14 12:10:56,215 - INFO - Epoch 25/30 - Loss: 0.4625
2025-04-14 12:10:56,295 - INFO - Epoch 26/30 - Loss: 0.4623
2025-04-14 12:10:56,387 - INFO - Epoch 27/30 - Loss: 0.5371
2025-04-14 12:10:56,502 - INFO - Epoch 28/30 - Loss: 0.6876
2025-04-14 12:10:56,624 - INFO - Epoch 29/30 - Loss: 0.7426
2025-04-14 12:10:56,757 - INFO - Epoch 30/30 - Loss: 0.8378
2025-04-14 12:10:57,383 - INFO - Validation R² (Fold 2): 0.8910
2025-04-14 12:10:57,383 - INFO - 
Fold 3/4
2025-04-14 12:10:57,443 - INFO - Epoch 1/30 - Loss: 1.0036
2025-04-14 12:10:57,500 - INFO - Epoch 2/30 - Loss: 0.9677
2025-04-14 12:10:57,557 - INFO - Epoch 3/30 - Loss: 0.9323
2025-04-14 12:10:57,615 - INFO - Epoch 4/30 - Loss: 0.8972
2025-04-14 12:10:57,674 - INFO - Epoch 5/30 - Loss: 0.8603
2025-04-14 12:10:57,734 - INFO - Epoch 6/30 - Loss: 0.8227
2025-04-14 12:10:57,790 - INFO - Epoch 7/30 - Loss: 0.7816
2025-04-14 12:10:57,851 - INFO - Epoch 8/30 - Loss: 0.7366
2025-04-14 12:10:57,910 - INFO - Epoch 9/30 - Loss: 0.6829
2025-04-14 12:10:57,967 - INFO - Epoch 10/30 - Loss: 0.6313
2025-04-14 12:10:58,025 - INFO - Epoch 11/30 - Loss: 0.5694
2025-04-14 12:10:58,085 - INFO - Epoch 12/30 - Loss: 0.5188
2025-04-14 12:10:58,145 - INFO - Epoch 13/30 - Loss: 0.4549
2025-04-14 12:10:58,201 - INFO - Epoch 14/30 - Loss: 0.4074
2025-04-14 12:10:58,257 - INFO - Epoch 15/30 - Loss: 0.3760
2025-04-14 12:10:58,313 - INFO - Epoch 16/30 - Loss: 0.3405
2025-04-14 12:10:58,375 - INFO - Epoch 17/30 - Loss: 0.3414
2025-04-14 12:10:58,440 - INFO - Epoch 18/30 - Loss: 0.3533
2025-04-14 12:10:58,504 - INFO - Epoch 19/30 - Loss: 0.3212
2025-04-14 12:10:58,572 - INFO - Epoch 20/30 - Loss: 0.3028
2025-04-14 12:10:58,642 - INFO - Epoch 21/30 - Loss: 0.2842
2025-04-14 12:10:58,713 - INFO - Epoch 22/30 - Loss: 0.3069
2025-04-14 12:10:58,789 - INFO - Epoch 23/30 - Loss: 0.3337
2025-04-14 12:10:58,855 - INFO - Epoch 24/30 - Loss: 0.2160
2025-04-14 12:10:58,918 - INFO - Epoch 25/30 - Loss: 0.1528
2025-04-14 12:10:58,986 - INFO - Epoch 26/30 - Loss: 0.1489
2025-04-14 12:10:59,060 - INFO - Epoch 27/30 - Loss: 0.1936
2025-04-14 12:10:59,142 - INFO - Epoch 28/30 - Loss: 0.2805
2025-04-14 12:10:59,217 - INFO - Epoch 29/30 - Loss: 0.1547
2025-04-14 12:10:59,297 - INFO - Epoch 30/30 - Loss: 0.2463
2025-04-14 12:10:59,864 - INFO - Validation R² (Fold 3): 0.9059
2025-04-14 12:10:59,864 - INFO - 
Fold 4/4
2025-04-14 12:10:59,925 - INFO - Epoch 1/30 - Loss: 1.0819
2025-04-14 12:10:59,981 - INFO - Epoch 2/30 - Loss: 1.0324
2025-04-14 12:11:00,044 - INFO - Epoch 3/30 - Loss: 0.9883
2025-04-14 12:11:00,102 - INFO - Epoch 4/30 - Loss: 0.9477
2025-04-14 12:11:00,161 - INFO - Epoch 5/30 - Loss: 0.9084
2025-04-14 12:11:00,222 - INFO - Epoch 6/30 - Loss: 0.8689
2025-04-14 12:11:00,282 - INFO - Epoch 7/30 - Loss: 0.8319
2025-04-14 12:11:00,343 - INFO - Epoch 8/30 - Loss: 0.7909
2025-04-14 12:11:00,403 - INFO - Epoch 9/30 - Loss: 0.7468
2025-04-14 12:11:00,463 - INFO - Epoch 10/30 - Loss: 0.6925
2025-04-14 12:11:00,524 - INFO - Epoch 11/30 - Loss: 0.6385
2025-04-14 12:11:00,585 - INFO - Epoch 12/30 - Loss: 0.5803
2025-04-14 12:11:00,645 - INFO - Epoch 13/30 - Loss: 0.5165
2025-04-14 12:11:00,706 - INFO - Epoch 14/30 - Loss: 0.4498
2025-04-14 12:11:00,763 - INFO - Epoch 15/30 - Loss: 0.3835
2025-04-14 12:11:00,823 - INFO - Epoch 16/30 - Loss: 0.3378
2025-04-14 12:11:00,882 - INFO - Epoch 17/30 - Loss: 0.2991
2025-04-14 12:11:00,945 - INFO - Epoch 18/30 - Loss: 0.2867
2025-04-14 12:11:01,012 - INFO - Epoch 19/30 - Loss: 0.3172
2025-04-14 12:11:01,075 - INFO - Epoch 20/30 - Loss: 0.2833
2025-04-14 12:11:01,147 - INFO - Epoch 21/30 - Loss: 0.3375
2025-04-14 12:11:01,221 - INFO - Epoch 22/30 - Loss: 0.3472
2025-04-14 12:11:01,295 - INFO - Epoch 23/30 - Loss: 0.3365
2025-04-14 12:11:01,377 - INFO - Epoch 24/30 - Loss: 0.4180
2025-04-14 12:11:01,465 - INFO - Epoch 25/30 - Loss: 0.4447
2025-04-14 12:11:01,561 - INFO - Epoch 26/30 - Loss: 0.4877
2025-04-14 12:11:01,656 - INFO - Epoch 27/30 - Loss: 0.4895
2025-04-14 12:11:01,754 - INFO - Epoch 28/30 - Loss: 0.5465
2025-04-14 12:11:01,866 - INFO - Epoch 29/30 - Loss: 0.6944
2025-04-14 12:11:01,975 - INFO - Epoch 30/30 - Loss: 0.6533
2025-04-14 12:11:02,603 - INFO - Validation R² (Fold 4): 0.8931
2025-04-14 12:11:02,603 - INFO - 
Average R² across folds: 0.9057
2025-04-14 12:11:02,603 - INFO - Best R² across folds: 0.9329
2025-04-14 12:11:02,605 - INFO - Generated 2700 points with 500m resolution
