2025-04-14 10:38:30,171 - INFO - Logging initialized for city: Baltimore_A
2025-04-14 10:38:30,499 - INFO - Using device: cuda
2025-04-14 10:38:30,500 - INFO - 
Fold 1/4
2025-04-14 10:38:34,164 - INFO - Epoch 1/40 - Loss: 1.0219
2025-04-14 10:38:34,345 - INFO - Epoch 2/40 - Loss: 0.9981
2025-04-14 10:38:34,524 - INFO - Epoch 3/40 - Loss: 0.9747
2025-04-14 10:38:34,703 - INFO - Epoch 4/40 - Loss: 0.9517
2025-04-14 10:38:34,882 - INFO - Epoch 5/40 - Loss: 0.9291
2025-04-14 10:38:35,064 - INFO - Epoch 6/40 - Loss: 0.9069
2025-04-14 10:38:35,241 - INFO - Epoch 7/40 - Loss: 0.8851
2025-04-14 10:38:35,420 - INFO - Epoch 8/40 - Loss: 0.8643
2025-04-14 10:38:35,597 - INFO - Epoch 9/40 - Loss: 0.8432
2025-04-14 10:38:35,777 - INFO - Epoch 10/40 - Loss: 0.8220
2025-04-14 10:38:35,956 - INFO - Epoch 11/40 - Loss: 0.8007
2025-04-14 10:38:36,134 - INFO - Epoch 12/40 - Loss: 0.7762
2025-04-14 10:38:36,314 - INFO - Epoch 13/40 - Loss: 0.7515
2025-04-14 10:38:36,495 - INFO - Epoch 14/40 - Loss: 0.7181
2025-04-14 10:38:36,673 - INFO - Epoch 15/40 - Loss: 0.6776
2025-04-14 10:38:36,853 - INFO - Epoch 16/40 - Loss: 0.6282
2025-04-14 10:38:37,032 - INFO - Epoch 17/40 - Loss: 0.5659
2025-04-14 10:38:37,212 - INFO - Epoch 18/40 - Loss: 0.4998
2025-04-14 10:38:37,391 - INFO - Epoch 19/40 - Loss: 0.4271
2025-04-14 10:38:37,574 - INFO - Epoch 20/40 - Loss: 0.3462
2025-04-14 10:38:37,756 - INFO - Epoch 21/40 - Loss: 0.2672
2025-04-14 10:38:37,946 - INFO - Epoch 22/40 - Loss: 0.2466
2025-04-14 10:38:38,144 - INFO - Epoch 23/40 - Loss: 0.2176
2025-04-14 10:38:38,347 - INFO - Epoch 24/40 - Loss: 0.1782
2025-04-14 10:38:38,562 - INFO - Epoch 25/40 - Loss: 0.1915
2025-04-14 10:38:38,789 - INFO - Epoch 26/40 - Loss: 0.1943
2025-04-14 10:38:39,027 - INFO - Epoch 27/40 - Loss: 0.1880
2025-04-14 10:38:39,276 - INFO - Epoch 28/40 - Loss: 0.2229
2025-04-14 10:38:39,523 - INFO - Epoch 29/40 - Loss: 0.1751
2025-04-14 10:38:39,791 - INFO - Epoch 30/40 - Loss: 0.2232
2025-04-14 10:38:40,086 - INFO - Epoch 31/40 - Loss: 0.2617
2025-04-14 10:38:40,368 - INFO - Epoch 32/40 - Loss: 0.2464
2025-04-14 10:38:40,649 - INFO - Epoch 33/40 - Loss: 0.2457
2025-04-14 10:38:40,929 - INFO - Epoch 34/40 - Loss: 0.2622
2025-04-14 10:38:41,227 - INFO - Epoch 35/40 - Loss: 0.2954
2025-04-14 10:38:41,546 - INFO - Epoch 36/40 - Loss: 0.3451
2025-04-14 10:38:41,855 - INFO - Epoch 37/40 - Loss: 0.3273
2025-04-14 10:38:42,158 - INFO - Epoch 38/40 - Loss: 0.3384
2025-04-14 10:38:42,483 - INFO - Epoch 39/40 - Loss: 0.3892
2025-04-14 10:38:42,797 - INFO - Epoch 40/40 - Loss: 0.3858
2025-04-14 10:38:43,868 - INFO - Validation R² (Fold 1): 0.9583
2025-04-14 10:38:43,869 - INFO - 
Fold 2/4
2025-04-14 10:38:44,058 - INFO - Epoch 1/40 - Loss: 1.0269
2025-04-14 10:38:44,236 - INFO - Epoch 2/40 - Loss: 1.0034
2025-04-14 10:38:44,417 - INFO - Epoch 3/40 - Loss: 0.9804
2025-04-14 10:38:44,597 - INFO - Epoch 4/40 - Loss: 0.9581
2025-04-14 10:38:44,777 - INFO - Epoch 5/40 - Loss: 0.9361
2025-04-14 10:38:44,959 - INFO - Epoch 6/40 - Loss: 0.9146
2025-04-14 10:38:45,142 - INFO - Epoch 7/40 - Loss: 0.8937
2025-04-14 10:38:45,322 - INFO - Epoch 8/40 - Loss: 0.8728
2025-04-14 10:38:45,504 - INFO - Epoch 9/40 - Loss: 0.8523
2025-04-14 10:38:45,683 - INFO - Epoch 10/40 - Loss: 0.8316
2025-04-14 10:38:45,864 - INFO - Epoch 11/40 - Loss: 0.8104
2025-04-14 10:38:46,045 - INFO - Epoch 12/40 - Loss: 0.7869
2025-04-14 10:38:46,227 - INFO - Epoch 13/40 - Loss: 0.7608
2025-04-14 10:38:46,405 - INFO - Epoch 14/40 - Loss: 0.7273
2025-04-14 10:38:46,586 - INFO - Epoch 15/40 - Loss: 0.6900
2025-04-14 10:38:46,767 - INFO - Epoch 16/40 - Loss: 0.6356
2025-04-14 10:38:46,947 - INFO - Epoch 17/40 - Loss: 0.5759
2025-04-14 10:38:47,127 - INFO - Epoch 18/40 - Loss: 0.4983
2025-04-14 10:38:47,307 - INFO - Epoch 19/40 - Loss: 0.4194
2025-04-14 10:38:47,486 - INFO - Epoch 20/40 - Loss: 0.3451
2025-04-14 10:38:47,666 - INFO - Epoch 21/40 - Loss: 0.2626
2025-04-14 10:38:47,848 - INFO - Epoch 22/40 - Loss: 0.2060
2025-04-14 10:38:48,038 - INFO - Epoch 23/40 - Loss: 0.2023
2025-04-14 10:38:48,244 - INFO - Epoch 24/40 - Loss: 0.1962
2025-04-14 10:38:48,467 - INFO - Epoch 25/40 - Loss: 0.2069
2025-04-14 10:38:48,694 - INFO - Epoch 26/40 - Loss: 0.1935
2025-04-14 10:38:48,942 - INFO - Epoch 27/40 - Loss: 0.2410
2025-04-14 10:38:49,186 - INFO - Epoch 28/40 - Loss: 0.2150
2025-04-14 10:38:49,435 - INFO - Epoch 29/40 - Loss: 0.2044
2025-04-14 10:38:49,713 - INFO - Epoch 30/40 - Loss: 0.2691
2025-04-14 10:38:49,975 - INFO - Epoch 31/40 - Loss: 0.2175
2025-04-14 10:38:50,245 - INFO - Epoch 32/40 - Loss: 0.2500
2025-04-14 10:38:50,535 - INFO - Epoch 33/40 - Loss: 0.2946
2025-04-14 10:38:50,833 - INFO - Epoch 34/40 - Loss: 0.3135
2025-04-14 10:38:51,129 - INFO - Epoch 35/40 - Loss: 0.3122
2025-04-14 10:38:51,425 - INFO - Epoch 36/40 - Loss: 0.3207
2025-04-14 10:38:51,735 - INFO - Epoch 37/40 - Loss: 0.3476
2025-04-14 10:38:52,065 - INFO - Epoch 38/40 - Loss: 0.3968
2025-04-14 10:38:52,371 - INFO - Epoch 39/40 - Loss: 0.3783
2025-04-14 10:38:52,688 - INFO - Epoch 40/40 - Loss: 0.3916
2025-04-14 10:38:53,754 - INFO - Validation R² (Fold 2): 0.9593
2025-04-14 10:38:53,755 - INFO - 
Fold 3/4
2025-04-14 10:38:53,949 - INFO - Epoch 1/40 - Loss: 1.0239
2025-04-14 10:38:54,135 - INFO - Epoch 2/40 - Loss: 1.0000
2025-04-14 10:38:54,319 - INFO - Epoch 3/40 - Loss: 0.9766
2025-04-14 10:38:54,506 - INFO - Epoch 4/40 - Loss: 0.9535
2025-04-14 10:38:54,694 - INFO - Epoch 5/40 - Loss: 0.9310
2025-04-14 10:38:54,883 - INFO - Epoch 6/40 - Loss: 0.9092
2025-04-14 10:38:55,071 - INFO - Epoch 7/40 - Loss: 0.8872
2025-04-14 10:38:55,257 - INFO - Epoch 8/40 - Loss: 0.8663
2025-04-14 10:38:55,444 - INFO - Epoch 9/40 - Loss: 0.8454
2025-04-14 10:38:55,630 - INFO - Epoch 10/40 - Loss: 0.8241
2025-04-14 10:38:55,814 - INFO - Epoch 11/40 - Loss: 0.8021
2025-04-14 10:38:56,002 - INFO - Epoch 12/40 - Loss: 0.7792
2025-04-14 10:38:56,191 - INFO - Epoch 13/40 - Loss: 0.7516
2025-04-14 10:38:56,376 - INFO - Epoch 14/40 - Loss: 0.7192
2025-04-14 10:38:56,563 - INFO - Epoch 15/40 - Loss: 0.6813
2025-04-14 10:38:56,750 - INFO - Epoch 16/40 - Loss: 0.6301
2025-04-14 10:38:56,939 - INFO - Epoch 17/40 - Loss: 0.5693
2025-04-14 10:38:57,126 - INFO - Epoch 18/40 - Loss: 0.4930
2025-04-14 10:38:57,313 - INFO - Epoch 19/40 - Loss: 0.4147
2025-04-14 10:38:57,499 - INFO - Epoch 20/40 - Loss: 0.3436
2025-04-14 10:38:57,684 - INFO - Epoch 21/40 - Loss: 0.2606
2025-04-14 10:38:57,874 - INFO - Epoch 22/40 - Loss: 0.2027
2025-04-14 10:38:58,078 - INFO - Epoch 23/40 - Loss: 0.2205
2025-04-14 10:38:58,291 - INFO - Epoch 24/40 - Loss: 0.1922
2025-04-14 10:38:58,521 - INFO - Epoch 25/40 - Loss: 0.2014
2025-04-14 10:38:58,765 - INFO - Epoch 26/40 - Loss: 0.2273
2025-04-14 10:38:59,012 - INFO - Epoch 27/40 - Loss: 0.2154
2025-04-14 10:38:59,256 - INFO - Epoch 28/40 - Loss: 0.1904
2025-04-14 10:38:59,512 - INFO - Epoch 29/40 - Loss: 0.1950
2025-04-14 10:38:59,783 - INFO - Epoch 30/40 - Loss: 0.2226
2025-04-14 10:39:00,065 - INFO - Epoch 31/40 - Loss: 0.2470
2025-04-14 10:39:00,356 - INFO - Epoch 32/40 - Loss: 0.2585
2025-04-14 10:39:00,663 - INFO - Epoch 33/40 - Loss: 0.2962
2025-04-14 10:39:00,951 - INFO - Epoch 34/40 - Loss: 0.2481
2025-04-14 10:39:01,267 - INFO - Epoch 35/40 - Loss: 0.3141
2025-04-14 10:39:01,593 - INFO - Epoch 36/40 - Loss: 0.3341
2025-04-14 10:39:01,910 - INFO - Epoch 37/40 - Loss: 0.3349
2025-04-14 10:39:02,241 - INFO - Epoch 38/40 - Loss: 0.3685
2025-04-14 10:39:02,595 - INFO - Epoch 39/40 - Loss: 0.4020
2025-04-14 10:39:02,926 - INFO - Epoch 40/40 - Loss: 0.3896
2025-04-14 10:39:04,006 - INFO - Validation R² (Fold 3): 0.9564
2025-04-14 10:39:04,006 - INFO - 
Fold 4/4
2025-04-14 10:39:04,192 - INFO - Epoch 1/40 - Loss: 1.0239
2025-04-14 10:39:04,374 - INFO - Epoch 2/40 - Loss: 1.0002
2025-04-14 10:39:04,560 - INFO - Epoch 3/40 - Loss: 0.9768
2025-04-14 10:39:04,746 - INFO - Epoch 4/40 - Loss: 0.9539
2025-04-14 10:39:04,932 - INFO - Epoch 5/40 - Loss: 0.9315
2025-04-14 10:39:05,117 - INFO - Epoch 6/40 - Loss: 0.9102
2025-04-14 10:39:05,302 - INFO - Epoch 7/40 - Loss: 0.8885
2025-04-14 10:39:05,483 - INFO - Epoch 8/40 - Loss: 0.8675
2025-04-14 10:39:05,665 - INFO - Epoch 9/40 - Loss: 0.8471
2025-04-14 10:39:05,845 - INFO - Epoch 10/40 - Loss: 0.8268
2025-04-14 10:39:06,025 - INFO - Epoch 11/40 - Loss: 0.8056
2025-04-14 10:39:06,206 - INFO - Epoch 12/40 - Loss: 0.7831
2025-04-14 10:39:06,386 - INFO - Epoch 13/40 - Loss: 0.7578
2025-04-14 10:39:06,566 - INFO - Epoch 14/40 - Loss: 0.7255
2025-04-14 10:39:06,745 - INFO - Epoch 15/40 - Loss: 0.6856
2025-04-14 10:39:06,926 - INFO - Epoch 16/40 - Loss: 0.6378
2025-04-14 10:39:07,106 - INFO - Epoch 17/40 - Loss: 0.5725
2025-04-14 10:39:07,286 - INFO - Epoch 18/40 - Loss: 0.5026
2025-04-14 10:39:07,466 - INFO - Epoch 19/40 - Loss: 0.4259
2025-04-14 10:39:07,646 - INFO - Epoch 20/40 - Loss: 0.3527
2025-04-14 10:39:07,826 - INFO - Epoch 21/40 - Loss: 0.2683
2025-04-14 10:39:08,016 - INFO - Epoch 22/40 - Loss: 0.2402
2025-04-14 10:39:08,222 - INFO - Epoch 23/40 - Loss: 0.2560
2025-04-14 10:39:08,431 - INFO - Epoch 24/40 - Loss: 0.2038
2025-04-14 10:39:08,655 - INFO - Epoch 25/40 - Loss: 0.2082
2025-04-14 10:39:08,885 - INFO - Epoch 26/40 - Loss: 0.2105
2025-04-14 10:39:09,126 - INFO - Epoch 27/40 - Loss: 0.2266
2025-04-14 10:39:09,373 - INFO - Epoch 28/40 - Loss: 0.2139
2025-04-14 10:39:09,631 - INFO - Epoch 29/40 - Loss: 0.2221
2025-04-14 10:39:09,904 - INFO - Epoch 30/40 - Loss: 0.2494
2025-04-14 10:39:10,184 - INFO - Epoch 31/40 - Loss: 0.2658
2025-04-14 10:39:10,474 - INFO - Epoch 32/40 - Loss: 0.2911
2025-04-14 10:39:10,776 - INFO - Epoch 33/40 - Loss: 0.3109
2025-04-14 10:39:11,080 - INFO - Epoch 34/40 - Loss: 0.3180
2025-04-14 10:39:11,377 - INFO - Epoch 35/40 - Loss: 0.2918
2025-04-14 10:39:11,700 - INFO - Epoch 36/40 - Loss: 0.3564
2025-04-14 10:39:12,026 - INFO - Epoch 37/40 - Loss: 0.3813
2025-04-14 10:39:12,373 - INFO - Epoch 38/40 - Loss: 0.4085
2025-04-14 10:39:12,693 - INFO - Epoch 39/40 - Loss: 0.3864
2025-04-14 10:39:13,008 - INFO - Epoch 40/40 - Loss: 0.3809
2025-04-14 10:39:14,083 - INFO - Validation R² (Fold 4): 0.9598
2025-04-14 10:39:14,084 - INFO - 
Average R² across folds: 0.9585
2025-04-14 10:39:14,084 - INFO - Best R² across folds: 0.9598
2025-04-14 10:39:14,086 - INFO - 

2025-04-14 10:39:14,086 - INFO - 
Fold 1/4
2025-04-14 10:39:14,269 - INFO - Epoch 1/30 - Loss: 0.9451
2025-04-14 10:39:14,450 - INFO - Epoch 2/30 - Loss: 0.9108
2025-04-14 10:39:14,630 - INFO - Epoch 3/30 - Loss: 0.8753
2025-04-14 10:39:14,809 - INFO - Epoch 4/30 - Loss: 0.8377
2025-04-14 10:39:14,989 - INFO - Epoch 5/30 - Loss: 0.7979
2025-04-14 10:39:15,168 - INFO - Epoch 6/30 - Loss: 0.7512
2025-04-14 10:39:15,346 - INFO - Epoch 7/30 - Loss: 0.7028
2025-04-14 10:39:15,525 - INFO - Epoch 8/30 - Loss: 0.6459
2025-04-14 10:39:15,703 - INFO - Epoch 9/30 - Loss: 0.5899
2025-04-14 10:39:15,883 - INFO - Epoch 10/30 - Loss: 0.5309
2025-04-14 10:39:16,064 - INFO - Epoch 11/30 - Loss: 0.4852
2025-04-14 10:39:16,247 - INFO - Epoch 12/30 - Loss: 0.4438
2025-04-14 10:39:16,430 - INFO - Epoch 13/30 - Loss: 0.4073
2025-04-14 10:39:16,628 - INFO - Epoch 14/30 - Loss: 0.4026
2025-04-14 10:39:16,837 - INFO - Epoch 15/30 - Loss: 0.3902
2025-04-14 10:39:17,039 - INFO - Epoch 16/30 - Loss: 0.3513
2025-04-14 10:39:17,264 - INFO - Epoch 17/30 - Loss: 0.3537
2025-04-14 10:39:17,503 - INFO - Epoch 18/30 - Loss: 0.3764
2025-04-14 10:39:17,759 - INFO - Epoch 19/30 - Loss: 0.3693
2025-04-14 10:39:18,003 - INFO - Epoch 20/30 - Loss: 0.3248
2025-04-14 10:39:18,255 - INFO - Epoch 21/30 - Loss: 0.3299
2025-04-14 10:39:18,483 - INFO - Epoch 22/30 - Loss: 0.2752
2025-04-14 10:39:18,740 - INFO - Epoch 23/30 - Loss: 0.2891
2025-04-14 10:39:19,004 - INFO - Epoch 24/30 - Loss: 0.2728
2025-04-14 10:39:19,320 - INFO - Epoch 25/30 - Loss: 0.3544
2025-04-14 10:39:19,717 - INFO - Epoch 26/30 - Loss: 0.4591
2025-04-14 10:39:20,038 - INFO - Epoch 27/30 - Loss: 0.3431
2025-04-14 10:39:20,393 - INFO - Epoch 28/30 - Loss: 0.4021
2025-04-14 10:39:20,880 - INFO - Epoch 29/30 - Loss: 0.5699
2025-04-14 10:39:21,336 - INFO - Epoch 30/30 - Loss: 0.5844
2025-04-14 10:39:23,580 - INFO - Validation R² (Fold 1): 0.8841
2025-04-14 10:39:23,580 - INFO - 
Fold 2/4
2025-04-14 10:39:23,764 - INFO - Epoch 1/30 - Loss: 1.0569
2025-04-14 10:39:23,941 - INFO - Epoch 2/30 - Loss: 1.1004
2025-04-14 10:39:24,122 - INFO - Epoch 3/30 - Loss: 1.1046
2025-04-14 10:39:24,302 - INFO - Epoch 4/30 - Loss: 1.0854
2025-04-14 10:39:24,480 - INFO - Epoch 5/30 - Loss: 1.0452
2025-04-14 10:39:24,659 - INFO - Epoch 6/30 - Loss: 0.9907
2025-04-14 10:39:24,843 - INFO - Epoch 7/30 - Loss: 0.9376
2025-04-14 10:39:25,022 - INFO - Epoch 8/30 - Loss: 1.0766
2025-04-14 10:39:25,200 - INFO - Epoch 9/30 - Loss: 0.9114
2025-04-14 10:39:25,379 - INFO - Epoch 10/30 - Loss: 0.9023
2025-04-14 10:39:25,557 - INFO - Epoch 11/30 - Loss: 0.9064
2025-04-14 10:39:25,737 - INFO - Epoch 12/30 - Loss: 0.9080
2025-04-14 10:39:25,916 - INFO - Epoch 13/30 - Loss: 0.9144
2025-04-14 10:39:26,095 - INFO - Epoch 14/30 - Loss: 0.8910
2025-04-14 10:39:26,275 - INFO - Epoch 15/30 - Loss: 0.8525
2025-04-14 10:39:26,454 - INFO - Epoch 16/30 - Loss: 0.8286
2025-04-14 10:39:26,633 - INFO - Epoch 17/30 - Loss: 0.7890
2025-04-14 10:39:26,813 - INFO - Epoch 18/30 - Loss: 0.7415
2025-04-14 10:39:26,994 - INFO - Epoch 19/30 - Loss: 0.7154
2025-04-14 10:39:27,173 - INFO - Epoch 20/30 - Loss: 0.7107
2025-04-14 10:39:27,353 - INFO - Epoch 21/30 - Loss: 0.6708
2025-04-14 10:39:27,532 - INFO - Epoch 22/30 - Loss: 0.6082
2025-04-14 10:39:27,710 - INFO - Epoch 23/30 - Loss: 0.5764
2025-04-14 10:39:27,893 - INFO - Epoch 24/30 - Loss: 0.5341
2025-04-14 10:39:28,074 - INFO - Epoch 25/30 - Loss: 0.5175
2025-04-14 10:39:28,255 - INFO - Epoch 26/30 - Loss: 0.4533
2025-04-14 10:39:28,436 - INFO - Epoch 27/30 - Loss: 0.4058
2025-04-14 10:39:28,616 - INFO - Epoch 28/30 - Loss: 0.3445
2025-04-14 10:39:28,795 - INFO - Epoch 29/30 - Loss: 0.2858
2025-04-14 10:39:28,981 - INFO - Epoch 30/30 - Loss: 0.2876
2025-04-14 10:39:29,532 - INFO - Validation R² (Fold 2): 0.9068
2025-04-14 10:39:29,533 - INFO - 
Fold 3/4
2025-04-14 10:39:29,714 - INFO - Epoch 1/30 - Loss: 1.0957
2025-04-14 10:39:29,898 - INFO - Epoch 2/30 - Loss: 0.9806
2025-04-14 10:39:30,085 - INFO - Epoch 3/30 - Loss: 0.9265
2025-04-14 10:39:30,266 - INFO - Epoch 4/30 - Loss: 0.8886
2025-04-14 10:39:30,446 - INFO - Epoch 5/30 - Loss: 0.8527
2025-04-14 10:39:30,626 - INFO - Epoch 6/30 - Loss: 0.8160
2025-04-14 10:39:30,808 - INFO - Epoch 7/30 - Loss: 0.7786
2025-04-14 10:39:30,989 - INFO - Epoch 8/30 - Loss: 0.7390
2025-04-14 10:39:31,168 - INFO - Epoch 9/30 - Loss: 0.6953
2025-04-14 10:39:31,347 - INFO - Epoch 10/30 - Loss: 0.6500
2025-04-14 10:39:31,526 - INFO - Epoch 11/30 - Loss: 0.5950
2025-04-14 10:39:31,707 - INFO - Epoch 12/30 - Loss: 0.5275
2025-04-14 10:39:31,887 - INFO - Epoch 13/30 - Loss: 0.4753
2025-04-14 10:39:32,068 - INFO - Epoch 14/30 - Loss: 0.4043
2025-04-14 10:39:32,247 - INFO - Epoch 15/30 - Loss: 0.3486
2025-04-14 10:39:32,430 - INFO - Epoch 16/30 - Loss: 0.2897
2025-04-14 10:39:32,624 - INFO - Epoch 17/30 - Loss: 0.2770
2025-04-14 10:39:32,823 - INFO - Epoch 18/30 - Loss: 0.2508
2025-04-14 10:39:33,048 - INFO - Epoch 19/30 - Loss: 0.2637
2025-04-14 10:39:33,285 - INFO - Epoch 20/30 - Loss: 0.2643
2025-04-14 10:39:33,526 - INFO - Epoch 21/30 - Loss: 0.2697
2025-04-14 10:39:33,810 - INFO - Epoch 22/30 - Loss: 0.3335
2025-04-14 10:39:34,125 - INFO - Epoch 23/30 - Loss: 0.3669
2025-04-14 10:39:34,494 - INFO - Epoch 24/30 - Loss: 0.4593
2025-04-14 10:39:34,903 - INFO - Epoch 25/30 - Loss: 0.4891
2025-04-14 10:39:35,336 - INFO - Epoch 26/30 - Loss: 0.5661
2025-04-14 10:39:35,800 - INFO - Epoch 27/30 - Loss: 0.6260
2025-04-14 10:39:36,295 - INFO - Epoch 28/30 - Loss: 0.6695
2025-04-14 10:39:36,839 - INFO - Epoch 29/30 - Loss: 0.7579
2025-04-14 10:39:37,461 - INFO - Epoch 30/30 - Loss: 0.8157
2025-04-14 10:39:39,707 - INFO - Validation R² (Fold 3): 0.9466
2025-04-14 10:39:39,707 - INFO - 
Fold 4/4
2025-04-14 10:39:39,898 - INFO - Epoch 1/30 - Loss: 0.9684
2025-04-14 10:39:40,082 - INFO - Epoch 2/30 - Loss: 0.9328
2025-04-14 10:39:40,265 - INFO - Epoch 3/30 - Loss: 0.8972
2025-04-14 10:39:40,446 - INFO - Epoch 4/30 - Loss: 0.8606
2025-04-14 10:39:40,629 - INFO - Epoch 5/30 - Loss: 0.8222
2025-04-14 10:39:40,808 - INFO - Epoch 6/30 - Loss: 0.7812
2025-04-14 10:39:40,991 - INFO - Epoch 7/30 - Loss: 0.7376
2025-04-14 10:39:41,173 - INFO - Epoch 8/30 - Loss: 0.6882
2025-04-14 10:39:41,355 - INFO - Epoch 9/30 - Loss: 0.6234
2025-04-14 10:39:41,535 - INFO - Epoch 10/30 - Loss: 0.5740
2025-04-14 10:39:41,717 - INFO - Epoch 11/30 - Loss: 0.5069
2025-04-14 10:39:41,898 - INFO - Epoch 12/30 - Loss: 0.4536
2025-04-14 10:39:42,080 - INFO - Epoch 13/30 - Loss: 0.3996
2025-04-14 10:39:42,267 - INFO - Epoch 14/30 - Loss: 0.3760
2025-04-14 10:39:42,473 - INFO - Epoch 15/30 - Loss: 0.3729
2025-04-14 10:39:42,690 - INFO - Epoch 16/30 - Loss: 0.3727
2025-04-14 10:39:42,904 - INFO - Epoch 17/30 - Loss: 0.3555
2025-04-14 10:39:43,130 - INFO - Epoch 18/30 - Loss: 0.3547
2025-04-14 10:39:43,383 - INFO - Epoch 19/30 - Loss: 0.3764
2025-04-14 10:39:43,638 - INFO - Epoch 20/30 - Loss: 0.3581
2025-04-14 10:39:43,886 - INFO - Epoch 21/30 - Loss: 0.3607
2025-04-14 10:39:44,133 - INFO - Epoch 22/30 - Loss: 0.3646
2025-04-14 10:39:44,421 - INFO - Epoch 23/30 - Loss: 0.4172
2025-04-14 10:39:44,736 - INFO - Epoch 24/30 - Loss: 0.4150
2025-04-14 10:39:45,086 - INFO - Epoch 25/30 - Loss: 0.4654
2025-04-14 10:39:45,428 - INFO - Epoch 26/30 - Loss: 0.4755
2025-04-14 10:39:45,807 - INFO - Epoch 27/30 - Loss: 0.5052
2025-04-14 10:39:46,229 - INFO - Epoch 28/30 - Loss: 0.5674
2025-04-14 10:39:46,608 - INFO - Epoch 29/30 - Loss: 0.5541
2025-04-14 10:39:47,055 - INFO - Epoch 30/30 - Loss: 0.6388
2025-04-14 10:39:49,300 - INFO - Validation R² (Fold 4): 0.8936
2025-04-14 10:39:49,300 - INFO - 
Average R² across folds: 0.9078
2025-04-14 10:39:49,300 - INFO - Best R² across folds: 0.9466
2025-04-14 10:39:49,303 - INFO - Generated 2408 points with 500m resolution
