2025-04-14 09:32:19,079 - INFO - Logging initialized for city: Boston
2025-04-14 09:32:19,643 - INFO - Using device: cuda
2025-04-14 09:32:19,644 - INFO - 
Fold 1/4
2025-04-14 09:32:24,058 - INFO - Epoch 1/40 - Loss: 1.0855
2025-04-14 09:32:24,132 - INFO - Epoch 2/40 - Loss: 1.0626
2025-04-14 09:32:24,207 - INFO - Epoch 3/40 - Loss: 1.0384
2025-04-14 09:32:24,281 - INFO - Epoch 4/40 - Loss: 1.0125
2025-04-14 09:32:24,352 - INFO - Epoch 5/40 - Loss: 0.9848
2025-04-14 09:32:24,429 - INFO - Epoch 6/40 - Loss: 0.9540
2025-04-14 09:32:24,502 - INFO - Epoch 7/40 - Loss: 0.9212
2025-04-14 09:32:24,579 - INFO - Epoch 8/40 - Loss: 0.8863
2025-04-14 09:32:24,654 - INFO - Epoch 9/40 - Loss: 0.8498
2025-04-14 09:32:24,731 - INFO - Epoch 10/40 - Loss: 0.8120
2025-04-14 09:32:24,808 - INFO - Epoch 11/40 - Loss: 0.7726
2025-04-14 09:32:24,883 - INFO - Epoch 12/40 - Loss: 0.7319
2025-04-14 09:32:24,960 - INFO - Epoch 13/40 - Loss: 0.6919
2025-04-14 09:32:25,034 - INFO - Epoch 14/40 - Loss: 0.6494
2025-04-14 09:32:25,111 - INFO - Epoch 15/40 - Loss: 0.6058
2025-04-14 09:32:25,187 - INFO - Epoch 16/40 - Loss: 0.5583
2025-04-14 09:32:25,262 - INFO - Epoch 17/40 - Loss: 0.5028
2025-04-14 09:32:25,340 - INFO - Epoch 18/40 - Loss: 0.4436
2025-04-14 09:32:25,417 - INFO - Epoch 19/40 - Loss: 0.3716
2025-04-14 09:32:25,492 - INFO - Epoch 20/40 - Loss: 0.2917
2025-04-14 09:32:25,568 - INFO - Epoch 21/40 - Loss: 0.2095
2025-04-14 09:32:25,644 - INFO - Epoch 22/40 - Loss: 0.1297
2025-04-14 09:32:25,721 - INFO - Epoch 23/40 - Loss: 0.0513
2025-04-14 09:32:25,800 - INFO - Epoch 24/40 - Loss: 0.0179
2025-04-14 09:32:25,890 - INFO - Epoch 25/40 - Loss: 0.0150
2025-04-14 09:32:25,984 - INFO - Epoch 26/40 - Loss: 0.0196
2025-04-14 09:32:26,079 - INFO - Epoch 27/40 - Loss: -0.0387
2025-04-14 09:32:26,177 - INFO - Epoch 28/40 - Loss: -0.0608
2025-04-14 09:32:26,274 - INFO - Epoch 29/40 - Loss: -0.1038
2025-04-14 09:32:26,380 - INFO - Epoch 30/40 - Loss: -0.1081
2025-04-14 09:32:26,489 - INFO - Epoch 31/40 - Loss: -0.1197
2025-04-14 09:32:26,602 - INFO - Epoch 32/40 - Loss: -0.1136
2025-04-14 09:32:26,713 - INFO - Epoch 33/40 - Loss: -0.1348
2025-04-14 09:32:26,824 - INFO - Epoch 34/40 - Loss: -0.1268
2025-04-14 09:32:26,941 - INFO - Epoch 35/40 - Loss: -0.1017
2025-04-14 09:32:27,060 - INFO - Epoch 36/40 - Loss: -0.1020
2025-04-14 09:32:27,182 - INFO - Epoch 37/40 - Loss: -0.0650
2025-04-14 09:32:27,302 - INFO - Epoch 38/40 - Loss: -0.0704
2025-04-14 09:32:27,421 - INFO - Epoch 39/40 - Loss: -0.0659
2025-04-14 09:32:27,551 - INFO - Epoch 40/40 - Loss: -0.0366
2025-04-14 09:32:27,817 - INFO - Validation R² (Fold 1): 0.9816
2025-04-14 09:32:27,817 - INFO - 
Fold 2/4
2025-04-14 09:32:27,932 - INFO - Epoch 1/40 - Loss: 1.0827
2025-04-14 09:32:28,029 - INFO - Epoch 2/40 - Loss: 1.0595
2025-04-14 09:32:28,102 - INFO - Epoch 3/40 - Loss: 1.0352
2025-04-14 09:32:28,178 - INFO - Epoch 4/40 - Loss: 1.0095
2025-04-14 09:32:28,253 - INFO - Epoch 5/40 - Loss: 0.9815
2025-04-14 09:32:28,330 - INFO - Epoch 6/40 - Loss: 0.9515
2025-04-14 09:32:28,410 - INFO - Epoch 7/40 - Loss: 0.9189
2025-04-14 09:32:28,488 - INFO - Epoch 8/40 - Loss: 0.8846
2025-04-14 09:32:28,568 - INFO - Epoch 9/40 - Loss: 0.8482
2025-04-14 09:32:28,648 - INFO - Epoch 10/40 - Loss: 0.8108
2025-04-14 09:32:28,728 - INFO - Epoch 11/40 - Loss: 0.7710
2025-04-14 09:32:28,808 - INFO - Epoch 12/40 - Loss: 0.7307
2025-04-14 09:32:28,882 - INFO - Epoch 13/40 - Loss: 0.6894
2025-04-14 09:32:28,960 - INFO - Epoch 14/40 - Loss: 0.6463
2025-04-14 09:32:29,040 - INFO - Epoch 15/40 - Loss: 0.6021
2025-04-14 09:32:29,119 - INFO - Epoch 16/40 - Loss: 0.5518
2025-04-14 09:32:29,199 - INFO - Epoch 17/40 - Loss: 0.4963
2025-04-14 09:32:29,273 - INFO - Epoch 18/40 - Loss: 0.4343
2025-04-14 09:32:29,350 - INFO - Epoch 19/40 - Loss: 0.3612
2025-04-14 09:32:29,430 - INFO - Epoch 20/40 - Loss: 0.2831
2025-04-14 09:32:29,510 - INFO - Epoch 21/40 - Loss: 0.1990
2025-04-14 09:32:29,589 - INFO - Epoch 22/40 - Loss: 0.1263
2025-04-14 09:32:29,668 - INFO - Epoch 23/40 - Loss: 0.0522
2025-04-14 09:32:29,751 - INFO - Epoch 24/40 - Loss: 0.0142
2025-04-14 09:32:29,832 - INFO - Epoch 25/40 - Loss: -0.0380
2025-04-14 09:32:29,921 - INFO - Epoch 26/40 - Loss: -0.0354
2025-04-14 09:32:30,015 - INFO - Epoch 27/40 - Loss: -0.0530
2025-04-14 09:32:30,111 - INFO - Epoch 28/40 - Loss: -0.0844
2025-04-14 09:32:30,209 - INFO - Epoch 29/40 - Loss: -0.1215
2025-04-14 09:32:30,311 - INFO - Epoch 30/40 - Loss: -0.1306
2025-04-14 09:32:30,418 - INFO - Epoch 31/40 - Loss: -0.1454
2025-04-14 09:32:30,531 - INFO - Epoch 32/40 - Loss: -0.1231
2025-04-14 09:32:30,642 - INFO - Epoch 33/40 - Loss: -0.1519
2025-04-14 09:32:30,751 - INFO - Epoch 34/40 - Loss: -0.1659
2025-04-14 09:32:30,863 - INFO - Epoch 35/40 - Loss: -0.1505
2025-04-14 09:32:30,980 - INFO - Epoch 36/40 - Loss: -0.1117
2025-04-14 09:32:31,100 - INFO - Epoch 37/40 - Loss: -0.0911
2025-04-14 09:32:31,221 - INFO - Epoch 38/40 - Loss: -0.0845
2025-04-14 09:32:31,343 - INFO - Epoch 39/40 - Loss: -0.0666
2025-04-14 09:32:31,470 - INFO - Epoch 40/40 - Loss: -0.0291
2025-04-14 09:32:31,727 - INFO - Validation R² (Fold 2): 0.9824
2025-04-14 09:32:31,727 - INFO - 
Fold 3/4
2025-04-14 09:32:31,841 - INFO - Epoch 1/40 - Loss: 1.0849
2025-04-14 09:32:31,941 - INFO - Epoch 2/40 - Loss: 1.0620
2025-04-14 09:32:32,016 - INFO - Epoch 3/40 - Loss: 1.0383
2025-04-14 09:32:32,090 - INFO - Epoch 4/40 - Loss: 1.0126
2025-04-14 09:32:32,163 - INFO - Epoch 5/40 - Loss: 0.9846
2025-04-14 09:32:32,240 - INFO - Epoch 6/40 - Loss: 0.9545
2025-04-14 09:32:32,320 - INFO - Epoch 7/40 - Loss: 0.9217
2025-04-14 09:32:32,399 - INFO - Epoch 8/40 - Loss: 0.8869
2025-04-14 09:32:32,473 - INFO - Epoch 9/40 - Loss: 0.8503
2025-04-14 09:32:32,550 - INFO - Epoch 10/40 - Loss: 0.8104
2025-04-14 09:32:32,628 - INFO - Epoch 11/40 - Loss: 0.7705
2025-04-14 09:32:32,708 - INFO - Epoch 12/40 - Loss: 0.7285
2025-04-14 09:32:32,782 - INFO - Epoch 13/40 - Loss: 0.6851
2025-04-14 09:32:32,860 - INFO - Epoch 14/40 - Loss: 0.6436
2025-04-14 09:32:32,939 - INFO - Epoch 15/40 - Loss: 0.5976
2025-04-14 09:32:33,019 - INFO - Epoch 16/40 - Loss: 0.5504
2025-04-14 09:32:33,098 - INFO - Epoch 17/40 - Loss: 0.4948
2025-04-14 09:32:33,172 - INFO - Epoch 18/40 - Loss: 0.4278
2025-04-14 09:32:33,250 - INFO - Epoch 19/40 - Loss: 0.3499
2025-04-14 09:32:33,329 - INFO - Epoch 20/40 - Loss: 0.2894
2025-04-14 09:32:33,409 - INFO - Epoch 21/40 - Loss: 0.1963
2025-04-14 09:32:33,488 - INFO - Epoch 22/40 - Loss: 0.1274
2025-04-14 09:32:33,563 - INFO - Epoch 23/40 - Loss: 0.0501
2025-04-14 09:32:33,642 - INFO - Epoch 24/40 - Loss: 0.0185
2025-04-14 09:32:33,721 - INFO - Epoch 25/40 - Loss: -0.0279
2025-04-14 09:32:33,811 - INFO - Epoch 26/40 - Loss: -0.0262
2025-04-14 09:32:33,903 - INFO - Epoch 27/40 - Loss: -0.0482
2025-04-14 09:32:34,002 - INFO - Epoch 28/40 - Loss: -0.0632
2025-04-14 09:32:34,109 - INFO - Epoch 29/40 - Loss: -0.0778
2025-04-14 09:32:34,210 - INFO - Epoch 30/40 - Loss: -0.1450
2025-04-14 09:32:34,320 - INFO - Epoch 31/40 - Loss: -0.1200
2025-04-14 09:32:34,432 - INFO - Epoch 32/40 - Loss: -0.1044
2025-04-14 09:32:34,541 - INFO - Epoch 33/40 - Loss: -0.1313
2025-04-14 09:32:34,653 - INFO - Epoch 34/40 - Loss: -0.1073
2025-04-14 09:32:34,760 - INFO - Epoch 35/40 - Loss: -0.1187
2025-04-14 09:32:34,880 - INFO - Epoch 36/40 - Loss: -0.0791
2025-04-14 09:32:35,001 - INFO - Epoch 37/40 - Loss: -0.0448
2025-04-14 09:32:35,120 - INFO - Epoch 38/40 - Loss: -0.0381
2025-04-14 09:32:35,234 - INFO - Epoch 39/40 - Loss: -0.0526
2025-04-14 09:32:35,350 - INFO - Epoch 40/40 - Loss: -0.0413
2025-04-14 09:32:35,601 - INFO - Validation R² (Fold 3): 0.9859
2025-04-14 09:32:35,601 - INFO - 
Fold 4/4
2025-04-14 09:32:35,683 - INFO - Epoch 1/40 - Loss: 1.0850
2025-04-14 09:32:35,776 - INFO - Epoch 2/40 - Loss: 1.0622
2025-04-14 09:32:35,859 - INFO - Epoch 3/40 - Loss: 1.0386
2025-04-14 09:32:35,937 - INFO - Epoch 4/40 - Loss: 1.0130
2025-04-14 09:32:36,013 - INFO - Epoch 5/40 - Loss: 0.9853
2025-04-14 09:32:36,089 - INFO - Epoch 6/40 - Loss: 0.9556
2025-04-14 09:32:36,168 - INFO - Epoch 7/40 - Loss: 0.9231
2025-04-14 09:32:36,244 - INFO - Epoch 8/40 - Loss: 0.8890
2025-04-14 09:32:36,320 - INFO - Epoch 9/40 - Loss: 0.8533
2025-04-14 09:32:36,399 - INFO - Epoch 10/40 - Loss: 0.8144
2025-04-14 09:32:36,473 - INFO - Epoch 11/40 - Loss: 0.7760
2025-04-14 09:32:36,550 - INFO - Epoch 12/40 - Loss: 0.7339
2025-04-14 09:32:36,630 - INFO - Epoch 13/40 - Loss: 0.6934
2025-04-14 09:32:36,709 - INFO - Epoch 14/40 - Loss: 0.6499
2025-04-14 09:32:36,788 - INFO - Epoch 15/40 - Loss: 0.6081
2025-04-14 09:32:36,864 - INFO - Epoch 16/40 - Loss: 0.5608
2025-04-14 09:32:36,941 - INFO - Epoch 17/40 - Loss: 0.5087
2025-04-14 09:32:37,020 - INFO - Epoch 18/40 - Loss: 0.4414
2025-04-14 09:32:37,099 - INFO - Epoch 19/40 - Loss: 0.3738
2025-04-14 09:32:37,179 - INFO - Epoch 20/40 - Loss: 0.2919
2025-04-14 09:32:37,258 - INFO - Epoch 21/40 - Loss: 0.2119
2025-04-14 09:32:37,338 - INFO - Epoch 22/40 - Loss: 0.1302
2025-04-14 09:32:37,418 - INFO - Epoch 23/40 - Loss: 0.0666
2025-04-14 09:32:37,501 - INFO - Epoch 24/40 - Loss: 0.0504
2025-04-14 09:32:37,583 - INFO - Epoch 25/40 - Loss: -0.0253
2025-04-14 09:32:37,670 - INFO - Epoch 26/40 - Loss: -0.0289
2025-04-14 09:32:37,762 - INFO - Epoch 27/40 - Loss: -0.0462
2025-04-14 09:32:37,853 - INFO - Epoch 28/40 - Loss: -0.0893
2025-04-14 09:32:37,952 - INFO - Epoch 29/40 - Loss: -0.1005
2025-04-14 09:32:38,054 - INFO - Epoch 30/40 - Loss: -0.1126
2025-04-14 09:32:38,164 - INFO - Epoch 31/40 - Loss: -0.1015
2025-04-14 09:32:38,272 - INFO - Epoch 32/40 - Loss: -0.1259
2025-04-14 09:32:38,388 - INFO - Epoch 33/40 - Loss: -0.1201
2025-04-14 09:32:38,502 - INFO - Epoch 34/40 - Loss: -0.1281
2025-04-14 09:32:38,615 - INFO - Epoch 35/40 - Loss: -0.1319
2025-04-14 09:32:38,731 - INFO - Epoch 36/40 - Loss: -0.1124
2025-04-14 09:32:38,851 - INFO - Epoch 37/40 - Loss: -0.0873
2025-04-14 09:32:38,973 - INFO - Epoch 38/40 - Loss: -0.0638
2025-04-14 09:32:39,101 - INFO - Epoch 39/40 - Loss: -0.0292
2025-04-14 09:32:39,230 - INFO - Epoch 40/40 - Loss: -0.0227
2025-04-14 09:32:39,489 - INFO - Validation R² (Fold 4): 0.9848
2025-04-14 09:32:39,489 - INFO - 
Average R² across folds: 0.9837
2025-04-14 09:32:39,489 - INFO - Best R² across folds: 0.9859
2025-04-14 09:32:39,491 - INFO - 

2025-04-14 09:32:39,492 - INFO - 
Fold 1/4
2025-04-14 09:32:39,602 - INFO - Epoch 1/30 - Loss: 1.1844
2025-04-14 09:32:39,700 - INFO - Epoch 2/30 - Loss: 1.0766
2025-04-14 09:32:39,774 - INFO - Epoch 3/30 - Loss: 0.9951
2025-04-14 09:32:39,851 - INFO - Epoch 4/30 - Loss: 0.9339
2025-04-14 09:32:39,930 - INFO - Epoch 5/30 - Loss: 0.8788
2025-04-14 09:32:40,011 - INFO - Epoch 6/30 - Loss: 0.8275
2025-04-14 09:32:40,093 - INFO - Epoch 7/30 - Loss: 0.7782
2025-04-14 09:32:40,172 - INFO - Epoch 8/30 - Loss: 0.7320
2025-04-14 09:32:40,252 - INFO - Epoch 9/30 - Loss: 0.6857
2025-04-14 09:32:40,330 - INFO - Epoch 10/30 - Loss: 0.6387
2025-04-14 09:32:40,411 - INFO - Epoch 11/30 - Loss: 0.5898
2025-04-14 09:32:40,490 - INFO - Epoch 12/30 - Loss: 0.5419
2025-04-14 09:32:40,565 - INFO - Epoch 13/30 - Loss: 0.4900
2025-04-14 09:32:40,642 - INFO - Epoch 14/30 - Loss: 0.4302
2025-04-14 09:32:40,721 - INFO - Epoch 15/30 - Loss: 0.3737
2025-04-14 09:32:40,800 - INFO - Epoch 16/30 - Loss: 0.3162
2025-04-14 09:32:40,875 - INFO - Epoch 17/30 - Loss: 0.2639
2025-04-14 09:32:40,952 - INFO - Epoch 18/30 - Loss: 0.2147
2025-04-14 09:32:41,031 - INFO - Epoch 19/30 - Loss: 0.1743
2025-04-14 09:32:41,111 - INFO - Epoch 20/30 - Loss: 0.1578
2025-04-14 09:32:41,195 - INFO - Epoch 21/30 - Loss: 0.1304
2025-04-14 09:32:41,274 - INFO - Epoch 22/30 - Loss: 0.0951
2025-04-14 09:32:41,355 - INFO - Epoch 23/30 - Loss: 0.0678
2025-04-14 09:32:41,441 - INFO - Epoch 24/30 - Loss: 0.0493
2025-04-14 09:32:41,523 - INFO - Epoch 25/30 - Loss: 0.0014
2025-04-14 09:32:41,613 - INFO - Epoch 26/30 - Loss: -0.0163
2025-04-14 09:32:41,695 - INFO - Epoch 27/30 - Loss: -0.0528
2025-04-14 09:32:41,784 - INFO - Epoch 28/30 - Loss: -0.0868
2025-04-14 09:32:41,873 - INFO - Epoch 29/30 - Loss: -0.1254
2025-04-14 09:32:41,963 - INFO - Epoch 30/30 - Loss: -0.1545
2025-04-14 09:32:42,252 - INFO - Validation R² (Fold 1): 0.9684
2025-04-14 09:32:42,252 - INFO - 
Fold 2/4
2025-04-14 09:32:42,385 - INFO - Epoch 1/30 - Loss: 0.9603
2025-04-14 09:32:42,485 - INFO - Epoch 2/30 - Loss: 0.9146
2025-04-14 09:32:42,562 - INFO - Epoch 3/30 - Loss: 0.8701
2025-04-14 09:32:42,641 - INFO - Epoch 4/30 - Loss: 0.8262
2025-04-14 09:32:42,721 - INFO - Epoch 5/30 - Loss: 0.7849
2025-04-14 09:32:42,801 - INFO - Epoch 6/30 - Loss: 0.7416
2025-04-14 09:32:42,875 - INFO - Epoch 7/30 - Loss: 0.6966
2025-04-14 09:32:42,953 - INFO - Epoch 8/30 - Loss: 0.6498
2025-04-14 09:32:43,032 - INFO - Epoch 9/30 - Loss: 0.5984
2025-04-14 09:32:43,112 - INFO - Epoch 10/30 - Loss: 0.5477
2025-04-14 09:32:43,191 - INFO - Epoch 11/30 - Loss: 0.4998
2025-04-14 09:32:43,270 - INFO - Epoch 12/30 - Loss: 0.4516
2025-04-14 09:32:43,344 - INFO - Epoch 13/30 - Loss: 0.4152
2025-04-14 09:32:43,422 - INFO - Epoch 14/30 - Loss: 0.3812
2025-04-14 09:32:43,502 - INFO - Epoch 15/30 - Loss: 0.3493
2025-04-14 09:32:43,575 - INFO - Epoch 16/30 - Loss: 0.3200
2025-04-14 09:32:43,653 - INFO - Epoch 17/30 - Loss: 0.2815
2025-04-14 09:32:43,732 - INFO - Epoch 18/30 - Loss: 0.2423
2025-04-14 09:32:43,810 - INFO - Epoch 19/30 - Loss: 0.2085
2025-04-14 09:32:43,890 - INFO - Epoch 20/30 - Loss: 0.1527
2025-04-14 09:32:43,965 - INFO - Epoch 21/30 - Loss: 0.1035
2025-04-14 09:32:44,043 - INFO - Epoch 22/30 - Loss: 0.0544
2025-04-14 09:32:44,122 - INFO - Epoch 23/30 - Loss: 0.0143
2025-04-14 09:32:44,201 - INFO - Epoch 24/30 - Loss: -0.0301
2025-04-14 09:32:44,276 - INFO - Epoch 25/30 - Loss: -0.0574
2025-04-14 09:32:44,353 - INFO - Epoch 26/30 - Loss: -0.1073
2025-04-14 09:32:44,432 - INFO - Epoch 27/30 - Loss: -0.1314
2025-04-14 09:32:44,513 - INFO - Epoch 28/30 - Loss: -0.1655
2025-04-14 09:32:44,592 - INFO - Epoch 29/30 - Loss: -0.2144
2025-04-14 09:32:44,673 - INFO - Epoch 30/30 - Loss: -0.2629
2025-04-14 09:32:45,169 - INFO - Validation R² (Fold 2): 0.9516
2025-04-14 09:32:45,169 - INFO - 
Fold 3/4
2025-04-14 09:32:45,289 - INFO - Epoch 1/30 - Loss: 0.9752
2025-04-14 09:32:45,389 - INFO - Epoch 2/30 - Loss: 0.9252
2025-04-14 09:32:45,464 - INFO - Epoch 3/30 - Loss: 0.8771
2025-04-14 09:32:45,541 - INFO - Epoch 4/30 - Loss: 0.8332
2025-04-14 09:32:45,621 - INFO - Epoch 5/30 - Loss: 0.7886
2025-04-14 09:32:45,702 - INFO - Epoch 6/30 - Loss: 0.7458
2025-04-14 09:32:45,781 - INFO - Epoch 7/30 - Loss: 0.7020
2025-04-14 09:32:45,860 - INFO - Epoch 8/30 - Loss: 0.6556
2025-04-14 09:32:45,935 - INFO - Epoch 9/30 - Loss: 0.6086
2025-04-14 09:32:46,013 - INFO - Epoch 10/30 - Loss: 0.5579
2025-04-14 09:32:46,090 - INFO - Epoch 11/30 - Loss: 0.5082
2025-04-14 09:32:46,171 - INFO - Epoch 12/30 - Loss: 0.4563
2025-04-14 09:32:46,251 - INFO - Epoch 13/30 - Loss: 0.4112
2025-04-14 09:32:46,330 - INFO - Epoch 14/30 - Loss: 0.3751
2025-04-14 09:32:46,410 - INFO - Epoch 15/30 - Loss: 0.3426
2025-04-14 09:32:46,485 - INFO - Epoch 16/30 - Loss: 0.3115
2025-04-14 09:32:46,562 - INFO - Epoch 17/30 - Loss: 0.2860
2025-04-14 09:32:46,642 - INFO - Epoch 18/30 - Loss: 0.2456
2025-04-14 09:32:46,715 - INFO - Epoch 19/30 - Loss: 0.2061
2025-04-14 09:32:46,793 - INFO - Epoch 20/30 - Loss: 0.1552
2025-04-14 09:32:46,873 - INFO - Epoch 21/30 - Loss: 0.1129
2025-04-14 09:32:46,951 - INFO - Epoch 22/30 - Loss: 0.0677
2025-04-14 09:32:47,030 - INFO - Epoch 23/30 - Loss: 0.0193
2025-04-14 09:32:47,105 - INFO - Epoch 24/30 - Loss: -0.0175
2025-04-14 09:32:47,182 - INFO - Epoch 25/30 - Loss: -0.0692
2025-04-14 09:32:47,261 - INFO - Epoch 26/30 - Loss: -0.1176
2025-04-14 09:32:47,341 - INFO - Epoch 27/30 - Loss: -0.1378
2025-04-14 09:32:47,420 - INFO - Epoch 28/30 - Loss: -0.1699
2025-04-14 09:32:47,495 - INFO - Epoch 29/30 - Loss: -0.2094
2025-04-14 09:32:47,572 - INFO - Epoch 30/30 - Loss: -0.2469
2025-04-14 09:32:47,857 - INFO - Validation R² (Fold 3): 0.9534
2025-04-14 09:32:47,857 - INFO - 
Fold 4/4
2025-04-14 09:32:47,977 - INFO - Epoch 1/30 - Loss: 0.9348
2025-04-14 09:32:48,077 - INFO - Epoch 2/30 - Loss: 0.8928
2025-04-14 09:32:48,154 - INFO - Epoch 3/30 - Loss: 0.8522
2025-04-14 09:32:48,232 - INFO - Epoch 4/30 - Loss: 0.8108
2025-04-14 09:32:48,312 - INFO - Epoch 5/30 - Loss: 0.7704
2025-04-14 09:32:48,386 - INFO - Epoch 6/30 - Loss: 0.7293
2025-04-14 09:32:48,464 - INFO - Epoch 7/30 - Loss: 0.6855
2025-04-14 09:32:48,542 - INFO - Epoch 8/30 - Loss: 0.6381
2025-04-14 09:32:48,622 - INFO - Epoch 9/30 - Loss: 0.5881
2025-04-14 09:32:48,701 - INFO - Epoch 10/30 - Loss: 0.5411
2025-04-14 09:32:48,775 - INFO - Epoch 11/30 - Loss: 0.4950
2025-04-14 09:32:48,854 - INFO - Epoch 12/30 - Loss: 0.4521
2025-04-14 09:32:48,933 - INFO - Epoch 13/30 - Loss: 0.4201
2025-04-14 09:32:49,014 - INFO - Epoch 14/30 - Loss: 0.3920
2025-04-14 09:32:49,092 - INFO - Epoch 15/30 - Loss: 0.3556
2025-04-14 09:32:49,173 - INFO - Epoch 16/30 - Loss: 0.3183
2025-04-14 09:32:49,254 - INFO - Epoch 17/30 - Loss: 0.2820
2025-04-14 09:32:49,333 - INFO - Epoch 18/30 - Loss: 0.2372
2025-04-14 09:32:49,412 - INFO - Epoch 19/30 - Loss: 0.1944
2025-04-14 09:32:49,492 - INFO - Epoch 20/30 - Loss: 0.1512
2025-04-14 09:32:49,573 - INFO - Epoch 21/30 - Loss: 0.1003
2025-04-14 09:32:49,654 - INFO - Epoch 22/30 - Loss: 0.0648
2025-04-14 09:32:49,732 - INFO - Epoch 23/30 - Loss: 0.0191
2025-04-14 09:32:49,812 - INFO - Epoch 24/30 - Loss: -0.0141
2025-04-14 09:32:49,892 - INFO - Epoch 25/30 - Loss: -0.0548
2025-04-14 09:32:49,971 - INFO - Epoch 26/30 - Loss: -0.0872
2025-04-14 09:32:50,052 - INFO - Epoch 27/30 - Loss: -0.1221
2025-04-14 09:32:50,132 - INFO - Epoch 28/30 - Loss: -0.1507
2025-04-14 09:32:50,211 - INFO - Epoch 29/30 - Loss: -0.1945
2025-04-14 09:32:50,292 - INFO - Epoch 30/30 - Loss: -0.2386
2025-04-14 09:32:50,595 - INFO - Validation R² (Fold 4): 0.9594
2025-04-14 09:32:50,595 - INFO - 
Average R² across folds: 0.9582
2025-04-14 09:32:50,595 - INFO - Best R² across folds: 0.9684
2025-04-14 09:32:50,598 - INFO - Generated 1813 points with 500m resolution
