2025-04-14 12:13:27,709 - INFO - Logging initialized for city: Boulder
2025-04-14 12:13:27,716 - INFO - Original dataset size: 6307. Using all samples.
2025-04-14 12:13:27,911 - INFO - Using device: cuda
2025-04-14 12:13:27,912 - INFO - 
Fold 1/4
2025-04-14 12:13:31,598 - INFO - Epoch 1/40 - Loss: 0.9871
2025-04-14 12:13:31,627 - INFO - Epoch 2/40 - Loss: 0.9584
2025-04-14 12:13:31,659 - INFO - Epoch 3/40 - Loss: 0.9300
2025-04-14 12:13:31,693 - INFO - Epoch 4/40 - Loss: 0.9026
2025-04-14 12:13:31,722 - INFO - Epoch 5/40 - Loss: 0.8757
2025-04-14 12:13:31,754 - INFO - Epoch 6/40 - Loss: 0.8497
2025-04-14 12:13:31,789 - INFO - Epoch 7/40 - Loss: 0.8253
2025-04-14 12:13:31,818 - INFO - Epoch 8/40 - Loss: 0.8027
2025-04-14 12:13:31,852 - INFO - Epoch 9/40 - Loss: 0.7803
2025-04-14 12:13:31,887 - INFO - Epoch 10/40 - Loss: 0.7566
2025-04-14 12:13:31,916 - INFO - Epoch 11/40 - Loss: 0.7325
2025-04-14 12:13:31,951 - INFO - Epoch 12/40 - Loss: 0.7092
2025-04-14 12:13:31,981 - INFO - Epoch 13/40 - Loss: 0.6840
2025-04-14 12:13:32,012 - INFO - Epoch 14/40 - Loss: 0.6573
2025-04-14 12:13:32,043 - INFO - Epoch 15/40 - Loss: 0.6296
2025-04-14 12:13:32,078 - INFO - Epoch 16/40 - Loss: 0.6012
2025-04-14 12:13:32,112 - INFO - Epoch 17/40 - Loss: 0.5664
2025-04-14 12:13:32,144 - INFO - Epoch 18/40 - Loss: 0.5216
2025-04-14 12:13:32,178 - INFO - Epoch 19/40 - Loss: 0.4788
2025-04-14 12:13:32,212 - INFO - Epoch 20/40 - Loss: 0.4228
2025-04-14 12:13:32,242 - INFO - Epoch 21/40 - Loss: 0.3700
2025-04-14 12:13:32,274 - INFO - Epoch 22/40 - Loss: 0.3258
2025-04-14 12:13:32,310 - INFO - Epoch 23/40 - Loss: 0.2709
2025-04-14 12:13:32,340 - INFO - Epoch 24/40 - Loss: 0.2369
2025-04-14 12:13:32,372 - INFO - Epoch 25/40 - Loss: 0.1862
2025-04-14 12:13:32,404 - INFO - Epoch 26/40 - Loss: 0.1707
2025-04-14 12:13:32,435 - INFO - Epoch 27/40 - Loss: 0.1272
2025-04-14 12:13:32,470 - INFO - Epoch 28/40 - Loss: 0.1317
2025-04-14 12:13:32,508 - INFO - Epoch 29/40 - Loss: 0.1344
2025-04-14 12:13:32,543 - INFO - Epoch 30/40 - Loss: 0.1665
2025-04-14 12:13:32,580 - INFO - Epoch 31/40 - Loss: 0.1941
2025-04-14 12:13:32,614 - INFO - Epoch 32/40 - Loss: 0.1826
2025-04-14 12:13:32,648 - INFO - Epoch 33/40 - Loss: 0.2775
2025-04-14 12:13:32,684 - INFO - Epoch 34/40 - Loss: 0.3191
2025-04-14 12:13:32,723 - INFO - Epoch 35/40 - Loss: 0.3519
2025-04-14 12:13:32,762 - INFO - Epoch 36/40 - Loss: 0.3676
2025-04-14 12:13:32,802 - INFO - Epoch 37/40 - Loss: 0.4376
2025-04-14 12:13:32,840 - INFO - Epoch 38/40 - Loss: 0.4598
2025-04-14 12:13:32,879 - INFO - Epoch 39/40 - Loss: 0.4812
2025-04-14 12:13:32,920 - INFO - Epoch 40/40 - Loss: 0.4925
2025-04-14 12:13:33,021 - INFO - Validation R² (Fold 1): 0.9389
2025-04-14 12:13:33,022 - INFO - 
Fold 2/4
2025-04-14 12:13:33,061 - INFO - Epoch 1/40 - Loss: 0.9891
2025-04-14 12:13:33,091 - INFO - Epoch 2/40 - Loss: 0.9607
2025-04-14 12:13:33,121 - INFO - Epoch 3/40 - Loss: 0.9328
2025-04-14 12:13:33,150 - INFO - Epoch 4/40 - Loss: 0.9057
2025-04-14 12:13:33,181 - INFO - Epoch 5/40 - Loss: 0.8790
2025-04-14 12:13:33,211 - INFO - Epoch 6/40 - Loss: 0.8536
2025-04-14 12:13:33,253 - INFO - Epoch 7/40 - Loss: 0.8295
2025-04-14 12:13:33,290 - INFO - Epoch 8/40 - Loss: 0.8060
2025-04-14 12:13:33,322 - INFO - Epoch 9/40 - Loss: 0.7833
2025-04-14 12:13:33,352 - INFO - Epoch 10/40 - Loss: 0.7604
2025-04-14 12:13:33,383 - INFO - Epoch 11/40 - Loss: 0.7363
2025-04-14 12:13:33,417 - INFO - Epoch 12/40 - Loss: 0.7103
2025-04-14 12:13:33,447 - INFO - Epoch 13/40 - Loss: 0.6855
2025-04-14 12:13:33,481 - INFO - Epoch 14/40 - Loss: 0.6582
2025-04-14 12:13:33,513 - INFO - Epoch 15/40 - Loss: 0.6280
2025-04-14 12:13:33,545 - INFO - Epoch 16/40 - Loss: 0.5990
2025-04-14 12:13:33,578 - INFO - Epoch 17/40 - Loss: 0.5632
2025-04-14 12:13:33,612 - INFO - Epoch 18/40 - Loss: 0.5202
2025-04-14 12:13:33,644 - INFO - Epoch 19/40 - Loss: 0.4728
2025-04-14 12:13:33,678 - INFO - Epoch 20/40 - Loss: 0.4169
2025-04-14 12:13:33,709 - INFO - Epoch 21/40 - Loss: 0.3757
2025-04-14 12:13:33,737 - INFO - Epoch 22/40 - Loss: 0.3294
2025-04-14 12:13:33,766 - INFO - Epoch 23/40 - Loss: 0.2825
2025-04-14 12:13:33,795 - INFO - Epoch 24/40 - Loss: 0.2377
2025-04-14 12:13:33,824 - INFO - Epoch 25/40 - Loss: 0.1829
2025-04-14 12:13:33,857 - INFO - Epoch 26/40 - Loss: 0.1526
2025-04-14 12:13:33,887 - INFO - Epoch 27/40 - Loss: 0.1296
2025-04-14 12:13:33,916 - INFO - Epoch 28/40 - Loss: 0.1419
2025-04-14 12:13:33,946 - INFO - Epoch 29/40 - Loss: 0.1245
2025-04-14 12:13:33,978 - INFO - Epoch 30/40 - Loss: 0.1232
2025-04-14 12:13:34,009 - INFO - Epoch 31/40 - Loss: 0.1562
2025-04-14 12:13:34,042 - INFO - Epoch 32/40 - Loss: 0.1995
2025-04-14 12:13:34,075 - INFO - Epoch 33/40 - Loss: 0.2478
2025-04-14 12:13:34,109 - INFO - Epoch 34/40 - Loss: 0.2954
2025-04-14 12:13:34,145 - INFO - Epoch 35/40 - Loss: 0.3470
2025-04-14 12:13:34,179 - INFO - Epoch 36/40 - Loss: 0.4139
2025-04-14 12:13:34,212 - INFO - Epoch 37/40 - Loss: 0.3909
2025-04-14 12:13:34,251 - INFO - Epoch 38/40 - Loss: 0.4432
2025-04-14 12:13:34,285 - INFO - Epoch 39/40 - Loss: 0.4542
2025-04-14 12:13:34,320 - INFO - Epoch 40/40 - Loss: 0.4806
2025-04-14 12:13:34,410 - INFO - Validation R² (Fold 2): 0.9325
2025-04-14 12:13:34,410 - INFO - 
Fold 3/4
2025-04-14 12:13:34,442 - INFO - Epoch 1/40 - Loss: 0.9848
2025-04-14 12:13:34,471 - INFO - Epoch 2/40 - Loss: 0.9567
2025-04-14 12:13:34,502 - INFO - Epoch 3/40 - Loss: 0.9290
2025-04-14 12:13:34,531 - INFO - Epoch 4/40 - Loss: 0.9024
2025-04-14 12:13:34,560 - INFO - Epoch 5/40 - Loss: 0.8765
2025-04-14 12:13:34,589 - INFO - Epoch 6/40 - Loss: 0.8521
2025-04-14 12:13:34,619 - INFO - Epoch 7/40 - Loss: 0.8280
2025-04-14 12:13:34,647 - INFO - Epoch 8/40 - Loss: 0.8050
2025-04-14 12:13:34,675 - INFO - Epoch 9/40 - Loss: 0.7829
2025-04-14 12:13:34,707 - INFO - Epoch 10/40 - Loss: 0.7597
2025-04-14 12:13:34,736 - INFO - Epoch 11/40 - Loss: 0.7366
2025-04-14 12:13:34,771 - INFO - Epoch 12/40 - Loss: 0.7133
2025-04-14 12:13:34,806 - INFO - Epoch 13/40 - Loss: 0.6885
2025-04-14 12:13:34,835 - INFO - Epoch 14/40 - Loss: 0.6626
2025-04-14 12:13:34,870 - INFO - Epoch 15/40 - Loss: 0.6353
2025-04-14 12:13:34,909 - INFO - Epoch 16/40 - Loss: 0.6068
2025-04-14 12:13:34,939 - INFO - Epoch 17/40 - Loss: 0.5719
2025-04-14 12:13:34,974 - INFO - Epoch 18/40 - Loss: 0.5313
2025-04-14 12:13:35,008 - INFO - Epoch 19/40 - Loss: 0.4864
2025-04-14 12:13:35,038 - INFO - Epoch 20/40 - Loss: 0.4375
2025-04-14 12:13:35,073 - INFO - Epoch 21/40 - Loss: 0.3788
2025-04-14 12:13:35,110 - INFO - Epoch 22/40 - Loss: 0.3342
2025-04-14 12:13:35,143 - INFO - Epoch 23/40 - Loss: 0.2745
2025-04-14 12:13:35,178 - INFO - Epoch 24/40 - Loss: 0.2449
2025-04-14 12:13:35,211 - INFO - Epoch 25/40 - Loss: 0.1774
2025-04-14 12:13:35,240 - INFO - Epoch 26/40 - Loss: 0.1577
2025-04-14 12:13:35,275 - INFO - Epoch 27/40 - Loss: 0.1168
2025-04-14 12:13:35,311 - INFO - Epoch 28/40 - Loss: 0.1487
2025-04-14 12:13:35,347 - INFO - Epoch 29/40 - Loss: 0.1628
2025-04-14 12:13:35,384 - INFO - Epoch 30/40 - Loss: 0.1377
2025-04-14 12:13:35,415 - INFO - Epoch 31/40 - Loss: 0.1898
2025-04-14 12:13:35,447 - INFO - Epoch 32/40 - Loss: 0.1880
2025-04-14 12:13:35,485 - INFO - Epoch 33/40 - Loss: 0.2960
2025-04-14 12:13:35,521 - INFO - Epoch 34/40 - Loss: 0.3153
2025-04-14 12:13:35,553 - INFO - Epoch 35/40 - Loss: 0.3319
2025-04-14 12:13:35,591 - INFO - Epoch 36/40 - Loss: 0.3770
2025-04-14 12:13:35,626 - INFO - Epoch 37/40 - Loss: 0.4506
2025-04-14 12:13:35,659 - INFO - Epoch 38/40 - Loss: 0.4362
2025-04-14 12:13:35,694 - INFO - Epoch 39/40 - Loss: 0.4761
2025-04-14 12:13:35,729 - INFO - Epoch 40/40 - Loss: 0.5106
2025-04-14 12:13:35,819 - INFO - Validation R² (Fold 3): 0.9431
2025-04-14 12:13:35,819 - INFO - 
Fold 4/4
2025-04-14 12:13:35,872 - INFO - Epoch 1/40 - Loss: 0.9870
2025-04-14 12:13:35,902 - INFO - Epoch 2/40 - Loss: 0.9588
2025-04-14 12:13:35,931 - INFO - Epoch 3/40 - Loss: 0.9310
2025-04-14 12:13:35,961 - INFO - Epoch 4/40 - Loss: 0.9038
2025-04-14 12:13:35,990 - INFO - Epoch 5/40 - Loss: 0.8777
2025-04-14 12:13:36,021 - INFO - Epoch 6/40 - Loss: 0.8524
2025-04-14 12:13:36,049 - INFO - Epoch 7/40 - Loss: 0.8289
2025-04-14 12:13:36,078 - INFO - Epoch 8/40 - Loss: 0.8052
2025-04-14 12:13:36,111 - INFO - Epoch 9/40 - Loss: 0.7827
2025-04-14 12:13:36,140 - INFO - Epoch 10/40 - Loss: 0.7586
2025-04-14 12:13:36,171 - INFO - Epoch 11/40 - Loss: 0.7350
2025-04-14 12:13:36,203 - INFO - Epoch 12/40 - Loss: 0.7113
2025-04-14 12:13:36,238 - INFO - Epoch 13/40 - Loss: 0.6840
2025-04-14 12:13:36,268 - INFO - Epoch 14/40 - Loss: 0.6564
2025-04-14 12:13:36,299 - INFO - Epoch 15/40 - Loss: 0.6272
2025-04-14 12:13:36,333 - INFO - Epoch 16/40 - Loss: 0.5952
2025-04-14 12:13:36,365 - INFO - Epoch 17/40 - Loss: 0.5571
2025-04-14 12:13:36,396 - INFO - Epoch 18/40 - Loss: 0.5158
2025-04-14 12:13:36,431 - INFO - Epoch 19/40 - Loss: 0.4670
2025-04-14 12:13:36,465 - INFO - Epoch 20/40 - Loss: 0.4211
2025-04-14 12:13:36,496 - INFO - Epoch 21/40 - Loss: 0.3523
2025-04-14 12:13:36,531 - INFO - Epoch 22/40 - Loss: 0.3043
2025-04-14 12:13:36,562 - INFO - Epoch 23/40 - Loss: 0.2610
2025-04-14 12:13:36,594 - INFO - Epoch 24/40 - Loss: 0.2237
2025-04-14 12:13:36,628 - INFO - Epoch 25/40 - Loss: 0.1785
2025-04-14 12:13:36,661 - INFO - Epoch 26/40 - Loss: 0.1230
2025-04-14 12:13:36,692 - INFO - Epoch 27/40 - Loss: 0.1126
2025-04-14 12:13:36,728 - INFO - Epoch 28/40 - Loss: 0.1290
2025-04-14 12:13:36,763 - INFO - Epoch 29/40 - Loss: 0.1275
2025-04-14 12:13:36,795 - INFO - Epoch 30/40 - Loss: 0.1704
2025-04-14 12:13:36,831 - INFO - Epoch 31/40 - Loss: 0.1799
2025-04-14 12:13:36,868 - INFO - Epoch 32/40 - Loss: 0.2299
2025-04-14 12:13:36,904 - INFO - Epoch 33/40 - Loss: 0.2826
2025-04-14 12:13:36,937 - INFO - Epoch 34/40 - Loss: 0.2988
2025-04-14 12:13:36,973 - INFO - Epoch 35/40 - Loss: 0.3367
2025-04-14 12:13:37,013 - INFO - Epoch 36/40 - Loss: 0.3997
2025-04-14 12:13:37,049 - INFO - Epoch 37/40 - Loss: 0.4260
2025-04-14 12:13:37,084 - INFO - Epoch 38/40 - Loss: 0.4332
2025-04-14 12:13:37,122 - INFO - Epoch 39/40 - Loss: 0.4417
2025-04-14 12:13:37,160 - INFO - Epoch 40/40 - Loss: 0.4382
2025-04-14 12:13:37,254 - INFO - Validation R² (Fold 4): 0.9350
2025-04-14 12:13:37,254 - INFO - 
Average R² across folds: 0.9374
2025-04-14 12:13:37,254 - INFO - Best R² across folds: 0.9431
2025-04-14 12:13:37,255 - INFO - 

2025-04-14 12:13:37,256 - INFO - 
Fold 1/4
2025-04-14 12:13:37,298 - INFO - Epoch 1/30 - Loss: 0.9862
2025-04-14 12:13:37,335 - INFO - Epoch 2/30 - Loss: 0.9272
2025-04-14 12:13:37,373 - INFO - Epoch 3/30 - Loss: 0.8885
2025-04-14 12:13:37,411 - INFO - Epoch 4/30 - Loss: 0.8543
2025-04-14 12:13:37,449 - INFO - Epoch 5/30 - Loss: 0.8205
2025-04-14 12:13:37,487 - INFO - Epoch 6/30 - Loss: 0.7859
2025-04-14 12:13:37,526 - INFO - Epoch 7/30 - Loss: 0.7528
2025-04-14 12:13:37,564 - INFO - Epoch 8/30 - Loss: 0.7191
2025-04-14 12:13:37,600 - INFO - Epoch 9/30 - Loss: 0.6814
2025-04-14 12:13:37,634 - INFO - Epoch 10/30 - Loss: 0.6459
2025-04-14 12:13:37,669 - INFO - Epoch 11/30 - Loss: 0.6044
2025-04-14 12:13:37,704 - INFO - Epoch 12/30 - Loss: 0.5635
2025-04-14 12:13:37,739 - INFO - Epoch 13/30 - Loss: 0.5195
2025-04-14 12:13:37,774 - INFO - Epoch 14/30 - Loss: 0.4707
2025-04-14 12:13:37,809 - INFO - Epoch 15/30 - Loss: 0.4297
2025-04-14 12:13:37,843 - INFO - Epoch 16/30 - Loss: 0.3673
2025-04-14 12:13:37,875 - INFO - Epoch 17/30 - Loss: 0.3247
2025-04-14 12:13:37,912 - INFO - Epoch 18/30 - Loss: 0.3022
2025-04-14 12:13:37,949 - INFO - Epoch 19/30 - Loss: 0.2753
2025-04-14 12:13:37,985 - INFO - Epoch 20/30 - Loss: 0.2745
2025-04-14 12:13:38,021 - INFO - Epoch 21/30 - Loss: 0.2443
2025-04-14 12:13:38,055 - INFO - Epoch 22/30 - Loss: 0.2100
2025-04-14 12:13:38,092 - INFO - Epoch 23/30 - Loss: 0.2009
2025-04-14 12:13:38,129 - INFO - Epoch 24/30 - Loss: 0.1338
2025-04-14 12:13:38,164 - INFO - Epoch 25/30 - Loss: 0.1340
2025-04-14 12:13:38,200 - INFO - Epoch 26/30 - Loss: 0.0481
2025-04-14 12:13:38,239 - INFO - Epoch 27/30 - Loss: 0.0264
2025-04-14 12:13:38,273 - INFO - Epoch 28/30 - Loss: 0.0003
2025-04-14 12:13:38,311 - INFO - Epoch 29/30 - Loss: -0.0665
2025-04-14 12:13:38,345 - INFO - Epoch 30/30 - Loss: -0.1379
2025-04-14 12:13:38,462 - INFO - Validation R² (Fold 1): 0.9180
2025-04-14 12:13:38,462 - INFO - 
Fold 2/4
2025-04-14 12:13:38,505 - INFO - Epoch 1/30 - Loss: 0.9574
2025-04-14 12:13:38,537 - INFO - Epoch 2/30 - Loss: 0.9173
2025-04-14 12:13:38,569 - INFO - Epoch 3/30 - Loss: 0.8815
2025-04-14 12:13:38,600 - INFO - Epoch 4/30 - Loss: 0.8468
2025-04-14 12:13:38,631 - INFO - Epoch 5/30 - Loss: 0.8097
2025-04-14 12:13:38,674 - INFO - Epoch 6/30 - Loss: 0.7745
2025-04-14 12:13:38,712 - INFO - Epoch 7/30 - Loss: 0.7380
2025-04-14 12:13:38,750 - INFO - Epoch 8/30 - Loss: 0.7023
2025-04-14 12:13:38,791 - INFO - Epoch 9/30 - Loss: 0.6640
2025-04-14 12:13:38,834 - INFO - Epoch 10/30 - Loss: 0.6246
2025-04-14 12:13:38,875 - INFO - Epoch 11/30 - Loss: 0.5807
2025-04-14 12:13:38,919 - INFO - Epoch 12/30 - Loss: 0.5373
2025-04-14 12:13:38,962 - INFO - Epoch 13/30 - Loss: 0.4918
2025-04-14 12:13:39,004 - INFO - Epoch 14/30 - Loss: 0.4404
2025-04-14 12:13:39,045 - INFO - Epoch 15/30 - Loss: 0.3981
2025-04-14 12:13:39,086 - INFO - Epoch 16/30 - Loss: 0.3622
2025-04-14 12:13:39,126 - INFO - Epoch 17/30 - Loss: 0.3457
2025-04-14 12:13:39,169 - INFO - Epoch 18/30 - Loss: 0.3128
2025-04-14 12:13:39,214 - INFO - Epoch 19/30 - Loss: 0.2897
2025-04-14 12:13:39,256 - INFO - Epoch 20/30 - Loss: 0.2371
2025-04-14 12:13:39,299 - INFO - Epoch 21/30 - Loss: 0.2077
2025-04-14 12:13:39,344 - INFO - Epoch 22/30 - Loss: 0.1562
2025-04-14 12:13:39,386 - INFO - Epoch 23/30 - Loss: 0.1172
2025-04-14 12:13:39,429 - INFO - Epoch 24/30 - Loss: 0.0815
2025-04-14 12:13:39,474 - INFO - Epoch 25/30 - Loss: 0.0394
2025-04-14 12:13:39,518 - INFO - Epoch 26/30 - Loss: -0.0042
2025-04-14 12:13:39,561 - INFO - Epoch 27/30 - Loss: -0.0582
2025-04-14 12:13:39,603 - INFO - Epoch 28/30 - Loss: -0.0822
2025-04-14 12:13:39,644 - INFO - Epoch 29/30 - Loss: -0.1171
2025-04-14 12:13:39,684 - INFO - Epoch 30/30 - Loss: -0.1444
2025-04-14 12:13:39,830 - INFO - Validation R² (Fold 2): 0.9140
2025-04-14 12:13:39,831 - INFO - 
Fold 3/4
2025-04-14 12:13:39,874 - INFO - Epoch 1/30 - Loss: 1.3199
2025-04-14 12:13:39,909 - INFO - Epoch 2/30 - Loss: 1.0793
2025-04-14 12:13:39,946 - INFO - Epoch 3/30 - Loss: 0.9725
2025-04-14 12:13:39,983 - INFO - Epoch 4/30 - Loss: 0.9341
2025-04-14 12:13:40,023 - INFO - Epoch 5/30 - Loss: 0.9020
2025-04-14 12:13:40,061 - INFO - Epoch 6/30 - Loss: 0.8710
2025-04-14 12:13:40,100 - INFO - Epoch 7/30 - Loss: 0.8390
2025-04-14 12:13:40,138 - INFO - Epoch 8/30 - Loss: 0.8077
2025-04-14 12:13:40,174 - INFO - Epoch 9/30 - Loss: 0.7741
2025-04-14 12:13:40,208 - INFO - Epoch 10/30 - Loss: 0.7420
2025-04-14 12:13:40,243 - INFO - Epoch 11/30 - Loss: 0.7074
2025-04-14 12:13:40,280 - INFO - Epoch 12/30 - Loss: 0.6729
2025-04-14 12:13:40,318 - INFO - Epoch 13/30 - Loss: 0.6394
2025-04-14 12:13:40,352 - INFO - Epoch 14/30 - Loss: 0.6023
2025-04-14 12:13:40,384 - INFO - Epoch 15/30 - Loss: 0.5625
2025-04-14 12:13:40,419 - INFO - Epoch 16/30 - Loss: 0.5192
2025-04-14 12:13:40,454 - INFO - Epoch 17/30 - Loss: 0.4744
2025-04-14 12:13:40,485 - INFO - Epoch 18/30 - Loss: 0.4274
2025-04-14 12:13:40,520 - INFO - Epoch 19/30 - Loss: 0.3936
2025-04-14 12:13:40,558 - INFO - Epoch 20/30 - Loss: 0.3424
2025-04-14 12:13:40,592 - INFO - Epoch 21/30 - Loss: 0.3108
2025-04-14 12:13:40,626 - INFO - Epoch 22/30 - Loss: 0.2760
2025-04-14 12:13:40,661 - INFO - Epoch 23/30 - Loss: 0.2704
2025-04-14 12:13:40,700 - INFO - Epoch 24/30 - Loss: 0.2682
2025-04-14 12:13:40,743 - INFO - Epoch 25/30 - Loss: 0.2610
2025-04-14 12:13:40,790 - INFO - Epoch 26/30 - Loss: 0.2674
2025-04-14 12:13:40,836 - INFO - Epoch 27/30 - Loss: 0.2672
2025-04-14 12:13:40,882 - INFO - Epoch 28/30 - Loss: 0.2578
2025-04-14 12:13:40,932 - INFO - Epoch 29/30 - Loss: 0.2642
2025-04-14 12:13:40,983 - INFO - Epoch 30/30 - Loss: 0.3028
2025-04-14 12:13:41,157 - INFO - Validation R² (Fold 3): 0.9359
2025-04-14 12:13:41,157 - INFO - 
Fold 4/4
2025-04-14 12:13:41,207 - INFO - Epoch 1/30 - Loss: 0.9512
2025-04-14 12:13:41,245 - INFO - Epoch 2/30 - Loss: 0.9133
2025-04-14 12:13:41,283 - INFO - Epoch 3/30 - Loss: 0.8783
2025-04-14 12:13:41,322 - INFO - Epoch 4/30 - Loss: 0.8446
2025-04-14 12:13:41,360 - INFO - Epoch 5/30 - Loss: 0.8081
2025-04-14 12:13:41,402 - INFO - Epoch 6/30 - Loss: 0.7713
2025-04-14 12:13:41,444 - INFO - Epoch 7/30 - Loss: 0.7371
2025-04-14 12:13:41,485 - INFO - Epoch 8/30 - Loss: 0.6991
2025-04-14 12:13:41,525 - INFO - Epoch 9/30 - Loss: 0.6604
2025-04-14 12:13:41,564 - INFO - Epoch 10/30 - Loss: 0.6194
2025-04-14 12:13:41,605 - INFO - Epoch 11/30 - Loss: 0.5775
2025-04-14 12:13:41,650 - INFO - Epoch 12/30 - Loss: 0.5334
2025-04-14 12:13:41,693 - INFO - Epoch 13/30 - Loss: 0.4876
2025-04-14 12:13:41,734 - INFO - Epoch 14/30 - Loss: 0.4410
2025-04-14 12:13:41,775 - INFO - Epoch 15/30 - Loss: 0.4062
2025-04-14 12:13:41,814 - INFO - Epoch 16/30 - Loss: 0.3765
2025-04-14 12:13:41,853 - INFO - Epoch 17/30 - Loss: 0.3447
2025-04-14 12:13:41,896 - INFO - Epoch 18/30 - Loss: 0.3123
2025-04-14 12:13:41,939 - INFO - Epoch 19/30 - Loss: 0.2818
2025-04-14 12:13:41,983 - INFO - Epoch 20/30 - Loss: 0.2489
2025-04-14 12:13:42,025 - INFO - Epoch 21/30 - Loss: 0.2108
2025-04-14 12:13:42,065 - INFO - Epoch 22/30 - Loss: 0.1717
2025-04-14 12:13:42,109 - INFO - Epoch 23/30 - Loss: 0.1143
2025-04-14 12:13:42,153 - INFO - Epoch 24/30 - Loss: 0.0709
2025-04-14 12:13:42,194 - INFO - Epoch 25/30 - Loss: 0.0236
2025-04-14 12:13:42,235 - INFO - Epoch 26/30 - Loss: -0.0106
2025-04-14 12:13:42,282 - INFO - Epoch 27/30 - Loss: -0.0519
2025-04-14 12:13:42,330 - INFO - Epoch 28/30 - Loss: -0.0717
2025-04-14 12:13:42,373 - INFO - Epoch 29/30 - Loss: -0.1054
2025-04-14 12:13:42,414 - INFO - Epoch 30/30 - Loss: -0.1296
2025-04-14 12:13:42,565 - INFO - Validation R² (Fold 4): 0.9195
2025-04-14 12:13:42,565 - INFO - 
Average R² across folds: 0.9219
2025-04-14 12:13:42,565 - INFO - Best R² across folds: 0.9359
2025-04-14 12:13:42,568 - INFO - Generated 440 points with 500m resolution
