2025-04-14 09:33:13,502 - INFO - Logging initialized for city: Chicago
2025-04-14 09:33:14,387 - INFO - Using device: cuda
2025-04-14 09:33:14,388 - INFO - 
Fold 1/4
2025-04-14 09:33:18,441 - INFO - Epoch 1/40 - Loss: 0.8983
2025-04-14 09:33:18,520 - INFO - Epoch 2/40 - Loss: 0.8687
2025-04-14 09:33:18,593 - INFO - Epoch 3/40 - Loss: 0.8382
2025-04-14 09:33:18,663 - INFO - Epoch 4/40 - Loss: 0.8071
2025-04-14 09:33:18,734 - INFO - Epoch 5/40 - Loss: 0.7747
2025-04-14 09:33:18,811 - INFO - Epoch 6/40 - Loss: 0.7416
2025-04-14 09:33:18,884 - INFO - Epoch 7/40 - Loss: 0.7080
2025-04-14 09:33:18,961 - INFO - Epoch 8/40 - Loss: 0.6742
2025-04-14 09:33:19,039 - INFO - Epoch 9/40 - Loss: 0.6414
2025-04-14 09:33:19,117 - INFO - Epoch 10/40 - Loss: 0.6086
2025-04-14 09:33:19,193 - INFO - Epoch 11/40 - Loss: 0.5759
2025-04-14 09:33:19,268 - INFO - Epoch 12/40 - Loss: 0.5439
2025-04-14 09:33:19,344 - INFO - Epoch 13/40 - Loss: 0.5130
2025-04-14 09:33:19,421 - INFO - Epoch 14/40 - Loss: 0.4821
2025-04-14 09:33:19,499 - INFO - Epoch 15/40 - Loss: 0.4524
2025-04-14 09:33:19,574 - INFO - Epoch 16/40 - Loss: 0.4228
2025-04-14 09:33:19,651 - INFO - Epoch 17/40 - Loss: 0.3878
2025-04-14 09:33:19,730 - INFO - Epoch 18/40 - Loss: 0.3504
2025-04-14 09:33:19,808 - INFO - Epoch 19/40 - Loss: 0.3075
2025-04-14 09:33:19,883 - INFO - Epoch 20/40 - Loss: 0.2528
2025-04-14 09:33:19,961 - INFO - Epoch 21/40 - Loss: 0.1954
2025-04-14 09:33:20,040 - INFO - Epoch 22/40 - Loss: 0.1324
2025-04-14 09:33:20,121 - INFO - Epoch 23/40 - Loss: 0.0821
2025-04-14 09:33:20,200 - INFO - Epoch 24/40 - Loss: 0.0344
2025-04-14 09:33:20,275 - INFO - Epoch 25/40 - Loss: -0.0082
2025-04-14 09:33:20,361 - INFO - Epoch 26/40 - Loss: -0.0177
2025-04-14 09:33:20,442 - INFO - Epoch 27/40 - Loss: -0.0540
2025-04-14 09:33:20,532 - INFO - Epoch 28/40 - Loss: -0.0681
2025-04-14 09:33:20,630 - INFO - Epoch 29/40 - Loss: -0.0688
2025-04-14 09:33:20,732 - INFO - Epoch 30/40 - Loss: -0.0907
2025-04-14 09:33:20,834 - INFO - Epoch 31/40 - Loss: -0.0912
2025-04-14 09:33:20,941 - INFO - Epoch 32/40 - Loss: -0.1049
2025-04-14 09:33:21,051 - INFO - Epoch 33/40 - Loss: -0.1103
2025-04-14 09:33:21,164 - INFO - Epoch 34/40 - Loss: -0.1015
2025-04-14 09:33:21,274 - INFO - Epoch 35/40 - Loss: -0.1228
2025-04-14 09:33:21,382 - INFO - Epoch 36/40 - Loss: -0.1397
2025-04-14 09:33:21,499 - INFO - Epoch 37/40 - Loss: -0.1352
2025-04-14 09:33:21,618 - INFO - Epoch 38/40 - Loss: -0.1427
2025-04-14 09:33:21,734 - INFO - Epoch 39/40 - Loss: -0.1507
2025-04-14 09:33:21,861 - INFO - Epoch 40/40 - Loss: -0.1503
2025-04-14 09:33:22,132 - INFO - Validation R² (Fold 1): 0.9858
2025-04-14 09:33:22,133 - INFO - 
Fold 2/4
2025-04-14 09:33:22,219 - INFO - Epoch 1/40 - Loss: 0.9022
2025-04-14 09:33:22,316 - INFO - Epoch 2/40 - Loss: 0.8727
2025-04-14 09:33:22,395 - INFO - Epoch 3/40 - Loss: 0.8424
2025-04-14 09:33:22,471 - INFO - Epoch 4/40 - Loss: 0.8114
2025-04-14 09:33:22,545 - INFO - Epoch 5/40 - Loss: 0.7793
2025-04-14 09:33:22,620 - INFO - Epoch 6/40 - Loss: 0.7467
2025-04-14 09:33:22,698 - INFO - Epoch 7/40 - Loss: 0.7141
2025-04-14 09:33:22,778 - INFO - Epoch 8/40 - Loss: 0.6809
2025-04-14 09:33:22,857 - INFO - Epoch 9/40 - Loss: 0.6478
2025-04-14 09:33:22,934 - INFO - Epoch 10/40 - Loss: 0.6156
2025-04-14 09:33:23,011 - INFO - Epoch 11/40 - Loss: 0.5842
2025-04-14 09:33:23,090 - INFO - Epoch 12/40 - Loss: 0.5530
2025-04-14 09:33:23,170 - INFO - Epoch 13/40 - Loss: 0.5222
2025-04-14 09:33:23,250 - INFO - Epoch 14/40 - Loss: 0.4913
2025-04-14 09:33:23,329 - INFO - Epoch 15/40 - Loss: 0.4603
2025-04-14 09:33:23,409 - INFO - Epoch 16/40 - Loss: 0.4299
2025-04-14 09:33:23,489 - INFO - Epoch 17/40 - Loss: 0.3975
2025-04-14 09:33:23,569 - INFO - Epoch 18/40 - Loss: 0.3547
2025-04-14 09:33:23,650 - INFO - Epoch 19/40 - Loss: 0.3131
2025-04-14 09:33:23,725 - INFO - Epoch 20/40 - Loss: 0.2595
2025-04-14 09:33:23,799 - INFO - Epoch 21/40 - Loss: 0.2078
2025-04-14 09:33:23,874 - INFO - Epoch 22/40 - Loss: 0.1383
2025-04-14 09:33:23,951 - INFO - Epoch 23/40 - Loss: 0.0823
2025-04-14 09:33:24,031 - INFO - Epoch 24/40 - Loss: 0.0331
2025-04-14 09:33:24,112 - INFO - Epoch 25/40 - Loss: 0.0136
2025-04-14 09:33:24,192 - INFO - Epoch 26/40 - Loss: -0.0327
2025-04-14 09:33:24,288 - INFO - Epoch 27/40 - Loss: -0.0192
2025-04-14 09:33:24,379 - INFO - Epoch 28/40 - Loss: -0.0701
2025-04-14 09:33:24,473 - INFO - Epoch 29/40 - Loss: -0.0700
2025-04-14 09:33:24,571 - INFO - Epoch 30/40 - Loss: -0.0830
2025-04-14 09:33:24,671 - INFO - Epoch 31/40 - Loss: -0.0928
2025-04-14 09:33:24,772 - INFO - Epoch 32/40 - Loss: -0.0923
2025-04-14 09:33:24,881 - INFO - Epoch 33/40 - Loss: -0.1028
2025-04-14 09:33:24,991 - INFO - Epoch 34/40 - Loss: -0.1271
2025-04-14 09:33:25,102 - INFO - Epoch 35/40 - Loss: -0.1285
2025-04-14 09:33:25,216 - INFO - Epoch 36/40 - Loss: -0.1248
2025-04-14 09:33:25,333 - INFO - Epoch 37/40 - Loss: -0.1368
2025-04-14 09:33:25,443 - INFO - Epoch 38/40 - Loss: -0.1451
2025-04-14 09:33:25,560 - INFO - Epoch 39/40 - Loss: -0.1647
2025-04-14 09:33:25,682 - INFO - Epoch 40/40 - Loss: -0.1590
2025-04-14 09:33:25,933 - INFO - Validation R² (Fold 2): 0.9851
2025-04-14 09:33:25,933 - INFO - 
Fold 3/4
2025-04-14 09:33:26,048 - INFO - Epoch 1/40 - Loss: 0.8979
2025-04-14 09:33:26,147 - INFO - Epoch 2/40 - Loss: 0.8683
2025-04-14 09:33:26,222 - INFO - Epoch 3/40 - Loss: 0.8381
2025-04-14 09:33:26,292 - INFO - Epoch 4/40 - Loss: 0.8066
2025-04-14 09:33:26,363 - INFO - Epoch 5/40 - Loss: 0.7745
2025-04-14 09:33:26,440 - INFO - Epoch 6/40 - Loss: 0.7417
2025-04-14 09:33:26,519 - INFO - Epoch 7/40 - Loss: 0.7085
2025-04-14 09:33:26,599 - INFO - Epoch 8/40 - Loss: 0.6750
2025-04-14 09:33:26,674 - INFO - Epoch 9/40 - Loss: 0.6418
2025-04-14 09:33:26,751 - INFO - Epoch 10/40 - Loss: 0.6094
2025-04-14 09:33:26,829 - INFO - Epoch 11/40 - Loss: 0.5767
2025-04-14 09:33:26,910 - INFO - Epoch 12/40 - Loss: 0.5450
2025-04-14 09:33:26,991 - INFO - Epoch 13/40 - Loss: 0.5131
2025-04-14 09:33:27,071 - INFO - Epoch 14/40 - Loss: 0.4829
2025-04-14 09:33:27,151 - INFO - Epoch 15/40 - Loss: 0.4527
2025-04-14 09:33:27,231 - INFO - Epoch 16/40 - Loss: 0.4218
2025-04-14 09:33:27,311 - INFO - Epoch 17/40 - Loss: 0.3876
2025-04-14 09:33:27,391 - INFO - Epoch 18/40 - Loss: 0.3455
2025-04-14 09:33:27,470 - INFO - Epoch 19/40 - Loss: 0.3052
2025-04-14 09:33:27,550 - INFO - Epoch 20/40 - Loss: 0.2555
2025-04-14 09:33:27,630 - INFO - Epoch 21/40 - Loss: 0.1993
2025-04-14 09:33:27,710 - INFO - Epoch 22/40 - Loss: 0.1333
2025-04-14 09:33:27,790 - INFO - Epoch 23/40 - Loss: 0.0801
2025-04-14 09:33:27,871 - INFO - Epoch 24/40 - Loss: 0.0261
2025-04-14 09:33:27,950 - INFO - Epoch 25/40 - Loss: -0.0073
2025-04-14 09:33:28,041 - INFO - Epoch 26/40 - Loss: -0.0070
2025-04-14 09:33:28,131 - INFO - Epoch 27/40 - Loss: -0.0396
2025-04-14 09:33:28,224 - INFO - Epoch 28/40 - Loss: -0.0576
2025-04-14 09:33:28,313 - INFO - Epoch 29/40 - Loss: -0.0854
2025-04-14 09:33:28,420 - INFO - Epoch 30/40 - Loss: -0.0624
2025-04-14 09:33:28,523 - INFO - Epoch 31/40 - Loss: -0.0813
2025-04-14 09:33:28,631 - INFO - Epoch 32/40 - Loss: -0.1018
2025-04-14 09:33:28,739 - INFO - Epoch 33/40 - Loss: -0.1091
2025-04-14 09:33:28,852 - INFO - Epoch 34/40 - Loss: -0.1161
2025-04-14 09:33:28,964 - INFO - Epoch 35/40 - Loss: -0.1176
2025-04-14 09:33:29,072 - INFO - Epoch 36/40 - Loss: -0.1287
2025-04-14 09:33:29,182 - INFO - Epoch 37/40 - Loss: -0.1429
2025-04-14 09:33:29,294 - INFO - Epoch 38/40 - Loss: -0.1557
2025-04-14 09:33:29,408 - INFO - Epoch 39/40 - Loss: -0.1753
2025-04-14 09:33:29,523 - INFO - Epoch 40/40 - Loss: -0.1836
2025-04-14 09:33:29,777 - INFO - Validation R² (Fold 3): 0.9830
2025-04-14 09:33:29,777 - INFO - 
Fold 4/4
2025-04-14 09:33:29,859 - INFO - Epoch 1/40 - Loss: 0.8964
2025-04-14 09:33:29,933 - INFO - Epoch 2/40 - Loss: 0.8665
2025-04-14 09:33:30,010 - INFO - Epoch 3/40 - Loss: 0.8361
2025-04-14 09:33:30,082 - INFO - Epoch 4/40 - Loss: 0.8047
2025-04-14 09:33:30,159 - INFO - Epoch 5/40 - Loss: 0.7726
2025-04-14 09:33:30,233 - INFO - Epoch 6/40 - Loss: 0.7401
2025-04-14 09:33:30,310 - INFO - Epoch 7/40 - Loss: 0.7069
2025-04-14 09:33:30,390 - INFO - Epoch 8/40 - Loss: 0.6735
2025-04-14 09:33:30,470 - INFO - Epoch 9/40 - Loss: 0.6405
2025-04-14 09:33:30,548 - INFO - Epoch 10/40 - Loss: 0.6082
2025-04-14 09:33:30,624 - INFO - Epoch 11/40 - Loss: 0.5757
2025-04-14 09:33:30,701 - INFO - Epoch 12/40 - Loss: 0.5459
2025-04-14 09:33:30,780 - INFO - Epoch 13/40 - Loss: 0.5143
2025-04-14 09:33:30,854 - INFO - Epoch 14/40 - Loss: 0.4819
2025-04-14 09:33:30,931 - INFO - Epoch 15/40 - Loss: 0.4525
2025-04-14 09:33:31,009 - INFO - Epoch 16/40 - Loss: 0.4198
2025-04-14 09:33:31,089 - INFO - Epoch 17/40 - Loss: 0.3853
2025-04-14 09:33:31,164 - INFO - Epoch 18/40 - Loss: 0.3480
2025-04-14 09:33:31,242 - INFO - Epoch 19/40 - Loss: 0.2986
2025-04-14 09:33:31,319 - INFO - Epoch 20/40 - Loss: 0.2532
2025-04-14 09:33:31,398 - INFO - Epoch 21/40 - Loss: 0.2030
2025-04-14 09:33:31,474 - INFO - Epoch 22/40 - Loss: 0.1299
2025-04-14 09:33:31,550 - INFO - Epoch 23/40 - Loss: 0.0839
2025-04-14 09:33:31,632 - INFO - Epoch 24/40 - Loss: 0.0493
2025-04-14 09:33:31,712 - INFO - Epoch 25/40 - Loss: -0.0032
2025-04-14 09:33:31,793 - INFO - Epoch 26/40 - Loss: -0.0389
2025-04-14 09:33:31,882 - INFO - Epoch 27/40 - Loss: -0.0356
2025-04-14 09:33:31,979 - INFO - Epoch 28/40 - Loss: -0.0404
2025-04-14 09:33:32,082 - INFO - Epoch 29/40 - Loss: -0.0592
2025-04-14 09:33:32,181 - INFO - Epoch 30/40 - Loss: -0.0950
2025-04-14 09:33:32,291 - INFO - Epoch 31/40 - Loss: -0.0841
2025-04-14 09:33:32,394 - INFO - Epoch 32/40 - Loss: -0.0919
2025-04-14 09:33:32,501 - INFO - Epoch 33/40 - Loss: -0.1025
2025-04-14 09:33:32,621 - INFO - Epoch 34/40 - Loss: -0.0929
2025-04-14 09:33:32,731 - INFO - Epoch 35/40 - Loss: -0.1153
2025-04-14 09:33:32,841 - INFO - Epoch 36/40 - Loss: -0.1355
2025-04-14 09:33:32,952 - INFO - Epoch 37/40 - Loss: -0.1413
2025-04-14 09:33:33,073 - INFO - Epoch 38/40 - Loss: -0.1365
2025-04-14 09:33:33,194 - INFO - Epoch 39/40 - Loss: -0.1345
2025-04-14 09:33:33,314 - INFO - Epoch 40/40 - Loss: -0.1597
2025-04-14 09:33:33,565 - INFO - Validation R² (Fold 4): 0.9850
2025-04-14 09:33:33,565 - INFO - 
Average R² across folds: 0.9847
2025-04-14 09:33:33,565 - INFO - Best R² across folds: 0.9858
2025-04-14 09:33:33,567 - INFO - 

2025-04-14 09:33:33,568 - INFO - 
Fold 1/4
2025-04-14 09:33:33,662 - INFO - Epoch 1/30 - Loss: 0.8567
2025-04-14 09:33:33,750 - INFO - Epoch 2/30 - Loss: 0.8214
2025-04-14 09:33:33,832 - INFO - Epoch 3/30 - Loss: 0.7869
2025-04-14 09:33:33,911 - INFO - Epoch 4/30 - Loss: 0.7535
2025-04-14 09:33:33,986 - INFO - Epoch 5/30 - Loss: 0.7196
2025-04-14 09:33:34,064 - INFO - Epoch 6/30 - Loss: 0.6856
2025-04-14 09:33:34,143 - INFO - Epoch 7/30 - Loss: 0.6530
2025-04-14 09:33:34,222 - INFO - Epoch 8/30 - Loss: 0.6164
2025-04-14 09:33:34,302 - INFO - Epoch 9/30 - Loss: 0.5792
2025-04-14 09:33:34,381 - INFO - Epoch 10/30 - Loss: 0.5416
2025-04-14 09:33:34,456 - INFO - Epoch 11/30 - Loss: 0.4998
2025-04-14 09:33:34,529 - INFO - Epoch 12/30 - Loss: 0.4570
2025-04-14 09:33:34,604 - INFO - Epoch 13/30 - Loss: 0.4141
2025-04-14 09:33:34,683 - INFO - Epoch 14/30 - Loss: 0.3850
2025-04-14 09:33:34,762 - INFO - Epoch 15/30 - Loss: 0.3464
2025-04-14 09:33:34,843 - INFO - Epoch 16/30 - Loss: 0.3117
2025-04-14 09:33:34,923 - INFO - Epoch 17/30 - Loss: 0.2736
2025-04-14 09:33:35,002 - INFO - Epoch 18/30 - Loss: 0.2282
2025-04-14 09:33:35,075 - INFO - Epoch 19/30 - Loss: 0.1873
2025-04-14 09:33:35,153 - INFO - Epoch 20/30 - Loss: 0.1439
2025-04-14 09:33:35,232 - INFO - Epoch 21/30 - Loss: 0.1082
2025-04-14 09:33:35,305 - INFO - Epoch 22/30 - Loss: 0.0748
2025-04-14 09:33:35,383 - INFO - Epoch 23/30 - Loss: 0.0342
2025-04-14 09:33:35,462 - INFO - Epoch 24/30 - Loss: -0.0030
2025-04-14 09:33:35,542 - INFO - Epoch 25/30 - Loss: -0.0460
2025-04-14 09:33:35,623 - INFO - Epoch 26/30 - Loss: -0.0830
2025-04-14 09:33:35,702 - INFO - Epoch 27/30 - Loss: -0.1150
2025-04-14 09:33:35,784 - INFO - Epoch 28/30 - Loss: -0.1464
2025-04-14 09:33:35,863 - INFO - Epoch 29/30 - Loss: -0.1874
2025-04-14 09:33:35,943 - INFO - Epoch 30/30 - Loss: -0.2309
2025-04-14 09:33:36,174 - INFO - Validation R² (Fold 1): 0.9628
2025-04-14 09:33:36,175 - INFO - 
Fold 2/4
2025-04-14 09:33:36,298 - INFO - Epoch 1/30 - Loss: 0.8475
2025-04-14 09:33:36,416 - INFO - Epoch 2/30 - Loss: 0.8156
2025-04-14 09:33:36,489 - INFO - Epoch 3/30 - Loss: 0.7832
2025-04-14 09:33:36,565 - INFO - Epoch 4/30 - Loss: 0.7515
2025-04-14 09:33:36,643 - INFO - Epoch 5/30 - Loss: 0.7174
2025-04-14 09:33:36,722 - INFO - Epoch 6/30 - Loss: 0.6821
2025-04-14 09:33:36,802 - INFO - Epoch 7/30 - Loss: 0.6452
2025-04-14 09:33:36,881 - INFO - Epoch 8/30 - Loss: 0.6093
2025-04-14 09:33:36,963 - INFO - Epoch 9/30 - Loss: 0.5698
2025-04-14 09:33:37,043 - INFO - Epoch 10/30 - Loss: 0.5322
2025-04-14 09:33:37,121 - INFO - Epoch 11/30 - Loss: 0.4965
2025-04-14 09:33:37,201 - INFO - Epoch 12/30 - Loss: 0.4634
2025-04-14 09:33:37,281 - INFO - Epoch 13/30 - Loss: 0.4275
2025-04-14 09:33:37,362 - INFO - Epoch 14/30 - Loss: 0.3865
2025-04-14 09:33:37,442 - INFO - Epoch 15/30 - Loss: 0.3417
2025-04-14 09:33:37,523 - INFO - Epoch 16/30 - Loss: 0.3079
2025-04-14 09:33:37,603 - INFO - Epoch 17/30 - Loss: 0.2684
2025-04-14 09:33:37,682 - INFO - Epoch 18/30 - Loss: 0.2267
2025-04-14 09:33:37,762 - INFO - Epoch 19/30 - Loss: 0.1902
2025-04-14 09:33:37,842 - INFO - Epoch 20/30 - Loss: 0.1539
2025-04-14 09:33:37,922 - INFO - Epoch 21/30 - Loss: 0.1119
2025-04-14 09:33:38,003 - INFO - Epoch 22/30 - Loss: 0.0740
2025-04-14 09:33:38,082 - INFO - Epoch 23/30 - Loss: 0.0415
2025-04-14 09:33:38,162 - INFO - Epoch 24/30 - Loss: 0.0074
2025-04-14 09:33:38,243 - INFO - Epoch 25/30 - Loss: -0.0274
2025-04-14 09:33:38,323 - INFO - Epoch 26/30 - Loss: -0.0703
2025-04-14 09:33:38,404 - INFO - Epoch 27/30 - Loss: -0.1118
2025-04-14 09:33:38,482 - INFO - Epoch 28/30 - Loss: -0.1488
2025-04-14 09:33:38,563 - INFO - Epoch 29/30 - Loss: -0.1828
2025-04-14 09:33:38,642 - INFO - Epoch 30/30 - Loss: -0.2115
2025-04-14 09:33:38,911 - INFO - Validation R² (Fold 2): 0.9634
2025-04-14 09:33:38,912 - INFO - 
Fold 3/4
2025-04-14 09:33:39,027 - INFO - Epoch 1/30 - Loss: 0.8621
2025-04-14 09:33:39,128 - INFO - Epoch 2/30 - Loss: 0.8248
2025-04-14 09:33:39,201 - INFO - Epoch 3/30 - Loss: 0.7905
2025-04-14 09:33:39,282 - INFO - Epoch 4/30 - Loss: 0.7562
2025-04-14 09:33:39,363 - INFO - Epoch 5/30 - Loss: 0.7210
2025-04-14 09:33:39,443 - INFO - Epoch 6/30 - Loss: 0.6878
2025-04-14 09:33:39,524 - INFO - Epoch 7/30 - Loss: 0.6539
2025-04-14 09:33:39,602 - INFO - Epoch 8/30 - Loss: 0.6184
2025-04-14 09:33:39,680 - INFO - Epoch 9/30 - Loss: 0.5813
2025-04-14 09:33:39,762 - INFO - Epoch 10/30 - Loss: 0.5391
2025-04-14 09:33:39,843 - INFO - Epoch 11/30 - Loss: 0.5010
2025-04-14 09:33:39,923 - INFO - Epoch 12/30 - Loss: 0.4569
2025-04-14 09:33:40,003 - INFO - Epoch 13/30 - Loss: 0.4197
2025-04-14 09:33:40,084 - INFO - Epoch 14/30 - Loss: 0.3816
2025-04-14 09:33:40,163 - INFO - Epoch 15/30 - Loss: 0.3444
2025-04-14 09:33:40,242 - INFO - Epoch 16/30 - Loss: 0.3155
2025-04-14 09:33:40,322 - INFO - Epoch 17/30 - Loss: 0.2794
2025-04-14 09:33:40,402 - INFO - Epoch 18/30 - Loss: 0.2345
2025-04-14 09:33:40,475 - INFO - Epoch 19/30 - Loss: 0.1896
2025-04-14 09:33:40,553 - INFO - Epoch 20/30 - Loss: 0.1463
2025-04-14 09:33:40,633 - INFO - Epoch 21/30 - Loss: 0.1113
2025-04-14 09:33:40,713 - INFO - Epoch 22/30 - Loss: 0.0695
2025-04-14 09:33:40,793 - INFO - Epoch 23/30 - Loss: 0.0409
2025-04-14 09:33:40,873 - INFO - Epoch 24/30 - Loss: -0.0013
2025-04-14 09:33:40,953 - INFO - Epoch 25/30 - Loss: -0.0318
2025-04-14 09:33:41,032 - INFO - Epoch 26/30 - Loss: -0.0897
2025-04-14 09:33:41,112 - INFO - Epoch 27/30 - Loss: -0.1194
2025-04-14 09:33:41,191 - INFO - Epoch 28/30 - Loss: -0.1457
2025-04-14 09:33:41,266 - INFO - Epoch 29/30 - Loss: -0.1904
2025-04-14 09:33:41,343 - INFO - Epoch 30/30 - Loss: -0.2243
2025-04-14 09:33:41,621 - INFO - Validation R² (Fold 3): 0.9642
2025-04-14 09:33:41,621 - INFO - 
Fold 4/4
2025-04-14 09:33:41,756 - INFO - Epoch 1/30 - Loss: 0.8911
2025-04-14 09:33:41,859 - INFO - Epoch 2/30 - Loss: 0.8381
2025-04-14 09:33:41,934 - INFO - Epoch 3/30 - Loss: 0.7991
2025-04-14 09:33:42,013 - INFO - Epoch 4/30 - Loss: 0.7629
2025-04-14 09:33:42,093 - INFO - Epoch 5/30 - Loss: 0.7287
2025-04-14 09:33:42,173 - INFO - Epoch 6/30 - Loss: 0.6945
2025-04-14 09:33:42,253 - INFO - Epoch 7/30 - Loss: 0.6596
2025-04-14 09:33:42,333 - INFO - Epoch 8/30 - Loss: 0.6270
2025-04-14 09:33:42,411 - INFO - Epoch 9/30 - Loss: 0.5929
2025-04-14 09:33:42,491 - INFO - Epoch 10/30 - Loss: 0.5567
2025-04-14 09:33:42,571 - INFO - Epoch 11/30 - Loss: 0.5191
2025-04-14 09:33:42,651 - INFO - Epoch 12/30 - Loss: 0.4790
2025-04-14 09:33:42,725 - INFO - Epoch 13/30 - Loss: 0.4350
2025-04-14 09:33:42,802 - INFO - Epoch 14/30 - Loss: 0.3942
2025-04-14 09:33:42,881 - INFO - Epoch 15/30 - Loss: 0.3473
2025-04-14 09:33:42,956 - INFO - Epoch 16/30 - Loss: 0.3028
2025-04-14 09:33:43,034 - INFO - Epoch 17/30 - Loss: 0.2642
2025-04-14 09:33:43,113 - INFO - Epoch 18/30 - Loss: 0.2361
2025-04-14 09:33:43,193 - INFO - Epoch 19/30 - Loss: 0.2031
2025-04-14 09:33:43,273 - INFO - Epoch 20/30 - Loss: 0.1693
2025-04-14 09:33:43,352 - INFO - Epoch 21/30 - Loss: 0.1299
2025-04-14 09:33:43,433 - INFO - Epoch 22/30 - Loss: 0.0813
2025-04-14 09:33:43,513 - INFO - Epoch 23/30 - Loss: 0.0403
2025-04-14 09:33:43,593 - INFO - Epoch 24/30 - Loss: -0.0064
2025-04-14 09:33:43,673 - INFO - Epoch 25/30 - Loss: -0.0425
2025-04-14 09:33:43,751 - INFO - Epoch 26/30 - Loss: -0.0727
2025-04-14 09:33:43,832 - INFO - Epoch 27/30 - Loss: -0.1126
2025-04-14 09:33:43,911 - INFO - Epoch 28/30 - Loss: -0.1452
2025-04-14 09:33:43,987 - INFO - Epoch 29/30 - Loss: -0.1898
2025-04-14 09:33:44,065 - INFO - Epoch 30/30 - Loss: -0.2216
2025-04-14 09:33:44,290 - INFO - Validation R² (Fold 4): 0.9607
2025-04-14 09:33:44,290 - INFO - 
Average R² across folds: 0.9628
2025-04-14 09:33:44,290 - INFO - Best R² across folds: 0.9642
2025-04-14 09:33:44,292 - INFO - Generated 8625 points with 500m resolution
