2025-04-14 01:15:13,184 - INFO - Logging initialized for city: Detroit
2025-04-14 01:15:13,468 - INFO - Using device: cuda
2025-04-14 01:15:13,469 - INFO - 
Fold 1/4
2025-04-14 01:15:20,258 - INFO - Epoch 1/40 - Loss: 1.2352
2025-04-14 01:15:20,316 - INFO - Epoch 2/40 - Loss: 1.2243
2025-04-14 01:15:20,371 - INFO - Epoch 3/40 - Loss: 1.2118
2025-04-14 01:15:20,426 - INFO - Epoch 4/40 - Loss: 1.1965
2025-04-14 01:15:20,482 - INFO - Epoch 5/40 - Loss: 1.1784
2025-04-14 01:15:20,536 - INFO - Epoch 6/40 - Loss: 1.1571
2025-04-14 01:15:20,590 - INFO - Epoch 7/40 - Loss: 1.1338
2025-04-14 01:15:20,645 - INFO - Epoch 8/40 - Loss: 1.1079
2025-04-14 01:15:20,701 - INFO - Epoch 9/40 - Loss: 1.0815
2025-04-14 01:15:20,758 - INFO - Epoch 10/40 - Loss: 1.0540
2025-04-14 01:15:20,814 - INFO - Epoch 11/40 - Loss: 1.0272
2025-04-14 01:15:20,870 - INFO - Epoch 12/40 - Loss: 1.0005
2025-04-14 01:15:20,926 - INFO - Epoch 13/40 - Loss: 0.9747
2025-04-14 01:15:20,981 - INFO - Epoch 14/40 - Loss: 0.9491
2025-04-14 01:15:21,037 - INFO - Epoch 15/40 - Loss: 0.9215
2025-04-14 01:15:21,092 - INFO - Epoch 16/40 - Loss: 0.8907
2025-04-14 01:15:21,146 - INFO - Epoch 17/40 - Loss: 0.8620
2025-04-14 01:15:21,201 - INFO - Epoch 18/40 - Loss: 0.8264
2025-04-14 01:15:21,256 - INFO - Epoch 19/40 - Loss: 0.7778
2025-04-14 01:15:21,311 - INFO - Epoch 20/40 - Loss: 0.7254
2025-04-14 01:15:21,366 - INFO - Epoch 21/40 - Loss: 0.6638
2025-04-14 01:15:21,421 - INFO - Epoch 22/40 - Loss: 0.5995
2025-04-14 01:15:21,477 - INFO - Epoch 23/40 - Loss: 0.5272
2025-04-14 01:15:21,531 - INFO - Epoch 24/40 - Loss: 0.4461
2025-04-14 01:15:21,586 - INFO - Epoch 25/40 - Loss: 0.3793
2025-04-14 01:15:21,641 - INFO - Epoch 26/40 - Loss: 0.3385
2025-04-14 01:15:21,699 - INFO - Epoch 27/40 - Loss: 0.3244
2025-04-14 01:15:21,760 - INFO - Epoch 28/40 - Loss: 0.2796
2025-04-14 01:15:21,823 - INFO - Epoch 29/40 - Loss: 0.2469
2025-04-14 01:15:21,886 - INFO - Epoch 30/40 - Loss: 0.2142
2025-04-14 01:15:21,948 - INFO - Epoch 31/40 - Loss: 0.1687
2025-04-14 01:15:22,010 - INFO - Epoch 32/40 - Loss: 0.1445
2025-04-14 01:15:22,075 - INFO - Epoch 33/40 - Loss: 0.1348
2025-04-14 01:15:22,140 - INFO - Epoch 34/40 - Loss: 0.1175
2025-04-14 01:15:22,207 - INFO - Epoch 35/40 - Loss: 0.1149
2025-04-14 01:15:22,276 - INFO - Epoch 36/40 - Loss: 0.1152
2025-04-14 01:15:22,343 - INFO - Epoch 37/40 - Loss: 0.0845
2025-04-14 01:15:22,414 - INFO - Epoch 38/40 - Loss: 0.1076
2025-04-14 01:15:22,484 - INFO - Epoch 39/40 - Loss: 0.1033
2025-04-14 01:15:22,554 - INFO - Epoch 40/40 - Loss: 0.1200
2025-04-14 01:15:22,801 - INFO - Validation R² (Fold 1): 0.9712
2025-04-14 01:15:22,801 - INFO - 
Fold 2/4
2025-04-14 01:15:22,860 - INFO - Epoch 1/40 - Loss: 1.2370
2025-04-14 01:15:22,915 - INFO - Epoch 2/40 - Loss: 1.2265
2025-04-14 01:15:22,970 - INFO - Epoch 3/40 - Loss: 1.2147
2025-04-14 01:15:23,025 - INFO - Epoch 4/40 - Loss: 1.1999
2025-04-14 01:15:23,081 - INFO - Epoch 5/40 - Loss: 1.1826
2025-04-14 01:15:23,136 - INFO - Epoch 6/40 - Loss: 1.1624
2025-04-14 01:15:23,190 - INFO - Epoch 7/40 - Loss: 1.1392
2025-04-14 01:15:23,244 - INFO - Epoch 8/40 - Loss: 1.1148
2025-04-14 01:15:23,299 - INFO - Epoch 9/40 - Loss: 1.0882
2025-04-14 01:15:23,355 - INFO - Epoch 10/40 - Loss: 1.0616
2025-04-14 01:15:23,409 - INFO - Epoch 11/40 - Loss: 1.0348
2025-04-14 01:15:23,465 - INFO - Epoch 12/40 - Loss: 1.0089
2025-04-14 01:15:23,519 - INFO - Epoch 13/40 - Loss: 0.9822
2025-04-14 01:15:23,574 - INFO - Epoch 14/40 - Loss: 0.9563
2025-04-14 01:15:23,629 - INFO - Epoch 15/40 - Loss: 0.9278
2025-04-14 01:15:23,687 - INFO - Epoch 16/40 - Loss: 0.9016
2025-04-14 01:15:23,743 - INFO - Epoch 17/40 - Loss: 0.8679
2025-04-14 01:15:23,799 - INFO - Epoch 18/40 - Loss: 0.8319
2025-04-14 01:15:23,854 - INFO - Epoch 19/40 - Loss: 0.7911
2025-04-14 01:15:23,910 - INFO - Epoch 20/40 - Loss: 0.7383
2025-04-14 01:15:23,965 - INFO - Epoch 21/40 - Loss: 0.6714
2025-04-14 01:15:24,021 - INFO - Epoch 22/40 - Loss: 0.6083
2025-04-14 01:15:24,078 - INFO - Epoch 23/40 - Loss: 0.5299
2025-04-14 01:15:24,133 - INFO - Epoch 24/40 - Loss: 0.4541
2025-04-14 01:15:24,187 - INFO - Epoch 25/40 - Loss: 0.3831
2025-04-14 01:15:24,243 - INFO - Epoch 26/40 - Loss: 0.3543
2025-04-14 01:15:24,302 - INFO - Epoch 27/40 - Loss: 0.3352
2025-04-14 01:15:24,363 - INFO - Epoch 28/40 - Loss: 0.3029
2025-04-14 01:15:24,424 - INFO - Epoch 29/40 - Loss: 0.2458
2025-04-14 01:15:24,488 - INFO - Epoch 30/40 - Loss: 0.2101
2025-04-14 01:15:24,554 - INFO - Epoch 31/40 - Loss: 0.2025
2025-04-14 01:15:24,618 - INFO - Epoch 32/40 - Loss: 0.1635
2025-04-14 01:15:24,683 - INFO - Epoch 33/40 - Loss: 0.1326
2025-04-14 01:15:24,749 - INFO - Epoch 34/40 - Loss: 0.1224
2025-04-14 01:15:24,815 - INFO - Epoch 35/40 - Loss: 0.1027
2025-04-14 01:15:24,884 - INFO - Epoch 36/40 - Loss: 0.1050
2025-04-14 01:15:24,950 - INFO - Epoch 37/40 - Loss: 0.1000
2025-04-14 01:15:25,020 - INFO - Epoch 38/40 - Loss: 0.1216
2025-04-14 01:15:25,091 - INFO - Epoch 39/40 - Loss: 0.1241
2025-04-14 01:15:25,161 - INFO - Epoch 40/40 - Loss: 0.1229
2025-04-14 01:15:25,365 - INFO - Validation R² (Fold 2): 0.9696
2025-04-14 01:15:25,365 - INFO - 
Fold 3/4
2025-04-14 01:15:25,421 - INFO - Epoch 1/40 - Loss: 1.2378
2025-04-14 01:15:25,476 - INFO - Epoch 2/40 - Loss: 1.2278
2025-04-14 01:15:25,530 - INFO - Epoch 3/40 - Loss: 1.2160
2025-04-14 01:15:25,584 - INFO - Epoch 4/40 - Loss: 1.2015
2025-04-14 01:15:25,638 - INFO - Epoch 5/40 - Loss: 1.1840
2025-04-14 01:15:25,693 - INFO - Epoch 6/40 - Loss: 1.1638
2025-04-14 01:15:25,748 - INFO - Epoch 7/40 - Loss: 1.1405
2025-04-14 01:15:25,804 - INFO - Epoch 8/40 - Loss: 1.1149
2025-04-14 01:15:25,861 - INFO - Epoch 9/40 - Loss: 1.0884
2025-04-14 01:15:25,916 - INFO - Epoch 10/40 - Loss: 1.0611
2025-04-14 01:15:25,970 - INFO - Epoch 11/40 - Loss: 1.0338
2025-04-14 01:15:26,025 - INFO - Epoch 12/40 - Loss: 1.0074
2025-04-14 01:15:26,082 - INFO - Epoch 13/40 - Loss: 0.9811
2025-04-14 01:15:26,138 - INFO - Epoch 14/40 - Loss: 0.9533
2025-04-14 01:15:26,192 - INFO - Epoch 15/40 - Loss: 0.9250
2025-04-14 01:15:26,246 - INFO - Epoch 16/40 - Loss: 0.8960
2025-04-14 01:15:26,301 - INFO - Epoch 17/40 - Loss: 0.8629
2025-04-14 01:15:26,357 - INFO - Epoch 18/40 - Loss: 0.8282
2025-04-14 01:15:26,411 - INFO - Epoch 19/40 - Loss: 0.7803
2025-04-14 01:15:26,467 - INFO - Epoch 20/40 - Loss: 0.7302
2025-04-14 01:15:26,522 - INFO - Epoch 21/40 - Loss: 0.6676
2025-04-14 01:15:26,576 - INFO - Epoch 22/40 - Loss: 0.5985
2025-04-14 01:15:26,631 - INFO - Epoch 23/40 - Loss: 0.5138
2025-04-14 01:15:26,687 - INFO - Epoch 24/40 - Loss: 0.4442
2025-04-14 01:15:26,743 - INFO - Epoch 25/40 - Loss: 0.3833
2025-04-14 01:15:26,799 - INFO - Epoch 26/40 - Loss: 0.3363
2025-04-14 01:15:26,858 - INFO - Epoch 27/40 - Loss: 0.3288
2025-04-14 01:15:26,918 - INFO - Epoch 28/40 - Loss: 0.2839
2025-04-14 01:15:26,982 - INFO - Epoch 29/40 - Loss: 0.2533
2025-04-14 01:15:27,045 - INFO - Epoch 30/40 - Loss: 0.2214
2025-04-14 01:15:27,108 - INFO - Epoch 31/40 - Loss: 0.1787
2025-04-14 01:15:27,174 - INFO - Epoch 32/40 - Loss: 0.1733
2025-04-14 01:15:27,237 - INFO - Epoch 33/40 - Loss: 0.1325
2025-04-14 01:15:27,301 - INFO - Epoch 34/40 - Loss: 0.1218
2025-04-14 01:15:27,368 - INFO - Epoch 35/40 - Loss: 0.1224
2025-04-14 01:15:27,435 - INFO - Epoch 36/40 - Loss: 0.1174
2025-04-14 01:15:27,502 - INFO - Epoch 37/40 - Loss: 0.1105
2025-04-14 01:15:27,568 - INFO - Epoch 38/40 - Loss: 0.1017
2025-04-14 01:15:27,639 - INFO - Epoch 39/40 - Loss: 0.1381
2025-04-14 01:15:27,711 - INFO - Epoch 40/40 - Loss: 0.1497
2025-04-14 01:15:27,919 - INFO - Validation R² (Fold 3): 0.9692
2025-04-14 01:15:27,919 - INFO - 
Fold 4/4
2025-04-14 01:15:27,976 - INFO - Epoch 1/40 - Loss: 1.2305
2025-04-14 01:15:28,030 - INFO - Epoch 2/40 - Loss: 1.2200
2025-04-14 01:15:28,085 - INFO - Epoch 3/40 - Loss: 1.2077
2025-04-14 01:15:28,138 - INFO - Epoch 4/40 - Loss: 1.1930
2025-04-14 01:15:28,192 - INFO - Epoch 5/40 - Loss: 1.1750
2025-04-14 01:15:28,245 - INFO - Epoch 6/40 - Loss: 1.1544
2025-04-14 01:15:28,300 - INFO - Epoch 7/40 - Loss: 1.1309
2025-04-14 01:15:28,354 - INFO - Epoch 8/40 - Loss: 1.1057
2025-04-14 01:15:28,409 - INFO - Epoch 9/40 - Loss: 1.0783
2025-04-14 01:15:28,465 - INFO - Epoch 10/40 - Loss: 1.0512
2025-04-14 01:15:28,520 - INFO - Epoch 11/40 - Loss: 1.0248
2025-04-14 01:15:28,575 - INFO - Epoch 12/40 - Loss: 0.9994
2025-04-14 01:15:28,630 - INFO - Epoch 13/40 - Loss: 0.9724
2025-04-14 01:15:28,686 - INFO - Epoch 14/40 - Loss: 0.9483
2025-04-14 01:15:28,741 - INFO - Epoch 15/40 - Loss: 0.9204
2025-04-14 01:15:28,796 - INFO - Epoch 16/40 - Loss: 0.8914
2025-04-14 01:15:28,850 - INFO - Epoch 17/40 - Loss: 0.8599
2025-04-14 01:15:28,906 - INFO - Epoch 18/40 - Loss: 0.8252
2025-04-14 01:15:28,961 - INFO - Epoch 19/40 - Loss: 0.7860
2025-04-14 01:15:29,016 - INFO - Epoch 20/40 - Loss: 0.7295
2025-04-14 01:15:29,071 - INFO - Epoch 21/40 - Loss: 0.6702
2025-04-14 01:15:29,126 - INFO - Epoch 22/40 - Loss: 0.5994
2025-04-14 01:15:29,181 - INFO - Epoch 23/40 - Loss: 0.5208
2025-04-14 01:15:29,235 - INFO - Epoch 24/40 - Loss: 0.4403
2025-04-14 01:15:29,290 - INFO - Epoch 25/40 - Loss: 0.3808
2025-04-14 01:15:29,346 - INFO - Epoch 26/40 - Loss: 0.3434
2025-04-14 01:15:29,404 - INFO - Epoch 27/40 - Loss: 0.3253
2025-04-14 01:15:29,466 - INFO - Epoch 28/40 - Loss: 0.2884
2025-04-14 01:15:29,528 - INFO - Epoch 29/40 - Loss: 0.2643
2025-04-14 01:15:29,593 - INFO - Epoch 30/40 - Loss: 0.2409
2025-04-14 01:15:29,657 - INFO - Epoch 31/40 - Loss: 0.1895
2025-04-14 01:15:29,724 - INFO - Epoch 32/40 - Loss: 0.1729
2025-04-14 01:15:29,789 - INFO - Epoch 33/40 - Loss: 0.1404
2025-04-14 01:15:29,855 - INFO - Epoch 34/40 - Loss: 0.1231
2025-04-14 01:15:29,921 - INFO - Epoch 35/40 - Loss: 0.1067
2025-04-14 01:15:29,986 - INFO - Epoch 36/40 - Loss: 0.0954
2025-04-14 01:15:30,056 - INFO - Epoch 37/40 - Loss: 0.1139
2025-04-14 01:15:30,124 - INFO - Epoch 38/40 - Loss: 0.1080
2025-04-14 01:15:30,191 - INFO - Epoch 39/40 - Loss: 0.1108
2025-04-14 01:15:30,263 - INFO - Epoch 40/40 - Loss: 0.1192
2025-04-14 01:15:30,469 - INFO - Validation R² (Fold 4): 0.9715
2025-04-14 01:15:30,470 - INFO - 
Average R² across folds: 0.9704
2025-04-14 01:15:30,470 - INFO - Best R² across folds: 0.9715
2025-04-14 01:15:30,472 - INFO - 

2025-04-14 01:15:30,472 - INFO - 
Fold 1/4
2025-04-14 01:15:30,533 - INFO - Epoch 1/30 - Loss: 1.0502
2025-04-14 01:15:30,588 - INFO - Epoch 2/30 - Loss: 1.0046
2025-04-14 01:15:30,643 - INFO - Epoch 3/30 - Loss: 0.9631
2025-04-14 01:15:30,699 - INFO - Epoch 4/30 - Loss: 0.9245
2025-04-14 01:15:30,754 - INFO - Epoch 5/30 - Loss: 0.8847
2025-04-14 01:15:30,811 - INFO - Epoch 6/30 - Loss: 0.8355
2025-04-14 01:15:30,868 - INFO - Epoch 7/30 - Loss: 0.7840
2025-04-14 01:15:30,925 - INFO - Epoch 8/30 - Loss: 0.7239
2025-04-14 01:15:30,980 - INFO - Epoch 9/30 - Loss: 0.6617
2025-04-14 01:15:31,037 - INFO - Epoch 10/30 - Loss: 0.6194
2025-04-14 01:15:31,093 - INFO - Epoch 11/30 - Loss: 0.5785
2025-04-14 01:15:31,148 - INFO - Epoch 12/30 - Loss: 0.5529
2025-04-14 01:15:31,204 - INFO - Epoch 13/30 - Loss: 0.5346
2025-04-14 01:15:31,261 - INFO - Epoch 14/30 - Loss: 0.5204
2025-04-14 01:15:31,316 - INFO - Epoch 15/30 - Loss: 0.4853
2025-04-14 01:15:31,371 - INFO - Epoch 16/30 - Loss: 0.4447
2025-04-14 01:15:31,430 - INFO - Epoch 17/30 - Loss: 0.4305
2025-04-14 01:15:31,487 - INFO - Epoch 18/30 - Loss: 0.3562
2025-04-14 01:15:31,542 - INFO - Epoch 19/30 - Loss: 0.3170
2025-04-14 01:15:31,597 - INFO - Epoch 20/30 - Loss: 0.2671
2025-04-14 01:15:31,652 - INFO - Epoch 21/30 - Loss: 0.2329
2025-04-14 01:15:32,374 - INFO - Epoch 22/30 - Loss: 0.5645
2025-04-14 01:15:32,429 - INFO - Epoch 23/30 - Loss: 0.1734
2025-04-14 01:15:33,152 - INFO - Epoch 24/30 - Loss: 0.5783
2025-04-14 01:15:33,208 - INFO - Epoch 25/30 - Loss: 0.1141
2025-04-14 01:15:33,266 - INFO - Epoch 26/30 - Loss: 0.1028
2025-04-14 01:15:33,321 - INFO - Epoch 27/30 - Loss: 0.0574
2025-04-14 01:15:34,042 - INFO - Epoch 28/30 - Loss: 0.6274
2025-04-14 01:15:34,102 - INFO - Epoch 29/30 - Loss: 0.0576
2025-04-14 01:15:34,203 - INFO - Epoch 30/30 - Loss: 0.4622
2025-04-14 01:15:34,830 - INFO - Validation R² (Fold 1): -15.9410
2025-04-14 01:15:34,831 - INFO - 
Fold 2/4
2025-04-14 01:15:34,889 - INFO - Epoch 1/30 - Loss: 1.1602
2025-04-14 01:15:34,945 - INFO - Epoch 2/30 - Loss: 1.0730
2025-04-14 01:15:35,000 - INFO - Epoch 3/30 - Loss: 1.0147
2025-04-14 01:15:35,056 - INFO - Epoch 4/30 - Loss: 0.9676
2025-04-14 01:15:35,112 - INFO - Epoch 5/30 - Loss: 0.9252
2025-04-14 01:15:35,167 - INFO - Epoch 6/30 - Loss: 0.8824
2025-04-14 01:15:35,222 - INFO - Epoch 7/30 - Loss: 0.8383
2025-04-14 01:15:35,277 - INFO - Epoch 8/30 - Loss: 0.7784
2025-04-14 01:15:35,333 - INFO - Epoch 9/30 - Loss: 0.7189
2025-04-14 01:15:35,388 - INFO - Epoch 10/30 - Loss: 0.6550
2025-04-14 01:15:35,442 - INFO - Epoch 11/30 - Loss: 0.5892
2025-04-14 01:15:35,497 - INFO - Epoch 12/30 - Loss: 0.5458
2025-04-14 01:15:35,553 - INFO - Epoch 13/30 - Loss: 0.5163
2025-04-14 01:15:35,607 - INFO - Epoch 14/30 - Loss: 0.4889
2025-04-14 01:15:35,666 - INFO - Epoch 15/30 - Loss: 0.4812
2025-04-14 01:15:35,724 - INFO - Epoch 16/30 - Loss: 0.4658
2025-04-14 01:15:35,782 - INFO - Epoch 17/30 - Loss: 0.4401
2025-04-14 01:15:35,840 - INFO - Epoch 18/30 - Loss: 0.4031
2025-04-14 01:15:35,899 - INFO - Epoch 19/30 - Loss: 0.3675
2025-04-14 01:15:35,956 - INFO - Epoch 20/30 - Loss: 0.3271
2025-04-14 01:15:36,012 - INFO - Epoch 21/30 - Loss: 0.2792
2025-04-14 01:15:36,070 - INFO - Epoch 22/30 - Loss: 0.2177
2025-04-14 01:15:36,125 - INFO - Epoch 23/30 - Loss: 0.1627
2025-04-14 01:15:36,181 - INFO - Epoch 24/30 - Loss: 0.1383
2025-04-14 01:15:36,236 - INFO - Epoch 25/30 - Loss: 0.0959
2025-04-14 01:15:36,292 - INFO - Epoch 26/30 - Loss: 0.0742
2025-04-14 01:15:36,353 - INFO - Epoch 27/30 - Loss: 0.1823
2025-04-14 01:15:36,409 - INFO - Epoch 28/30 - Loss: 0.0094
2025-04-14 01:15:36,466 - INFO - Epoch 29/30 - Loss: 0.0098
2025-04-14 01:15:37,187 - INFO - Epoch 30/30 - Loss: 0.7814
2025-04-14 01:15:37,546 - INFO - Validation R² (Fold 2): 0.9208
2025-04-14 01:15:37,546 - INFO - 
Fold 3/4
2025-04-14 01:15:37,603 - INFO - Epoch 1/30 - Loss: 1.0408
2025-04-14 01:15:37,659 - INFO - Epoch 2/30 - Loss: 0.9973
2025-04-14 01:15:37,715 - INFO - Epoch 3/30 - Loss: 0.9584
2025-04-14 01:15:37,771 - INFO - Epoch 4/30 - Loss: 0.9170
2025-04-14 01:15:37,827 - INFO - Epoch 5/30 - Loss: 0.8754
2025-04-14 01:15:37,885 - INFO - Epoch 6/30 - Loss: 0.8239
2025-04-14 01:15:37,940 - INFO - Epoch 7/30 - Loss: 0.7669
2025-04-14 01:15:37,995 - INFO - Epoch 8/30 - Loss: 0.7106
2025-04-14 01:15:38,051 - INFO - Epoch 9/30 - Loss: 0.6555
2025-04-14 01:15:38,106 - INFO - Epoch 10/30 - Loss: 0.6129
2025-04-14 01:15:38,162 - INFO - Epoch 11/30 - Loss: 0.5825
2025-04-14 01:15:38,217 - INFO - Epoch 12/30 - Loss: 0.5629
2025-04-14 01:15:38,272 - INFO - Epoch 13/30 - Loss: 0.5478
2025-04-14 01:15:38,327 - INFO - Epoch 14/30 - Loss: 0.5115
2025-04-14 01:15:38,383 - INFO - Epoch 15/30 - Loss: 0.4878
2025-04-14 01:15:38,438 - INFO - Epoch 16/30 - Loss: 0.4400
2025-04-14 01:15:38,494 - INFO - Epoch 17/30 - Loss: 0.4046
2025-04-14 01:15:38,550 - INFO - Epoch 18/30 - Loss: 0.3535
2025-04-14 01:15:38,606 - INFO - Epoch 19/30 - Loss: 0.3210
2025-04-14 01:15:38,662 - INFO - Epoch 20/30 - Loss: 0.2719
2025-04-14 01:15:38,718 - INFO - Epoch 21/30 - Loss: 0.2352
2025-04-14 01:15:38,774 - INFO - Epoch 22/30 - Loss: 0.2057
2025-04-14 01:15:38,831 - INFO - Epoch 23/30 - Loss: 0.1717
2025-04-14 01:15:38,889 - INFO - Epoch 24/30 - Loss: 0.1631
2025-04-14 01:15:38,946 - INFO - Epoch 25/30 - Loss: 0.1158
2025-04-14 01:15:39,002 - INFO - Epoch 26/30 - Loss: 0.0707
2025-04-14 01:15:39,064 - INFO - Epoch 27/30 - Loss: 0.1453
2025-04-14 01:15:39,120 - INFO - Epoch 28/30 - Loss: 0.0178
2025-04-14 01:15:39,180 - INFO - Epoch 29/30 - Loss: 0.0633
2025-04-14 01:15:39,242 - INFO - Epoch 30/30 - Loss: 0.0998
2025-04-14 01:15:39,871 - INFO - Validation R² (Fold 3): -26.3915
2025-04-14 01:15:39,871 - INFO - 
Fold 4/4
2025-04-14 01:15:39,930 - INFO - Epoch 1/30 - Loss: 1.0206
2025-04-14 01:15:39,985 - INFO - Epoch 2/30 - Loss: 0.9816
2025-04-14 01:15:40,045 - INFO - Epoch 3/30 - Loss: 0.9431
2025-04-14 01:15:40,102 - INFO - Epoch 4/30 - Loss: 0.9053
2025-04-14 01:15:40,157 - INFO - Epoch 5/30 - Loss: 0.8597
2025-04-14 01:15:40,212 - INFO - Epoch 6/30 - Loss: 0.8092
2025-04-14 01:15:40,269 - INFO - Epoch 7/30 - Loss: 0.7541
2025-04-14 01:15:40,326 - INFO - Epoch 8/30 - Loss: 0.6981
2025-04-14 01:15:40,382 - INFO - Epoch 9/30 - Loss: 0.6513
2025-04-14 01:15:40,438 - INFO - Epoch 10/30 - Loss: 0.6119
2025-04-14 01:15:40,494 - INFO - Epoch 11/30 - Loss: 0.5877
2025-04-14 01:15:40,549 - INFO - Epoch 12/30 - Loss: 0.5726
2025-04-14 01:15:40,604 - INFO - Epoch 13/30 - Loss: 0.5475
2025-04-14 01:15:40,661 - INFO - Epoch 14/30 - Loss: 0.5087
2025-04-14 01:15:40,719 - INFO - Epoch 15/30 - Loss: 0.4686
2025-04-14 01:15:40,777 - INFO - Epoch 16/30 - Loss: 0.4316
2025-04-14 01:15:40,834 - INFO - Epoch 17/30 - Loss: 0.3719
2025-04-14 01:15:40,891 - INFO - Epoch 18/30 - Loss: 0.3442
2025-04-14 01:15:40,947 - INFO - Epoch 19/30 - Loss: 0.3005
2025-04-14 01:15:41,003 - INFO - Epoch 20/30 - Loss: 0.2610
2025-04-14 01:15:41,062 - INFO - Epoch 21/30 - Loss: 0.2708
2025-04-14 01:15:41,117 - INFO - Epoch 22/30 - Loss: 0.1981
2025-04-14 01:15:41,194 - INFO - Epoch 23/30 - Loss: 0.4353
2025-04-14 01:15:41,249 - INFO - Epoch 24/30 - Loss: 0.1246
2025-04-14 01:15:41,311 - INFO - Epoch 25/30 - Loss: 0.1743
2025-04-14 01:15:41,369 - INFO - Epoch 26/30 - Loss: 0.1242
2025-04-14 01:15:41,425 - INFO - Epoch 27/30 - Loss: 0.0844
2025-04-14 01:15:41,526 - INFO - Epoch 28/30 - Loss: 0.4572
2025-04-14 01:15:41,582 - INFO - Epoch 29/30 - Loss: 0.0485
2025-04-14 01:15:41,685 - INFO - Epoch 30/30 - Loss: 0.4487
2025-04-14 01:15:42,314 - INFO - Validation R² (Fold 4): 0.9396
2025-04-14 01:15:42,314 - INFO - 
Average R² across folds: -10.1180
2025-04-14 01:15:42,314 - INFO - Best R² across folds: 0.9396
2025-04-14 01:15:42,316 - INFO - Generated 12690 points with 300m resolution
