2025-04-14 12:18:03,423 - INFO - Logging initialized for city: Durham
2025-04-14 12:18:03,439 - INFO - Original dataset size: 35419. Randomly selecting 20000 samples.
2025-04-14 12:18:03,612 - INFO - Using device: cuda
2025-04-14 12:18:03,614 - INFO - 
Fold 1/4
2025-04-14 12:18:08,011 - INFO - Epoch 1/40 - Loss: 1.2772
2025-04-14 12:18:08,199 - INFO - Epoch 2/40 - Loss: 1.2725
2025-04-14 12:18:08,386 - INFO - Epoch 3/40 - Loss: 1.2688
2025-04-14 12:18:08,571 - INFO - Epoch 4/40 - Loss: 1.2638
2025-04-14 12:18:08,756 - INFO - Epoch 5/40 - Loss: 1.2577
2025-04-14 12:18:08,940 - INFO - Epoch 6/40 - Loss: 1.2508
2025-04-14 12:18:09,126 - INFO - Epoch 7/40 - Loss: 1.2432
2025-04-14 12:18:09,313 - INFO - Epoch 8/40 - Loss: 1.2347
2025-04-14 12:18:09,499 - INFO - Epoch 9/40 - Loss: 1.2253
2025-04-14 12:18:09,687 - INFO - Epoch 10/40 - Loss: 1.2147
2025-04-14 12:18:09,873 - INFO - Epoch 11/40 - Loss: 1.2028
2025-04-14 12:18:10,060 - INFO - Epoch 12/40 - Loss: 1.1902
2025-04-14 12:18:10,248 - INFO - Epoch 13/40 - Loss: 1.1753
2025-04-14 12:18:10,435 - INFO - Epoch 14/40 - Loss: 1.1590
2025-04-14 12:18:10,622 - INFO - Epoch 15/40 - Loss: 1.1399
2025-04-14 12:18:10,809 - INFO - Epoch 16/40 - Loss: 1.1202
2025-04-14 12:18:10,997 - INFO - Epoch 17/40 - Loss: 1.0977
2025-04-14 12:18:11,182 - INFO - Epoch 18/40 - Loss: 1.0729
2025-04-14 12:18:11,369 - INFO - Epoch 19/40 - Loss: 1.0446
2025-04-14 12:18:11,557 - INFO - Epoch 20/40 - Loss: 1.0088
2025-04-14 12:18:11,747 - INFO - Epoch 21/40 - Loss: 0.9652
2025-04-14 12:18:11,932 - INFO - Epoch 22/40 - Loss: 0.9145
2025-04-14 12:18:12,119 - INFO - Epoch 23/40 - Loss: 0.8402
2025-04-14 12:18:12,307 - INFO - Epoch 24/40 - Loss: 0.7535
2025-04-14 12:18:12,492 - INFO - Epoch 25/40 - Loss: 0.6755
2025-04-14 12:18:12,679 - INFO - Epoch 26/40 - Loss: 0.5700
2025-04-14 12:18:12,872 - INFO - Epoch 27/40 - Loss: 0.5364
2025-04-14 12:18:13,077 - INFO - Epoch 28/40 - Loss: 0.4973
2025-04-14 12:18:13,282 - INFO - Epoch 29/40 - Loss: 0.4308
2025-04-14 12:18:13,506 - INFO - Epoch 30/40 - Loss: 0.4048
2025-04-14 12:18:13,735 - INFO - Epoch 31/40 - Loss: 0.3377
2025-04-14 12:18:13,962 - INFO - Epoch 32/40 - Loss: 0.2750
2025-04-14 12:18:14,198 - INFO - Epoch 33/40 - Loss: 0.2232
2025-04-14 12:18:14,442 - INFO - Epoch 34/40 - Loss: 0.1850
2025-04-14 12:18:14,681 - INFO - Epoch 35/40 - Loss: 0.1204
2025-04-14 12:18:14,927 - INFO - Epoch 36/40 - Loss: 0.0862
2025-04-14 12:18:15,181 - INFO - Epoch 37/40 - Loss: 0.0585
2025-04-14 12:18:15,440 - INFO - Epoch 38/40 - Loss: 0.0331
2025-04-14 12:18:15,711 - INFO - Epoch 39/40 - Loss: 0.0279
2025-04-14 12:18:15,974 - INFO - Epoch 40/40 - Loss: 0.0041
2025-04-14 12:18:16,872 - INFO - Validation R² (Fold 1): 0.9746
2025-04-14 12:18:16,873 - INFO - 
Fold 2/4
2025-04-14 12:18:17,067 - INFO - Epoch 1/40 - Loss: 1.2729
2025-04-14 12:18:17,251 - INFO - Epoch 2/40 - Loss: 1.2685
2025-04-14 12:18:17,437 - INFO - Epoch 3/40 - Loss: 1.2646
2025-04-14 12:18:17,622 - INFO - Epoch 4/40 - Loss: 1.2594
2025-04-14 12:18:17,806 - INFO - Epoch 5/40 - Loss: 1.2533
2025-04-14 12:18:17,992 - INFO - Epoch 6/40 - Loss: 1.2466
2025-04-14 12:18:18,178 - INFO - Epoch 7/40 - Loss: 1.2390
2025-04-14 12:18:18,365 - INFO - Epoch 8/40 - Loss: 1.2304
2025-04-14 12:18:18,550 - INFO - Epoch 9/40 - Loss: 1.2208
2025-04-14 12:18:18,734 - INFO - Epoch 10/40 - Loss: 1.2103
2025-04-14 12:18:18,922 - INFO - Epoch 11/40 - Loss: 1.1986
2025-04-14 12:18:19,110 - INFO - Epoch 12/40 - Loss: 1.1856
2025-04-14 12:18:19,298 - INFO - Epoch 13/40 - Loss: 1.1704
2025-04-14 12:18:19,485 - INFO - Epoch 14/40 - Loss: 1.1531
2025-04-14 12:18:19,670 - INFO - Epoch 15/40 - Loss: 1.1338
2025-04-14 12:18:19,857 - INFO - Epoch 16/40 - Loss: 1.1130
2025-04-14 12:18:20,044 - INFO - Epoch 17/40 - Loss: 1.0902
2025-04-14 12:18:20,232 - INFO - Epoch 18/40 - Loss: 1.0653
2025-04-14 12:18:20,418 - INFO - Epoch 19/40 - Loss: 1.0365
2025-04-14 12:18:20,602 - INFO - Epoch 20/40 - Loss: 1.0002
2025-04-14 12:18:20,786 - INFO - Epoch 21/40 - Loss: 0.9568
2025-04-14 12:18:20,975 - INFO - Epoch 22/40 - Loss: 0.9029
2025-04-14 12:18:21,161 - INFO - Epoch 23/40 - Loss: 0.8282
2025-04-14 12:18:21,349 - INFO - Epoch 24/40 - Loss: 0.7478
2025-04-14 12:18:21,536 - INFO - Epoch 25/40 - Loss: 0.6600
2025-04-14 12:18:21,722 - INFO - Epoch 26/40 - Loss: 0.5723
2025-04-14 12:18:21,911 - INFO - Epoch 27/40 - Loss: 0.5107
2025-04-14 12:18:22,108 - INFO - Epoch 28/40 - Loss: 0.4680
2025-04-14 12:18:22,319 - INFO - Epoch 29/40 - Loss: 0.4409
2025-04-14 12:18:22,532 - INFO - Epoch 30/40 - Loss: 0.3762
2025-04-14 12:18:22,750 - INFO - Epoch 31/40 - Loss: 0.3301
2025-04-14 12:18:22,973 - INFO - Epoch 32/40 - Loss: 0.2635
2025-04-14 12:18:23,196 - INFO - Epoch 33/40 - Loss: 0.2045
2025-04-14 12:18:23,425 - INFO - Epoch 34/40 - Loss: 0.1641
2025-04-14 12:18:23,670 - INFO - Epoch 35/40 - Loss: 0.1262
2025-04-14 12:18:23,925 - INFO - Epoch 36/40 - Loss: 0.0955
2025-04-14 12:18:24,177 - INFO - Epoch 37/40 - Loss: 0.0559
2025-04-14 12:18:24,434 - INFO - Epoch 38/40 - Loss: 0.0309
2025-04-14 12:18:24,700 - INFO - Epoch 39/40 - Loss: 0.0227
2025-04-14 12:18:24,981 - INFO - Epoch 40/40 - Loss: 0.0232
2025-04-14 12:18:25,898 - INFO - Validation R² (Fold 2): 0.9743
2025-04-14 12:18:25,899 - INFO - 
Fold 3/4
2025-04-14 12:18:26,082 - INFO - Epoch 1/40 - Loss: 1.2740
2025-04-14 12:18:26,260 - INFO - Epoch 2/40 - Loss: 1.2695
2025-04-14 12:18:26,438 - INFO - Epoch 3/40 - Loss: 1.2655
2025-04-14 12:18:26,618 - INFO - Epoch 4/40 - Loss: 1.2603
2025-04-14 12:18:26,798 - INFO - Epoch 5/40 - Loss: 1.2540
2025-04-14 12:18:26,980 - INFO - Epoch 6/40 - Loss: 1.2470
2025-04-14 12:18:27,160 - INFO - Epoch 7/40 - Loss: 1.2393
2025-04-14 12:18:27,343 - INFO - Epoch 8/40 - Loss: 1.2309
2025-04-14 12:18:27,528 - INFO - Epoch 9/40 - Loss: 1.2210
2025-04-14 12:18:27,712 - INFO - Epoch 10/40 - Loss: 1.2105
2025-04-14 12:18:27,897 - INFO - Epoch 11/40 - Loss: 1.1985
2025-04-14 12:18:28,078 - INFO - Epoch 12/40 - Loss: 1.1856
2025-04-14 12:18:28,261 - INFO - Epoch 13/40 - Loss: 1.1704
2025-04-14 12:18:28,445 - INFO - Epoch 14/40 - Loss: 1.1533
2025-04-14 12:18:28,624 - INFO - Epoch 15/40 - Loss: 1.1342
2025-04-14 12:18:28,806 - INFO - Epoch 16/40 - Loss: 1.1135
2025-04-14 12:18:28,986 - INFO - Epoch 17/40 - Loss: 1.0913
2025-04-14 12:18:29,168 - INFO - Epoch 18/40 - Loss: 1.0679
2025-04-14 12:18:29,350 - INFO - Epoch 19/40 - Loss: 1.0385
2025-04-14 12:18:29,532 - INFO - Epoch 20/40 - Loss: 1.0066
2025-04-14 12:18:29,718 - INFO - Epoch 21/40 - Loss: 0.9646
2025-04-14 12:18:29,900 - INFO - Epoch 22/40 - Loss: 0.9095
2025-04-14 12:18:30,079 - INFO - Epoch 23/40 - Loss: 0.8399
2025-04-14 12:18:30,259 - INFO - Epoch 24/40 - Loss: 0.7465
2025-04-14 12:18:30,441 - INFO - Epoch 25/40 - Loss: 0.6669
2025-04-14 12:18:30,621 - INFO - Epoch 26/40 - Loss: 0.5896
2025-04-14 12:18:30,811 - INFO - Epoch 27/40 - Loss: 0.5465
2025-04-14 12:18:31,000 - INFO - Epoch 28/40 - Loss: 0.4753
2025-04-14 12:18:31,196 - INFO - Epoch 29/40 - Loss: 0.4247
2025-04-14 12:18:31,401 - INFO - Epoch 30/40 - Loss: 0.3761
2025-04-14 12:18:31,629 - INFO - Epoch 31/40 - Loss: 0.3588
2025-04-14 12:18:31,857 - INFO - Epoch 32/40 - Loss: 0.2956
2025-04-14 12:18:32,090 - INFO - Epoch 33/40 - Loss: 0.2398
2025-04-14 12:18:32,331 - INFO - Epoch 34/40 - Loss: 0.1889
2025-04-14 12:18:32,561 - INFO - Epoch 35/40 - Loss: 0.1176
2025-04-14 12:18:32,806 - INFO - Epoch 36/40 - Loss: 0.0929
2025-04-14 12:18:33,057 - INFO - Epoch 37/40 - Loss: 0.0600
2025-04-14 12:18:33,308 - INFO - Epoch 38/40 - Loss: 0.0397
2025-04-14 12:18:33,565 - INFO - Epoch 39/40 - Loss: 0.0179
2025-04-14 12:18:33,831 - INFO - Epoch 40/40 - Loss: 0.0034
2025-04-14 12:18:34,718 - INFO - Validation R² (Fold 3): 0.9753
2025-04-14 12:18:34,719 - INFO - 
Fold 4/4
2025-04-14 12:18:34,902 - INFO - Epoch 1/40 - Loss: 1.2715
2025-04-14 12:18:35,081 - INFO - Epoch 2/40 - Loss: 1.2672
2025-04-14 12:18:35,265 - INFO - Epoch 3/40 - Loss: 1.2632
2025-04-14 12:18:35,447 - INFO - Epoch 4/40 - Loss: 1.2579
2025-04-14 12:18:35,629 - INFO - Epoch 5/40 - Loss: 1.2519
2025-04-14 12:18:35,808 - INFO - Epoch 6/40 - Loss: 1.2451
2025-04-14 12:18:35,989 - INFO - Epoch 7/40 - Loss: 1.2375
2025-04-14 12:18:36,171 - INFO - Epoch 8/40 - Loss: 1.2288
2025-04-14 12:18:36,350 - INFO - Epoch 9/40 - Loss: 1.2191
2025-04-14 12:18:36,529 - INFO - Epoch 10/40 - Loss: 1.2086
2025-04-14 12:18:36,715 - INFO - Epoch 11/40 - Loss: 1.1970
2025-04-14 12:18:36,899 - INFO - Epoch 12/40 - Loss: 1.1839
2025-04-14 12:18:37,081 - INFO - Epoch 13/40 - Loss: 1.1694
2025-04-14 12:18:37,265 - INFO - Epoch 14/40 - Loss: 1.1523
2025-04-14 12:18:37,449 - INFO - Epoch 15/40 - Loss: 1.1339
2025-04-14 12:18:37,632 - INFO - Epoch 16/40 - Loss: 1.1140
2025-04-14 12:18:37,816 - INFO - Epoch 17/40 - Loss: 1.0922
2025-04-14 12:18:37,999 - INFO - Epoch 18/40 - Loss: 1.0688
2025-04-14 12:18:38,181 - INFO - Epoch 19/40 - Loss: 1.0401
2025-04-14 12:18:38,366 - INFO - Epoch 20/40 - Loss: 1.0060
2025-04-14 12:18:38,549 - INFO - Epoch 21/40 - Loss: 0.9629
2025-04-14 12:18:38,734 - INFO - Epoch 22/40 - Loss: 0.9095
2025-04-14 12:18:38,916 - INFO - Epoch 23/40 - Loss: 0.8362
2025-04-14 12:18:39,097 - INFO - Epoch 24/40 - Loss: 0.7576
2025-04-14 12:18:39,277 - INFO - Epoch 25/40 - Loss: 0.6713
2025-04-14 12:18:39,460 - INFO - Epoch 26/40 - Loss: 0.5836
2025-04-14 12:18:39,651 - INFO - Epoch 27/40 - Loss: 0.5441
2025-04-14 12:18:39,846 - INFO - Epoch 28/40 - Loss: 0.4903
2025-04-14 12:18:40,047 - INFO - Epoch 29/40 - Loss: 0.4288
2025-04-14 12:18:40,265 - INFO - Epoch 30/40 - Loss: 0.4040
2025-04-14 12:18:40,485 - INFO - Epoch 31/40 - Loss: 0.3387
2025-04-14 12:18:40,711 - INFO - Epoch 32/40 - Loss: 0.2886
2025-04-14 12:18:40,947 - INFO - Epoch 33/40 - Loss: 0.2453
2025-04-14 12:18:41,185 - INFO - Epoch 34/40 - Loss: 0.1862
2025-04-14 12:18:41,429 - INFO - Epoch 35/40 - Loss: 0.1376
2025-04-14 12:18:41,679 - INFO - Epoch 36/40 - Loss: 0.0918
2025-04-14 12:18:41,929 - INFO - Epoch 37/40 - Loss: 0.0554
2025-04-14 12:18:42,189 - INFO - Epoch 38/40 - Loss: 0.0464
2025-04-14 12:18:42,457 - INFO - Epoch 39/40 - Loss: 0.0271
2025-04-14 12:18:42,727 - INFO - Epoch 40/40 - Loss: 0.0171
2025-04-14 12:18:43,621 - INFO - Validation R² (Fold 4): 0.9757
2025-04-14 12:18:43,621 - INFO - 
Average R² across folds: 0.9750
2025-04-14 12:18:43,622 - INFO - Best R² across folds: 0.9757
2025-04-14 12:18:43,628 - INFO - 

2025-04-14 12:18:43,630 - INFO - 
Fold 1/4
2025-04-14 12:18:43,820 - INFO - Epoch 1/30 - Loss: 1.1704
2025-04-14 12:18:44,009 - INFO - Epoch 2/30 - Loss: 1.1430
2025-04-14 12:18:44,196 - INFO - Epoch 3/30 - Loss: 1.1143
2025-04-14 12:18:44,384 - INFO - Epoch 4/30 - Loss: 1.0849
2025-04-14 12:18:44,571 - INFO - Epoch 5/30 - Loss: 1.0536
2025-04-14 12:18:44,758 - INFO - Epoch 6/30 - Loss: 1.0195
2025-04-14 12:18:44,945 - INFO - Epoch 7/30 - Loss: 0.9814
2025-04-14 12:18:45,131 - INFO - Epoch 8/30 - Loss: 0.9358
2025-04-14 12:18:45,319 - INFO - Epoch 9/30 - Loss: 0.8792
2025-04-14 12:18:45,506 - INFO - Epoch 10/30 - Loss: 0.8118
2025-04-14 12:18:45,691 - INFO - Epoch 11/30 - Loss: 0.7283
2025-04-14 12:18:45,880 - INFO - Epoch 12/30 - Loss: 0.6426
2025-04-14 12:18:46,069 - INFO - Epoch 13/30 - Loss: 0.5398
2025-04-14 12:18:46,257 - INFO - Epoch 14/30 - Loss: 0.4649
2025-04-14 12:18:46,451 - INFO - Epoch 15/30 - Loss: 0.4069
2025-04-14 12:18:46,644 - INFO - Epoch 16/30 - Loss: 0.3510
2025-04-14 12:18:46,839 - INFO - Epoch 17/30 - Loss: 0.3099
2025-04-14 12:18:47,044 - INFO - Epoch 18/30 - Loss: 0.3154
2025-04-14 12:18:47,279 - INFO - Epoch 19/30 - Loss: 0.3429
2025-04-14 12:18:47,532 - INFO - Epoch 20/30 - Loss: 0.3532
2025-04-14 12:18:47,786 - INFO - Epoch 21/30 - Loss: 0.3580
2025-04-14 12:18:48,030 - INFO - Epoch 22/30 - Loss: 0.3678
2025-04-14 12:18:48,329 - INFO - Epoch 23/30 - Loss: 0.4344
2025-04-14 12:18:48,628 - INFO - Epoch 24/30 - Loss: 0.4170
2025-04-14 12:18:48,959 - INFO - Epoch 25/30 - Loss: 0.4569
2025-04-14 12:18:49,292 - INFO - Epoch 26/30 - Loss: 0.4752
2025-04-14 12:18:49,711 - INFO - Epoch 27/30 - Loss: 0.5128
2025-04-14 12:18:50,091 - INFO - Epoch 28/30 - Loss: 0.5135
2025-04-14 12:18:50,802 - INFO - Epoch 29/30 - Loss: 0.6351
2025-04-14 12:18:51,224 - INFO - Epoch 30/30 - Loss: 0.5308
2025-04-14 12:18:53,481 - INFO - Validation R² (Fold 1): 0.2467
2025-04-14 12:18:53,481 - INFO - 
Fold 2/4
2025-04-14 12:18:53,665 - INFO - Epoch 1/30 - Loss: 1.3414
2025-04-14 12:18:53,849 - INFO - Epoch 2/30 - Loss: 1.2700
2025-04-14 12:18:54,029 - INFO - Epoch 3/30 - Loss: 1.2433
2025-04-14 12:18:54,210 - INFO - Epoch 4/30 - Loss: 1.2212
2025-04-14 12:18:54,391 - INFO - Epoch 5/30 - Loss: 1.1985
2025-04-14 12:18:54,575 - INFO - Epoch 6/30 - Loss: 1.1739
2025-04-14 12:18:54,757 - INFO - Epoch 7/30 - Loss: 1.1479
2025-04-14 12:18:54,939 - INFO - Epoch 8/30 - Loss: 1.1201
2025-04-14 12:18:55,121 - INFO - Epoch 9/30 - Loss: 1.0912
2025-04-14 12:18:55,302 - INFO - Epoch 10/30 - Loss: 1.0604
2025-04-14 12:18:55,484 - INFO - Epoch 11/30 - Loss: 1.0269
2025-04-14 12:18:55,665 - INFO - Epoch 12/30 - Loss: 0.9911
2025-04-14 12:18:55,848 - INFO - Epoch 13/30 - Loss: 0.9515
2025-04-14 12:18:56,031 - INFO - Epoch 14/30 - Loss: 0.9026
2025-04-14 12:18:56,211 - INFO - Epoch 15/30 - Loss: 0.8448
2025-04-14 12:18:56,391 - INFO - Epoch 16/30 - Loss: 0.7589
2025-04-14 12:18:56,573 - INFO - Epoch 17/30 - Loss: 0.6720
2025-04-14 12:18:56,756 - INFO - Epoch 18/30 - Loss: 0.5824
2025-04-14 12:18:56,940 - INFO - Epoch 19/30 - Loss: 0.4928
2025-04-14 12:18:57,126 - INFO - Epoch 20/30 - Loss: 0.4217
2025-04-14 12:18:57,313 - INFO - Epoch 21/30 - Loss: 0.3768
2025-04-14 12:18:57,511 - INFO - Epoch 22/30 - Loss: 0.3528
2025-04-14 12:18:57,740 - INFO - Epoch 23/30 - Loss: 0.3675
2025-04-14 12:18:57,979 - INFO - Epoch 24/30 - Loss: 0.3405
2025-04-14 12:18:58,219 - INFO - Epoch 25/30 - Loss: 0.3245
2025-04-14 12:18:58,506 - INFO - Epoch 26/30 - Loss: 0.3695
2025-04-14 12:18:58,804 - INFO - Epoch 27/30 - Loss: 0.3746
2025-04-14 12:18:59,116 - INFO - Epoch 28/30 - Loss: 0.3879
2025-04-14 12:18:59,449 - INFO - Epoch 29/30 - Loss: 0.4177
2025-04-14 12:18:59,791 - INFO - Epoch 30/30 - Loss: 0.4437
2025-04-14 12:19:02,046 - INFO - Validation R² (Fold 2): 0.9690
2025-04-14 12:19:02,046 - INFO - 
Fold 3/4
2025-04-14 12:19:02,243 - INFO - Epoch 1/30 - Loss: 1.1659
2025-04-14 12:19:02,430 - INFO - Epoch 2/30 - Loss: 1.1382
2025-04-14 12:19:02,618 - INFO - Epoch 3/30 - Loss: 1.1096
2025-04-14 12:19:02,805 - INFO - Epoch 4/30 - Loss: 1.0794
2025-04-14 12:19:02,995 - INFO - Epoch 5/30 - Loss: 1.0481
2025-04-14 12:19:03,183 - INFO - Epoch 6/30 - Loss: 1.0141
2025-04-14 12:19:03,371 - INFO - Epoch 7/30 - Loss: 0.9751
2025-04-14 12:19:03,560 - INFO - Epoch 8/30 - Loss: 0.9304
2025-04-14 12:19:03,749 - INFO - Epoch 9/30 - Loss: 0.8728
2025-04-14 12:19:03,939 - INFO - Epoch 10/30 - Loss: 0.8052
2025-04-14 12:19:04,128 - INFO - Epoch 11/30 - Loss: 0.7228
2025-04-14 12:19:04,318 - INFO - Epoch 12/30 - Loss: 0.6440
2025-04-14 12:19:04,508 - INFO - Epoch 13/30 - Loss: 0.5496
2025-04-14 12:19:04,698 - INFO - Epoch 14/30 - Loss: 0.4670
2025-04-14 12:19:04,888 - INFO - Epoch 15/30 - Loss: 0.3824
2025-04-14 12:19:05,084 - INFO - Epoch 16/30 - Loss: 0.3535
2025-04-14 12:19:05,288 - INFO - Epoch 17/30 - Loss: 0.3253
2025-04-14 12:19:05,486 - INFO - Epoch 18/30 - Loss: 0.2862
2025-04-14 12:19:05,717 - INFO - Epoch 19/30 - Loss: 0.3221
2025-04-14 12:19:05,952 - INFO - Epoch 20/30 - Loss: 0.3291
2025-04-14 12:19:06,206 - INFO - Epoch 21/30 - Loss: 0.3510
2025-04-14 12:19:06,471 - INFO - Epoch 22/30 - Loss: 0.3847
2025-04-14 12:19:06,752 - INFO - Epoch 23/30 - Loss: 0.3961
2025-04-14 12:19:07,083 - INFO - Epoch 24/30 - Loss: 0.4865
2025-04-14 12:19:07,455 - INFO - Epoch 25/30 - Loss: 0.5150
2025-04-14 12:19:07,857 - INFO - Epoch 26/30 - Loss: 0.5521
2025-04-14 12:19:08,190 - INFO - Epoch 27/30 - Loss: 0.4952
2025-04-14 12:19:08,574 - INFO - Epoch 28/30 - Loss: 0.5301
2025-04-14 12:19:08,989 - INFO - Epoch 29/30 - Loss: 0.5300
2025-04-14 12:19:09,460 - INFO - Epoch 30/30 - Loss: 0.5714
2025-04-14 12:19:11,709 - INFO - Validation R² (Fold 3): 0.4752
2025-04-14 12:19:11,709 - INFO - 
Fold 4/4
2025-04-14 12:19:11,893 - INFO - Epoch 1/30 - Loss: 1.2398
2025-04-14 12:19:12,072 - INFO - Epoch 2/30 - Loss: 1.2080
2025-04-14 12:19:12,252 - INFO - Epoch 3/30 - Loss: 1.1767
2025-04-14 12:19:12,437 - INFO - Epoch 4/30 - Loss: 1.1453
2025-04-14 12:19:12,621 - INFO - Epoch 5/30 - Loss: 1.1127
2025-04-14 12:19:12,802 - INFO - Epoch 6/30 - Loss: 1.0791
2025-04-14 12:19:12,983 - INFO - Epoch 7/30 - Loss: 1.0455
2025-04-14 12:19:13,167 - INFO - Epoch 8/30 - Loss: 1.0078
2025-04-14 12:19:13,349 - INFO - Epoch 9/30 - Loss: 0.9638
2025-04-14 12:19:13,531 - INFO - Epoch 10/30 - Loss: 0.9128
2025-04-14 12:19:13,711 - INFO - Epoch 11/30 - Loss: 0.8351
2025-04-14 12:19:13,892 - INFO - Epoch 12/30 - Loss: 0.7573
2025-04-14 12:19:14,073 - INFO - Epoch 13/30 - Loss: 0.6676
2025-04-14 12:19:14,255 - INFO - Epoch 14/30 - Loss: 0.5585
2025-04-14 12:19:14,439 - INFO - Epoch 15/30 - Loss: 0.4615
2025-04-14 12:19:14,623 - INFO - Epoch 16/30 - Loss: 0.3948
2025-04-14 12:19:14,813 - INFO - Epoch 17/30 - Loss: 0.3400
2025-04-14 12:19:15,010 - INFO - Epoch 18/30 - Loss: 0.3112
2025-04-14 12:19:15,229 - INFO - Epoch 19/30 - Loss: 0.3274
2025-04-14 12:19:15,440 - INFO - Epoch 20/30 - Loss: 0.2817
2025-04-14 12:19:15,672 - INFO - Epoch 21/30 - Loss: 0.3099
2025-04-14 12:19:15,936 - INFO - Epoch 22/30 - Loss: 0.3478
2025-04-14 12:19:16,214 - INFO - Epoch 23/30 - Loss: 0.4016
2025-04-14 12:19:16,521 - INFO - Epoch 24/30 - Loss: 0.4435
2025-04-14 12:19:16,871 - INFO - Epoch 25/30 - Loss: 0.4946
2025-04-14 12:19:17,233 - INFO - Epoch 26/30 - Loss: 0.5110
2025-04-14 12:19:17,608 - INFO - Epoch 27/30 - Loss: 0.5445
2025-04-14 12:19:17,944 - INFO - Epoch 28/30 - Loss: 0.5288
2025-04-14 12:19:18,353 - INFO - Epoch 29/30 - Loss: 0.5556
2025-04-14 12:19:18,715 - INFO - Epoch 30/30 - Loss: 0.5672
2025-04-14 12:19:20,967 - INFO - Validation R² (Fold 4): 0.8274
2025-04-14 12:19:20,967 - INFO - 
Average R² across folds: 0.6296
2025-04-14 12:19:20,967 - INFO - Best R² across folds: 0.9690
2025-04-14 12:19:20,969 - INFO - Generated 1332 points with 500m resolution
