2025-04-14 10:51:18,757 - INFO - Logging initialized for city: Houston
2025-04-14 10:51:19,022 - INFO - Using device: cuda
2025-04-14 10:51:19,023 - INFO - 
Fold 1/4
2025-04-14 10:51:23,251 - INFO - Epoch 1/40 - Loss: 1.1307
2025-04-14 10:51:23,438 - INFO - Epoch 2/40 - Loss: 1.1109
2025-04-14 10:51:23,625 - INFO - Epoch 3/40 - Loss: 1.0912
2025-04-14 10:51:23,811 - INFO - Epoch 4/40 - Loss: 1.0712
2025-04-14 10:51:23,996 - INFO - Epoch 5/40 - Loss: 1.0510
2025-04-14 10:51:24,176 - INFO - Epoch 6/40 - Loss: 1.0306
2025-04-14 10:51:24,357 - INFO - Epoch 7/40 - Loss: 1.0096
2025-04-14 10:51:24,535 - INFO - Epoch 8/40 - Loss: 0.9883
2025-04-14 10:51:24,717 - INFO - Epoch 9/40 - Loss: 0.9663
2025-04-14 10:51:24,896 - INFO - Epoch 10/40 - Loss: 0.9432
2025-04-14 10:51:25,077 - INFO - Epoch 11/40 - Loss: 0.9178
2025-04-14 10:51:25,255 - INFO - Epoch 12/40 - Loss: 0.8903
2025-04-14 10:51:25,436 - INFO - Epoch 13/40 - Loss: 0.8594
2025-04-14 10:51:25,615 - INFO - Epoch 14/40 - Loss: 0.8237
2025-04-14 10:51:25,796 - INFO - Epoch 15/40 - Loss: 0.7826
2025-04-14 10:51:25,975 - INFO - Epoch 16/40 - Loss: 0.7346
2025-04-14 10:51:26,154 - INFO - Epoch 17/40 - Loss: 0.6733
2025-04-14 10:51:26,333 - INFO - Epoch 18/40 - Loss: 0.6137
2025-04-14 10:51:26,512 - INFO - Epoch 19/40 - Loss: 0.5287
2025-04-14 10:51:26,692 - INFO - Epoch 20/40 - Loss: 0.4398
2025-04-14 10:51:26,876 - INFO - Epoch 21/40 - Loss: 0.3511
2025-04-14 10:51:27,058 - INFO - Epoch 22/40 - Loss: 0.2713
2025-04-14 10:51:27,244 - INFO - Epoch 23/40 - Loss: 0.2314
2025-04-14 10:51:27,430 - INFO - Epoch 24/40 - Loss: 0.1481
2025-04-14 10:51:27,637 - INFO - Epoch 25/40 - Loss: 0.1840
2025-04-14 10:51:27,851 - INFO - Epoch 26/40 - Loss: 0.1564
2025-04-14 10:51:28,079 - INFO - Epoch 27/40 - Loss: 0.1367
2025-04-14 10:51:28,320 - INFO - Epoch 28/40 - Loss: 0.1155
2025-04-14 10:51:28,568 - INFO - Epoch 29/40 - Loss: 0.0832
2025-04-14 10:51:28,829 - INFO - Epoch 30/40 - Loss: 0.0601
2025-04-14 10:51:29,078 - INFO - Epoch 31/40 - Loss: -0.0011
2025-04-14 10:51:29,350 - INFO - Epoch 32/40 - Loss: -0.0216
2025-04-14 10:51:29,608 - INFO - Epoch 33/40 - Loss: -0.0701
2025-04-14 10:51:29,878 - INFO - Epoch 34/40 - Loss: -0.0997
2025-04-14 10:51:30,160 - INFO - Epoch 35/40 - Loss: -0.1049
2025-04-14 10:51:30,426 - INFO - Epoch 36/40 - Loss: -0.1443
2025-04-14 10:51:30,707 - INFO - Epoch 37/40 - Loss: -0.1357
2025-04-14 10:51:31,007 - INFO - Epoch 38/40 - Loss: -0.1273
2025-04-14 10:51:31,309 - INFO - Epoch 39/40 - Loss: -0.1396
2025-04-14 10:51:31,609 - INFO - Epoch 40/40 - Loss: -0.1476
2025-04-14 10:51:32,631 - INFO - Validation R² (Fold 1): 0.9878
2025-04-14 10:51:32,632 - INFO - 
Fold 2/4
2025-04-14 10:51:32,823 - INFO - Epoch 1/40 - Loss: 1.1317
2025-04-14 10:51:33,009 - INFO - Epoch 2/40 - Loss: 1.1119
2025-04-14 10:51:33,194 - INFO - Epoch 3/40 - Loss: 1.0921
2025-04-14 10:51:33,380 - INFO - Epoch 4/40 - Loss: 1.0718
2025-04-14 10:51:33,568 - INFO - Epoch 5/40 - Loss: 1.0513
2025-04-14 10:51:33,758 - INFO - Epoch 6/40 - Loss: 1.0307
2025-04-14 10:51:33,947 - INFO - Epoch 7/40 - Loss: 1.0094
2025-04-14 10:51:34,132 - INFO - Epoch 8/40 - Loss: 0.9879
2025-04-14 10:51:34,322 - INFO - Epoch 9/40 - Loss: 0.9657
2025-04-14 10:51:34,509 - INFO - Epoch 10/40 - Loss: 0.9412
2025-04-14 10:51:34,699 - INFO - Epoch 11/40 - Loss: 0.9159
2025-04-14 10:51:34,888 - INFO - Epoch 12/40 - Loss: 0.8876
2025-04-14 10:51:35,078 - INFO - Epoch 13/40 - Loss: 0.8575
2025-04-14 10:51:35,267 - INFO - Epoch 14/40 - Loss: 0.8220
2025-04-14 10:51:35,455 - INFO - Epoch 15/40 - Loss: 0.7808
2025-04-14 10:51:35,642 - INFO - Epoch 16/40 - Loss: 0.7311
2025-04-14 10:51:35,828 - INFO - Epoch 17/40 - Loss: 0.6739
2025-04-14 10:51:36,016 - INFO - Epoch 18/40 - Loss: 0.6041
2025-04-14 10:51:36,205 - INFO - Epoch 19/40 - Loss: 0.5230
2025-04-14 10:51:36,392 - INFO - Epoch 20/40 - Loss: 0.4407
2025-04-14 10:51:36,579 - INFO - Epoch 21/40 - Loss: 0.3558
2025-04-14 10:51:36,766 - INFO - Epoch 22/40 - Loss: 0.2772
2025-04-14 10:51:36,957 - INFO - Epoch 23/40 - Loss: 0.2050
2025-04-14 10:51:37,151 - INFO - Epoch 24/40 - Loss: 0.1572
2025-04-14 10:51:37,365 - INFO - Epoch 25/40 - Loss: 0.1988
2025-04-14 10:51:37,579 - INFO - Epoch 26/40 - Loss: 0.1400
2025-04-14 10:51:37,817 - INFO - Epoch 27/40 - Loss: 0.1381
2025-04-14 10:51:38,062 - INFO - Epoch 28/40 - Loss: 0.1027
2025-04-14 10:51:38,316 - INFO - Epoch 29/40 - Loss: 0.0722
2025-04-14 10:51:38,577 - INFO - Epoch 30/40 - Loss: 0.0471
2025-04-14 10:51:38,849 - INFO - Epoch 31/40 - Loss: 0.0147
2025-04-14 10:51:39,118 - INFO - Epoch 32/40 - Loss: -0.0248
2025-04-14 10:51:39,394 - INFO - Epoch 33/40 - Loss: -0.0427
2025-04-14 10:51:39,674 - INFO - Epoch 34/40 - Loss: -0.0853
2025-04-14 10:51:39,971 - INFO - Epoch 35/40 - Loss: -0.0931
2025-04-14 10:51:40,252 - INFO - Epoch 36/40 - Loss: -0.1333
2025-04-14 10:51:40,547 - INFO - Epoch 37/40 - Loss: -0.1317
2025-04-14 10:51:40,841 - INFO - Epoch 38/40 - Loss: -0.1381
2025-04-14 10:51:41,150 - INFO - Epoch 39/40 - Loss: -0.1440
2025-04-14 10:51:41,457 - INFO - Epoch 40/40 - Loss: -0.1338
2025-04-14 10:51:42,460 - INFO - Validation R² (Fold 2): 0.9877
2025-04-14 10:51:42,460 - INFO - 
Fold 3/4
2025-04-14 10:51:42,652 - INFO - Epoch 1/40 - Loss: 1.1342
2025-04-14 10:51:42,835 - INFO - Epoch 2/40 - Loss: 1.1146
2025-04-14 10:51:43,015 - INFO - Epoch 3/40 - Loss: 1.0949
2025-04-14 10:51:43,198 - INFO - Epoch 4/40 - Loss: 1.0751
2025-04-14 10:51:43,379 - INFO - Epoch 5/40 - Loss: 1.0549
2025-04-14 10:51:43,561 - INFO - Epoch 6/40 - Loss: 1.0344
2025-04-14 10:51:43,746 - INFO - Epoch 7/40 - Loss: 1.0131
2025-04-14 10:51:43,928 - INFO - Epoch 8/40 - Loss: 0.9917
2025-04-14 10:51:44,113 - INFO - Epoch 9/40 - Loss: 0.9692
2025-04-14 10:51:44,296 - INFO - Epoch 10/40 - Loss: 0.9454
2025-04-14 10:51:44,478 - INFO - Epoch 11/40 - Loss: 0.9199
2025-04-14 10:51:44,660 - INFO - Epoch 12/40 - Loss: 0.8918
2025-04-14 10:51:44,841 - INFO - Epoch 13/40 - Loss: 0.8606
2025-04-14 10:51:45,022 - INFO - Epoch 14/40 - Loss: 0.8250
2025-04-14 10:51:45,207 - INFO - Epoch 15/40 - Loss: 0.7829
2025-04-14 10:51:45,389 - INFO - Epoch 16/40 - Loss: 0.7340
2025-04-14 10:51:45,572 - INFO - Epoch 17/40 - Loss: 0.6751
2025-04-14 10:51:45,757 - INFO - Epoch 18/40 - Loss: 0.6065
2025-04-14 10:51:45,939 - INFO - Epoch 19/40 - Loss: 0.5186
2025-04-14 10:51:46,120 - INFO - Epoch 20/40 - Loss: 0.4310
2025-04-14 10:51:46,301 - INFO - Epoch 21/40 - Loss: 0.3497
2025-04-14 10:51:46,482 - INFO - Epoch 22/40 - Loss: 0.2657
2025-04-14 10:51:46,675 - INFO - Epoch 23/40 - Loss: 0.2552
2025-04-14 10:51:46,885 - INFO - Epoch 24/40 - Loss: 0.2308
2025-04-14 10:51:47,090 - INFO - Epoch 25/40 - Loss: 0.1634
2025-04-14 10:51:47,304 - INFO - Epoch 26/40 - Loss: 0.1440
2025-04-14 10:51:47,531 - INFO - Epoch 27/40 - Loss: 0.1328
2025-04-14 10:51:47,772 - INFO - Epoch 28/40 - Loss: 0.1013
2025-04-14 10:51:48,020 - INFO - Epoch 29/40 - Loss: 0.0673
2025-04-14 10:51:48,270 - INFO - Epoch 30/40 - Loss: 0.0311
2025-04-14 10:51:48,528 - INFO - Epoch 31/40 - Loss: 0.0059
2025-04-14 10:51:48,797 - INFO - Epoch 32/40 - Loss: -0.0221
2025-04-14 10:51:49,068 - INFO - Epoch 33/40 - Loss: -0.0632
2025-04-14 10:51:49,345 - INFO - Epoch 34/40 - Loss: -0.0879
2025-04-14 10:51:49,630 - INFO - Epoch 35/40 - Loss: -0.1105
2025-04-14 10:51:49,908 - INFO - Epoch 36/40 - Loss: -0.1273
2025-04-14 10:51:50,197 - INFO - Epoch 37/40 - Loss: -0.1200
2025-04-14 10:51:50,496 - INFO - Epoch 38/40 - Loss: -0.1245
2025-04-14 10:51:50,779 - INFO - Epoch 39/40 - Loss: -0.1406
2025-04-14 10:51:51,071 - INFO - Epoch 40/40 - Loss: -0.1339
2025-04-14 10:51:52,066 - INFO - Validation R² (Fold 3): 0.9871
2025-04-14 10:51:52,066 - INFO - 
Fold 4/4
2025-04-14 10:51:52,250 - INFO - Epoch 1/40 - Loss: 1.1252
2025-04-14 10:51:52,431 - INFO - Epoch 2/40 - Loss: 1.1051
2025-04-14 10:51:52,616 - INFO - Epoch 3/40 - Loss: 1.0850
2025-04-14 10:51:52,798 - INFO - Epoch 4/40 - Loss: 1.0648
2025-04-14 10:51:52,978 - INFO - Epoch 5/40 - Loss: 1.0443
2025-04-14 10:51:53,159 - INFO - Epoch 6/40 - Loss: 1.0235
2025-04-14 10:51:53,340 - INFO - Epoch 7/40 - Loss: 1.0021
2025-04-14 10:51:53,521 - INFO - Epoch 8/40 - Loss: 0.9800
2025-04-14 10:51:53,701 - INFO - Epoch 9/40 - Loss: 0.9571
2025-04-14 10:51:53,882 - INFO - Epoch 10/40 - Loss: 0.9333
2025-04-14 10:51:54,067 - INFO - Epoch 11/40 - Loss: 0.9082
2025-04-14 10:51:54,251 - INFO - Epoch 12/40 - Loss: 0.8806
2025-04-14 10:51:54,434 - INFO - Epoch 13/40 - Loss: 0.8494
2025-04-14 10:51:54,616 - INFO - Epoch 14/40 - Loss: 0.8140
2025-04-14 10:51:54,797 - INFO - Epoch 15/40 - Loss: 0.7747
2025-04-14 10:51:54,979 - INFO - Epoch 16/40 - Loss: 0.7255
2025-04-14 10:51:55,161 - INFO - Epoch 17/40 - Loss: 0.6656
2025-04-14 10:51:55,341 - INFO - Epoch 18/40 - Loss: 0.5949
2025-04-14 10:51:55,523 - INFO - Epoch 19/40 - Loss: 0.5111
2025-04-14 10:51:55,703 - INFO - Epoch 20/40 - Loss: 0.4197
2025-04-14 10:51:55,886 - INFO - Epoch 21/40 - Loss: 0.3462
2025-04-14 10:51:56,069 - INFO - Epoch 22/40 - Loss: 0.2619
2025-04-14 10:51:56,259 - INFO - Epoch 23/40 - Loss: 0.2318
2025-04-14 10:51:56,459 - INFO - Epoch 24/40 - Loss: 0.2105
2025-04-14 10:51:56,669 - INFO - Epoch 25/40 - Loss: 0.1829
2025-04-14 10:51:56,897 - INFO - Epoch 26/40 - Loss: 0.1689
2025-04-14 10:51:57,125 - INFO - Epoch 27/40 - Loss: 0.1299
2025-04-14 10:51:57,361 - INFO - Epoch 28/40 - Loss: 0.0908
2025-04-14 10:51:57,607 - INFO - Epoch 29/40 - Loss: 0.0695
2025-04-14 10:51:57,863 - INFO - Epoch 30/40 - Loss: 0.0432
2025-04-14 10:51:58,133 - INFO - Epoch 31/40 - Loss: 0.0217
2025-04-14 10:51:58,397 - INFO - Epoch 32/40 - Loss: -0.0392
2025-04-14 10:51:58,661 - INFO - Epoch 33/40 - Loss: -0.0719
2025-04-14 10:51:58,933 - INFO - Epoch 34/40 - Loss: -0.0968
2025-04-14 10:51:59,208 - INFO - Epoch 35/40 - Loss: -0.1147
2025-04-14 10:51:59,479 - INFO - Epoch 36/40 - Loss: -0.1282
2025-04-14 10:51:59,767 - INFO - Epoch 37/40 - Loss: -0.1387
2025-04-14 10:52:00,064 - INFO - Epoch 38/40 - Loss: -0.1369
2025-04-14 10:52:00,369 - INFO - Epoch 39/40 - Loss: -0.1284
2025-04-14 10:52:00,686 - INFO - Epoch 40/40 - Loss: -0.1152
2025-04-14 10:52:01,696 - INFO - Validation R² (Fold 4): 0.9888
2025-04-14 10:52:01,696 - INFO - 
Average R² across folds: 0.9879
2025-04-14 10:52:01,696 - INFO - Best R² across folds: 0.9888
2025-04-14 10:52:01,698 - INFO - 

2025-04-14 10:52:01,699 - INFO - 
Fold 1/4
2025-04-14 10:52:01,887 - INFO - Epoch 1/30 - Loss: 1.0169
2025-04-14 10:52:02,071 - INFO - Epoch 2/30 - Loss: 0.9759
2025-04-14 10:52:02,253 - INFO - Epoch 3/30 - Loss: 0.9345
2025-04-14 10:52:02,435 - INFO - Epoch 4/30 - Loss: 0.8931
2025-04-14 10:52:02,617 - INFO - Epoch 5/30 - Loss: 0.8505
2025-04-14 10:52:02,801 - INFO - Epoch 6/30 - Loss: 0.8054
2025-04-14 10:52:02,983 - INFO - Epoch 7/30 - Loss: 0.7551
2025-04-14 10:52:03,168 - INFO - Epoch 8/30 - Loss: 0.7012
2025-04-14 10:52:03,352 - INFO - Epoch 9/30 - Loss: 0.6382
2025-04-14 10:52:03,534 - INFO - Epoch 10/30 - Loss: 0.5661
2025-04-14 10:52:03,718 - INFO - Epoch 11/30 - Loss: 0.5029
2025-04-14 10:52:03,901 - INFO - Epoch 12/30 - Loss: 0.4477
2025-04-14 10:52:04,083 - INFO - Epoch 13/30 - Loss: 0.3968
2025-04-14 10:52:04,264 - INFO - Epoch 14/30 - Loss: 0.3577
2025-04-14 10:52:04,457 - INFO - Epoch 15/30 - Loss: 0.3523
2025-04-14 10:52:04,640 - INFO - Epoch 16/30 - Loss: 0.3087
2025-04-14 10:52:04,850 - INFO - Epoch 17/30 - Loss: 0.3280
2025-04-14 10:52:05,070 - INFO - Epoch 18/30 - Loss: 0.2998
2025-04-14 10:52:05,294 - INFO - Epoch 19/30 - Loss: 0.2898
2025-04-14 10:52:05,529 - INFO - Epoch 20/30 - Loss: 0.2828
2025-04-14 10:52:05,767 - INFO - Epoch 21/30 - Loss: 0.2621
2025-04-14 10:52:06,018 - INFO - Epoch 22/30 - Loss: 0.2454
2025-04-14 10:52:06,257 - INFO - Epoch 23/30 - Loss: 0.2287
2025-04-14 10:52:06,492 - INFO - Epoch 24/30 - Loss: 0.1928
2025-04-14 10:52:06,710 - INFO - Epoch 25/30 - Loss: 0.1313
2025-04-14 10:52:06,990 - INFO - Epoch 26/30 - Loss: 0.1730
2025-04-14 10:52:07,227 - INFO - Epoch 27/30 - Loss: 0.0879
2025-04-14 10:52:07,495 - INFO - Epoch 28/30 - Loss: 0.1103
2025-04-14 10:52:07,751 - INFO - Epoch 29/30 - Loss: 0.0537
2025-04-14 10:52:08,033 - INFO - Epoch 30/30 - Loss: 0.0791
2025-04-14 10:52:10,284 - INFO - Validation R² (Fold 1): 0.9576
2025-04-14 10:52:10,285 - INFO - 
Fold 2/4
2025-04-14 10:52:10,471 - INFO - Epoch 1/30 - Loss: 1.1450
2025-04-14 10:52:14,306 - INFO - Epoch 2/30 - Loss: 1.0929
2025-04-14 10:52:14,497 - INFO - Epoch 3/30 - Loss: 1.0127
2025-04-14 10:52:14,687 - INFO - Epoch 4/30 - Loss: 0.9647
2025-04-14 10:52:14,876 - INFO - Epoch 5/30 - Loss: 0.9191
2025-04-14 10:52:15,063 - INFO - Epoch 6/30 - Loss: 0.8744
2025-04-14 10:52:15,250 - INFO - Epoch 7/30 - Loss: 0.8302
2025-04-14 10:52:15,435 - INFO - Epoch 8/30 - Loss: 0.7843
2025-04-14 10:52:15,622 - INFO - Epoch 9/30 - Loss: 0.7361
2025-04-14 10:52:15,808 - INFO - Epoch 10/30 - Loss: 0.6852
2025-04-14 10:52:15,993 - INFO - Epoch 11/30 - Loss: 0.6220
2025-04-14 10:52:16,179 - INFO - Epoch 12/30 - Loss: 0.5570
2025-04-14 10:52:16,370 - INFO - Epoch 13/30 - Loss: 0.4858
2025-04-14 10:52:16,556 - INFO - Epoch 14/30 - Loss: 0.4051
2025-04-14 10:52:16,742 - INFO - Epoch 15/30 - Loss: 0.3443
2025-04-14 10:52:16,927 - INFO - Epoch 16/30 - Loss: 0.2841
2025-04-14 10:52:17,115 - INFO - Epoch 17/30 - Loss: 0.2445
2025-04-14 10:52:17,319 - INFO - Epoch 18/30 - Loss: 0.2303
2025-04-14 10:52:17,531 - INFO - Epoch 19/30 - Loss: 0.2154
2025-04-14 10:52:17,749 - INFO - Epoch 20/30 - Loss: 0.2200
2025-04-14 10:52:17,971 - INFO - Epoch 21/30 - Loss: 0.2133
2025-04-14 10:52:18,227 - INFO - Epoch 22/30 - Loss: 0.2291
2025-04-14 10:52:18,491 - INFO - Epoch 23/30 - Loss: 0.2353
2025-04-14 10:52:18,768 - INFO - Epoch 24/30 - Loss: 0.2421
2025-04-14 10:52:19,073 - INFO - Epoch 25/30 - Loss: 0.2541
2025-04-14 10:52:19,393 - INFO - Epoch 26/30 - Loss: 0.2695
2025-04-14 10:52:19,723 - INFO - Epoch 27/30 - Loss: 0.2968
2025-04-14 10:52:20,038 - INFO - Epoch 28/30 - Loss: 0.2939
2025-04-14 10:52:20,382 - INFO - Epoch 29/30 - Loss: 0.3230
2025-04-14 10:52:20,745 - INFO - Epoch 30/30 - Loss: 0.3131
2025-04-14 10:52:22,992 - INFO - Validation R² (Fold 2): 0.9764
2025-04-14 10:52:22,992 - INFO - 
Fold 3/4
2025-04-14 10:52:23,174 - INFO - Epoch 1/30 - Loss: 0.9845
2025-04-14 10:52:23,357 - INFO - Epoch 2/30 - Loss: 0.9463
2025-04-14 10:52:23,538 - INFO - Epoch 3/30 - Loss: 0.9064
2025-04-14 10:52:23,718 - INFO - Epoch 4/30 - Loss: 0.8652
2025-04-14 10:52:23,901 - INFO - Epoch 5/30 - Loss: 0.8212
2025-04-14 10:52:24,081 - INFO - Epoch 6/30 - Loss: 0.7739
2025-04-14 10:52:24,261 - INFO - Epoch 7/30 - Loss: 0.7198
2025-04-14 10:52:24,441 - INFO - Epoch 8/30 - Loss: 0.6638
2025-04-14 10:52:24,620 - INFO - Epoch 9/30 - Loss: 0.6023
2025-04-14 10:52:24,800 - INFO - Epoch 10/30 - Loss: 0.5407
2025-04-14 10:52:24,980 - INFO - Epoch 11/30 - Loss: 0.4844
2025-04-14 10:52:25,160 - INFO - Epoch 12/30 - Loss: 0.4414
2025-04-14 10:52:25,338 - INFO - Epoch 13/30 - Loss: 0.3998
2025-04-14 10:52:25,529 - INFO - Epoch 14/30 - Loss: 0.3814
2025-04-14 10:52:25,709 - INFO - Epoch 15/30 - Loss: 0.3502
2025-04-14 10:52:25,904 - INFO - Epoch 16/30 - Loss: 0.3402
2025-04-14 10:52:26,090 - INFO - Epoch 17/30 - Loss: 0.2939
2025-04-14 10:52:26,277 - INFO - Epoch 18/30 - Loss: 0.2633
2025-04-14 10:52:26,476 - INFO - Epoch 19/30 - Loss: 0.2558
2025-04-14 10:52:26,686 - INFO - Epoch 20/30 - Loss: 0.2174
2025-04-14 10:52:26,896 - INFO - Epoch 21/30 - Loss: 0.1704
2025-04-14 10:52:27,110 - INFO - Epoch 22/30 - Loss: 0.1399
2025-04-14 10:52:27,299 - INFO - Epoch 23/30 - Loss: 0.0627
2025-04-14 10:52:27,504 - INFO - Epoch 24/30 - Loss: 0.0365
2025-04-14 10:52:27,698 - INFO - Epoch 25/30 - Loss: -0.0233
2025-04-14 10:52:27,881 - INFO - Epoch 26/30 - Loss: -0.0811
2025-04-14 10:52:30,383 - INFO - Epoch 27/30 - Loss: 0.3719
2025-04-14 10:52:30,570 - INFO - Epoch 28/30 - Loss: -0.1715
2025-04-14 10:52:30,765 - INFO - Epoch 29/30 - Loss: -0.1673
2025-04-14 10:52:33,268 - INFO - Epoch 30/30 - Loss: 0.4417
2025-04-14 10:52:34,727 - INFO - Validation R² (Fold 3): 0.9361
2025-04-14 10:52:34,727 - INFO - 
Fold 4/4
2025-04-14 10:52:34,911 - INFO - Epoch 1/30 - Loss: 1.0127
2025-04-14 10:52:35,091 - INFO - Epoch 2/30 - Loss: 0.9717
2025-04-14 10:52:35,271 - INFO - Epoch 3/30 - Loss: 0.9312
2025-04-14 10:52:35,450 - INFO - Epoch 4/30 - Loss: 0.8899
2025-04-14 10:52:35,630 - INFO - Epoch 5/30 - Loss: 0.8474
2025-04-14 10:52:35,809 - INFO - Epoch 6/30 - Loss: 0.8028
2025-04-14 10:52:35,988 - INFO - Epoch 7/30 - Loss: 0.7532
2025-04-14 10:52:36,166 - INFO - Epoch 8/30 - Loss: 0.6954
2025-04-14 10:52:36,344 - INFO - Epoch 9/30 - Loss: 0.6371
2025-04-14 10:52:36,524 - INFO - Epoch 10/30 - Loss: 0.5727
2025-04-14 10:52:36,704 - INFO - Epoch 11/30 - Loss: 0.5120
2025-04-14 10:52:36,883 - INFO - Epoch 12/30 - Loss: 0.4580
2025-04-14 10:52:37,061 - INFO - Epoch 13/30 - Loss: 0.4031
2025-04-14 10:52:37,239 - INFO - Epoch 14/30 - Loss: 0.3585
2025-04-14 10:52:37,427 - INFO - Epoch 15/30 - Loss: 0.3401
2025-04-14 10:52:37,613 - INFO - Epoch 16/30 - Loss: 0.3205
2025-04-14 10:52:37,816 - INFO - Epoch 17/30 - Loss: 0.3170
2025-04-14 10:52:38,022 - INFO - Epoch 18/30 - Loss: 0.3003
2025-04-14 10:52:38,232 - INFO - Epoch 19/30 - Loss: 0.2788
2025-04-14 10:52:38,465 - INFO - Epoch 20/30 - Loss: 0.2793
2025-04-14 10:52:38,692 - INFO - Epoch 21/30 - Loss: 0.2525
2025-04-14 10:52:38,925 - INFO - Epoch 22/30 - Loss: 0.2121
2025-04-14 10:52:39,160 - INFO - Epoch 23/30 - Loss: 0.1922
2025-04-14 10:52:39,397 - INFO - Epoch 24/30 - Loss: 0.1706
2025-04-14 10:52:39,608 - INFO - Epoch 25/30 - Loss: 0.0950
2025-04-14 10:52:39,839 - INFO - Epoch 26/30 - Loss: 0.0782
2025-04-14 10:52:40,055 - INFO - Epoch 27/30 - Loss: 0.0100
2025-04-14 10:52:40,278 - INFO - Epoch 28/30 - Loss: -0.0271
2025-04-14 10:52:40,511 - INFO - Epoch 29/30 - Loss: -0.0151
2025-04-14 10:52:40,727 - INFO - Epoch 30/30 - Loss: -0.0958
2025-04-14 10:52:42,974 - INFO - Validation R² (Fold 4): 0.9507
2025-04-14 10:52:42,974 - INFO - 
Average R² across folds: 0.9552
2025-04-14 10:52:42,974 - INFO - Best R² across folds: 0.9764
2025-04-14 10:52:42,977 - INFO - Generated 12464 points with 500m resolution
