2025-04-14 01:20:40,679 - INFO - Logging initialized for city: Kansas
2025-04-14 01:20:40,939 - INFO - Using device: cuda
2025-04-14 01:20:40,940 - INFO - 
Fold 1/4
2025-04-14 01:20:48,065 - INFO - Epoch 1/40 - Loss: 1.4043
2025-04-14 01:20:48,119 - INFO - Epoch 2/40 - Loss: 1.3940
2025-04-14 01:20:48,174 - INFO - Epoch 3/40 - Loss: 1.3874
2025-04-14 01:20:48,228 - INFO - Epoch 4/40 - Loss: 1.3833
2025-04-14 01:20:48,281 - INFO - Epoch 5/40 - Loss: 1.3815
2025-04-14 01:20:48,336 - INFO - Epoch 6/40 - Loss: 1.3816
2025-04-14 01:20:48,391 - INFO - Epoch 7/40 - Loss: 1.3821
2025-04-14 01:20:48,446 - INFO - Epoch 8/40 - Loss: 1.3826
2025-04-14 01:20:48,501 - INFO - Epoch 9/40 - Loss: 1.3833
2025-04-14 01:20:48,556 - INFO - Epoch 10/40 - Loss: 1.3835
2025-04-14 01:20:48,610 - INFO - Epoch 11/40 - Loss: 1.3828
2025-04-14 01:20:48,667 - INFO - Epoch 12/40 - Loss: 1.3813
2025-04-14 01:20:48,724 - INFO - Epoch 13/40 - Loss: 1.3798
2025-04-14 01:20:48,780 - INFO - Epoch 14/40 - Loss: 1.3769
2025-04-14 01:20:48,835 - INFO - Epoch 15/40 - Loss: 1.3742
2025-04-14 01:20:48,892 - INFO - Epoch 16/40 - Loss: 1.3715
2025-04-14 01:20:48,947 - INFO - Epoch 17/40 - Loss: 1.3682
2025-04-14 01:20:49,003 - INFO - Epoch 18/40 - Loss: 1.3645
2025-04-14 01:20:49,058 - INFO - Epoch 19/40 - Loss: 1.3600
2025-04-14 01:20:49,113 - INFO - Epoch 20/40 - Loss: 1.3553
2025-04-14 01:20:49,168 - INFO - Epoch 21/40 - Loss: 1.3483
2025-04-14 01:20:49,223 - INFO - Epoch 22/40 - Loss: 1.3418
2025-04-14 01:20:49,278 - INFO - Epoch 23/40 - Loss: 1.3335
2025-04-14 01:20:49,333 - INFO - Epoch 24/40 - Loss: 1.3224
2025-04-14 01:20:49,388 - INFO - Epoch 25/40 - Loss: 1.3148
2025-04-14 01:20:49,443 - INFO - Epoch 26/40 - Loss: 1.3022
2025-04-14 01:20:49,498 - INFO - Epoch 27/40 - Loss: 1.2865
2025-04-14 01:20:49,554 - INFO - Epoch 28/40 - Loss: 1.2760
2025-04-14 01:20:49,608 - INFO - Epoch 29/40 - Loss: 1.2610
2025-04-14 01:20:49,664 - INFO - Epoch 30/40 - Loss: 1.2494
2025-04-14 01:20:49,719 - INFO - Epoch 31/40 - Loss: 1.2344
2025-04-14 01:20:49,775 - INFO - Epoch 32/40 - Loss: 1.2194
2025-04-14 01:20:49,830 - INFO - Epoch 33/40 - Loss: 1.1960
2025-04-14 01:20:49,885 - INFO - Epoch 34/40 - Loss: 1.1773
2025-04-14 01:20:49,940 - INFO - Epoch 35/40 - Loss: 1.1634
2025-04-14 01:20:49,995 - INFO - Epoch 36/40 - Loss: 1.1492
2025-04-14 01:20:50,051 - INFO - Epoch 37/40 - Loss: 1.1323
2025-04-14 01:20:50,106 - INFO - Epoch 38/40 - Loss: 1.1282
2025-04-14 01:20:50,162 - INFO - Epoch 39/40 - Loss: 1.1052
2025-04-14 01:20:50,217 - INFO - Epoch 40/40 - Loss: 1.1163
2025-04-14 01:20:50,388 - INFO - Validation R² (Fold 1): 0.7721
2025-04-14 01:20:50,388 - INFO - 
Fold 2/4
2025-04-14 01:20:50,444 - INFO - Epoch 1/40 - Loss: 1.6585
2025-04-14 01:20:50,498 - INFO - Epoch 2/40 - Loss: 1.6300
2025-04-14 01:20:50,552 - INFO - Epoch 3/40 - Loss: 1.6069
2025-04-14 01:20:50,606 - INFO - Epoch 4/40 - Loss: 1.5879
2025-04-14 01:20:50,660 - INFO - Epoch 5/40 - Loss: 1.5731
2025-04-14 01:20:50,716 - INFO - Epoch 6/40 - Loss: 1.5614
2025-04-14 01:20:50,774 - INFO - Epoch 7/40 - Loss: 1.5529
2025-04-14 01:20:50,829 - INFO - Epoch 8/40 - Loss: 1.5470
2025-04-14 01:20:50,885 - INFO - Epoch 9/40 - Loss: 1.5415
2025-04-14 01:20:50,940 - INFO - Epoch 10/40 - Loss: 1.5381
2025-04-14 01:20:50,995 - INFO - Epoch 11/40 - Loss: 1.5356
2025-04-14 01:20:51,053 - INFO - Epoch 12/40 - Loss: 1.5334
2025-04-14 01:20:51,107 - INFO - Epoch 13/40 - Loss: 1.5314
2025-04-14 01:20:51,163 - INFO - Epoch 14/40 - Loss: 1.5305
2025-04-14 01:20:51,219 - INFO - Epoch 15/40 - Loss: 1.5287
2025-04-14 01:20:51,274 - INFO - Epoch 16/40 - Loss: 1.5261
2025-04-14 01:20:51,328 - INFO - Epoch 17/40 - Loss: 1.5244
2025-04-14 01:20:51,382 - INFO - Epoch 18/40 - Loss: 1.5213
2025-04-14 01:20:51,437 - INFO - Epoch 19/40 - Loss: 1.5167
2025-04-14 01:20:51,493 - INFO - Epoch 20/40 - Loss: 1.5130
2025-04-14 01:20:51,547 - INFO - Epoch 21/40 - Loss: 1.5041
2025-04-14 01:20:51,602 - INFO - Epoch 22/40 - Loss: 1.5000
2025-04-14 01:20:51,657 - INFO - Epoch 23/40 - Loss: 1.4910
2025-04-14 01:20:51,713 - INFO - Epoch 24/40 - Loss: 1.4825
2025-04-14 01:20:51,768 - INFO - Epoch 25/40 - Loss: 1.4765
2025-04-14 01:20:51,825 - INFO - Epoch 26/40 - Loss: 1.4672
2025-04-14 01:20:51,881 - INFO - Epoch 27/40 - Loss: 1.4598
2025-04-14 01:20:51,936 - INFO - Epoch 28/40 - Loss: 1.4518
2025-04-14 01:20:51,991 - INFO - Epoch 29/40 - Loss: 1.4411
2025-04-14 01:20:52,047 - INFO - Epoch 30/40 - Loss: 1.4300
2025-04-14 01:20:52,101 - INFO - Epoch 31/40 - Loss: 1.4194
2025-04-14 01:20:52,156 - INFO - Epoch 32/40 - Loss: 1.4011
2025-04-14 01:20:52,210 - INFO - Epoch 33/40 - Loss: 1.3827
2025-04-14 01:20:52,266 - INFO - Epoch 34/40 - Loss: 1.3633
2025-04-14 01:20:52,320 - INFO - Epoch 35/40 - Loss: 1.3477
2025-04-14 01:20:52,375 - INFO - Epoch 36/40 - Loss: 1.3268
2025-04-14 01:20:52,430 - INFO - Epoch 37/40 - Loss: 1.3106
2025-04-14 01:20:52,485 - INFO - Epoch 38/40 - Loss: 1.2990
2025-04-14 01:20:52,539 - INFO - Epoch 39/40 - Loss: 1.2938
2025-04-14 01:20:52,594 - INFO - Epoch 40/40 - Loss: 1.2754
2025-04-14 01:20:52,706 - INFO - Validation R² (Fold 2): 0.1729
2025-04-14 01:20:52,706 - INFO - 
Fold 3/4
2025-04-14 01:20:52,764 - INFO - Epoch 1/40 - Loss: 1.5459
2025-04-14 01:20:52,819 - INFO - Epoch 2/40 - Loss: 1.5255
2025-04-14 01:20:52,875 - INFO - Epoch 3/40 - Loss: 1.5096
2025-04-14 01:20:52,930 - INFO - Epoch 4/40 - Loss: 1.4976
2025-04-14 01:20:52,985 - INFO - Epoch 5/40 - Loss: 1.4887
2025-04-14 01:20:53,040 - INFO - Epoch 6/40 - Loss: 1.4826
2025-04-14 01:20:53,095 - INFO - Epoch 7/40 - Loss: 1.4785
2025-04-14 01:20:53,150 - INFO - Epoch 8/40 - Loss: 1.4763
2025-04-14 01:20:53,205 - INFO - Epoch 9/40 - Loss: 1.4752
2025-04-14 01:20:53,259 - INFO - Epoch 10/40 - Loss: 1.4741
2025-04-14 01:20:53,315 - INFO - Epoch 11/40 - Loss: 1.4738
2025-04-14 01:20:53,371 - INFO - Epoch 12/40 - Loss: 1.4733
2025-04-14 01:20:53,426 - INFO - Epoch 13/40 - Loss: 1.4734
2025-04-14 01:20:53,480 - INFO - Epoch 14/40 - Loss: 1.4719
2025-04-14 01:20:53,535 - INFO - Epoch 15/40 - Loss: 1.4709
2025-04-14 01:20:53,589 - INFO - Epoch 16/40 - Loss: 1.4684
2025-04-14 01:20:53,645 - INFO - Epoch 17/40 - Loss: 1.4663
2025-04-14 01:20:53,701 - INFO - Epoch 18/40 - Loss: 1.4620
2025-04-14 01:20:53,757 - INFO - Epoch 19/40 - Loss: 1.4565
2025-04-14 01:20:53,812 - INFO - Epoch 20/40 - Loss: 1.4507
2025-04-14 01:20:53,870 - INFO - Epoch 21/40 - Loss: 1.4429
2025-04-14 01:20:53,925 - INFO - Epoch 22/40 - Loss: 1.4331
2025-04-14 01:20:53,980 - INFO - Epoch 23/40 - Loss: 1.4220
2025-04-14 01:20:54,034 - INFO - Epoch 24/40 - Loss: 1.4122
2025-04-14 01:20:54,090 - INFO - Epoch 25/40 - Loss: 1.4003
2025-04-14 01:20:54,145 - INFO - Epoch 26/40 - Loss: 1.3884
2025-04-14 01:20:54,200 - INFO - Epoch 27/40 - Loss: 1.3770
2025-04-14 01:20:54,255 - INFO - Epoch 28/40 - Loss: 1.3660
2025-04-14 01:20:54,309 - INFO - Epoch 29/40 - Loss: 1.3510
2025-04-14 01:20:54,365 - INFO - Epoch 30/40 - Loss: 1.3419
2025-04-14 01:20:54,421 - INFO - Epoch 31/40 - Loss: 1.3266
2025-04-14 01:20:54,476 - INFO - Epoch 32/40 - Loss: 1.3092
2025-04-14 01:20:54,531 - INFO - Epoch 33/40 - Loss: 1.2921
2025-04-14 01:20:54,585 - INFO - Epoch 34/40 - Loss: 1.2695
2025-04-14 01:20:54,640 - INFO - Epoch 35/40 - Loss: 1.2541
2025-04-14 01:20:54,697 - INFO - Epoch 36/40 - Loss: 1.2319
2025-04-14 01:20:54,753 - INFO - Epoch 37/40 - Loss: 1.2132
2025-04-14 01:20:54,808 - INFO - Epoch 38/40 - Loss: 1.2016
2025-04-14 01:20:54,863 - INFO - Epoch 39/40 - Loss: 1.1890
2025-04-14 01:20:54,919 - INFO - Epoch 40/40 - Loss: 1.1787
2025-04-14 01:20:55,038 - INFO - Validation R² (Fold 3): 0.6497
2025-04-14 01:20:55,038 - INFO - 
Fold 4/4
2025-04-14 01:20:55,095 - INFO - Epoch 1/40 - Loss: 1.4590
2025-04-14 01:20:55,150 - INFO - Epoch 2/40 - Loss: 1.4450
2025-04-14 01:20:55,206 - INFO - Epoch 3/40 - Loss: 1.4344
2025-04-14 01:20:55,261 - INFO - Epoch 4/40 - Loss: 1.4272
2025-04-14 01:20:55,315 - INFO - Epoch 5/40 - Loss: 1.4228
2025-04-14 01:20:55,369 - INFO - Epoch 6/40 - Loss: 1.4203
2025-04-14 01:20:55,423 - INFO - Epoch 7/40 - Loss: 1.4195
2025-04-14 01:20:55,477 - INFO - Epoch 8/40 - Loss: 1.4193
2025-04-14 01:20:55,532 - INFO - Epoch 9/40 - Loss: 1.4196
2025-04-14 01:20:55,587 - INFO - Epoch 10/40 - Loss: 1.4200
2025-04-14 01:20:55,642 - INFO - Epoch 11/40 - Loss: 1.4197
2025-04-14 01:20:55,698 - INFO - Epoch 12/40 - Loss: 1.4187
2025-04-14 01:20:55,754 - INFO - Epoch 13/40 - Loss: 1.4175
2025-04-14 01:20:55,809 - INFO - Epoch 14/40 - Loss: 1.4170
2025-04-14 01:20:55,864 - INFO - Epoch 15/40 - Loss: 1.4132
2025-04-14 01:20:55,920 - INFO - Epoch 16/40 - Loss: 1.4111
2025-04-14 01:20:55,974 - INFO - Epoch 17/40 - Loss: 1.4072
2025-04-14 01:20:56,029 - INFO - Epoch 18/40 - Loss: 1.4023
2025-04-14 01:20:56,084 - INFO - Epoch 19/40 - Loss: 1.3989
2025-04-14 01:20:56,139 - INFO - Epoch 20/40 - Loss: 1.3936
2025-04-14 01:20:56,194 - INFO - Epoch 21/40 - Loss: 1.3877
2025-04-14 01:20:56,251 - INFO - Epoch 22/40 - Loss: 1.3821
2025-04-14 01:20:56,305 - INFO - Epoch 23/40 - Loss: 1.3729
2025-04-14 01:20:56,360 - INFO - Epoch 24/40 - Loss: 1.3684
2025-04-14 01:20:56,415 - INFO - Epoch 25/40 - Loss: 1.3624
2025-04-14 01:20:56,472 - INFO - Epoch 26/40 - Loss: 1.3556
2025-04-14 01:20:56,527 - INFO - Epoch 27/40 - Loss: 1.3470
2025-04-14 01:20:56,581 - INFO - Epoch 28/40 - Loss: 1.3456
2025-04-14 01:20:56,636 - INFO - Epoch 29/40 - Loss: 1.3319
2025-04-14 01:20:56,692 - INFO - Epoch 30/40 - Loss: 1.3230
2025-04-14 01:20:56,748 - INFO - Epoch 31/40 - Loss: 1.3022
2025-04-14 01:20:56,803 - INFO - Epoch 32/40 - Loss: 1.2884
2025-04-14 01:20:56,859 - INFO - Epoch 33/40 - Loss: 1.2602
2025-04-14 01:20:56,916 - INFO - Epoch 34/40 - Loss: 1.2412
2025-04-14 01:20:56,971 - INFO - Epoch 35/40 - Loss: 1.2177
2025-04-14 01:20:57,026 - INFO - Epoch 36/40 - Loss: 1.2058
2025-04-14 01:20:57,080 - INFO - Epoch 37/40 - Loss: 1.1901
2025-04-14 01:20:57,134 - INFO - Epoch 38/40 - Loss: 1.1833
2025-04-14 01:20:57,188 - INFO - Epoch 39/40 - Loss: 1.1794
2025-04-14 01:20:57,243 - INFO - Epoch 40/40 - Loss: 1.1725
2025-04-14 01:20:57,368 - INFO - Validation R² (Fold 4): 0.6715
2025-04-14 01:20:57,368 - INFO - 
Average R² across folds: 0.5666
2025-04-14 01:20:57,368 - INFO - Best R² across folds: 0.7721
2025-04-14 01:20:57,370 - INFO - 

2025-04-14 01:20:57,371 - INFO - 
Fold 1/4
2025-04-14 01:20:57,432 - INFO - Epoch 1/30 - Loss: 1.3969
2025-04-14 01:20:57,488 - INFO - Epoch 2/30 - Loss: 1.3803
2025-04-14 01:20:57,543 - INFO - Epoch 3/30 - Loss: 1.3697
2025-04-14 01:20:57,598 - INFO - Epoch 4/30 - Loss: 1.3620
2025-04-14 01:20:57,655 - INFO - Epoch 5/30 - Loss: 1.3574
2025-04-14 01:20:57,711 - INFO - Epoch 6/30 - Loss: 1.3536
2025-04-14 01:20:57,767 - INFO - Epoch 7/30 - Loss: 1.3453
2025-04-14 01:20:57,823 - INFO - Epoch 8/30 - Loss: 1.3358
2025-04-14 01:20:57,880 - INFO - Epoch 9/30 - Loss: 1.3216
2025-04-14 01:20:57,935 - INFO - Epoch 10/30 - Loss: 1.3002
2025-04-14 01:20:57,991 - INFO - Epoch 11/30 - Loss: 1.2679
2025-04-14 01:20:58,047 - INFO - Epoch 12/30 - Loss: 1.2328
2025-04-14 01:20:58,103 - INFO - Epoch 13/30 - Loss: 1.2066
2025-04-14 01:20:58,162 - INFO - Epoch 14/30 - Loss: 1.2222
2025-04-14 01:20:58,226 - INFO - Epoch 15/30 - Loss: 1.2461
2025-04-14 01:20:58,290 - INFO - Epoch 16/30 - Loss: 1.2399
2025-04-14 01:20:58,361 - INFO - Epoch 17/30 - Loss: 1.2969
2025-04-14 01:20:58,444 - INFO - Epoch 18/30 - Loss: 1.3846
2025-04-14 01:20:58,539 - INFO - Epoch 19/30 - Loss: 1.4591
2025-04-14 01:20:58,650 - INFO - Epoch 20/30 - Loss: 1.5669
2025-04-14 01:20:58,762 - INFO - Epoch 21/30 - Loss: 1.6397
2025-04-14 01:20:58,874 - INFO - Epoch 22/30 - Loss: 1.6685
2025-04-14 01:20:59,003 - INFO - Epoch 23/30 - Loss: 1.7595
2025-04-14 01:20:59,152 - INFO - Epoch 24/30 - Loss: 1.8552
2025-04-14 01:20:59,290 - INFO - Epoch 25/30 - Loss: 1.8533
2025-04-14 01:20:59,448 - INFO - Epoch 26/30 - Loss: 1.9355
2025-04-14 01:20:59,617 - INFO - Epoch 27/30 - Loss: 1.9883
2025-04-14 01:20:59,793 - INFO - Epoch 28/30 - Loss: 2.0289
2025-04-14 01:20:59,970 - INFO - Epoch 29/30 - Loss: 2.0444
2025-04-14 01:21:00,172 - INFO - Epoch 30/30 - Loss: 2.0850
2025-04-14 01:21:00,802 - INFO - Validation R² (Fold 1): 0.6840
2025-04-14 01:21:00,803 - INFO - 
Fold 2/4
2025-04-14 01:21:00,862 - INFO - Epoch 1/30 - Loss: 1.6148
2025-04-14 01:21:00,919 - INFO - Epoch 2/30 - Loss: 1.5752
2025-04-14 01:21:00,974 - INFO - Epoch 3/30 - Loss: 1.5422
2025-04-14 01:21:01,030 - INFO - Epoch 4/30 - Loss: 1.5174
2025-04-14 01:21:01,086 - INFO - Epoch 5/30 - Loss: 1.4946
2025-04-14 01:21:01,141 - INFO - Epoch 6/30 - Loss: 1.4727
2025-04-14 01:21:01,195 - INFO - Epoch 7/30 - Loss: 1.4528
2025-04-14 01:21:01,252 - INFO - Epoch 8/30 - Loss: 1.4327
2025-04-14 01:21:01,307 - INFO - Epoch 9/30 - Loss: 1.4103
2025-04-14 01:21:01,363 - INFO - Epoch 10/30 - Loss: 1.3783
2025-04-14 01:21:01,419 - INFO - Epoch 11/30 - Loss: 1.3638
2025-04-14 01:21:01,478 - INFO - Epoch 12/30 - Loss: 1.3525
2025-04-14 01:21:01,537 - INFO - Epoch 13/30 - Loss: 1.3479
2025-04-14 01:21:01,599 - INFO - Epoch 14/30 - Loss: 1.3666
2025-04-14 01:21:01,662 - INFO - Epoch 15/30 - Loss: 1.3649
2025-04-14 01:21:01,733 - INFO - Epoch 16/30 - Loss: 1.4133
2025-04-14 01:21:01,806 - INFO - Epoch 17/30 - Loss: 1.4421
2025-04-14 01:21:01,881 - INFO - Epoch 18/30 - Loss: 1.4947
2025-04-14 01:21:01,962 - INFO - Epoch 19/30 - Loss: 1.5303
2025-04-14 01:21:02,052 - INFO - Epoch 20/30 - Loss: 1.5859
2025-04-14 01:21:02,150 - INFO - Epoch 21/30 - Loss: 1.6508
2025-04-14 01:21:02,247 - INFO - Epoch 22/30 - Loss: 1.6822
2025-04-14 01:21:02,347 - INFO - Epoch 23/30 - Loss: 1.6993
2025-04-14 01:21:02,449 - INFO - Epoch 24/30 - Loss: 1.7237
2025-04-14 01:21:02,565 - INFO - Epoch 25/30 - Loss: 1.7753
2025-04-14 01:21:02,693 - INFO - Epoch 26/30 - Loss: 1.8370
2025-04-14 01:21:02,819 - INFO - Epoch 27/30 - Loss: 1.8139
2025-04-14 01:21:02,946 - INFO - Epoch 28/30 - Loss: 1.8028
2025-04-14 01:21:03,077 - INFO - Epoch 29/30 - Loss: 1.8400
2025-04-14 01:21:03,212 - INFO - Epoch 30/30 - Loss: 1.8432
2025-04-14 01:21:03,841 - INFO - Validation R² (Fold 2): 0.0892
2025-04-14 01:21:03,841 - INFO - 
Fold 3/4
2025-04-14 01:21:03,899 - INFO - Epoch 1/30 - Loss: 1.5461
2025-04-14 01:21:03,954 - INFO - Epoch 2/30 - Loss: 1.5198
2025-04-14 01:21:04,010 - INFO - Epoch 3/30 - Loss: 1.4920
2025-04-14 01:21:04,066 - INFO - Epoch 4/30 - Loss: 1.4704
2025-04-14 01:21:04,121 - INFO - Epoch 5/30 - Loss: 1.4544
2025-04-14 01:21:04,176 - INFO - Epoch 6/30 - Loss: 1.4425
2025-04-14 01:21:04,231 - INFO - Epoch 7/30 - Loss: 1.4324
2025-04-14 01:21:04,286 - INFO - Epoch 8/30 - Loss: 1.4226
2025-04-14 01:21:04,342 - INFO - Epoch 9/30 - Loss: 1.4108
2025-04-14 01:21:04,397 - INFO - Epoch 10/30 - Loss: 1.3989
2025-04-14 01:21:04,454 - INFO - Epoch 11/30 - Loss: 1.3796
2025-04-14 01:21:04,509 - INFO - Epoch 12/30 - Loss: 1.3580
2025-04-14 01:21:04,565 - INFO - Epoch 13/30 - Loss: 1.3427
2025-04-14 01:21:04,620 - INFO - Epoch 14/30 - Loss: 1.3164
2025-04-14 01:21:04,677 - INFO - Epoch 15/30 - Loss: 1.2959
2025-04-14 01:21:04,740 - INFO - Epoch 16/30 - Loss: 1.3240
2025-04-14 01:21:04,804 - INFO - Epoch 17/30 - Loss: 1.3292
2025-04-14 01:21:04,870 - INFO - Epoch 18/30 - Loss: 1.3370
2025-04-14 01:21:04,942 - INFO - Epoch 19/30 - Loss: 1.3885
2025-04-14 01:21:05,025 - INFO - Epoch 20/30 - Loss: 1.4668
2025-04-14 01:21:05,110 - INFO - Epoch 21/30 - Loss: 1.4989
2025-04-14 01:21:05,196 - INFO - Epoch 22/30 - Loss: 1.5175
2025-04-14 01:21:05,283 - INFO - Epoch 23/30 - Loss: 1.5465
2025-04-14 01:21:05,377 - INFO - Epoch 24/30 - Loss: 1.5923
2025-04-14 01:21:05,474 - INFO - Epoch 25/30 - Loss: 1.6263
2025-04-14 01:21:05,575 - INFO - Epoch 26/30 - Loss: 1.6521
2025-04-14 01:21:05,671 - INFO - Epoch 27/30 - Loss: 1.6511
2025-04-14 01:21:05,780 - INFO - Epoch 28/30 - Loss: 1.6744
2025-04-14 01:21:05,892 - INFO - Epoch 29/30 - Loss: 1.6889
2025-04-14 01:21:06,012 - INFO - Epoch 30/30 - Loss: 1.6999
2025-04-14 01:21:06,643 - INFO - Validation R² (Fold 3): 0.6500
2025-04-14 01:21:06,643 - INFO - 
Fold 4/4
2025-04-14 01:21:06,701 - INFO - Epoch 1/30 - Loss: 1.4277
2025-04-14 01:21:06,758 - INFO - Epoch 2/30 - Loss: 1.4108
2025-04-14 01:21:06,816 - INFO - Epoch 3/30 - Loss: 1.3989
2025-04-14 01:21:06,874 - INFO - Epoch 4/30 - Loss: 1.3897
2025-04-14 01:21:06,930 - INFO - Epoch 5/30 - Loss: 1.3819
2025-04-14 01:21:06,985 - INFO - Epoch 6/30 - Loss: 1.3774
2025-04-14 01:21:07,041 - INFO - Epoch 7/30 - Loss: 1.3666
2025-04-14 01:21:07,097 - INFO - Epoch 8/30 - Loss: 1.3540
2025-04-14 01:21:07,153 - INFO - Epoch 9/30 - Loss: 1.3377
2025-04-14 01:21:07,209 - INFO - Epoch 10/30 - Loss: 1.3111
2025-04-14 01:21:07,265 - INFO - Epoch 11/30 - Loss: 1.2893
2025-04-14 01:21:07,323 - INFO - Epoch 12/30 - Loss: 1.2717
2025-04-14 01:21:07,380 - INFO - Epoch 13/30 - Loss: 1.2536
2025-04-14 01:21:07,449 - INFO - Epoch 14/30 - Loss: 1.3359
2025-04-14 01:21:07,519 - INFO - Epoch 15/30 - Loss: 1.3599
2025-04-14 01:21:07,591 - INFO - Epoch 16/30 - Loss: 1.3914
2025-04-14 01:21:07,671 - INFO - Epoch 17/30 - Loss: 1.4668
2025-04-14 01:21:07,755 - INFO - Epoch 18/30 - Loss: 1.4891
2025-04-14 01:21:07,859 - INFO - Epoch 19/30 - Loss: 1.6044
2025-04-14 01:21:07,971 - INFO - Epoch 20/30 - Loss: 1.7000
2025-04-14 01:21:08,079 - INFO - Epoch 21/30 - Loss: 1.7305
2025-04-14 01:21:08,206 - INFO - Epoch 22/30 - Loss: 1.7868
2025-04-14 01:21:08,348 - INFO - Epoch 23/30 - Loss: 1.8686
2025-04-14 01:21:08,504 - INFO - Epoch 24/30 - Loss: 1.9533
2025-04-14 01:21:08,683 - INFO - Epoch 25/30 - Loss: 2.0245
2025-04-14 01:21:08,872 - INFO - Epoch 26/30 - Loss: 2.0650
2025-04-14 01:21:09,059 - INFO - Epoch 27/30 - Loss: 2.1317
2025-04-14 01:21:09,249 - INFO - Epoch 28/30 - Loss: 2.1168
2025-04-14 01:21:09,453 - INFO - Epoch 29/30 - Loss: 2.1902
2025-04-14 01:21:09,681 - INFO - Epoch 30/30 - Loss: 2.2316
2025-04-14 01:21:10,312 - INFO - Validation R² (Fold 4): 0.2332
2025-04-14 01:21:10,312 - INFO - 
Average R² across folds: 0.4141
2025-04-14 01:21:10,313 - INFO - Best R² across folds: 0.6840
2025-04-14 01:21:10,315 - INFO - Generated 5050 points with 300m resolution
