2025-04-14 12:24:20,501 - INFO - Logging initialized for city: Las Vegas
2025-04-14 12:24:20,532 - INFO - Original dataset size: 43764. Randomly selecting 20000 samples.
2025-04-14 12:24:20,746 - INFO - Using device: cuda
2025-04-14 12:24:20,748 - INFO - 
Fold 1/4
2025-04-14 12:24:25,189 - INFO - Epoch 1/40 - Loss: 0.8929
2025-04-14 12:24:25,367 - INFO - Epoch 2/40 - Loss: 0.8622
2025-04-14 12:24:25,545 - INFO - Epoch 3/40 - Loss: 0.8309
2025-04-14 12:24:25,724 - INFO - Epoch 4/40 - Loss: 0.7986
2025-04-14 12:24:25,903 - INFO - Epoch 5/40 - Loss: 0.7658
2025-04-14 12:24:26,083 - INFO - Epoch 6/40 - Loss: 0.7325
2025-04-14 12:24:26,262 - INFO - Epoch 7/40 - Loss: 0.6994
2025-04-14 12:24:26,441 - INFO - Epoch 8/40 - Loss: 0.6667
2025-04-14 12:24:26,620 - INFO - Epoch 9/40 - Loss: 0.6344
2025-04-14 12:24:26,801 - INFO - Epoch 10/40 - Loss: 0.6029
2025-04-14 12:24:26,981 - INFO - Epoch 11/40 - Loss: 0.5722
2025-04-14 12:24:27,159 - INFO - Epoch 12/40 - Loss: 0.5414
2025-04-14 12:24:27,337 - INFO - Epoch 13/40 - Loss: 0.5109
2025-04-14 12:24:27,516 - INFO - Epoch 14/40 - Loss: 0.4805
2025-04-14 12:24:27,696 - INFO - Epoch 15/40 - Loss: 0.4491
2025-04-14 12:24:27,876 - INFO - Epoch 16/40 - Loss: 0.4132
2025-04-14 12:24:28,055 - INFO - Epoch 17/40 - Loss: 0.3747
2025-04-14 12:24:28,234 - INFO - Epoch 18/40 - Loss: 0.3264
2025-04-14 12:24:28,412 - INFO - Epoch 19/40 - Loss: 0.2777
2025-04-14 12:24:28,594 - INFO - Epoch 20/40 - Loss: 0.2154
2025-04-14 12:24:28,775 - INFO - Epoch 21/40 - Loss: 0.1472
2025-04-14 12:24:28,956 - INFO - Epoch 22/40 - Loss: 0.0765
2025-04-14 12:24:29,140 - INFO - Epoch 23/40 - Loss: 0.0264
2025-04-14 12:24:29,329 - INFO - Epoch 24/40 - Loss: -0.0206
2025-04-14 12:24:29,535 - INFO - Epoch 25/40 - Loss: -0.0333
2025-04-14 12:24:29,746 - INFO - Epoch 26/40 - Loss: -0.0818
2025-04-14 12:24:29,959 - INFO - Epoch 27/40 - Loss: -0.1197
2025-04-14 12:24:30,183 - INFO - Epoch 28/40 - Loss: -0.1379
2025-04-14 12:24:30,416 - INFO - Epoch 29/40 - Loss: -0.1572
2025-04-14 12:24:30,647 - INFO - Epoch 30/40 - Loss: -0.1937
2025-04-14 12:24:30,900 - INFO - Epoch 31/40 - Loss: -0.1897
2025-04-14 12:24:31,154 - INFO - Epoch 32/40 - Loss: -0.2018
2025-04-14 12:24:31,420 - INFO - Epoch 33/40 - Loss: -0.2101
2025-04-14 12:24:31,688 - INFO - Epoch 34/40 - Loss: -0.2119
2025-04-14 12:24:31,967 - INFO - Epoch 35/40 - Loss: -0.2125
2025-04-14 12:24:32,246 - INFO - Epoch 36/40 - Loss: -0.2066
2025-04-14 12:24:32,550 - INFO - Epoch 37/40 - Loss: -0.1612
2025-04-14 12:24:32,852 - INFO - Epoch 38/40 - Loss: -0.1550
2025-04-14 12:24:33,167 - INFO - Epoch 39/40 - Loss: -0.1199
2025-04-14 12:24:33,485 - INFO - Epoch 40/40 - Loss: -0.1035
2025-04-14 12:24:34,745 - INFO - Validation R² (Fold 1): 0.9817
2025-04-14 12:24:34,745 - INFO - 
Fold 2/4
2025-04-14 12:24:34,926 - INFO - Epoch 1/40 - Loss: 0.8903
2025-04-14 12:24:35,106 - INFO - Epoch 2/40 - Loss: 0.8596
2025-04-14 12:24:35,287 - INFO - Epoch 3/40 - Loss: 0.8282
2025-04-14 12:24:35,467 - INFO - Epoch 4/40 - Loss: 0.7960
2025-04-14 12:24:35,646 - INFO - Epoch 5/40 - Loss: 0.7632
2025-04-14 12:24:35,827 - INFO - Epoch 6/40 - Loss: 0.7301
2025-04-14 12:24:36,006 - INFO - Epoch 7/40 - Loss: 0.6969
2025-04-14 12:24:36,186 - INFO - Epoch 8/40 - Loss: 0.6637
2025-04-14 12:24:36,366 - INFO - Epoch 9/40 - Loss: 0.6315
2025-04-14 12:24:36,546 - INFO - Epoch 10/40 - Loss: 0.5997
2025-04-14 12:24:36,726 - INFO - Epoch 11/40 - Loss: 0.5684
2025-04-14 12:24:36,906 - INFO - Epoch 12/40 - Loss: 0.5381
2025-04-14 12:24:37,087 - INFO - Epoch 13/40 - Loss: 0.5074
2025-04-14 12:24:37,267 - INFO - Epoch 14/40 - Loss: 0.4769
2025-04-14 12:24:37,447 - INFO - Epoch 15/40 - Loss: 0.4436
2025-04-14 12:24:37,626 - INFO - Epoch 16/40 - Loss: 0.4102
2025-04-14 12:24:37,805 - INFO - Epoch 17/40 - Loss: 0.3709
2025-04-14 12:24:37,985 - INFO - Epoch 18/40 - Loss: 0.3290
2025-04-14 12:24:38,166 - INFO - Epoch 19/40 - Loss: 0.2745
2025-04-14 12:24:38,347 - INFO - Epoch 20/40 - Loss: 0.2154
2025-04-14 12:24:38,527 - INFO - Epoch 21/40 - Loss: 0.1444
2025-04-14 12:24:38,707 - INFO - Epoch 22/40 - Loss: 0.0771
2025-04-14 12:24:38,889 - INFO - Epoch 23/40 - Loss: 0.0141
2025-04-14 12:24:39,083 - INFO - Epoch 24/40 - Loss: -0.0191
2025-04-14 12:24:39,278 - INFO - Epoch 25/40 - Loss: -0.0669
2025-04-14 12:24:39,487 - INFO - Epoch 26/40 - Loss: -0.0774
2025-04-14 12:24:39,701 - INFO - Epoch 27/40 - Loss: -0.1176
2025-04-14 12:24:39,937 - INFO - Epoch 28/40 - Loss: -0.1254
2025-04-14 12:24:40,165 - INFO - Epoch 29/40 - Loss: -0.1725
2025-04-14 12:24:40,406 - INFO - Epoch 30/40 - Loss: -0.1781
2025-04-14 12:24:40,653 - INFO - Epoch 31/40 - Loss: -0.1993
2025-04-14 12:24:40,915 - INFO - Epoch 32/40 - Loss: -0.2062
2025-04-14 12:24:41,189 - INFO - Epoch 33/40 - Loss: -0.1929
2025-04-14 12:24:41,469 - INFO - Epoch 34/40 - Loss: -0.2011
2025-04-14 12:24:41,747 - INFO - Epoch 35/40 - Loss: -0.2003
2025-04-14 12:24:42,032 - INFO - Epoch 36/40 - Loss: -0.2007
2025-04-14 12:24:42,317 - INFO - Epoch 37/40 - Loss: -0.1858
2025-04-14 12:24:42,616 - INFO - Epoch 38/40 - Loss: -0.1600
2025-04-14 12:24:42,935 - INFO - Epoch 39/40 - Loss: -0.1228
2025-04-14 12:24:43,263 - INFO - Epoch 40/40 - Loss: -0.0907
2025-04-14 12:24:44,498 - INFO - Validation R² (Fold 2): 0.9819
2025-04-14 12:24:44,499 - INFO - 
Fold 3/4
2025-04-14 12:24:44,681 - INFO - Epoch 1/40 - Loss: 0.8954
2025-04-14 12:24:44,862 - INFO - Epoch 2/40 - Loss: 0.8647
2025-04-14 12:24:45,042 - INFO - Epoch 3/40 - Loss: 0.8333
2025-04-14 12:24:45,224 - INFO - Epoch 4/40 - Loss: 0.8010
2025-04-14 12:24:45,403 - INFO - Epoch 5/40 - Loss: 0.7682
2025-04-14 12:24:45,587 - INFO - Epoch 6/40 - Loss: 0.7350
2025-04-14 12:24:45,767 - INFO - Epoch 7/40 - Loss: 0.7017
2025-04-14 12:24:45,948 - INFO - Epoch 8/40 - Loss: 0.6688
2025-04-14 12:24:46,126 - INFO - Epoch 9/40 - Loss: 0.6364
2025-04-14 12:24:46,306 - INFO - Epoch 10/40 - Loss: 0.6045
2025-04-14 12:24:46,487 - INFO - Epoch 11/40 - Loss: 0.5737
2025-04-14 12:24:46,670 - INFO - Epoch 12/40 - Loss: 0.5425
2025-04-14 12:24:46,853 - INFO - Epoch 13/40 - Loss: 0.5123
2025-04-14 12:24:47,035 - INFO - Epoch 14/40 - Loss: 0.4811
2025-04-14 12:24:47,216 - INFO - Epoch 15/40 - Loss: 0.4504
2025-04-14 12:24:47,397 - INFO - Epoch 16/40 - Loss: 0.4155
2025-04-14 12:24:47,578 - INFO - Epoch 17/40 - Loss: 0.3741
2025-04-14 12:24:47,761 - INFO - Epoch 18/40 - Loss: 0.3306
2025-04-14 12:24:47,944 - INFO - Epoch 19/40 - Loss: 0.2790
2025-04-14 12:24:48,124 - INFO - Epoch 20/40 - Loss: 0.2178
2025-04-14 12:24:48,305 - INFO - Epoch 21/40 - Loss: 0.1506
2025-04-14 12:24:48,486 - INFO - Epoch 22/40 - Loss: 0.0730
2025-04-14 12:24:48,668 - INFO - Epoch 23/40 - Loss: 0.0128
2025-04-14 12:24:48,846 - INFO - Epoch 24/40 - Loss: -0.0449
2025-04-14 12:24:49,055 - INFO - Epoch 25/40 - Loss: -0.0564
2025-04-14 12:24:49,272 - INFO - Epoch 26/40 - Loss: -0.0837
2025-04-14 12:24:49,496 - INFO - Epoch 27/40 - Loss: -0.1214
2025-04-14 12:24:49,726 - INFO - Epoch 28/40 - Loss: -0.1403
2025-04-14 12:24:49,969 - INFO - Epoch 29/40 - Loss: -0.1560
2025-04-14 12:24:50,218 - INFO - Epoch 30/40 - Loss: -0.1636
2025-04-14 12:24:50,457 - INFO - Epoch 31/40 - Loss: -0.2097
2025-04-14 12:24:50,704 - INFO - Epoch 32/40 - Loss: -0.2088
2025-04-14 12:24:50,958 - INFO - Epoch 33/40 - Loss: -0.2319
2025-04-14 12:24:51,228 - INFO - Epoch 34/40 - Loss: -0.2230
2025-04-14 12:24:51,494 - INFO - Epoch 35/40 - Loss: -0.2310
2025-04-14 12:24:51,779 - INFO - Epoch 36/40 - Loss: -0.2143
2025-04-14 12:24:52,072 - INFO - Epoch 37/40 - Loss: -0.1817
2025-04-14 12:24:52,360 - INFO - Epoch 38/40 - Loss: -0.1685
2025-04-14 12:24:52,679 - INFO - Epoch 39/40 - Loss: -0.1207
2025-04-14 12:24:52,984 - INFO - Epoch 40/40 - Loss: -0.1128
2025-04-14 12:24:54,245 - INFO - Validation R² (Fold 3): 0.9815
2025-04-14 12:24:54,245 - INFO - 
Fold 4/4
2025-04-14 12:24:54,427 - INFO - Epoch 1/40 - Loss: 0.8911
2025-04-14 12:24:54,604 - INFO - Epoch 2/40 - Loss: 0.8606
2025-04-14 12:24:54,781 - INFO - Epoch 3/40 - Loss: 0.8290
2025-04-14 12:24:54,965 - INFO - Epoch 4/40 - Loss: 0.7970
2025-04-14 12:24:55,145 - INFO - Epoch 5/40 - Loss: 0.7644
2025-04-14 12:24:55,322 - INFO - Epoch 6/40 - Loss: 0.7312
2025-04-14 12:24:55,504 - INFO - Epoch 7/40 - Loss: 0.6983
2025-04-14 12:24:55,685 - INFO - Epoch 8/40 - Loss: 0.6651
2025-04-14 12:24:55,863 - INFO - Epoch 9/40 - Loss: 0.6328
2025-04-14 12:24:56,043 - INFO - Epoch 10/40 - Loss: 0.6008
2025-04-14 12:24:56,225 - INFO - Epoch 11/40 - Loss: 0.5698
2025-04-14 12:24:56,405 - INFO - Epoch 12/40 - Loss: 0.5389
2025-04-14 12:24:56,587 - INFO - Epoch 13/40 - Loss: 0.5087
2025-04-14 12:24:56,767 - INFO - Epoch 14/40 - Loss: 0.4775
2025-04-14 12:24:56,947 - INFO - Epoch 15/40 - Loss: 0.4459
2025-04-14 12:24:57,126 - INFO - Epoch 16/40 - Loss: 0.4108
2025-04-14 12:24:57,306 - INFO - Epoch 17/40 - Loss: 0.3720
2025-04-14 12:24:57,485 - INFO - Epoch 18/40 - Loss: 0.3260
2025-04-14 12:24:57,664 - INFO - Epoch 19/40 - Loss: 0.2698
2025-04-14 12:24:57,843 - INFO - Epoch 20/40 - Loss: 0.2109
2025-04-14 12:24:58,023 - INFO - Epoch 21/40 - Loss: 0.1404
2025-04-14 12:24:58,201 - INFO - Epoch 22/40 - Loss: 0.0686
2025-04-14 12:24:58,385 - INFO - Epoch 23/40 - Loss: 0.0136
2025-04-14 12:24:58,574 - INFO - Epoch 24/40 - Loss: -0.0382
2025-04-14 12:24:58,776 - INFO - Epoch 25/40 - Loss: -0.0586
2025-04-14 12:24:58,986 - INFO - Epoch 26/40 - Loss: -0.0899
2025-04-14 12:24:59,198 - INFO - Epoch 27/40 - Loss: -0.1239
2025-04-14 12:24:59,419 - INFO - Epoch 28/40 - Loss: -0.1531
2025-04-14 12:24:59,655 - INFO - Epoch 29/40 - Loss: -0.1596
2025-04-14 12:24:59,902 - INFO - Epoch 30/40 - Loss: -0.1760
2025-04-14 12:25:00,154 - INFO - Epoch 31/40 - Loss: -0.2012
2025-04-14 12:25:00,416 - INFO - Epoch 32/40 - Loss: -0.2092
2025-04-14 12:25:00,687 - INFO - Epoch 33/40 - Loss: -0.2045
2025-04-14 12:25:00,974 - INFO - Epoch 34/40 - Loss: -0.1921
2025-04-14 12:25:01,252 - INFO - Epoch 35/40 - Loss: -0.2126
2025-04-14 12:25:01,546 - INFO - Epoch 36/40 - Loss: -0.1863
2025-04-14 12:25:01,842 - INFO - Epoch 37/40 - Loss: -0.1701
2025-04-14 12:25:02,153 - INFO - Epoch 38/40 - Loss: -0.1372
2025-04-14 12:25:02,476 - INFO - Epoch 39/40 - Loss: -0.1105
2025-04-14 12:25:02,813 - INFO - Epoch 40/40 - Loss: -0.0872
2025-04-14 12:25:04,179 - INFO - Validation R² (Fold 4): 0.9807
2025-04-14 12:25:04,179 - INFO - 
Average R² across folds: 0.9814
2025-04-14 12:25:04,179 - INFO - Best R² across folds: 0.9819
2025-04-14 12:25:04,181 - INFO - 

2025-04-14 12:25:04,182 - INFO - 
Fold 1/4
2025-04-14 12:25:04,365 - INFO - Epoch 1/30 - Loss: 0.8679
2025-04-14 12:25:04,545 - INFO - Epoch 2/30 - Loss: 0.8265
2025-04-14 12:25:04,727 - INFO - Epoch 3/30 - Loss: 0.7895
2025-04-14 12:25:04,908 - INFO - Epoch 4/30 - Loss: 0.7541
2025-04-14 12:25:05,088 - INFO - Epoch 5/30 - Loss: 0.7188
2025-04-14 12:25:05,266 - INFO - Epoch 6/30 - Loss: 0.6830
2025-04-14 12:25:05,449 - INFO - Epoch 7/30 - Loss: 0.6474
2025-04-14 12:25:05,629 - INFO - Epoch 8/30 - Loss: 0.6093
2025-04-14 12:25:05,808 - INFO - Epoch 9/30 - Loss: 0.5670
2025-04-14 12:25:05,990 - INFO - Epoch 10/30 - Loss: 0.5225
2025-04-14 12:25:06,173 - INFO - Epoch 11/30 - Loss: 0.4734
2025-04-14 12:25:06,353 - INFO - Epoch 12/30 - Loss: 0.4255
2025-04-14 12:25:06,535 - INFO - Epoch 13/30 - Loss: 0.3729
2025-04-14 12:25:06,716 - INFO - Epoch 14/30 - Loss: 0.3248
2025-04-14 12:25:06,896 - INFO - Epoch 15/30 - Loss: 0.2870
2025-04-14 12:25:07,077 - INFO - Epoch 16/30 - Loss: 0.2515
2025-04-14 12:25:07,259 - INFO - Epoch 17/30 - Loss: 0.2191
2025-04-14 12:25:07,440 - INFO - Epoch 18/30 - Loss: 0.1845
2025-04-14 12:25:07,631 - INFO - Epoch 19/30 - Loss: 0.1504
2025-04-14 12:25:07,819 - INFO - Epoch 20/30 - Loss: 0.0983
2025-04-14 12:25:08,000 - INFO - Epoch 21/30 - Loss: 0.0482
2025-04-14 12:25:08,185 - INFO - Epoch 22/30 - Loss: 0.0130
2025-04-14 12:25:08,368 - INFO - Epoch 23/30 - Loss: -0.0422
2025-04-14 12:25:08,549 - INFO - Epoch 24/30 - Loss: -0.0919
2025-04-14 12:25:08,729 - INFO - Epoch 25/30 - Loss: -0.1292
2025-04-14 12:25:08,911 - INFO - Epoch 26/30 - Loss: -0.1728
2025-04-14 12:25:09,091 - INFO - Epoch 27/30 - Loss: -0.2077
2025-04-14 12:25:09,273 - INFO - Epoch 28/30 - Loss: -0.2438
2025-04-14 12:25:09,453 - INFO - Epoch 29/30 - Loss: -0.2895
2025-04-14 12:25:09,636 - INFO - Epoch 30/30 - Loss: -0.3232
2025-04-14 12:25:11,459 - INFO - Validation R² (Fold 1): 0.9609
2025-04-14 12:25:11,460 - INFO - 
Fold 2/4
2025-04-14 12:25:11,643 - INFO - Epoch 1/30 - Loss: 0.8416
2025-04-14 12:25:11,823 - INFO - Epoch 2/30 - Loss: 0.8081
2025-04-14 12:25:12,004 - INFO - Epoch 3/30 - Loss: 0.7745
2025-04-14 12:25:12,185 - INFO - Epoch 4/30 - Loss: 0.7405
2025-04-14 12:25:12,369 - INFO - Epoch 5/30 - Loss: 0.7042
2025-04-14 12:25:12,552 - INFO - Epoch 6/30 - Loss: 0.6668
2025-04-14 12:25:12,734 - INFO - Epoch 7/30 - Loss: 0.6260
2025-04-14 12:25:12,917 - INFO - Epoch 8/30 - Loss: 0.5852
2025-04-14 12:25:13,099 - INFO - Epoch 9/30 - Loss: 0.5404
2025-04-14 12:25:13,278 - INFO - Epoch 10/30 - Loss: 0.4958
2025-04-14 12:25:13,459 - INFO - Epoch 11/30 - Loss: 0.4468
2025-04-14 12:25:13,644 - INFO - Epoch 12/30 - Loss: 0.4067
2025-04-14 12:25:13,826 - INFO - Epoch 13/30 - Loss: 0.3695
2025-04-14 12:25:14,007 - INFO - Epoch 14/30 - Loss: 0.3381
2025-04-14 12:25:14,188 - INFO - Epoch 15/30 - Loss: 0.2936
2025-04-14 12:25:14,370 - INFO - Epoch 16/30 - Loss: 0.2550
2025-04-14 12:25:14,553 - INFO - Epoch 17/30 - Loss: 0.2132
2025-04-14 12:25:14,735 - INFO - Epoch 18/30 - Loss: 0.1651
2025-04-14 12:25:14,917 - INFO - Epoch 19/30 - Loss: 0.1246
2025-04-14 12:25:15,100 - INFO - Epoch 20/30 - Loss: 0.0788
2025-04-14 12:25:15,280 - INFO - Epoch 21/30 - Loss: 0.0365
2025-04-14 12:25:15,459 - INFO - Epoch 22/30 - Loss: 0.0027
2025-04-14 12:25:15,639 - INFO - Epoch 23/30 - Loss: -0.0447
2025-04-14 12:25:15,820 - INFO - Epoch 24/30 - Loss: -0.0823
2025-04-14 12:25:16,000 - INFO - Epoch 25/30 - Loss: -0.1268
2025-04-14 12:25:16,180 - INFO - Epoch 26/30 - Loss: -0.1674
2025-04-14 12:25:16,360 - INFO - Epoch 27/30 - Loss: -0.2108
2025-04-14 12:25:16,544 - INFO - Epoch 28/30 - Loss: -0.2447
2025-04-14 12:25:16,735 - INFO - Epoch 29/30 - Loss: -0.2723
2025-04-14 12:25:16,970 - INFO - Epoch 30/30 - Loss: -0.2014
2025-04-14 12:25:19,224 - INFO - Validation R² (Fold 2): 0.9613
2025-04-14 12:25:19,225 - INFO - 
Fold 3/4
2025-04-14 12:25:19,413 - INFO - Epoch 1/30 - Loss: 0.9030
2025-04-14 12:25:19,600 - INFO - Epoch 2/30 - Loss: 0.8413
2025-04-14 12:25:19,788 - INFO - Epoch 3/30 - Loss: 0.7982
2025-04-14 12:25:19,977 - INFO - Epoch 4/30 - Loss: 0.7604
2025-04-14 12:25:20,167 - INFO - Epoch 5/30 - Loss: 0.7243
2025-04-14 12:25:20,357 - INFO - Epoch 6/30 - Loss: 0.6882
2025-04-14 12:25:20,543 - INFO - Epoch 7/30 - Loss: 0.6528
2025-04-14 12:25:20,728 - INFO - Epoch 8/30 - Loss: 0.6160
2025-04-14 12:25:20,916 - INFO - Epoch 9/30 - Loss: 0.5783
2025-04-14 12:25:21,103 - INFO - Epoch 10/30 - Loss: 0.5338
2025-04-14 12:25:21,289 - INFO - Epoch 11/30 - Loss: 0.4899
2025-04-14 12:25:21,476 - INFO - Epoch 12/30 - Loss: 0.4398
2025-04-14 12:25:21,662 - INFO - Epoch 13/30 - Loss: 0.3905
2025-04-14 12:25:21,850 - INFO - Epoch 14/30 - Loss: 0.3376
2025-04-14 12:25:22,037 - INFO - Epoch 15/30 - Loss: 0.2867
2025-04-14 12:25:22,228 - INFO - Epoch 16/30 - Loss: 0.2443
2025-04-14 12:25:22,416 - INFO - Epoch 17/30 - Loss: 0.2056
2025-04-14 12:25:22,607 - INFO - Epoch 18/30 - Loss: 0.1787
2025-04-14 12:25:22,804 - INFO - Epoch 19/30 - Loss: 0.1494
2025-04-14 12:25:23,001 - INFO - Epoch 20/30 - Loss: 0.1162
2025-04-14 12:25:23,196 - INFO - Epoch 21/30 - Loss: 0.0796
2025-04-14 12:25:23,391 - INFO - Epoch 22/30 - Loss: 0.0281
2025-04-14 12:25:23,588 - INFO - Epoch 23/30 - Loss: -0.0074
2025-04-14 12:25:23,779 - INFO - Epoch 24/30 - Loss: -0.0640
2025-04-14 12:25:23,978 - INFO - Epoch 25/30 - Loss: -0.1027
2025-04-14 12:25:24,166 - INFO - Epoch 26/30 - Loss: -0.1670
2025-04-14 12:25:24,355 - INFO - Epoch 27/30 - Loss: -0.2118
2025-04-14 12:25:24,546 - INFO - Epoch 28/30 - Loss: -0.2586
2025-04-14 12:25:24,734 - INFO - Epoch 29/30 - Loss: -0.2942
2025-04-14 12:25:24,920 - INFO - Epoch 30/30 - Loss: -0.3248
2025-04-14 12:25:25,965 - INFO - Validation R² (Fold 3): 0.9589
2025-04-14 12:25:25,966 - INFO - 
Fold 4/4
2025-04-14 12:25:26,155 - INFO - Epoch 1/30 - Loss: 0.9702
2025-04-14 12:25:26,340 - INFO - Epoch 2/30 - Loss: 0.8599
2025-04-14 12:25:26,528 - INFO - Epoch 3/30 - Loss: 0.8302
2025-04-14 12:25:26,717 - INFO - Epoch 4/30 - Loss: 0.7715
2025-04-14 12:25:26,905 - INFO - Epoch 5/30 - Loss: 0.7317
2025-04-14 12:25:27,093 - INFO - Epoch 6/30 - Loss: 0.6941
2025-04-14 12:25:27,283 - INFO - Epoch 7/30 - Loss: 0.6584
2025-04-14 12:25:27,470 - INFO - Epoch 8/30 - Loss: 0.6216
2025-04-14 12:25:27,658 - INFO - Epoch 9/30 - Loss: 0.5843
2025-04-14 12:25:27,847 - INFO - Epoch 10/30 - Loss: 0.5446
2025-04-14 12:25:28,036 - INFO - Epoch 11/30 - Loss: 0.5031
2025-04-14 12:25:28,225 - INFO - Epoch 12/30 - Loss: 0.4551
2025-04-14 12:25:28,415 - INFO - Epoch 13/30 - Loss: 0.4039
2025-04-14 12:25:28,605 - INFO - Epoch 14/30 - Loss: 0.3476
2025-04-14 12:25:28,795 - INFO - Epoch 15/30 - Loss: 0.2945
2025-04-14 12:25:28,983 - INFO - Epoch 16/30 - Loss: 0.2423
2025-04-14 12:25:29,175 - INFO - Epoch 17/30 - Loss: 0.2045
2025-04-14 12:25:29,368 - INFO - Epoch 18/30 - Loss: 0.1650
2025-04-14 12:25:29,559 - INFO - Epoch 19/30 - Loss: 0.1451
2025-04-14 12:25:29,767 - INFO - Epoch 20/30 - Loss: 0.1281
2025-04-14 12:25:29,965 - INFO - Epoch 21/30 - Loss: 0.0829
2025-04-14 12:25:30,185 - INFO - Epoch 22/30 - Loss: 0.0697
2025-04-14 12:25:30,390 - INFO - Epoch 23/30 - Loss: 0.0190
2025-04-14 12:25:30,606 - INFO - Epoch 24/30 - Loss: -0.0165
2025-04-14 12:25:30,808 - INFO - Epoch 25/30 - Loss: -0.0786
2025-04-14 12:25:31,015 - INFO - Epoch 26/30 - Loss: -0.1204
2025-04-14 12:25:31,218 - INFO - Epoch 27/30 - Loss: -0.1806
2025-04-14 12:25:31,417 - INFO - Epoch 28/30 - Loss: -0.2200
2025-04-14 12:25:31,620 - INFO - Epoch 29/30 - Loss: -0.2602
2025-04-14 12:25:31,813 - INFO - Epoch 30/30 - Loss: -0.3312
2025-04-14 12:25:33,808 - INFO - Validation R² (Fold 4): 0.9610
2025-04-14 12:25:33,808 - INFO - 
Average R² across folds: 0.9605
2025-04-14 12:25:33,808 - INFO - Best R² across folds: 0.9613
2025-04-14 12:25:33,811 - INFO - Generated 13552 points with 500m resolution
