2025-04-14 12:26:49,049 - INFO - Logging initialized for city: Los Angeles
2025-04-14 12:26:49,063 - INFO - Original dataset size: 19026. Using all samples.
2025-04-14 12:26:49,275 - INFO - Using device: cuda
2025-04-14 12:26:49,276 - INFO - 
Fold 1/4
2025-04-14 12:26:53,578 - INFO - Epoch 1/40 - Loss: 0.9288
2025-04-14 12:26:53,743 - INFO - Epoch 2/40 - Loss: 0.8968
2025-04-14 12:26:53,906 - INFO - Epoch 3/40 - Loss: 0.8639
2025-04-14 12:26:54,069 - INFO - Epoch 4/40 - Loss: 0.8304
2025-04-14 12:26:54,231 - INFO - Epoch 5/40 - Loss: 0.7963
2025-04-14 12:26:54,397 - INFO - Epoch 6/40 - Loss: 0.7624
2025-04-14 12:26:54,563 - INFO - Epoch 7/40 - Loss: 0.7284
2025-04-14 12:26:54,725 - INFO - Epoch 8/40 - Loss: 0.6952
2025-04-14 12:26:54,889 - INFO - Epoch 9/40 - Loss: 0.6618
2025-04-14 12:26:55,057 - INFO - Epoch 10/40 - Loss: 0.6285
2025-04-14 12:26:55,223 - INFO - Epoch 11/40 - Loss: 0.5952
2025-04-14 12:26:55,389 - INFO - Epoch 12/40 - Loss: 0.5622
2025-04-14 12:26:55,556 - INFO - Epoch 13/40 - Loss: 0.5281
2025-04-14 12:26:55,721 - INFO - Epoch 14/40 - Loss: 0.4929
2025-04-14 12:26:55,886 - INFO - Epoch 15/40 - Loss: 0.4567
2025-04-14 12:26:56,049 - INFO - Epoch 16/40 - Loss: 0.4168
2025-04-14 12:26:56,215 - INFO - Epoch 17/40 - Loss: 0.3671
2025-04-14 12:26:56,379 - INFO - Epoch 18/40 - Loss: 0.3151
2025-04-14 12:26:56,546 - INFO - Epoch 19/40 - Loss: 0.2475
2025-04-14 12:26:56,711 - INFO - Epoch 20/40 - Loss: 0.1764
2025-04-14 12:26:56,877 - INFO - Epoch 21/40 - Loss: 0.1282
2025-04-14 12:26:57,044 - INFO - Epoch 22/40 - Loss: 0.0543
2025-04-14 12:26:57,209 - INFO - Epoch 23/40 - Loss: -0.0116
2025-04-14 12:26:57,388 - INFO - Epoch 24/40 - Loss: -0.0087
2025-04-14 12:26:57,565 - INFO - Epoch 25/40 - Loss: -0.0782
2025-04-14 12:26:57,758 - INFO - Epoch 26/40 - Loss: -0.0960
2025-04-14 12:26:57,961 - INFO - Epoch 27/40 - Loss: -0.1037
2025-04-14 12:26:58,172 - INFO - Epoch 28/40 - Loss: -0.1030
2025-04-14 12:26:58,379 - INFO - Epoch 29/40 - Loss: -0.1553
2025-04-14 12:26:58,607 - INFO - Epoch 30/40 - Loss: -0.1477
2025-04-14 12:26:58,867 - INFO - Epoch 31/40 - Loss: -0.1193
2025-04-14 12:26:59,111 - INFO - Epoch 32/40 - Loss: -0.1767
2025-04-14 12:26:59,378 - INFO - Epoch 33/40 - Loss: -0.1339
2025-04-14 12:26:59,647 - INFO - Epoch 34/40 - Loss: -0.1412
2025-04-14 12:26:59,924 - INFO - Epoch 35/40 - Loss: -0.1285
2025-04-14 12:27:00,213 - INFO - Epoch 36/40 - Loss: -0.0909
2025-04-14 12:27:00,484 - INFO - Epoch 37/40 - Loss: -0.0603
2025-04-14 12:27:00,749 - INFO - Epoch 38/40 - Loss: -0.0555
2025-04-14 12:27:01,018 - INFO - Epoch 39/40 - Loss: -0.0533
2025-04-14 12:27:01,305 - INFO - Epoch 40/40 - Loss: -0.0037
2025-04-14 12:27:02,412 - INFO - Validation R² (Fold 1): 0.9836
2025-04-14 12:27:02,413 - INFO - 
Fold 2/4
2025-04-14 12:27:02,591 - INFO - Epoch 1/40 - Loss: 0.9305
2025-04-14 12:27:02,761 - INFO - Epoch 2/40 - Loss: 0.8988
2025-04-14 12:27:02,930 - INFO - Epoch 3/40 - Loss: 0.8667
2025-04-14 12:27:03,101 - INFO - Epoch 4/40 - Loss: 0.8338
2025-04-14 12:27:03,270 - INFO - Epoch 5/40 - Loss: 0.8009
2025-04-14 12:27:03,442 - INFO - Epoch 6/40 - Loss: 0.7680
2025-04-14 12:27:03,617 - INFO - Epoch 7/40 - Loss: 0.7354
2025-04-14 12:27:03,786 - INFO - Epoch 8/40 - Loss: 0.7025
2025-04-14 12:27:03,957 - INFO - Epoch 9/40 - Loss: 0.6701
2025-04-14 12:27:04,129 - INFO - Epoch 10/40 - Loss: 0.6370
2025-04-14 12:27:04,303 - INFO - Epoch 11/40 - Loss: 0.6046
2025-04-14 12:27:04,476 - INFO - Epoch 12/40 - Loss: 0.5707
2025-04-14 12:27:04,647 - INFO - Epoch 13/40 - Loss: 0.5359
2025-04-14 12:27:04,818 - INFO - Epoch 14/40 - Loss: 0.5008
2025-04-14 12:27:04,989 - INFO - Epoch 15/40 - Loss: 0.4622
2025-04-14 12:27:05,161 - INFO - Epoch 16/40 - Loss: 0.4222
2025-04-14 12:27:05,334 - INFO - Epoch 17/40 - Loss: 0.3728
2025-04-14 12:27:05,505 - INFO - Epoch 18/40 - Loss: 0.3129
2025-04-14 12:27:05,678 - INFO - Epoch 19/40 - Loss: 0.2472
2025-04-14 12:27:05,848 - INFO - Epoch 20/40 - Loss: 0.1809
2025-04-14 12:27:06,020 - INFO - Epoch 21/40 - Loss: 0.1307
2025-04-14 12:27:06,195 - INFO - Epoch 22/40 - Loss: 0.0687
2025-04-14 12:27:06,368 - INFO - Epoch 23/40 - Loss: -0.0071
2025-04-14 12:27:06,548 - INFO - Epoch 24/40 - Loss: -0.0415
2025-04-14 12:27:06,735 - INFO - Epoch 25/40 - Loss: -0.0630
2025-04-14 12:27:06,931 - INFO - Epoch 26/40 - Loss: -0.0911
2025-04-14 12:27:07,137 - INFO - Epoch 27/40 - Loss: -0.1147
2025-04-14 12:27:07,355 - INFO - Epoch 28/40 - Loss: -0.1170
2025-04-14 12:27:07,571 - INFO - Epoch 29/40 - Loss: -0.1572
2025-04-14 12:27:07,812 - INFO - Epoch 30/40 - Loss: -0.1395
2025-04-14 12:27:08,057 - INFO - Epoch 31/40 - Loss: -0.1724
2025-04-14 12:27:08,325 - INFO - Epoch 32/40 - Loss: -0.1469
2025-04-14 12:27:08,600 - INFO - Epoch 33/40 - Loss: -0.1578
2025-04-14 12:27:08,878 - INFO - Epoch 34/40 - Loss: -0.1440
2025-04-14 12:27:09,178 - INFO - Epoch 35/40 - Loss: -0.0917
2025-04-14 12:27:09,472 - INFO - Epoch 36/40 - Loss: -0.0812
2025-04-14 12:27:09,761 - INFO - Epoch 37/40 - Loss: -0.0379
2025-04-14 12:27:10,038 - INFO - Epoch 38/40 - Loss: -0.0300
2025-04-14 12:27:10,308 - INFO - Epoch 39/40 - Loss: -0.0304
2025-04-14 12:27:10,608 - INFO - Epoch 40/40 - Loss: 0.0156
2025-04-14 12:27:11,712 - INFO - Validation R² (Fold 2): 0.9830
2025-04-14 12:27:11,712 - INFO - 
Fold 3/4
2025-04-14 12:27:11,885 - INFO - Epoch 1/40 - Loss: 0.9183
2025-04-14 12:27:12,056 - INFO - Epoch 2/40 - Loss: 0.8868
2025-04-14 12:27:12,228 - INFO - Epoch 3/40 - Loss: 0.8547
2025-04-14 12:27:12,400 - INFO - Epoch 4/40 - Loss: 0.8218
2025-04-14 12:27:12,569 - INFO - Epoch 5/40 - Loss: 0.7888
2025-04-14 12:27:12,739 - INFO - Epoch 6/40 - Loss: 0.7556
2025-04-14 12:27:12,913 - INFO - Epoch 7/40 - Loss: 0.7222
2025-04-14 12:27:13,086 - INFO - Epoch 8/40 - Loss: 0.6890
2025-04-14 12:27:13,259 - INFO - Epoch 9/40 - Loss: 0.6558
2025-04-14 12:27:13,432 - INFO - Epoch 10/40 - Loss: 0.6220
2025-04-14 12:27:13,605 - INFO - Epoch 11/40 - Loss: 0.5878
2025-04-14 12:27:13,775 - INFO - Epoch 12/40 - Loss: 0.5522
2025-04-14 12:27:13,948 - INFO - Epoch 13/40 - Loss: 0.5173
2025-04-14 12:27:14,119 - INFO - Epoch 14/40 - Loss: 0.4796
2025-04-14 12:27:14,291 - INFO - Epoch 15/40 - Loss: 0.4401
2025-04-14 12:27:14,464 - INFO - Epoch 16/40 - Loss: 0.3965
2025-04-14 12:27:14,637 - INFO - Epoch 17/40 - Loss: 0.3464
2025-04-14 12:27:14,806 - INFO - Epoch 18/40 - Loss: 0.2856
2025-04-14 12:27:14,978 - INFO - Epoch 19/40 - Loss: 0.2215
2025-04-14 12:27:15,147 - INFO - Epoch 20/40 - Loss: 0.1531
2025-04-14 12:27:15,309 - INFO - Epoch 21/40 - Loss: 0.1085
2025-04-14 12:27:15,475 - INFO - Epoch 22/40 - Loss: 0.0324
2025-04-14 12:27:15,638 - INFO - Epoch 23/40 - Loss: -0.0309
2025-04-14 12:27:15,817 - INFO - Epoch 24/40 - Loss: -0.0333
2025-04-14 12:27:15,998 - INFO - Epoch 25/40 - Loss: -0.0932
2025-04-14 12:27:16,190 - INFO - Epoch 26/40 - Loss: -0.1125
2025-04-14 12:27:16,405 - INFO - Epoch 27/40 - Loss: -0.0960
2025-04-14 12:27:16,615 - INFO - Epoch 28/40 - Loss: -0.1405
2025-04-14 12:27:16,838 - INFO - Epoch 29/40 - Loss: -0.1413
2025-04-14 12:27:17,072 - INFO - Epoch 30/40 - Loss: -0.1501
2025-04-14 12:27:17,307 - INFO - Epoch 31/40 - Loss: -0.1986
2025-04-14 12:27:17,560 - INFO - Epoch 32/40 - Loss: -0.1895
2025-04-14 12:27:17,833 - INFO - Epoch 33/40 - Loss: -0.1884
2025-04-14 12:27:18,106 - INFO - Epoch 34/40 - Loss: -0.1909
2025-04-14 12:27:18,388 - INFO - Epoch 35/40 - Loss: -0.1814
2025-04-14 12:27:18,675 - INFO - Epoch 36/40 - Loss: -0.1691
2025-04-14 12:27:18,955 - INFO - Epoch 37/40 - Loss: -0.1318
2025-04-14 12:27:19,228 - INFO - Epoch 38/40 - Loss: -0.1311
2025-04-14 12:27:19,504 - INFO - Epoch 39/40 - Loss: -0.1284
2025-04-14 12:27:19,795 - INFO - Epoch 40/40 - Loss: -0.0912
2025-04-14 12:27:20,929 - INFO - Validation R² (Fold 3): 0.9729
2025-04-14 12:27:20,929 - INFO - 
Fold 4/4
2025-04-14 12:27:21,095 - INFO - Epoch 1/40 - Loss: 0.9312
2025-04-14 12:27:21,260 - INFO - Epoch 2/40 - Loss: 0.8996
2025-04-14 12:27:21,426 - INFO - Epoch 3/40 - Loss: 0.8672
2025-04-14 12:27:21,589 - INFO - Epoch 4/40 - Loss: 0.8341
2025-04-14 12:27:21,755 - INFO - Epoch 5/40 - Loss: 0.8012
2025-04-14 12:27:21,920 - INFO - Epoch 6/40 - Loss: 0.7678
2025-04-14 12:27:22,087 - INFO - Epoch 7/40 - Loss: 0.7344
2025-04-14 12:27:22,254 - INFO - Epoch 8/40 - Loss: 0.7017
2025-04-14 12:27:22,418 - INFO - Epoch 9/40 - Loss: 0.6691
2025-04-14 12:27:22,586 - INFO - Epoch 10/40 - Loss: 0.6360
2025-04-14 12:27:22,756 - INFO - Epoch 11/40 - Loss: 0.6030
2025-04-14 12:27:22,926 - INFO - Epoch 12/40 - Loss: 0.5695
2025-04-14 12:27:23,096 - INFO - Epoch 13/40 - Loss: 0.5352
2025-04-14 12:27:23,261 - INFO - Epoch 14/40 - Loss: 0.4999
2025-04-14 12:27:23,427 - INFO - Epoch 15/40 - Loss: 0.4615
2025-04-14 12:27:23,591 - INFO - Epoch 16/40 - Loss: 0.4186
2025-04-14 12:27:23,758 - INFO - Epoch 17/40 - Loss: 0.3715
2025-04-14 12:27:23,923 - INFO - Epoch 18/40 - Loss: 0.3137
2025-04-14 12:27:24,090 - INFO - Epoch 19/40 - Loss: 0.2451
2025-04-14 12:27:24,256 - INFO - Epoch 20/40 - Loss: 0.1827
2025-04-14 12:27:24,420 - INFO - Epoch 21/40 - Loss: 0.1260
2025-04-14 12:27:24,587 - INFO - Epoch 22/40 - Loss: 0.0530
2025-04-14 12:27:24,755 - INFO - Epoch 23/40 - Loss: -0.0174
2025-04-14 12:27:24,930 - INFO - Epoch 24/40 - Loss: -0.0257
2025-04-14 12:27:25,119 - INFO - Epoch 25/40 - Loss: -0.0434
2025-04-14 12:27:25,314 - INFO - Epoch 26/40 - Loss: -0.0864
2025-04-14 12:27:25,514 - INFO - Epoch 27/40 - Loss: -0.1253
2025-04-14 12:27:25,727 - INFO - Epoch 28/40 - Loss: -0.1056
2025-04-14 12:27:25,954 - INFO - Epoch 29/40 - Loss: -0.1067
2025-04-14 12:27:26,185 - INFO - Epoch 30/40 - Loss: -0.1340
2025-04-14 12:27:26,425 - INFO - Epoch 31/40 - Loss: -0.1498
2025-04-14 12:27:26,671 - INFO - Epoch 32/40 - Loss: -0.1740
2025-04-14 12:27:26,938 - INFO - Epoch 33/40 - Loss: -0.1478
2025-04-14 12:27:27,210 - INFO - Epoch 34/40 - Loss: -0.1438
2025-04-14 12:27:27,469 - INFO - Epoch 35/40 - Loss: -0.1789
2025-04-14 12:27:27,737 - INFO - Epoch 36/40 - Loss: -0.1421
2025-04-14 12:27:28,006 - INFO - Epoch 37/40 - Loss: -0.0620
2025-04-14 12:27:28,286 - INFO - Epoch 38/40 - Loss: -0.0192
2025-04-14 12:27:28,566 - INFO - Epoch 39/40 - Loss: -0.0026
2025-04-14 12:27:28,848 - INFO - Epoch 40/40 - Loss: 0.0029
2025-04-14 12:27:29,941 - INFO - Validation R² (Fold 4): 0.9839
2025-04-14 12:27:29,942 - INFO - 
Average R² across folds: 0.9809
2025-04-14 12:27:29,942 - INFO - Best R² across folds: 0.9839
2025-04-14 12:27:29,944 - INFO - 

2025-04-14 12:27:29,945 - INFO - 
Fold 1/4
2025-04-14 12:27:30,113 - INFO - Epoch 1/30 - Loss: 1.0332
2025-04-14 12:27:30,276 - INFO - Epoch 2/30 - Loss: 1.1802
2025-04-14 12:27:30,439 - INFO - Epoch 3/30 - Loss: 0.8617
2025-04-14 12:27:30,614 - INFO - Epoch 4/30 - Loss: 0.8071
2025-04-14 12:27:30,788 - INFO - Epoch 5/30 - Loss: 0.7659
2025-04-14 12:27:30,962 - INFO - Epoch 6/30 - Loss: 0.7272
2025-04-14 12:27:31,135 - INFO - Epoch 7/30 - Loss: 0.6898
2025-04-14 12:27:31,308 - INFO - Epoch 8/30 - Loss: 0.6521
2025-04-14 12:27:31,481 - INFO - Epoch 9/30 - Loss: 0.6137
2025-04-14 12:27:31,656 - INFO - Epoch 10/30 - Loss: 0.5744
2025-04-14 12:27:31,827 - INFO - Epoch 11/30 - Loss: 0.5336
2025-04-14 12:27:32,002 - INFO - Epoch 12/30 - Loss: 0.4892
2025-04-14 12:27:32,178 - INFO - Epoch 13/30 - Loss: 0.4422
2025-04-14 12:27:32,350 - INFO - Epoch 14/30 - Loss: 0.3849
2025-04-14 12:27:32,521 - INFO - Epoch 15/30 - Loss: 0.3244
2025-04-14 12:27:32,693 - INFO - Epoch 16/30 - Loss: 0.2740
2025-04-14 12:27:32,863 - INFO - Epoch 17/30 - Loss: 0.2271
2025-04-14 12:27:33,034 - INFO - Epoch 18/30 - Loss: 0.1789
2025-04-14 12:27:33,209 - INFO - Epoch 19/30 - Loss: 0.1334
2025-04-14 12:27:33,398 - INFO - Epoch 20/30 - Loss: 0.1037
2025-04-14 12:27:33,589 - INFO - Epoch 21/30 - Loss: 0.0691
2025-04-14 12:27:33,803 - INFO - Epoch 22/30 - Loss: 0.0756
2025-04-14 12:27:34,030 - INFO - Epoch 23/30 - Loss: 0.0697
2025-04-14 12:27:34,268 - INFO - Epoch 24/30 - Loss: 0.0677
2025-04-14 12:27:34,530 - INFO - Epoch 25/30 - Loss: 0.0808
2025-04-14 12:27:34,816 - INFO - Epoch 26/30 - Loss: 0.0952
2025-04-14 12:27:35,095 - INFO - Epoch 27/30 - Loss: 0.0799
2025-04-14 12:27:35,405 - INFO - Epoch 28/30 - Loss: 0.1119
2025-04-14 12:27:35,718 - INFO - Epoch 29/30 - Loss: 0.1248
2025-04-14 12:27:36,078 - INFO - Epoch 30/30 - Loss: 0.1664
2025-04-14 12:27:37,857 - INFO - Validation R² (Fold 1): 0.9765
2025-04-14 12:27:37,858 - INFO - 
Fold 2/4
2025-04-14 12:27:38,034 - INFO - Epoch 1/30 - Loss: 0.9087
2025-04-14 12:27:38,200 - INFO - Epoch 2/30 - Loss: 0.8569
2025-04-14 12:27:38,369 - INFO - Epoch 3/30 - Loss: 0.8141
2025-04-14 12:27:38,536 - INFO - Epoch 4/30 - Loss: 0.7739
2025-04-14 12:27:38,705 - INFO - Epoch 5/30 - Loss: 0.7353
2025-04-14 12:27:38,871 - INFO - Epoch 6/30 - Loss: 0.6964
2025-04-14 12:27:39,038 - INFO - Epoch 7/30 - Loss: 0.6573
2025-04-14 12:27:39,206 - INFO - Epoch 8/30 - Loss: 0.6159
2025-04-14 12:27:39,371 - INFO - Epoch 9/30 - Loss: 0.5716
2025-04-14 12:27:39,540 - INFO - Epoch 10/30 - Loss: 0.5265
2025-04-14 12:27:39,709 - INFO - Epoch 11/30 - Loss: 0.4722
2025-04-14 12:27:39,876 - INFO - Epoch 12/30 - Loss: 0.4193
2025-04-14 12:27:40,041 - INFO - Epoch 13/30 - Loss: 0.3649
2025-04-14 12:27:40,218 - INFO - Epoch 14/30 - Loss: 0.3224
2025-04-14 12:27:40,391 - INFO - Epoch 15/30 - Loss: 0.2720
2025-04-14 12:27:40,565 - INFO - Epoch 16/30 - Loss: 0.2306
2025-04-14 12:27:40,739 - INFO - Epoch 17/30 - Loss: 0.1934
2025-04-14 12:27:40,918 - INFO - Epoch 18/30 - Loss: 0.1642
2025-04-14 12:27:41,111 - INFO - Epoch 19/30 - Loss: 0.1600
2025-04-14 12:27:41,295 - INFO - Epoch 20/30 - Loss: 0.1216
2025-04-14 12:27:41,494 - INFO - Epoch 21/30 - Loss: 0.0921
2025-04-14 12:27:41,686 - INFO - Epoch 22/30 - Loss: 0.0343
2025-04-14 12:27:41,879 - INFO - Epoch 23/30 - Loss: 0.0073
2025-04-14 12:27:42,080 - INFO - Epoch 24/30 - Loss: -0.0253
2025-04-14 12:27:42,261 - INFO - Epoch 25/30 - Loss: -0.1034
2025-04-14 12:27:42,456 - INFO - Epoch 26/30 - Loss: -0.1272
2025-04-14 12:27:42,634 - INFO - Epoch 27/30 - Loss: -0.2092
2025-04-14 12:27:42,808 - INFO - Epoch 28/30 - Loss: -0.2708
2025-04-14 12:27:42,987 - INFO - Epoch 29/30 - Loss: -0.3092
2025-04-14 12:27:43,167 - INFO - Epoch 30/30 - Loss: -0.3405
2025-04-14 12:27:45,229 - INFO - Validation R² (Fold 2): 0.9578
2025-04-14 12:27:45,229 - INFO - 
Fold 3/4
2025-04-14 12:27:45,404 - INFO - Epoch 1/30 - Loss: 0.8791
2025-04-14 12:27:45,570 - INFO - Epoch 2/30 - Loss: 0.8372
2025-04-14 12:27:45,737 - INFO - Epoch 3/30 - Loss: 0.7977
2025-04-14 12:27:45,906 - INFO - Epoch 4/30 - Loss: 0.7581
2025-04-14 12:27:46,071 - INFO - Epoch 5/30 - Loss: 0.7192
2025-04-14 12:27:46,237 - INFO - Epoch 6/30 - Loss: 0.6804
2025-04-14 12:27:46,404 - INFO - Epoch 7/30 - Loss: 0.6405
2025-04-14 12:27:46,568 - INFO - Epoch 8/30 - Loss: 0.5974
2025-04-14 12:27:46,737 - INFO - Epoch 9/30 - Loss: 0.5507
2025-04-14 12:27:46,901 - INFO - Epoch 10/30 - Loss: 0.5018
2025-04-14 12:27:47,066 - INFO - Epoch 11/30 - Loss: 0.4476
2025-04-14 12:27:47,231 - INFO - Epoch 12/30 - Loss: 0.3985
2025-04-14 12:27:47,395 - INFO - Epoch 13/30 - Loss: 0.3470
2025-04-14 12:27:47,559 - INFO - Epoch 14/30 - Loss: 0.3059
2025-04-14 12:27:47,726 - INFO - Epoch 15/30 - Loss: 0.2661
2025-04-14 12:27:47,891 - INFO - Epoch 16/30 - Loss: 0.2294
2025-04-14 12:27:48,060 - INFO - Epoch 17/30 - Loss: 0.2070
2025-04-14 12:27:48,230 - INFO - Epoch 18/30 - Loss: 0.1754
2025-04-14 12:27:48,415 - INFO - Epoch 19/30 - Loss: 0.1357
2025-04-14 12:27:48,587 - INFO - Epoch 20/30 - Loss: 0.0879
2025-04-14 12:27:48,757 - INFO - Epoch 21/30 - Loss: 0.0357
2025-04-14 12:27:48,927 - INFO - Epoch 22/30 - Loss: -0.0160
2025-04-14 12:27:49,097 - INFO - Epoch 23/30 - Loss: -0.0482
2025-04-14 12:27:49,270 - INFO - Epoch 24/30 - Loss: -0.0977
2025-04-14 12:27:49,439 - INFO - Epoch 25/30 - Loss: -0.1571
2025-04-14 12:27:49,605 - INFO - Epoch 26/30 - Loss: -0.2101
2025-04-14 12:27:49,770 - INFO - Epoch 27/30 - Loss: -0.2572
2025-04-14 12:27:49,937 - INFO - Epoch 28/30 - Loss: -0.2964
2025-04-14 12:27:50,106 - INFO - Epoch 29/30 - Loss: -0.3398
2025-04-14 12:27:50,275 - INFO - Epoch 30/30 - Loss: -0.3727
2025-04-14 12:27:51,261 - INFO - Validation R² (Fold 3): 0.9396
2025-04-14 12:27:51,261 - INFO - 
Fold 4/4
2025-04-14 12:27:51,429 - INFO - Epoch 1/30 - Loss: 0.8636
2025-04-14 12:27:51,598 - INFO - Epoch 2/30 - Loss: 0.8264
2025-04-14 12:27:51,765 - INFO - Epoch 3/30 - Loss: 0.7904
2025-04-14 12:27:51,930 - INFO - Epoch 4/30 - Loss: 0.7531
2025-04-14 12:27:52,096 - INFO - Epoch 5/30 - Loss: 0.7155
2025-04-14 12:27:52,260 - INFO - Epoch 6/30 - Loss: 0.6765
2025-04-14 12:27:52,426 - INFO - Epoch 7/30 - Loss: 0.6348
2025-04-14 12:27:52,594 - INFO - Epoch 8/30 - Loss: 0.5893
2025-04-14 12:27:52,758 - INFO - Epoch 9/30 - Loss: 0.5453
2025-04-14 12:27:52,925 - INFO - Epoch 10/30 - Loss: 0.4913
2025-04-14 12:27:53,089 - INFO - Epoch 11/30 - Loss: 0.4438
2025-04-14 12:27:53,255 - INFO - Epoch 12/30 - Loss: 0.3973
2025-04-14 12:27:53,419 - INFO - Epoch 13/30 - Loss: 0.3524
2025-04-14 12:27:53,584 - INFO - Epoch 14/30 - Loss: 0.3135
2025-04-14 12:27:53,749 - INFO - Epoch 15/30 - Loss: 0.2831
2025-04-14 12:27:53,916 - INFO - Epoch 16/30 - Loss: 0.2486
2025-04-14 12:27:54,087 - INFO - Epoch 17/30 - Loss: 0.2162
2025-04-14 12:27:54,258 - INFO - Epoch 18/30 - Loss: 0.1694
2025-04-14 12:27:54,427 - INFO - Epoch 19/30 - Loss: 0.1239
2025-04-14 12:27:54,596 - INFO - Epoch 20/30 - Loss: 0.0713
2025-04-14 12:27:54,764 - INFO - Epoch 21/30 - Loss: 0.0227
2025-04-14 12:27:54,929 - INFO - Epoch 22/30 - Loss: -0.0261
2025-04-14 12:27:55,093 - INFO - Epoch 23/30 - Loss: -0.0801
2025-04-14 12:27:55,259 - INFO - Epoch 24/30 - Loss: -0.1192
2025-04-14 12:27:55,423 - INFO - Epoch 25/30 - Loss: -0.1677
2025-04-14 12:27:55,590 - INFO - Epoch 26/30 - Loss: -0.2112
2025-04-14 12:27:55,757 - INFO - Epoch 27/30 - Loss: -0.2405
2025-04-14 12:27:55,925 - INFO - Epoch 28/30 - Loss: -0.2802
2025-04-14 12:27:56,089 - INFO - Epoch 29/30 - Loss: -0.3290
2025-04-14 12:27:56,254 - INFO - Epoch 30/30 - Loss: -0.3647
2025-04-14 12:27:57,190 - INFO - Validation R² (Fold 4): 0.9533
2025-04-14 12:27:57,191 - INFO - 
Average R² across folds: 0.9568
2025-04-14 12:27:57,191 - INFO - Best R² across folds: 0.9765
2025-04-14 12:27:57,193 - INFO - Generated 4216 points with 500m resolution
