2025-04-14 11:28:19,815 - INFO - Logging initialized for city: Miami
2025-04-14 11:28:19,826 - INFO - Original dataset size: 16171. Using all samples.
2025-04-14 11:28:20,016 - INFO - Using device: cuda
2025-04-14 11:28:20,017 - INFO - 
Fold 1/4
2025-04-14 11:28:23,856 - INFO - Epoch 1/40 - Loss: 0.8753
2025-04-14 11:28:23,977 - INFO - Epoch 2/40 - Loss: 0.8404
2025-04-14 11:28:24,096 - INFO - Epoch 3/40 - Loss: 0.8051
2025-04-14 11:28:24,216 - INFO - Epoch 4/40 - Loss: 0.7692
2025-04-14 11:28:24,335 - INFO - Epoch 5/40 - Loss: 0.7324
2025-04-14 11:28:24,454 - INFO - Epoch 6/40 - Loss: 0.6943
2025-04-14 11:28:24,576 - INFO - Epoch 7/40 - Loss: 0.6552
2025-04-14 11:28:24,696 - INFO - Epoch 8/40 - Loss: 0.6148
2025-04-14 11:28:24,816 - INFO - Epoch 9/40 - Loss: 0.5741
2025-04-14 11:28:24,937 - INFO - Epoch 10/40 - Loss: 0.5317
2025-04-14 11:28:25,056 - INFO - Epoch 11/40 - Loss: 0.4898
2025-04-14 11:28:25,176 - INFO - Epoch 12/40 - Loss: 0.4468
2025-04-14 11:28:25,296 - INFO - Epoch 13/40 - Loss: 0.4037
2025-04-14 11:28:25,415 - INFO - Epoch 14/40 - Loss: 0.3589
2025-04-14 11:28:25,535 - INFO - Epoch 15/40 - Loss: 0.3108
2025-04-14 11:28:25,655 - INFO - Epoch 16/40 - Loss: 0.2599
2025-04-14 11:28:25,775 - INFO - Epoch 17/40 - Loss: 0.2057
2025-04-14 11:28:25,895 - INFO - Epoch 18/40 - Loss: 0.1480
2025-04-14 11:28:26,015 - INFO - Epoch 19/40 - Loss: 0.0817
2025-04-14 11:28:26,137 - INFO - Epoch 20/40 - Loss: 0.0227
2025-04-14 11:28:26,257 - INFO - Epoch 21/40 - Loss: -0.0340
2025-04-14 11:28:26,377 - INFO - Epoch 22/40 - Loss: -0.0856
2025-04-14 11:28:26,497 - INFO - Epoch 23/40 - Loss: -0.1347
2025-04-14 11:28:26,617 - INFO - Epoch 24/40 - Loss: -0.1854
2025-04-14 11:28:26,739 - INFO - Epoch 25/40 - Loss: -0.2235
2025-04-14 11:28:26,866 - INFO - Epoch 26/40 - Loss: -0.2583
2025-04-14 11:28:26,997 - INFO - Epoch 27/40 - Loss: -0.3022
2025-04-14 11:28:27,132 - INFO - Epoch 28/40 - Loss: -0.3313
2025-04-14 11:28:27,272 - INFO - Epoch 29/40 - Loss: -0.3770
2025-04-14 11:28:27,409 - INFO - Epoch 30/40 - Loss: -0.4079
2025-04-14 11:28:27,546 - INFO - Epoch 31/40 - Loss: -0.4522
2025-04-14 11:28:27,680 - INFO - Epoch 32/40 - Loss: -0.5054
2025-04-14 11:28:27,831 - INFO - Epoch 33/40 - Loss: -0.5243
2025-04-14 11:28:27,982 - INFO - Epoch 34/40 - Loss: -0.5771
2025-04-14 11:28:28,128 - INFO - Epoch 35/40 - Loss: -0.6219
2025-04-14 11:28:28,273 - INFO - Epoch 36/40 - Loss: -0.6633
2025-04-14 11:28:28,422 - INFO - Epoch 37/40 - Loss: -0.6969
2025-04-14 11:28:28,563 - INFO - Epoch 38/40 - Loss: -0.7619
2025-04-14 11:28:28,713 - INFO - Epoch 39/40 - Loss: -0.7889
2025-04-14 11:28:28,860 - INFO - Epoch 40/40 - Loss: -0.8451
2025-04-14 11:28:29,635 - INFO - Validation R² (Fold 1): 0.9935
2025-04-14 11:28:29,635 - INFO - 
Fold 2/4
2025-04-14 11:28:29,759 - INFO - Epoch 1/40 - Loss: 0.8752
2025-04-14 11:28:29,887 - INFO - Epoch 2/40 - Loss: 0.8402
2025-04-14 11:28:30,012 - INFO - Epoch 3/40 - Loss: 0.8050
2025-04-14 11:28:30,138 - INFO - Epoch 4/40 - Loss: 0.7688
2025-04-14 11:28:30,260 - INFO - Epoch 5/40 - Loss: 0.7321
2025-04-14 11:28:30,383 - INFO - Epoch 6/40 - Loss: 0.6941
2025-04-14 11:28:30,504 - INFO - Epoch 7/40 - Loss: 0.6547
2025-04-14 11:28:30,628 - INFO - Epoch 8/40 - Loss: 0.6144
2025-04-14 11:28:30,751 - INFO - Epoch 9/40 - Loss: 0.5737
2025-04-14 11:28:30,872 - INFO - Epoch 10/40 - Loss: 0.5317
2025-04-14 11:28:30,994 - INFO - Epoch 11/40 - Loss: 0.4893
2025-04-14 11:28:31,118 - INFO - Epoch 12/40 - Loss: 0.4464
2025-04-14 11:28:31,242 - INFO - Epoch 13/40 - Loss: 0.4021
2025-04-14 11:28:31,364 - INFO - Epoch 14/40 - Loss: 0.3571
2025-04-14 11:28:31,488 - INFO - Epoch 15/40 - Loss: 0.3105
2025-04-14 11:28:31,612 - INFO - Epoch 16/40 - Loss: 0.2595
2025-04-14 11:28:31,734 - INFO - Epoch 17/40 - Loss: 0.2049
2025-04-14 11:28:31,858 - INFO - Epoch 18/40 - Loss: 0.1452
2025-04-14 11:28:31,982 - INFO - Epoch 19/40 - Loss: 0.0858
2025-04-14 11:28:32,104 - INFO - Epoch 20/40 - Loss: 0.0203
2025-04-14 11:28:32,229 - INFO - Epoch 21/40 - Loss: -0.0361
2025-04-14 11:28:32,353 - INFO - Epoch 22/40 - Loss: -0.0856
2025-04-14 11:28:32,474 - INFO - Epoch 23/40 - Loss: -0.1343
2025-04-14 11:28:32,599 - INFO - Epoch 24/40 - Loss: -0.1795
2025-04-14 11:28:32,722 - INFO - Epoch 25/40 - Loss: -0.2233
2025-04-14 11:28:32,852 - INFO - Epoch 26/40 - Loss: -0.2622
2025-04-14 11:28:32,984 - INFO - Epoch 27/40 - Loss: -0.2957
2025-04-14 11:28:33,120 - INFO - Epoch 28/40 - Loss: -0.3328
2025-04-14 11:28:33,254 - INFO - Epoch 29/40 - Loss: -0.3793
2025-04-14 11:28:33,393 - INFO - Epoch 30/40 - Loss: -0.4220
2025-04-14 11:28:33,534 - INFO - Epoch 31/40 - Loss: -0.4537
2025-04-14 11:28:33,674 - INFO - Epoch 32/40 - Loss: -0.4995
2025-04-14 11:28:33,823 - INFO - Epoch 33/40 - Loss: -0.5410
2025-04-14 11:28:33,978 - INFO - Epoch 34/40 - Loss: -0.5836
2025-04-14 11:28:34,123 - INFO - Epoch 35/40 - Loss: -0.6304
2025-04-14 11:28:34,273 - INFO - Epoch 36/40 - Loss: -0.6644
2025-04-14 11:28:34,422 - INFO - Epoch 37/40 - Loss: -0.7100
2025-04-14 11:28:34,562 - INFO - Epoch 38/40 - Loss: -0.7646
2025-04-14 11:28:34,709 - INFO - Epoch 39/40 - Loss: -0.7993
2025-04-14 11:28:34,862 - INFO - Epoch 40/40 - Loss: -0.8343
2025-04-14 11:28:35,618 - INFO - Validation R² (Fold 2): 0.9934
2025-04-14 11:28:35,619 - INFO - 
Fold 3/4
2025-04-14 11:28:35,757 - INFO - Epoch 1/40 - Loss: 0.8768
2025-04-14 11:28:35,884 - INFO - Epoch 2/40 - Loss: 0.8419
2025-04-14 11:28:36,012 - INFO - Epoch 3/40 - Loss: 0.8066
2025-04-14 11:28:36,140 - INFO - Epoch 4/40 - Loss: 0.7708
2025-04-14 11:28:36,270 - INFO - Epoch 5/40 - Loss: 0.7340
2025-04-14 11:28:36,401 - INFO - Epoch 6/40 - Loss: 0.6960
2025-04-14 11:28:36,530 - INFO - Epoch 7/40 - Loss: 0.6568
2025-04-14 11:28:36,661 - INFO - Epoch 8/40 - Loss: 0.6167
2025-04-14 11:28:36,789 - INFO - Epoch 9/40 - Loss: 0.5758
2025-04-14 11:28:36,915 - INFO - Epoch 10/40 - Loss: 0.5337
2025-04-14 11:28:37,042 - INFO - Epoch 11/40 - Loss: 0.4920
2025-04-14 11:28:37,169 - INFO - Epoch 12/40 - Loss: 0.4489
2025-04-14 11:28:37,295 - INFO - Epoch 13/40 - Loss: 0.4051
2025-04-14 11:28:37,422 - INFO - Epoch 14/40 - Loss: 0.3607
2025-04-14 11:28:37,551 - INFO - Epoch 15/40 - Loss: 0.3124
2025-04-14 11:28:37,678 - INFO - Epoch 16/40 - Loss: 0.2614
2025-04-14 11:28:37,805 - INFO - Epoch 17/40 - Loss: 0.2057
2025-04-14 11:28:37,931 - INFO - Epoch 18/40 - Loss: 0.1472
2025-04-14 11:28:38,061 - INFO - Epoch 19/40 - Loss: 0.0822
2025-04-14 11:28:38,192 - INFO - Epoch 20/40 - Loss: 0.0222
2025-04-14 11:28:38,322 - INFO - Epoch 21/40 - Loss: -0.0348
2025-04-14 11:28:38,449 - INFO - Epoch 22/40 - Loss: -0.0867
2025-04-14 11:28:38,577 - INFO - Epoch 23/40 - Loss: -0.1373
2025-04-14 11:28:38,706 - INFO - Epoch 24/40 - Loss: -0.1802
2025-04-14 11:28:38,841 - INFO - Epoch 25/40 - Loss: -0.2155
2025-04-14 11:28:38,977 - INFO - Epoch 26/40 - Loss: -0.2586
2025-04-14 11:28:39,121 - INFO - Epoch 27/40 - Loss: -0.2966
2025-04-14 11:28:39,268 - INFO - Epoch 28/40 - Loss: -0.3274
2025-04-14 11:28:39,411 - INFO - Epoch 29/40 - Loss: -0.3718
2025-04-14 11:28:39,562 - INFO - Epoch 30/40 - Loss: -0.4101
2025-04-14 11:28:39,705 - INFO - Epoch 31/40 - Loss: -0.4541
2025-04-14 11:28:39,852 - INFO - Epoch 32/40 - Loss: -0.4970
2025-04-14 11:28:40,001 - INFO - Epoch 33/40 - Loss: -0.5310
2025-04-14 11:28:40,159 - INFO - Epoch 34/40 - Loss: -0.5696
2025-04-14 11:28:40,322 - INFO - Epoch 35/40 - Loss: -0.6039
2025-04-14 11:28:40,474 - INFO - Epoch 36/40 - Loss: -0.6606
2025-04-14 11:28:40,631 - INFO - Epoch 37/40 - Loss: -0.7007
2025-04-14 11:28:40,783 - INFO - Epoch 38/40 - Loss: -0.7454
2025-04-14 11:28:40,941 - INFO - Epoch 39/40 - Loss: -0.7915
2025-04-14 11:28:41,101 - INFO - Epoch 40/40 - Loss: -0.8209
2025-04-14 11:28:41,881 - INFO - Validation R² (Fold 3): 0.9934
2025-04-14 11:28:41,881 - INFO - 
Fold 4/4
2025-04-14 11:28:42,011 - INFO - Epoch 1/40 - Loss: 0.8755
2025-04-14 11:28:42,131 - INFO - Epoch 2/40 - Loss: 0.8405
2025-04-14 11:28:42,250 - INFO - Epoch 3/40 - Loss: 0.8052
2025-04-14 11:28:42,374 - INFO - Epoch 4/40 - Loss: 0.7692
2025-04-14 11:28:42,500 - INFO - Epoch 5/40 - Loss: 0.7325
2025-04-14 11:28:42,622 - INFO - Epoch 6/40 - Loss: 0.6944
2025-04-14 11:28:42,743 - INFO - Epoch 7/40 - Loss: 0.6549
2025-04-14 11:28:42,862 - INFO - Epoch 8/40 - Loss: 0.6150
2025-04-14 11:28:42,983 - INFO - Epoch 9/40 - Loss: 0.5736
2025-04-14 11:28:43,104 - INFO - Epoch 10/40 - Loss: 0.5320
2025-04-14 11:28:43,224 - INFO - Epoch 11/40 - Loss: 0.4896
2025-04-14 11:28:43,344 - INFO - Epoch 12/40 - Loss: 0.4465
2025-04-14 11:28:43,464 - INFO - Epoch 13/40 - Loss: 0.4039
2025-04-14 11:28:43,584 - INFO - Epoch 14/40 - Loss: 0.3583
2025-04-14 11:28:43,704 - INFO - Epoch 15/40 - Loss: 0.3109
2025-04-14 11:28:43,827 - INFO - Epoch 16/40 - Loss: 0.2599
2025-04-14 11:28:43,953 - INFO - Epoch 17/40 - Loss: 0.2055
2025-04-14 11:28:44,073 - INFO - Epoch 18/40 - Loss: 0.1480
2025-04-14 11:28:44,194 - INFO - Epoch 19/40 - Loss: 0.0865
2025-04-14 11:28:44,318 - INFO - Epoch 20/40 - Loss: 0.0225
2025-04-14 11:28:44,442 - INFO - Epoch 21/40 - Loss: -0.0324
2025-04-14 11:28:44,564 - INFO - Epoch 22/40 - Loss: -0.0859
2025-04-14 11:28:44,688 - INFO - Epoch 23/40 - Loss: -0.1371
2025-04-14 11:28:44,813 - INFO - Epoch 24/40 - Loss: -0.1806
2025-04-14 11:28:44,947 - INFO - Epoch 25/40 - Loss: -0.2111
2025-04-14 11:28:45,078 - INFO - Epoch 26/40 - Loss: -0.2573
2025-04-14 11:28:45,219 - INFO - Epoch 27/40 - Loss: -0.2918
2025-04-14 11:28:45,358 - INFO - Epoch 28/40 - Loss: -0.3290
2025-04-14 11:28:45,511 - INFO - Epoch 29/40 - Loss: -0.3722
2025-04-14 11:28:45,661 - INFO - Epoch 30/40 - Loss: -0.4039
2025-04-14 11:28:45,814 - INFO - Epoch 31/40 - Loss: -0.4454
2025-04-14 11:28:45,964 - INFO - Epoch 32/40 - Loss: -0.4860
2025-04-14 11:28:46,114 - INFO - Epoch 33/40 - Loss: -0.5308
2025-04-14 11:28:46,278 - INFO - Epoch 34/40 - Loss: -0.5557
2025-04-14 11:28:46,434 - INFO - Epoch 35/40 - Loss: -0.6170
2025-04-14 11:28:46,593 - INFO - Epoch 36/40 - Loss: -0.6482
2025-04-14 11:28:46,743 - INFO - Epoch 37/40 - Loss: -0.7077
2025-04-14 11:28:46,908 - INFO - Epoch 38/40 - Loss: -0.7289
2025-04-14 11:28:47,064 - INFO - Epoch 39/40 - Loss: -0.7817
2025-04-14 11:28:47,223 - INFO - Epoch 40/40 - Loss: -0.8190
2025-04-14 11:28:48,009 - INFO - Validation R² (Fold 4): 0.9936
2025-04-14 11:28:48,009 - INFO - 
Average R² across folds: 0.9935
2025-04-14 11:28:48,009 - INFO - Best R² across folds: 0.9936
2025-04-14 11:28:48,012 - INFO - 

2025-04-14 11:28:48,013 - INFO - 
Fold 1/4
2025-04-14 11:28:48,153 - INFO - Epoch 1/30 - Loss: 0.8746
2025-04-14 11:28:48,273 - INFO - Epoch 2/30 - Loss: 0.8069
2025-04-14 11:28:48,393 - INFO - Epoch 3/30 - Loss: 0.7585
2025-04-14 11:28:48,520 - INFO - Epoch 4/30 - Loss: 0.7151
2025-04-14 11:28:48,652 - INFO - Epoch 5/30 - Loss: 0.6722
2025-04-14 11:28:48,781 - INFO - Epoch 6/30 - Loss: 0.6300
2025-04-14 11:28:48,911 - INFO - Epoch 7/30 - Loss: 0.5884
2025-04-14 11:28:49,041 - INFO - Epoch 8/30 - Loss: 0.5438
2025-04-14 11:28:49,170 - INFO - Epoch 9/30 - Loss: 0.4999
2025-04-14 11:28:49,301 - INFO - Epoch 10/30 - Loss: 0.4545
2025-04-14 11:28:49,431 - INFO - Epoch 11/30 - Loss: 0.4078
2025-04-14 11:28:49,562 - INFO - Epoch 12/30 - Loss: 0.3625
2025-04-14 11:28:49,692 - INFO - Epoch 13/30 - Loss: 0.3175
2025-04-14 11:28:49,822 - INFO - Epoch 14/30 - Loss: 0.2721
2025-04-14 11:28:49,951 - INFO - Epoch 15/30 - Loss: 0.2311
2025-04-14 11:28:50,080 - INFO - Epoch 16/30 - Loss: 0.1856
2025-04-14 11:28:50,211 - INFO - Epoch 17/30 - Loss: 0.1517
2025-04-14 11:28:50,339 - INFO - Epoch 18/30 - Loss: 0.1095
2025-04-14 11:28:50,470 - INFO - Epoch 19/30 - Loss: 0.0668
2025-04-14 11:28:50,601 - INFO - Epoch 20/30 - Loss: 0.0173
2025-04-14 11:28:50,732 - INFO - Epoch 21/30 - Loss: -0.0246
2025-04-14 11:28:50,861 - INFO - Epoch 22/30 - Loss: -0.0719
2025-04-14 11:28:50,991 - INFO - Epoch 23/30 - Loss: -0.1240
2025-04-14 11:28:51,120 - INFO - Epoch 24/30 - Loss: -0.1763
2025-04-14 11:28:51,251 - INFO - Epoch 25/30 - Loss: -0.2235
2025-04-14 11:28:51,381 - INFO - Epoch 26/30 - Loss: -0.2706
2025-04-14 11:28:51,509 - INFO - Epoch 27/30 - Loss: -0.3165
2025-04-14 11:28:51,640 - INFO - Epoch 28/30 - Loss: -0.3596
2025-04-14 11:28:51,770 - INFO - Epoch 29/30 - Loss: -0.4051
2025-04-14 11:28:51,900 - INFO - Epoch 30/30 - Loss: -0.4517
2025-04-14 11:28:52,347 - INFO - Validation R² (Fold 1): 0.9910
2025-04-14 11:28:52,348 - INFO - 
Fold 2/4
2025-04-14 11:28:52,474 - INFO - Epoch 1/30 - Loss: 0.8204
2025-04-14 11:28:52,596 - INFO - Epoch 2/30 - Loss: 0.7790
2025-04-14 11:28:52,717 - INFO - Epoch 3/30 - Loss: 0.7384
2025-04-14 11:28:52,837 - INFO - Epoch 4/30 - Loss: 0.6980
2025-04-14 11:28:52,968 - INFO - Epoch 5/30 - Loss: 0.6571
2025-04-14 11:28:53,099 - INFO - Epoch 6/30 - Loss: 0.6148
2025-04-14 11:28:53,230 - INFO - Epoch 7/30 - Loss: 0.5737
2025-04-14 11:28:53,361 - INFO - Epoch 8/30 - Loss: 0.5306
2025-04-14 11:28:53,491 - INFO - Epoch 9/30 - Loss: 0.4860
2025-04-14 11:28:53,620 - INFO - Epoch 10/30 - Loss: 0.4424
2025-04-14 11:28:53,751 - INFO - Epoch 11/30 - Loss: 0.4010
2025-04-14 11:28:53,880 - INFO - Epoch 12/30 - Loss: 0.3591
2025-04-14 11:28:54,007 - INFO - Epoch 13/30 - Loss: 0.3188
2025-04-14 11:28:54,135 - INFO - Epoch 14/30 - Loss: 0.2814
2025-04-14 11:28:54,263 - INFO - Epoch 15/30 - Loss: 0.2401
2025-04-14 11:28:54,392 - INFO - Epoch 16/30 - Loss: 0.1969
2025-04-14 11:28:54,520 - INFO - Epoch 17/30 - Loss: 0.1502
2025-04-14 11:28:54,648 - INFO - Epoch 18/30 - Loss: 0.1041
2025-04-14 11:28:54,776 - INFO - Epoch 19/30 - Loss: 0.0593
2025-04-14 11:28:54,905 - INFO - Epoch 20/30 - Loss: 0.0071
2025-04-14 11:28:55,033 - INFO - Epoch 21/30 - Loss: -0.0374
2025-04-14 11:28:55,161 - INFO - Epoch 22/30 - Loss: -0.0806
2025-04-14 11:28:55,289 - INFO - Epoch 23/30 - Loss: -0.1281
2025-04-14 11:28:55,417 - INFO - Epoch 24/30 - Loss: -0.1751
2025-04-14 11:28:55,545 - INFO - Epoch 25/30 - Loss: -0.2179
2025-04-14 11:28:55,673 - INFO - Epoch 26/30 - Loss: -0.2648
2025-04-14 11:28:55,801 - INFO - Epoch 27/30 - Loss: -0.3115
2025-04-14 11:28:55,930 - INFO - Epoch 28/30 - Loss: -0.3598
2025-04-14 11:28:56,058 - INFO - Epoch 29/30 - Loss: -0.4042
2025-04-14 11:28:56,186 - INFO - Epoch 30/30 - Loss: -0.4491
2025-04-14 11:28:57,079 - INFO - Validation R² (Fold 2): 0.9920
2025-04-14 11:28:57,079 - INFO - 
Fold 3/4
2025-04-14 11:28:57,221 - INFO - Epoch 1/30 - Loss: 0.8531
2025-04-14 11:28:57,351 - INFO - Epoch 2/30 - Loss: 0.7966
2025-04-14 11:28:57,481 - INFO - Epoch 3/30 - Loss: 0.7516
2025-04-14 11:28:57,612 - INFO - Epoch 4/30 - Loss: 0.7094
2025-04-14 11:28:57,740 - INFO - Epoch 5/30 - Loss: 0.6682
2025-04-14 11:28:57,870 - INFO - Epoch 6/30 - Loss: 0.6254
2025-04-14 11:28:57,999 - INFO - Epoch 7/30 - Loss: 0.5833
2025-04-14 11:28:58,130 - INFO - Epoch 8/30 - Loss: 0.5396
2025-04-14 11:28:58,258 - INFO - Epoch 9/30 - Loss: 0.4936
2025-04-14 11:28:58,389 - INFO - Epoch 10/30 - Loss: 0.4502
2025-04-14 11:28:58,519 - INFO - Epoch 11/30 - Loss: 0.4022
2025-04-14 11:28:58,651 - INFO - Epoch 12/30 - Loss: 0.3595
2025-04-14 11:28:58,784 - INFO - Epoch 13/30 - Loss: 0.3164
2025-04-14 11:28:58,913 - INFO - Epoch 14/30 - Loss: 0.2777
2025-04-14 11:28:59,041 - INFO - Epoch 15/30 - Loss: 0.2355
2025-04-14 11:28:59,170 - INFO - Epoch 16/30 - Loss: 0.1989
2025-04-14 11:28:59,300 - INFO - Epoch 17/30 - Loss: 0.1542
2025-04-14 11:28:59,430 - INFO - Epoch 18/30 - Loss: 0.1084
2025-04-14 11:28:59,560 - INFO - Epoch 19/30 - Loss: 0.0699
2025-04-14 11:28:59,688 - INFO - Epoch 20/30 - Loss: 0.0168
2025-04-14 11:28:59,819 - INFO - Epoch 21/30 - Loss: -0.0305
2025-04-14 11:28:59,949 - INFO - Epoch 22/30 - Loss: -0.0845
2025-04-14 11:29:00,083 - INFO - Epoch 23/30 - Loss: -0.1286
2025-04-14 11:29:00,216 - INFO - Epoch 24/30 - Loss: -0.1739
2025-04-14 11:29:00,348 - INFO - Epoch 25/30 - Loss: -0.2216
2025-04-14 11:29:00,480 - INFO - Epoch 26/30 - Loss: -0.2615
2025-04-14 11:29:00,610 - INFO - Epoch 27/30 - Loss: -0.3118
2025-04-14 11:29:00,737 - INFO - Epoch 28/30 - Loss: -0.3570
2025-04-14 11:29:00,864 - INFO - Epoch 29/30 - Loss: -0.4026
2025-04-14 11:29:00,991 - INFO - Epoch 30/30 - Loss: -0.4482
2025-04-14 11:29:01,543 - INFO - Validation R² (Fold 3): 0.9905
2025-04-14 11:29:01,544 - INFO - 
Fold 4/4
2025-04-14 11:29:01,682 - INFO - Epoch 1/30 - Loss: 0.8635
2025-04-14 11:29:01,809 - INFO - Epoch 2/30 - Loss: 0.8051
2025-04-14 11:29:01,940 - INFO - Epoch 3/30 - Loss: 0.7575
2025-04-14 11:29:02,070 - INFO - Epoch 4/30 - Loss: 0.7142
2025-04-14 11:29:02,199 - INFO - Epoch 5/30 - Loss: 0.6708
2025-04-14 11:29:02,326 - INFO - Epoch 6/30 - Loss: 0.6286
2025-04-14 11:29:02,456 - INFO - Epoch 7/30 - Loss: 0.5856
2025-04-14 11:29:02,583 - INFO - Epoch 8/30 - Loss: 0.5419
2025-04-14 11:29:02,711 - INFO - Epoch 9/30 - Loss: 0.4976
2025-04-14 11:29:02,840 - INFO - Epoch 10/30 - Loss: 0.4538
2025-04-14 11:29:02,971 - INFO - Epoch 11/30 - Loss: 0.4068
2025-04-14 11:29:03,101 - INFO - Epoch 12/30 - Loss: 0.3615
2025-04-14 11:29:03,230 - INFO - Epoch 13/30 - Loss: 0.3156
2025-04-14 11:29:03,363 - INFO - Epoch 14/30 - Loss: 0.2728
2025-04-14 11:29:03,497 - INFO - Epoch 15/30 - Loss: 0.2297
2025-04-14 11:29:03,626 - INFO - Epoch 16/30 - Loss: 0.1888
2025-04-14 11:29:03,759 - INFO - Epoch 17/30 - Loss: 0.1539
2025-04-14 11:29:03,887 - INFO - Epoch 18/30 - Loss: 0.1077
2025-04-14 11:29:04,018 - INFO - Epoch 19/30 - Loss: 0.0636
2025-04-14 11:29:04,150 - INFO - Epoch 20/30 - Loss: 0.0185
2025-04-14 11:29:04,278 - INFO - Epoch 21/30 - Loss: -0.0299
2025-04-14 11:29:04,406 - INFO - Epoch 22/30 - Loss: -0.0759
2025-04-14 11:29:04,538 - INFO - Epoch 23/30 - Loss: -0.1252
2025-04-14 11:29:04,666 - INFO - Epoch 24/30 - Loss: -0.1770
2025-04-14 11:29:04,794 - INFO - Epoch 25/30 - Loss: -0.2220
2025-04-14 11:29:04,922 - INFO - Epoch 26/30 - Loss: -0.2709
2025-04-14 11:29:05,052 - INFO - Epoch 27/30 - Loss: -0.3147
2025-04-14 11:29:05,182 - INFO - Epoch 28/30 - Loss: -0.3600
2025-04-14 11:29:05,311 - INFO - Epoch 29/30 - Loss: -0.4035
2025-04-14 11:29:05,440 - INFO - Epoch 30/30 - Loss: -0.4513
2025-04-14 11:29:05,935 - INFO - Validation R² (Fold 4): 0.9903
2025-04-14 11:29:05,936 - INFO - 
Average R² across folds: 0.9909
2025-04-14 11:29:05,936 - INFO - Best R² across folds: 0.9920
2025-04-14 11:29:05,939 - INFO - Generated 868 points with 500m resolution
