2025-04-14 13:29:46,420 - INFO - Logging initialized for city: Nashville
2025-04-14 13:29:46,438 - INFO - Original dataset size: 18184. Using all samples.
2025-04-14 13:29:46,631 - INFO - Using device: cuda
2025-04-14 13:29:46,634 - INFO - 
Fold 1/4
2025-04-14 13:29:50,488 - INFO - Epoch 1/40 - Loss: 1.0608
2025-04-14 13:29:50,640 - INFO - Epoch 2/40 - Loss: 1.0342
2025-04-14 13:29:50,794 - INFO - Epoch 3/40 - Loss: 1.0074
2025-04-14 13:29:50,945 - INFO - Epoch 4/40 - Loss: 0.9802
2025-04-14 13:29:51,095 - INFO - Epoch 5/40 - Loss: 0.9527
2025-04-14 13:29:51,245 - INFO - Epoch 6/40 - Loss: 0.9245
2025-04-14 13:29:51,396 - INFO - Epoch 7/40 - Loss: 0.8960
2025-04-14 13:29:51,546 - INFO - Epoch 8/40 - Loss: 0.8677
2025-04-14 13:29:51,698 - INFO - Epoch 9/40 - Loss: 0.8388
2025-04-14 13:29:51,851 - INFO - Epoch 10/40 - Loss: 0.8095
2025-04-14 13:29:52,005 - INFO - Epoch 11/40 - Loss: 0.7801
2025-04-14 13:29:52,161 - INFO - Epoch 12/40 - Loss: 0.7487
2025-04-14 13:29:52,314 - INFO - Epoch 13/40 - Loss: 0.7156
2025-04-14 13:29:52,466 - INFO - Epoch 14/40 - Loss: 0.6787
2025-04-14 13:29:52,616 - INFO - Epoch 15/40 - Loss: 0.6343
2025-04-14 13:29:52,771 - INFO - Epoch 16/40 - Loss: 0.5834
2025-04-14 13:29:52,923 - INFO - Epoch 17/40 - Loss: 0.5180
2025-04-14 13:29:53,075 - INFO - Epoch 18/40 - Loss: 0.4332
2025-04-14 13:29:53,226 - INFO - Epoch 19/40 - Loss: 0.3452
2025-04-14 13:29:53,382 - INFO - Epoch 20/40 - Loss: 0.2580
2025-04-14 13:29:53,535 - INFO - Epoch 21/40 - Loss: 0.1663
2025-04-14 13:29:53,686 - INFO - Epoch 22/40 - Loss: 0.0843
2025-04-14 13:29:53,842 - INFO - Epoch 23/40 - Loss: 0.0088
2025-04-14 13:29:53,997 - INFO - Epoch 24/40 - Loss: -0.0579
2025-04-14 13:29:54,171 - INFO - Epoch 25/40 - Loss: -0.0386
2025-04-14 13:29:54,353 - INFO - Epoch 26/40 - Loss: -0.0573
2025-04-14 13:29:54,536 - INFO - Epoch 27/40 - Loss: -0.1096
2025-04-14 13:29:54,741 - INFO - Epoch 28/40 - Loss: -0.1223
2025-04-14 13:29:54,941 - INFO - Epoch 29/40 - Loss: -0.1812
2025-04-14 13:29:55,147 - INFO - Epoch 30/40 - Loss: -0.1817
2025-04-14 13:29:55,364 - INFO - Epoch 31/40 - Loss: -0.1834
2025-04-14 13:29:55,579 - INFO - Epoch 32/40 - Loss: -0.2173
2025-04-14 13:29:55,802 - INFO - Epoch 33/40 - Loss: -0.2190
2025-04-14 13:29:56,038 - INFO - Epoch 34/40 - Loss: -0.2098
2025-04-14 13:29:56,271 - INFO - Epoch 35/40 - Loss: -0.2119
2025-04-14 13:29:56,506 - INFO - Epoch 36/40 - Loss: -0.1987
2025-04-14 13:29:56,762 - INFO - Epoch 37/40 - Loss: -0.1270
2025-04-14 13:29:57,016 - INFO - Epoch 38/40 - Loss: -0.1314
2025-04-14 13:29:57,287 - INFO - Epoch 39/40 - Loss: -0.0913
2025-04-14 13:29:57,560 - INFO - Epoch 40/40 - Loss: -0.0498
2025-04-14 13:29:58,551 - INFO - Validation R² (Fold 1): 0.9779
2025-04-14 13:29:58,551 - INFO - 
Fold 2/4
2025-04-14 13:29:58,704 - INFO - Epoch 1/40 - Loss: 1.0636
2025-04-14 13:29:58,855 - INFO - Epoch 2/40 - Loss: 1.0380
2025-04-14 13:29:59,006 - INFO - Epoch 3/40 - Loss: 1.0119
2025-04-14 13:29:59,160 - INFO - Epoch 4/40 - Loss: 0.9855
2025-04-14 13:29:59,312 - INFO - Epoch 5/40 - Loss: 0.9586
2025-04-14 13:29:59,465 - INFO - Epoch 6/40 - Loss: 0.9311
2025-04-14 13:29:59,616 - INFO - Epoch 7/40 - Loss: 0.9030
2025-04-14 13:29:59,770 - INFO - Epoch 8/40 - Loss: 0.8745
2025-04-14 13:29:59,923 - INFO - Epoch 9/40 - Loss: 0.8458
2025-04-14 13:30:00,077 - INFO - Epoch 10/40 - Loss: 0.8162
2025-04-14 13:30:00,233 - INFO - Epoch 11/40 - Loss: 0.7860
2025-04-14 13:30:00,385 - INFO - Epoch 12/40 - Loss: 0.7548
2025-04-14 13:30:00,536 - INFO - Epoch 13/40 - Loss: 0.7204
2025-04-14 13:30:00,692 - INFO - Epoch 14/40 - Loss: 0.6827
2025-04-14 13:30:00,844 - INFO - Epoch 15/40 - Loss: 0.6385
2025-04-14 13:30:00,997 - INFO - Epoch 16/40 - Loss: 0.5877
2025-04-14 13:30:01,151 - INFO - Epoch 17/40 - Loss: 0.5182
2025-04-14 13:30:01,304 - INFO - Epoch 18/40 - Loss: 0.4442
2025-04-14 13:30:01,463 - INFO - Epoch 19/40 - Loss: 0.3528
2025-04-14 13:30:01,620 - INFO - Epoch 20/40 - Loss: 0.2667
2025-04-14 13:30:01,779 - INFO - Epoch 21/40 - Loss: 0.1691
2025-04-14 13:30:01,935 - INFO - Epoch 22/40 - Loss: 0.0841
2025-04-14 13:30:02,086 - INFO - Epoch 23/40 - Loss: 0.0060
2025-04-14 13:30:02,247 - INFO - Epoch 24/40 - Loss: -0.0447
2025-04-14 13:30:02,411 - INFO - Epoch 25/40 - Loss: -0.0942
2025-04-14 13:30:02,586 - INFO - Epoch 26/40 - Loss: -0.0751
2025-04-14 13:30:02,763 - INFO - Epoch 27/40 - Loss: -0.1248
2025-04-14 13:30:02,954 - INFO - Epoch 28/40 - Loss: -0.1485
2025-04-14 13:30:03,165 - INFO - Epoch 29/40 - Loss: -0.1367
2025-04-14 13:30:03,376 - INFO - Epoch 30/40 - Loss: -0.1693
2025-04-14 13:30:03,590 - INFO - Epoch 31/40 - Loss: -0.1911
2025-04-14 13:30:03,808 - INFO - Epoch 32/40 - Loss: -0.2109
2025-04-14 13:30:04,030 - INFO - Epoch 33/40 - Loss: -0.2213
2025-04-14 13:30:04,274 - INFO - Epoch 34/40 - Loss: -0.1836
2025-04-14 13:30:04,502 - INFO - Epoch 35/40 - Loss: -0.2255
2025-04-14 13:30:04,743 - INFO - Epoch 36/40 - Loss: -0.1940
2025-04-14 13:30:04,980 - INFO - Epoch 37/40 - Loss: -0.1875
2025-04-14 13:30:05,234 - INFO - Epoch 38/40 - Loss: -0.1390
2025-04-14 13:30:05,513 - INFO - Epoch 39/40 - Loss: -0.0717
2025-04-14 13:30:05,794 - INFO - Epoch 40/40 - Loss: -0.0417
2025-04-14 13:30:06,797 - INFO - Validation R² (Fold 2): 0.9774
2025-04-14 13:30:06,798 - INFO - 
Fold 3/4
2025-04-14 13:30:06,952 - INFO - Epoch 1/40 - Loss: 1.0608
2025-04-14 13:30:07,101 - INFO - Epoch 2/40 - Loss: 1.0343
2025-04-14 13:30:07,252 - INFO - Epoch 3/40 - Loss: 1.0076
2025-04-14 13:30:07,404 - INFO - Epoch 4/40 - Loss: 0.9806
2025-04-14 13:30:07,554 - INFO - Epoch 5/40 - Loss: 0.9532
2025-04-14 13:30:07,705 - INFO - Epoch 6/40 - Loss: 0.9254
2025-04-14 13:30:07,860 - INFO - Epoch 7/40 - Loss: 0.8975
2025-04-14 13:30:08,014 - INFO - Epoch 8/40 - Loss: 0.8690
2025-04-14 13:30:08,168 - INFO - Epoch 9/40 - Loss: 0.8401
2025-04-14 13:30:08,321 - INFO - Epoch 10/40 - Loss: 0.8111
2025-04-14 13:30:08,473 - INFO - Epoch 11/40 - Loss: 0.7815
2025-04-14 13:30:08,625 - INFO - Epoch 12/40 - Loss: 0.7506
2025-04-14 13:30:08,776 - INFO - Epoch 13/40 - Loss: 0.7180
2025-04-14 13:30:08,927 - INFO - Epoch 14/40 - Loss: 0.6805
2025-04-14 13:30:09,080 - INFO - Epoch 15/40 - Loss: 0.6354
2025-04-14 13:30:09,233 - INFO - Epoch 16/40 - Loss: 0.5828
2025-04-14 13:30:09,385 - INFO - Epoch 17/40 - Loss: 0.5183
2025-04-14 13:30:09,536 - INFO - Epoch 18/40 - Loss: 0.4380
2025-04-14 13:30:09,687 - INFO - Epoch 19/40 - Loss: 0.3591
2025-04-14 13:30:09,840 - INFO - Epoch 20/40 - Loss: 0.2638
2025-04-14 13:30:09,993 - INFO - Epoch 21/40 - Loss: 0.1692
2025-04-14 13:30:10,144 - INFO - Epoch 22/40 - Loss: 0.0871
2025-04-14 13:30:10,295 - INFO - Epoch 23/40 - Loss: 0.0086
2025-04-14 13:30:10,463 - INFO - Epoch 24/40 - Loss: -0.0312
2025-04-14 13:30:10,634 - INFO - Epoch 25/40 - Loss: -0.0428
2025-04-14 13:30:10,807 - INFO - Epoch 26/40 - Loss: -0.0829
2025-04-14 13:30:10,987 - INFO - Epoch 27/40 - Loss: -0.1190
2025-04-14 13:30:11,185 - INFO - Epoch 28/40 - Loss: -0.1279
2025-04-14 13:30:11,386 - INFO - Epoch 29/40 - Loss: -0.1598
2025-04-14 13:30:11,602 - INFO - Epoch 30/40 - Loss: -0.1615
2025-04-14 13:30:11,823 - INFO - Epoch 31/40 - Loss: -0.1804
2025-04-14 13:30:12,035 - INFO - Epoch 32/40 - Loss: -0.2219
2025-04-14 13:30:12,261 - INFO - Epoch 33/40 - Loss: -0.2070
2025-04-14 13:30:12,491 - INFO - Epoch 34/40 - Loss: -0.2116
2025-04-14 13:30:12,716 - INFO - Epoch 35/40 - Loss: -0.2330
2025-04-14 13:30:12,952 - INFO - Epoch 36/40 - Loss: -0.1940
2025-04-14 13:30:13,192 - INFO - Epoch 37/40 - Loss: -0.1771
2025-04-14 13:30:13,453 - INFO - Epoch 38/40 - Loss: -0.1290
2025-04-14 13:30:13,722 - INFO - Epoch 39/40 - Loss: -0.0876
2025-04-14 13:30:14,002 - INFO - Epoch 40/40 - Loss: -0.0484
2025-04-14 13:30:14,985 - INFO - Validation R² (Fold 3): 0.9781
2025-04-14 13:30:14,986 - INFO - 
Fold 4/4
2025-04-14 13:30:15,138 - INFO - Epoch 1/40 - Loss: 1.0580
2025-04-14 13:30:15,287 - INFO - Epoch 2/40 - Loss: 1.0319
2025-04-14 13:30:15,440 - INFO - Epoch 3/40 - Loss: 1.0055
2025-04-14 13:30:15,593 - INFO - Epoch 4/40 - Loss: 0.9787
2025-04-14 13:30:15,745 - INFO - Epoch 5/40 - Loss: 0.9515
2025-04-14 13:30:15,896 - INFO - Epoch 6/40 - Loss: 0.9236
2025-04-14 13:30:16,047 - INFO - Epoch 7/40 - Loss: 0.8956
2025-04-14 13:30:16,203 - INFO - Epoch 8/40 - Loss: 0.8671
2025-04-14 13:30:16,356 - INFO - Epoch 9/40 - Loss: 0.8382
2025-04-14 13:30:16,510 - INFO - Epoch 10/40 - Loss: 0.8094
2025-04-14 13:30:16,663 - INFO - Epoch 11/40 - Loss: 0.7790
2025-04-14 13:30:16,814 - INFO - Epoch 12/40 - Loss: 0.7477
2025-04-14 13:30:16,964 - INFO - Epoch 13/40 - Loss: 0.7144
2025-04-14 13:30:17,114 - INFO - Epoch 14/40 - Loss: 0.6776
2025-04-14 13:30:17,265 - INFO - Epoch 15/40 - Loss: 0.6336
2025-04-14 13:30:17,417 - INFO - Epoch 16/40 - Loss: 0.5794
2025-04-14 13:30:17,571 - INFO - Epoch 17/40 - Loss: 0.5141
2025-04-14 13:30:17,724 - INFO - Epoch 18/40 - Loss: 0.4335
2025-04-14 13:30:17,878 - INFO - Epoch 19/40 - Loss: 0.3578
2025-04-14 13:30:18,030 - INFO - Epoch 20/40 - Loss: 0.2631
2025-04-14 13:30:18,183 - INFO - Epoch 21/40 - Loss: 0.1700
2025-04-14 13:30:18,335 - INFO - Epoch 22/40 - Loss: 0.0821
2025-04-14 13:30:18,491 - INFO - Epoch 23/40 - Loss: 0.0231
2025-04-14 13:30:18,661 - INFO - Epoch 24/40 - Loss: -0.0334
2025-04-14 13:30:18,828 - INFO - Epoch 25/40 - Loss: -0.0688
2025-04-14 13:30:19,004 - INFO - Epoch 26/40 - Loss: -0.0644
2025-04-14 13:30:19,175 - INFO - Epoch 27/40 - Loss: -0.1376
2025-04-14 13:30:19,372 - INFO - Epoch 28/40 - Loss: -0.1363
2025-04-14 13:30:19,574 - INFO - Epoch 29/40 - Loss: -0.1575
2025-04-14 13:30:19,786 - INFO - Epoch 30/40 - Loss: -0.1726
2025-04-14 13:30:20,003 - INFO - Epoch 31/40 - Loss: -0.1797
2025-04-14 13:30:20,233 - INFO - Epoch 32/40 - Loss: -0.1956
2025-04-14 13:30:20,463 - INFO - Epoch 33/40 - Loss: -0.2111
2025-04-14 13:30:20,701 - INFO - Epoch 34/40 - Loss: -0.2049
2025-04-14 13:30:20,932 - INFO - Epoch 35/40 - Loss: -0.2269
2025-04-14 13:30:21,174 - INFO - Epoch 36/40 - Loss: -0.1952
2025-04-14 13:30:21,417 - INFO - Epoch 37/40 - Loss: -0.1769
2025-04-14 13:30:21,680 - INFO - Epoch 38/40 - Loss: -0.1223
2025-04-14 13:30:21,961 - INFO - Epoch 39/40 - Loss: -0.0833
2025-04-14 13:30:22,233 - INFO - Epoch 40/40 - Loss: -0.0597
2025-04-14 13:30:23,216 - INFO - Validation R² (Fold 4): 0.9776
2025-04-14 13:30:23,216 - INFO - 
Average R² across folds: 0.9777
2025-04-14 13:30:23,216 - INFO - Best R² across folds: 0.9781
2025-04-14 13:30:23,218 - INFO - 

2025-04-14 13:30:23,219 - INFO - 
Fold 1/4
2025-04-14 13:30:23,373 - INFO - Epoch 1/30 - Loss: 1.0302
2025-04-14 13:30:23,530 - INFO - Epoch 2/30 - Loss: 0.9636
2025-04-14 13:30:23,690 - INFO - Epoch 3/30 - Loss: 0.9135
2025-04-14 13:30:23,853 - INFO - Epoch 4/30 - Loss: 0.8678
2025-04-14 13:30:24,014 - INFO - Epoch 5/30 - Loss: 0.8229
2025-04-14 13:30:24,174 - INFO - Epoch 6/30 - Loss: 0.7787
2025-04-14 13:30:24,334 - INFO - Epoch 7/30 - Loss: 0.7315
2025-04-14 13:30:24,496 - INFO - Epoch 8/30 - Loss: 0.6828
2025-04-14 13:30:24,655 - INFO - Epoch 9/30 - Loss: 0.6324
2025-04-14 13:30:24,814 - INFO - Epoch 10/30 - Loss: 0.5715
2025-04-14 13:30:24,974 - INFO - Epoch 11/30 - Loss: 0.5096
2025-04-14 13:30:25,135 - INFO - Epoch 12/30 - Loss: 0.4442
2025-04-14 13:30:25,295 - INFO - Epoch 13/30 - Loss: 0.3850
2025-04-14 13:30:25,453 - INFO - Epoch 14/30 - Loss: 0.3285
2025-04-14 13:30:25,614 - INFO - Epoch 15/30 - Loss: 0.2788
2025-04-14 13:30:25,772 - INFO - Epoch 16/30 - Loss: 0.2402
2025-04-14 13:30:25,930 - INFO - Epoch 17/30 - Loss: 0.2088
2025-04-14 13:30:26,095 - INFO - Epoch 18/30 - Loss: 0.1843
2025-04-14 13:30:26,260 - INFO - Epoch 19/30 - Loss: 0.1537
2025-04-14 13:30:26,426 - INFO - Epoch 20/30 - Loss: 0.1180
2025-04-14 13:30:26,607 - INFO - Epoch 21/30 - Loss: 0.0907
2025-04-14 13:30:26,775 - INFO - Epoch 22/30 - Loss: 0.0444
2025-04-14 13:30:26,943 - INFO - Epoch 23/30 - Loss: -0.0022
2025-04-14 13:30:27,126 - INFO - Epoch 24/30 - Loss: -0.0241
2025-04-14 13:30:27,287 - INFO - Epoch 25/30 - Loss: -0.1088
2025-04-14 13:30:27,453 - INFO - Epoch 26/30 - Loss: -0.1464
2025-04-14 13:30:27,619 - INFO - Epoch 27/30 - Loss: -0.2019
2025-04-14 13:30:27,793 - INFO - Epoch 28/30 - Loss: -0.2410
2025-04-14 13:30:27,956 - INFO - Epoch 29/30 - Loss: -0.3140
2025-04-14 13:30:28,116 - INFO - Epoch 30/30 - Loss: -0.3638
2025-04-14 13:30:29,015 - INFO - Validation R² (Fold 1): 0.9567
2025-04-14 13:30:29,016 - INFO - 
Fold 2/4
2025-04-14 13:30:29,183 - INFO - Epoch 1/30 - Loss: 0.9887
2025-04-14 13:30:29,343 - INFO - Epoch 2/30 - Loss: 0.9396
2025-04-14 13:30:29,502 - INFO - Epoch 3/30 - Loss: 0.8942
2025-04-14 13:30:29,662 - INFO - Epoch 4/30 - Loss: 0.8498
2025-04-14 13:30:29,822 - INFO - Epoch 5/30 - Loss: 0.8058
2025-04-14 13:30:29,981 - INFO - Epoch 6/30 - Loss: 0.7601
2025-04-14 13:30:30,141 - INFO - Epoch 7/30 - Loss: 0.7115
2025-04-14 13:30:30,300 - INFO - Epoch 8/30 - Loss: 0.6591
2025-04-14 13:30:30,461 - INFO - Epoch 9/30 - Loss: 0.6033
2025-04-14 13:30:30,619 - INFO - Epoch 10/30 - Loss: 0.5399
2025-04-14 13:30:30,780 - INFO - Epoch 11/30 - Loss: 0.4773
2025-04-14 13:30:30,939 - INFO - Epoch 12/30 - Loss: 0.4222
2025-04-14 13:30:31,099 - INFO - Epoch 13/30 - Loss: 0.3643
2025-04-14 13:30:31,260 - INFO - Epoch 14/30 - Loss: 0.3206
2025-04-14 13:30:31,417 - INFO - Epoch 15/30 - Loss: 0.2840
2025-04-14 13:30:31,580 - INFO - Epoch 16/30 - Loss: 0.2521
2025-04-14 13:30:31,744 - INFO - Epoch 17/30 - Loss: 0.2289
2025-04-14 13:30:31,906 - INFO - Epoch 18/30 - Loss: 0.1950
2025-04-14 13:30:32,076 - INFO - Epoch 19/30 - Loss: 0.1624
2025-04-14 13:30:32,243 - INFO - Epoch 20/30 - Loss: 0.1333
2025-04-14 13:30:32,409 - INFO - Epoch 21/30 - Loss: 0.0802
2025-04-14 13:30:32,574 - INFO - Epoch 22/30 - Loss: 0.0351
2025-04-14 13:30:32,735 - INFO - Epoch 23/30 - Loss: -0.0012
2025-04-14 13:30:32,902 - INFO - Epoch 24/30 - Loss: -0.0748
2025-04-14 13:30:33,063 - INFO - Epoch 25/30 - Loss: -0.1355
2025-04-14 13:30:33,224 - INFO - Epoch 26/30 - Loss: -0.1865
2025-04-14 13:30:33,384 - INFO - Epoch 27/30 - Loss: -0.2265
2025-04-14 13:30:33,543 - INFO - Epoch 28/30 - Loss: -0.2690
2025-04-14 13:30:33,703 - INFO - Epoch 29/30 - Loss: -0.3164
2025-04-14 13:30:33,861 - INFO - Epoch 30/30 - Loss: -0.3518
2025-04-14 13:30:34,905 - INFO - Validation R² (Fold 2): 0.9526
2025-04-14 13:30:34,905 - INFO - 
Fold 3/4
2025-04-14 13:30:35,066 - INFO - Epoch 1/30 - Loss: 0.9216
2025-04-14 13:30:35,224 - INFO - Epoch 2/30 - Loss: 0.8837
2025-04-14 13:30:35,384 - INFO - Epoch 3/30 - Loss: 0.8445
2025-04-14 13:30:35,541 - INFO - Epoch 4/30 - Loss: 0.8038
2025-04-14 13:30:35,698 - INFO - Epoch 5/30 - Loss: 0.7590
2025-04-14 13:30:35,857 - INFO - Epoch 6/30 - Loss: 0.7119
2025-04-14 13:30:36,017 - INFO - Epoch 7/30 - Loss: 0.6590
2025-04-14 13:30:36,176 - INFO - Epoch 8/30 - Loss: 0.6045
2025-04-14 13:30:36,338 - INFO - Epoch 9/30 - Loss: 0.5469
2025-04-14 13:30:36,496 - INFO - Epoch 10/30 - Loss: 0.4989
2025-04-14 13:30:36,655 - INFO - Epoch 11/30 - Loss: 0.4478
2025-04-14 13:30:36,815 - INFO - Epoch 12/30 - Loss: 0.4052
2025-04-14 13:30:36,973 - INFO - Epoch 13/30 - Loss: 0.3642
2025-04-14 13:30:37,134 - INFO - Epoch 14/30 - Loss: 0.3368
2025-04-14 13:30:37,293 - INFO - Epoch 15/30 - Loss: 0.3031
2025-04-14 13:30:37,452 - INFO - Epoch 16/30 - Loss: 0.2769
2025-04-14 13:30:37,614 - INFO - Epoch 17/30 - Loss: 0.2368
2025-04-14 13:30:37,777 - INFO - Epoch 18/30 - Loss: 0.1889
2025-04-14 13:30:37,936 - INFO - Epoch 19/30 - Loss: 0.1376
2025-04-14 13:30:38,095 - INFO - Epoch 20/30 - Loss: 0.0966
2025-04-14 13:30:38,254 - INFO - Epoch 21/30 - Loss: 0.0455
2025-04-14 13:30:38,415 - INFO - Epoch 22/30 - Loss: -0.0031
2025-04-14 13:30:38,575 - INFO - Epoch 23/30 - Loss: -0.0547
2025-04-14 13:30:38,735 - INFO - Epoch 24/30 - Loss: -0.0962
2025-04-14 13:30:38,895 - INFO - Epoch 25/30 - Loss: -0.1352
2025-04-14 13:30:39,055 - INFO - Epoch 26/30 - Loss: -0.1730
2025-04-14 13:30:39,209 - INFO - Epoch 27/30 - Loss: -0.2086
2025-04-14 13:30:39,364 - INFO - Epoch 28/30 - Loss: -0.2509
2025-04-14 13:30:39,515 - INFO - Epoch 29/30 - Loss: -0.2930
2025-04-14 13:30:39,670 - INFO - Epoch 30/30 - Loss: -0.3425
2025-04-14 13:30:40,544 - INFO - Validation R² (Fold 3): 0.9538
2025-04-14 13:30:40,544 - INFO - 
Fold 4/4
2025-04-14 13:30:40,708 - INFO - Epoch 1/30 - Loss: 0.9892
2025-04-14 13:30:40,862 - INFO - Epoch 2/30 - Loss: 0.9413
2025-04-14 13:30:41,016 - INFO - Epoch 3/30 - Loss: 0.8957
2025-04-14 13:30:41,170 - INFO - Epoch 4/30 - Loss: 0.8509
2025-04-14 13:30:41,324 - INFO - Epoch 5/30 - Loss: 0.8066
2025-04-14 13:30:41,476 - INFO - Epoch 6/30 - Loss: 0.7607
2025-04-14 13:30:41,631 - INFO - Epoch 7/30 - Loss: 0.7123
2025-04-14 13:30:41,784 - INFO - Epoch 8/30 - Loss: 0.6608
2025-04-14 13:30:41,935 - INFO - Epoch 9/30 - Loss: 0.6062
2025-04-14 13:30:42,086 - INFO - Epoch 10/30 - Loss: 0.5423
2025-04-14 13:30:42,240 - INFO - Epoch 11/30 - Loss: 0.4784
2025-04-14 13:30:42,394 - INFO - Epoch 12/30 - Loss: 0.4217
2025-04-14 13:30:42,554 - INFO - Epoch 13/30 - Loss: 0.3674
2025-04-14 13:30:42,714 - INFO - Epoch 14/30 - Loss: 0.3188
2025-04-14 13:30:42,874 - INFO - Epoch 15/30 - Loss: 0.2815
2025-04-14 13:30:43,035 - INFO - Epoch 16/30 - Loss: 0.2537
2025-04-14 13:30:43,194 - INFO - Epoch 17/30 - Loss: 0.2185
2025-04-14 13:30:43,362 - INFO - Epoch 18/30 - Loss: 0.1981
2025-04-14 13:30:43,523 - INFO - Epoch 19/30 - Loss: 0.1669
2025-04-14 13:30:43,692 - INFO - Epoch 20/30 - Loss: 0.1177
2025-04-14 13:30:43,861 - INFO - Epoch 21/30 - Loss: 0.0829
2025-04-14 13:30:44,024 - INFO - Epoch 22/30 - Loss: 0.0312
2025-04-14 13:30:44,195 - INFO - Epoch 23/30 - Loss: -0.0161
2025-04-14 13:30:44,364 - INFO - Epoch 24/30 - Loss: -0.0720
2025-04-14 13:30:44,525 - INFO - Epoch 25/30 - Loss: -0.1349
2025-04-14 13:30:44,687 - INFO - Epoch 26/30 - Loss: -0.1749
2025-04-14 13:30:44,846 - INFO - Epoch 27/30 - Loss: -0.2301
2025-04-14 13:30:45,010 - INFO - Epoch 28/30 - Loss: -0.2632
2025-04-14 13:30:45,171 - INFO - Epoch 29/30 - Loss: -0.3136
2025-04-14 13:30:45,333 - INFO - Epoch 30/30 - Loss: -0.3567
2025-04-14 13:30:46,174 - INFO - Validation R² (Fold 4): 0.9541
2025-04-14 13:30:46,174 - INFO - 
Average R² across folds: 0.9543
2025-04-14 13:30:46,174 - INFO - Best R² across folds: 0.9567
2025-04-14 13:30:46,177 - INFO - Generated 2968 points with 500m resolution
