2025-04-14 12:31:24,062 - INFO - Logging initialized for city: New Orleans
2025-04-14 12:31:24,086 - INFO - Original dataset size: 27939. Randomly selecting 20000 samples.
2025-04-14 12:31:24,307 - INFO - Using device: cuda
2025-04-14 12:31:24,309 - INFO - 
Fold 1/4
2025-04-14 12:31:28,343 - INFO - Epoch 1/40 - Loss: 1.0301
2025-04-14 12:31:28,530 - INFO - Epoch 2/40 - Loss: 1.0033
2025-04-14 12:31:28,718 - INFO - Epoch 3/40 - Loss: 0.9762
2025-04-14 12:31:28,903 - INFO - Epoch 4/40 - Loss: 0.9485
2025-04-14 12:31:29,089 - INFO - Epoch 5/40 - Loss: 0.9201
2025-04-14 12:31:29,278 - INFO - Epoch 6/40 - Loss: 0.8911
2025-04-14 12:31:29,468 - INFO - Epoch 7/40 - Loss: 0.8602
2025-04-14 12:31:29,656 - INFO - Epoch 8/40 - Loss: 0.8277
2025-04-14 12:31:29,844 - INFO - Epoch 9/40 - Loss: 0.7935
2025-04-14 12:31:30,031 - INFO - Epoch 10/40 - Loss: 0.7581
2025-04-14 12:31:30,220 - INFO - Epoch 11/40 - Loss: 0.7216
2025-04-14 12:31:30,409 - INFO - Epoch 12/40 - Loss: 0.6853
2025-04-14 12:31:30,591 - INFO - Epoch 13/40 - Loss: 0.6486
2025-04-14 12:31:30,773 - INFO - Epoch 14/40 - Loss: 0.6119
2025-04-14 12:31:30,952 - INFO - Epoch 15/40 - Loss: 0.5694
2025-04-14 12:31:31,132 - INFO - Epoch 16/40 - Loss: 0.5222
2025-04-14 12:31:31,312 - INFO - Epoch 17/40 - Loss: 0.4533
2025-04-14 12:31:31,492 - INFO - Epoch 18/40 - Loss: 0.3903
2025-04-14 12:31:31,674 - INFO - Epoch 19/40 - Loss: 0.3081
2025-04-14 12:31:31,854 - INFO - Epoch 20/40 - Loss: 0.2222
2025-04-14 12:31:32,034 - INFO - Epoch 21/40 - Loss: 0.1427
2025-04-14 12:31:32,220 - INFO - Epoch 22/40 - Loss: 0.0700
2025-04-14 12:31:32,410 - INFO - Epoch 23/40 - Loss: -0.0103
2025-04-14 12:31:32,608 - INFO - Epoch 24/40 - Loss: -0.0445
2025-04-14 12:31:32,807 - INFO - Epoch 25/40 - Loss: -0.0931
2025-04-14 12:31:33,032 - INFO - Epoch 26/40 - Loss: -0.0800
2025-04-14 12:31:33,261 - INFO - Epoch 27/40 - Loss: -0.1276
2025-04-14 12:31:33,501 - INFO - Epoch 28/40 - Loss: -0.1508
2025-04-14 12:31:33,774 - INFO - Epoch 29/40 - Loss: -0.1306
2025-04-14 12:31:34,040 - INFO - Epoch 30/40 - Loss: -0.1760
2025-04-14 12:31:34,319 - INFO - Epoch 31/40 - Loss: -0.1812
2025-04-14 12:31:34,598 - INFO - Epoch 32/40 - Loss: -0.1859
2025-04-14 12:31:34,893 - INFO - Epoch 33/40 - Loss: -0.1863
2025-04-14 12:31:35,202 - INFO - Epoch 34/40 - Loss: -0.1765
2025-04-14 12:31:35,522 - INFO - Epoch 35/40 - Loss: -0.1736
2025-04-14 12:31:35,858 - INFO - Epoch 36/40 - Loss: -0.1612
2025-04-14 12:31:36,174 - INFO - Epoch 37/40 - Loss: -0.2024
2025-04-14 12:31:36,528 - INFO - Epoch 38/40 - Loss: -0.1486
2025-04-14 12:31:36,874 - INFO - Epoch 39/40 - Loss: -0.1503
2025-04-14 12:31:37,242 - INFO - Epoch 40/40 - Loss: -0.1316
2025-04-14 12:31:38,542 - INFO - Validation R² (Fold 1): 0.9876
2025-04-14 12:31:38,543 - INFO - 
Fold 2/4
2025-04-14 12:31:38,731 - INFO - Epoch 1/40 - Loss: 1.0253
2025-04-14 12:31:38,918 - INFO - Epoch 2/40 - Loss: 0.9983
2025-04-14 12:31:39,103 - INFO - Epoch 3/40 - Loss: 0.9710
2025-04-14 12:31:39,289 - INFO - Epoch 4/40 - Loss: 0.9432
2025-04-14 12:31:39,478 - INFO - Epoch 5/40 - Loss: 0.9147
2025-04-14 12:31:39,665 - INFO - Epoch 6/40 - Loss: 0.8854
2025-04-14 12:31:39,851 - INFO - Epoch 7/40 - Loss: 0.8545
2025-04-14 12:31:40,038 - INFO - Epoch 8/40 - Loss: 0.8221
2025-04-14 12:31:40,224 - INFO - Epoch 9/40 - Loss: 0.7882
2025-04-14 12:31:40,409 - INFO - Epoch 10/40 - Loss: 0.7528
2025-04-14 12:31:40,594 - INFO - Epoch 11/40 - Loss: 0.7159
2025-04-14 12:31:40,782 - INFO - Epoch 12/40 - Loss: 0.6795
2025-04-14 12:31:40,972 - INFO - Epoch 13/40 - Loss: 0.6425
2025-04-14 12:31:41,158 - INFO - Epoch 14/40 - Loss: 0.6052
2025-04-14 12:31:41,346 - INFO - Epoch 15/40 - Loss: 0.5658
2025-04-14 12:31:41,533 - INFO - Epoch 16/40 - Loss: 0.5178
2025-04-14 12:31:41,719 - INFO - Epoch 17/40 - Loss: 0.4590
2025-04-14 12:31:41,905 - INFO - Epoch 18/40 - Loss: 0.3911
2025-04-14 12:31:42,092 - INFO - Epoch 19/40 - Loss: 0.3164
2025-04-14 12:31:42,280 - INFO - Epoch 20/40 - Loss: 0.2309
2025-04-14 12:31:42,471 - INFO - Epoch 21/40 - Loss: 0.1497
2025-04-14 12:31:42,657 - INFO - Epoch 22/40 - Loss: 0.0634
2025-04-14 12:31:42,844 - INFO - Epoch 23/40 - Loss: 0.0047
2025-04-14 12:31:43,040 - INFO - Epoch 24/40 - Loss: -0.0449
2025-04-14 12:31:43,243 - INFO - Epoch 25/40 - Loss: -0.0906
2025-04-14 12:31:43,453 - INFO - Epoch 26/40 - Loss: -0.1168
2025-04-14 12:31:43,691 - INFO - Epoch 27/40 - Loss: -0.0992
2025-04-14 12:31:43,925 - INFO - Epoch 28/40 - Loss: -0.1575
2025-04-14 12:31:44,181 - INFO - Epoch 29/40 - Loss: -0.1521
2025-04-14 12:31:44,455 - INFO - Epoch 30/40 - Loss: -0.1645
2025-04-14 12:31:44,734 - INFO - Epoch 31/40 - Loss: -0.1712
2025-04-14 12:31:45,025 - INFO - Epoch 32/40 - Loss: -0.1613
2025-04-14 12:31:45,325 - INFO - Epoch 33/40 - Loss: -0.1691
2025-04-14 12:31:45,628 - INFO - Epoch 34/40 - Loss: -0.1808
2025-04-14 12:31:45,947 - INFO - Epoch 35/40 - Loss: -0.1799
2025-04-14 12:31:46,260 - INFO - Epoch 36/40 - Loss: -0.1872
2025-04-14 12:31:46,598 - INFO - Epoch 37/40 - Loss: -0.1750
2025-04-14 12:31:46,954 - INFO - Epoch 38/40 - Loss: -0.1417
2025-04-14 12:31:47,301 - INFO - Epoch 39/40 - Loss: -0.1542
2025-04-14 12:31:47,641 - INFO - Epoch 40/40 - Loss: -0.1613
2025-04-14 12:31:48,909 - INFO - Validation R² (Fold 2): 0.9880
2025-04-14 12:31:48,910 - INFO - 
Fold 3/4
2025-04-14 12:31:49,099 - INFO - Epoch 1/40 - Loss: 1.0271
2025-04-14 12:31:49,281 - INFO - Epoch 2/40 - Loss: 1.0003
2025-04-14 12:31:49,460 - INFO - Epoch 3/40 - Loss: 0.9732
2025-04-14 12:31:49,640 - INFO - Epoch 4/40 - Loss: 0.9455
2025-04-14 12:31:49,820 - INFO - Epoch 5/40 - Loss: 0.9170
2025-04-14 12:31:50,000 - INFO - Epoch 6/40 - Loss: 0.8876
2025-04-14 12:31:50,180 - INFO - Epoch 7/40 - Loss: 0.8568
2025-04-14 12:31:50,362 - INFO - Epoch 8/40 - Loss: 0.8237
2025-04-14 12:31:50,542 - INFO - Epoch 9/40 - Loss: 0.7896
2025-04-14 12:31:50,720 - INFO - Epoch 10/40 - Loss: 0.7536
2025-04-14 12:31:50,900 - INFO - Epoch 11/40 - Loss: 0.7167
2025-04-14 12:31:51,079 - INFO - Epoch 12/40 - Loss: 0.6795
2025-04-14 12:31:51,258 - INFO - Epoch 13/40 - Loss: 0.6425
2025-04-14 12:31:51,437 - INFO - Epoch 14/40 - Loss: 0.6035
2025-04-14 12:31:51,618 - INFO - Epoch 15/40 - Loss: 0.5625
2025-04-14 12:31:51,800 - INFO - Epoch 16/40 - Loss: 0.5152
2025-04-14 12:31:51,981 - INFO - Epoch 17/40 - Loss: 0.4572
2025-04-14 12:31:52,160 - INFO - Epoch 18/40 - Loss: 0.3893
2025-04-14 12:31:52,341 - INFO - Epoch 19/40 - Loss: 0.3102
2025-04-14 12:31:52,524 - INFO - Epoch 20/40 - Loss: 0.2228
2025-04-14 12:31:52,706 - INFO - Epoch 21/40 - Loss: 0.1463
2025-04-14 12:31:52,885 - INFO - Epoch 22/40 - Loss: 0.0616
2025-04-14 12:31:53,064 - INFO - Epoch 23/40 - Loss: -0.0108
2025-04-14 12:31:53,260 - INFO - Epoch 24/40 - Loss: -0.0364
2025-04-14 12:31:53,470 - INFO - Epoch 25/40 - Loss: -0.0574
2025-04-14 12:31:53,683 - INFO - Epoch 26/40 - Loss: -0.1058
2025-04-14 12:31:53,913 - INFO - Epoch 27/40 - Loss: -0.1053
2025-04-14 12:31:54,169 - INFO - Epoch 28/40 - Loss: -0.1121
2025-04-14 12:31:54,430 - INFO - Epoch 29/40 - Loss: -0.1385
2025-04-14 12:31:54,690 - INFO - Epoch 30/40 - Loss: -0.1743
2025-04-14 12:31:54,982 - INFO - Epoch 31/40 - Loss: -0.1389
2025-04-14 12:31:55,271 - INFO - Epoch 32/40 - Loss: -0.1523
2025-04-14 12:31:55,561 - INFO - Epoch 33/40 - Loss: -0.1760
2025-04-14 12:31:55,868 - INFO - Epoch 34/40 - Loss: -0.1683
2025-04-14 12:31:56,159 - INFO - Epoch 35/40 - Loss: -0.1994
2025-04-14 12:31:56,464 - INFO - Epoch 36/40 - Loss: -0.1963
2025-04-14 12:31:56,786 - INFO - Epoch 37/40 - Loss: -0.1631
2025-04-14 12:31:57,104 - INFO - Epoch 38/40 - Loss: -0.1846
2025-04-14 12:31:57,440 - INFO - Epoch 39/40 - Loss: -0.1589
2025-04-14 12:31:57,788 - INFO - Epoch 40/40 - Loss: -0.1461
2025-04-14 12:31:59,047 - INFO - Validation R² (Fold 3): 0.9873
2025-04-14 12:31:59,048 - INFO - 
Fold 4/4
2025-04-14 12:31:59,230 - INFO - Epoch 1/40 - Loss: 1.0258
2025-04-14 12:31:59,414 - INFO - Epoch 2/40 - Loss: 0.9989
2025-04-14 12:31:59,598 - INFO - Epoch 3/40 - Loss: 0.9713
2025-04-14 12:31:59,780 - INFO - Epoch 4/40 - Loss: 0.9433
2025-04-14 12:31:59,960 - INFO - Epoch 5/40 - Loss: 0.9145
2025-04-14 12:32:00,142 - INFO - Epoch 6/40 - Loss: 0.8847
2025-04-14 12:32:00,322 - INFO - Epoch 7/40 - Loss: 0.8533
2025-04-14 12:32:00,501 - INFO - Epoch 8/40 - Loss: 0.8204
2025-04-14 12:32:00,682 - INFO - Epoch 9/40 - Loss: 0.7858
2025-04-14 12:32:00,862 - INFO - Epoch 10/40 - Loss: 0.7492
2025-04-14 12:32:01,042 - INFO - Epoch 11/40 - Loss: 0.7123
2025-04-14 12:32:01,222 - INFO - Epoch 12/40 - Loss: 0.6751
2025-04-14 12:32:01,402 - INFO - Epoch 13/40 - Loss: 0.6391
2025-04-14 12:32:01,583 - INFO - Epoch 14/40 - Loss: 0.6005
2025-04-14 12:32:01,766 - INFO - Epoch 15/40 - Loss: 0.5603
2025-04-14 12:32:01,948 - INFO - Epoch 16/40 - Loss: 0.5130
2025-04-14 12:32:02,130 - INFO - Epoch 17/40 - Loss: 0.4559
2025-04-14 12:32:02,310 - INFO - Epoch 18/40 - Loss: 0.3897
2025-04-14 12:32:02,490 - INFO - Epoch 19/40 - Loss: 0.3144
2025-04-14 12:32:02,670 - INFO - Epoch 20/40 - Loss: 0.2318
2025-04-14 12:32:02,848 - INFO - Epoch 21/40 - Loss: 0.1483
2025-04-14 12:32:03,028 - INFO - Epoch 22/40 - Loss: 0.0623
2025-04-14 12:32:03,210 - INFO - Epoch 23/40 - Loss: -0.0165
2025-04-14 12:32:03,402 - INFO - Epoch 24/40 - Loss: -0.0311
2025-04-14 12:32:03,607 - INFO - Epoch 25/40 - Loss: -0.0676
2025-04-14 12:32:03,820 - INFO - Epoch 26/40 - Loss: -0.0932
2025-04-14 12:32:04,042 - INFO - Epoch 27/40 - Loss: -0.1246
2025-04-14 12:32:04,273 - INFO - Epoch 28/40 - Loss: -0.1502
2025-04-14 12:32:04,513 - INFO - Epoch 29/40 - Loss: -0.1743
2025-04-14 12:32:04,773 - INFO - Epoch 30/40 - Loss: -0.1725
2025-04-14 12:32:05,057 - INFO - Epoch 31/40 - Loss: -0.1520
2025-04-14 12:32:05,332 - INFO - Epoch 32/40 - Loss: -0.1764
2025-04-14 12:32:05,630 - INFO - Epoch 33/40 - Loss: -0.1587
2025-04-14 12:32:05,951 - INFO - Epoch 34/40 - Loss: -0.1402
2025-04-14 12:32:06,259 - INFO - Epoch 35/40 - Loss: -0.1920
2025-04-14 12:32:06,549 - INFO - Epoch 36/40 - Loss: -0.2200
2025-04-14 12:32:06,871 - INFO - Epoch 37/40 - Loss: -0.1747
2025-04-14 12:32:07,221 - INFO - Epoch 38/40 - Loss: -0.1512
2025-04-14 12:32:07,573 - INFO - Epoch 39/40 - Loss: -0.1534
2025-04-14 12:32:07,923 - INFO - Epoch 40/40 - Loss: -0.1284
2025-04-14 12:32:09,185 - INFO - Validation R² (Fold 4): 0.9883
2025-04-14 12:32:09,185 - INFO - 
Average R² across folds: 0.9878
2025-04-14 12:32:09,185 - INFO - Best R² across folds: 0.9883
2025-04-14 12:32:09,191 - INFO - 

2025-04-14 12:32:09,192 - INFO - 
Fold 1/4
2025-04-14 12:32:09,383 - INFO - Epoch 1/30 - Loss: 0.8933
2025-04-14 12:32:09,569 - INFO - Epoch 2/30 - Loss: 0.8553
2025-04-14 12:32:09,755 - INFO - Epoch 3/30 - Loss: 0.8170
2025-04-14 12:32:09,950 - INFO - Epoch 4/30 - Loss: 0.7777
2025-04-14 12:32:10,142 - INFO - Epoch 5/30 - Loss: 0.7370
2025-04-14 12:32:10,330 - INFO - Epoch 6/30 - Loss: 0.6933
2025-04-14 12:32:10,516 - INFO - Epoch 7/30 - Loss: 0.6438
2025-04-14 12:32:10,704 - INFO - Epoch 8/30 - Loss: 0.5966
2025-04-14 12:32:10,894 - INFO - Epoch 9/30 - Loss: 0.5386
2025-04-14 12:32:11,083 - INFO - Epoch 10/30 - Loss: 0.4864
2025-04-14 12:32:11,272 - INFO - Epoch 11/30 - Loss: 0.4409
2025-04-14 12:32:11,460 - INFO - Epoch 12/30 - Loss: 0.4017
2025-04-14 12:32:11,649 - INFO - Epoch 13/30 - Loss: 0.3664
2025-04-14 12:32:11,839 - INFO - Epoch 14/30 - Loss: 0.3338
2025-04-14 12:32:12,032 - INFO - Epoch 15/30 - Loss: 0.3028
2025-04-14 12:32:12,222 - INFO - Epoch 16/30 - Loss: 0.2704
2025-04-14 12:32:12,415 - INFO - Epoch 17/30 - Loss: 0.2386
2025-04-14 12:32:12,605 - INFO - Epoch 18/30 - Loss: 0.1835
2025-04-14 12:32:12,805 - INFO - Epoch 19/30 - Loss: 0.1475
2025-04-14 12:32:12,999 - INFO - Epoch 20/30 - Loss: 0.0905
2025-04-14 12:32:13,185 - INFO - Epoch 21/30 - Loss: 0.0395
2025-04-14 12:32:13,372 - INFO - Epoch 22/30 - Loss: -0.0203
2025-04-14 12:32:13,560 - INFO - Epoch 23/30 - Loss: -0.0550
2025-04-14 12:32:13,780 - INFO - Epoch 24/30 - Loss: -0.0362
2025-04-14 12:32:13,976 - INFO - Epoch 25/30 - Loss: -0.1324
2025-04-14 12:32:14,166 - INFO - Epoch 26/30 - Loss: -0.1796
2025-04-14 12:32:16,676 - INFO - Epoch 27/30 - Loss: 0.1129
2025-04-14 12:32:19,181 - INFO - Epoch 28/30 - Loss: 0.1048
2025-04-14 12:32:19,363 - INFO - Epoch 29/30 - Loss: -0.2952
2025-04-14 12:32:21,723 - INFO - Epoch 30/30 - Loss: 0.1006
2025-04-14 12:32:23,972 - INFO - Validation R² (Fold 1): -160.3037
2025-04-14 12:32:23,973 - INFO - 
Fold 2/4
2025-04-14 12:32:24,159 - INFO - Epoch 1/30 - Loss: 1.1281
2025-04-14 12:32:24,337 - INFO - Epoch 2/30 - Loss: 1.0569
2025-04-14 12:32:24,523 - INFO - Epoch 3/30 - Loss: 1.0014
2025-04-14 12:32:24,711 - INFO - Epoch 4/30 - Loss: 0.8930
2025-04-14 12:32:24,899 - INFO - Epoch 5/30 - Loss: 0.8291
2025-04-14 12:32:25,088 - INFO - Epoch 6/30 - Loss: 0.7769
2025-04-14 12:32:25,274 - INFO - Epoch 7/30 - Loss: 0.7289
2025-04-14 12:32:25,461 - INFO - Epoch 8/30 - Loss: 0.6833
2025-04-14 12:32:25,647 - INFO - Epoch 9/30 - Loss: 0.6367
2025-04-14 12:32:25,835 - INFO - Epoch 10/30 - Loss: 0.5878
2025-04-14 12:32:26,023 - INFO - Epoch 11/30 - Loss: 0.5380
2025-04-14 12:32:26,212 - INFO - Epoch 12/30 - Loss: 0.4815
2025-04-14 12:32:26,402 - INFO - Epoch 13/30 - Loss: 0.4210
2025-04-14 12:32:26,591 - INFO - Epoch 14/30 - Loss: 0.3581
2025-04-14 12:32:26,781 - INFO - Epoch 15/30 - Loss: 0.2973
2025-04-14 12:32:26,972 - INFO - Epoch 16/30 - Loss: 0.2488
2025-04-14 12:32:27,161 - INFO - Epoch 17/30 - Loss: 0.1886
2025-04-14 12:32:27,354 - INFO - Epoch 18/30 - Loss: 0.1572
2025-04-14 12:32:27,550 - INFO - Epoch 19/30 - Loss: 0.1216
2025-04-14 12:32:27,750 - INFO - Epoch 20/30 - Loss: 0.0911
2025-04-14 12:32:27,964 - INFO - Epoch 21/30 - Loss: 0.0814
2025-04-14 12:32:28,185 - INFO - Epoch 22/30 - Loss: 0.0671
2025-04-14 12:32:28,416 - INFO - Epoch 23/30 - Loss: 0.0487
2025-04-14 12:32:28,652 - INFO - Epoch 24/30 - Loss: 0.0314
2025-04-14 12:32:28,890 - INFO - Epoch 25/30 - Loss: 0.0063
2025-04-14 12:32:29,155 - INFO - Epoch 26/30 - Loss: 0.0116
2025-04-14 12:32:29,396 - INFO - Epoch 27/30 - Loss: -0.0384
2025-04-14 12:32:29,645 - INFO - Epoch 28/30 - Loss: -0.0690
2025-04-14 12:32:29,872 - INFO - Epoch 29/30 - Loss: -0.1262
2025-04-14 12:32:30,111 - INFO - Epoch 30/30 - Loss: -0.1695
2025-04-14 12:32:31,980 - INFO - Validation R² (Fold 2): 0.9732
2025-04-14 12:32:31,981 - INFO - 
Fold 3/4
2025-04-14 12:32:32,174 - INFO - Epoch 1/30 - Loss: 0.9327
2025-04-14 12:32:32,361 - INFO - Epoch 2/30 - Loss: 0.8882
2025-04-14 12:32:32,543 - INFO - Epoch 3/30 - Loss: 0.8450
2025-04-14 12:32:32,723 - INFO - Epoch 4/30 - Loss: 0.8034
2025-04-14 12:32:32,904 - INFO - Epoch 5/30 - Loss: 0.7614
2025-04-14 12:32:33,084 - INFO - Epoch 6/30 - Loss: 0.7198
2025-04-14 12:32:33,267 - INFO - Epoch 7/30 - Loss: 0.6741
2025-04-14 12:32:33,449 - INFO - Epoch 8/30 - Loss: 0.6270
2025-04-14 12:32:33,630 - INFO - Epoch 9/30 - Loss: 0.5770
2025-04-14 12:32:33,813 - INFO - Epoch 10/30 - Loss: 0.5230
2025-04-14 12:32:33,995 - INFO - Epoch 11/30 - Loss: 0.4661
2025-04-14 12:32:34,177 - INFO - Epoch 12/30 - Loss: 0.4113
2025-04-14 12:32:34,360 - INFO - Epoch 13/30 - Loss: 0.3647
2025-04-14 12:32:34,541 - INFO - Epoch 14/30 - Loss: 0.3183
2025-04-14 12:32:34,727 - INFO - Epoch 15/30 - Loss: 0.2883
2025-04-14 12:32:34,913 - INFO - Epoch 16/30 - Loss: 0.2570
2025-04-14 12:32:35,120 - INFO - Epoch 17/30 - Loss: 0.2449
2025-04-14 12:32:35,305 - INFO - Epoch 18/30 - Loss: 0.2004
2025-04-14 12:32:35,511 - INFO - Epoch 19/30 - Loss: 0.1723
2025-04-14 12:32:35,712 - INFO - Epoch 20/30 - Loss: 0.1392
2025-04-14 12:32:35,897 - INFO - Epoch 21/30 - Loss: 0.0721
2025-04-14 12:32:36,080 - INFO - Epoch 22/30 - Loss: 0.0213
2025-04-14 12:32:36,269 - INFO - Epoch 23/30 - Loss: -0.0287
2025-04-14 12:32:36,451 - INFO - Epoch 24/30 - Loss: -0.0856
2025-04-14 12:32:36,632 - INFO - Epoch 25/30 - Loss: -0.1316
2025-04-14 12:32:36,814 - INFO - Epoch 26/30 - Loss: -0.1872
2025-04-14 12:32:36,995 - INFO - Epoch 27/30 - Loss: -0.2299
2025-04-14 12:32:37,175 - INFO - Epoch 28/30 - Loss: -0.2737
2025-04-14 12:32:37,370 - INFO - Epoch 29/30 - Loss: -0.2700
2025-04-14 12:32:37,555 - INFO - Epoch 30/30 - Loss: -0.3377
2025-04-14 12:32:38,522 - INFO - Validation R² (Fold 3): 0.9534
2025-04-14 12:32:38,523 - INFO - 
Fold 4/4
2025-04-14 12:32:38,715 - INFO - Epoch 1/30 - Loss: 0.9657
2025-04-14 12:32:38,900 - INFO - Epoch 2/30 - Loss: 0.9102
2025-04-14 12:32:39,083 - INFO - Epoch 3/30 - Loss: 0.8626
2025-04-14 12:32:39,262 - INFO - Epoch 4/30 - Loss: 0.8188
2025-04-14 12:32:39,443 - INFO - Epoch 5/30 - Loss: 0.7763
2025-04-14 12:32:39,624 - INFO - Epoch 6/30 - Loss: 0.7336
2025-04-14 12:32:39,805 - INFO - Epoch 7/30 - Loss: 0.6896
2025-04-14 12:32:39,985 - INFO - Epoch 8/30 - Loss: 0.6439
2025-04-14 12:32:40,172 - INFO - Epoch 9/30 - Loss: 0.5950
2025-04-14 12:32:40,354 - INFO - Epoch 10/30 - Loss: 0.5426
2025-04-14 12:32:40,537 - INFO - Epoch 11/30 - Loss: 0.4859
2025-04-14 12:32:40,720 - INFO - Epoch 12/30 - Loss: 0.4290
2025-04-14 12:32:40,902 - INFO - Epoch 13/30 - Loss: 0.3740
2025-04-14 12:32:41,082 - INFO - Epoch 14/30 - Loss: 0.3193
2025-04-14 12:32:41,265 - INFO - Epoch 15/30 - Loss: 0.2746
2025-04-14 12:32:41,444 - INFO - Epoch 16/30 - Loss: 0.2389
2025-04-14 12:32:41,625 - INFO - Epoch 17/30 - Loss: 0.2093
2025-04-14 12:32:41,822 - INFO - Epoch 18/30 - Loss: 0.1904
2025-04-14 12:32:42,019 - INFO - Epoch 19/30 - Loss: 0.1627
2025-04-14 12:32:42,222 - INFO - Epoch 20/30 - Loss: 0.1332
2025-04-14 12:32:42,421 - INFO - Epoch 21/30 - Loss: 0.0928
2025-04-14 12:32:42,621 - INFO - Epoch 22/30 - Loss: 0.0500
2025-04-14 12:32:42,833 - INFO - Epoch 23/30 - Loss: 0.0359
2025-04-14 12:32:43,032 - INFO - Epoch 24/30 - Loss: -0.0384
2025-04-14 12:32:43,234 - INFO - Epoch 25/30 - Loss: -0.0688
2025-04-14 12:32:43,415 - INFO - Epoch 26/30 - Loss: -0.1603
2025-04-14 12:32:43,600 - INFO - Epoch 27/30 - Loss: -0.2096
2025-04-14 12:32:43,781 - INFO - Epoch 28/30 - Loss: -0.2670
2025-04-14 12:32:43,963 - INFO - Epoch 29/30 - Loss: -0.3225
2025-04-14 12:32:44,148 - INFO - Epoch 30/30 - Loss: -0.3563
2025-04-14 12:32:45,930 - INFO - Validation R² (Fold 4): 0.9559
2025-04-14 12:32:45,930 - INFO - 
Average R² across folds: -39.3553
2025-04-14 12:32:45,930 - INFO - Best R² across folds: 0.9732
2025-04-14 12:32:45,933 - INFO - Generated 2142 points with 500m resolution
