2025-04-14 11:33:07,111 - INFO - Logging initialized for city: NYC
2025-04-14 11:33:07,120 - INFO - Original dataset size: 15135. Using all samples.
2025-04-14 11:33:07,307 - INFO - Using device: cuda
2025-04-14 11:33:07,307 - INFO - 
Fold 1/4
2025-04-14 11:33:10,788 - INFO - Epoch 1/40 - Loss: 1.2202
2025-04-14 11:33:10,898 - INFO - Epoch 2/40 - Loss: 1.2049
2025-04-14 11:33:11,007 - INFO - Epoch 3/40 - Loss: 1.1902
2025-04-14 11:33:11,117 - INFO - Epoch 4/40 - Loss: 1.1760
2025-04-14 11:33:11,229 - INFO - Epoch 5/40 - Loss: 1.1620
2025-04-14 11:33:11,339 - INFO - Epoch 6/40 - Loss: 1.1478
2025-04-14 11:33:11,449 - INFO - Epoch 7/40 - Loss: 1.1332
2025-04-14 11:33:11,559 - INFO - Epoch 8/40 - Loss: 1.1190
2025-04-14 11:33:11,670 - INFO - Epoch 9/40 - Loss: 1.1044
2025-04-14 11:33:11,776 - INFO - Epoch 10/40 - Loss: 1.0897
2025-04-14 11:33:11,882 - INFO - Epoch 11/40 - Loss: 1.0740
2025-04-14 11:33:11,990 - INFO - Epoch 12/40 - Loss: 1.0574
2025-04-14 11:33:12,096 - INFO - Epoch 13/40 - Loss: 1.0394
2025-04-14 11:33:12,203 - INFO - Epoch 14/40 - Loss: 1.0203
2025-04-14 11:33:12,312 - INFO - Epoch 15/40 - Loss: 1.0002
2025-04-14 11:33:12,421 - INFO - Epoch 16/40 - Loss: 0.9791
2025-04-14 11:33:12,530 - INFO - Epoch 17/40 - Loss: 0.9576
2025-04-14 11:33:12,640 - INFO - Epoch 18/40 - Loss: 0.9338
2025-04-14 11:33:12,754 - INFO - Epoch 19/40 - Loss: 0.9070
2025-04-14 11:33:12,862 - INFO - Epoch 20/40 - Loss: 0.8751
2025-04-14 11:33:12,970 - INFO - Epoch 21/40 - Loss: 0.8359
2025-04-14 11:33:13,080 - INFO - Epoch 22/40 - Loss: 0.7896
2025-04-14 11:33:13,189 - INFO - Epoch 23/40 - Loss: 0.7258
2025-04-14 11:33:13,299 - INFO - Epoch 24/40 - Loss: 0.6438
2025-04-14 11:33:13,408 - INFO - Epoch 25/40 - Loss: 0.5709
2025-04-14 11:33:13,518 - INFO - Epoch 26/40 - Loss: 0.4981
2025-04-14 11:33:13,631 - INFO - Epoch 27/40 - Loss: 0.3958
2025-04-14 11:33:13,748 - INFO - Epoch 28/40 - Loss: 0.3415
2025-04-14 11:33:13,870 - INFO - Epoch 29/40 - Loss: 0.3353
2025-04-14 11:33:13,999 - INFO - Epoch 30/40 - Loss: 0.2874
2025-04-14 11:33:14,126 - INFO - Epoch 31/40 - Loss: 0.2244
2025-04-14 11:33:14,260 - INFO - Epoch 32/40 - Loss: 0.1866
2025-04-14 11:33:14,400 - INFO - Epoch 33/40 - Loss: 0.1712
2025-04-14 11:33:14,541 - INFO - Epoch 34/40 - Loss: 0.1338
2025-04-14 11:33:14,689 - INFO - Epoch 35/40 - Loss: 0.1106
2025-04-14 11:33:14,839 - INFO - Epoch 36/40 - Loss: 0.1154
2025-04-14 11:33:14,989 - INFO - Epoch 37/40 - Loss: 0.0999
2025-04-14 11:33:15,140 - INFO - Epoch 38/40 - Loss: 0.0968
2025-04-14 11:33:15,303 - INFO - Epoch 39/40 - Loss: 0.1409
2025-04-14 11:33:15,465 - INFO - Epoch 40/40 - Loss: 0.1645
2025-04-14 11:33:16,021 - INFO - Validation R² (Fold 1): 0.9490
2025-04-14 11:33:16,022 - INFO - 
Fold 2/4
2025-04-14 11:33:16,131 - INFO - Epoch 1/40 - Loss: 1.2089
2025-04-14 11:33:16,236 - INFO - Epoch 2/40 - Loss: 1.1931
2025-04-14 11:33:16,341 - INFO - Epoch 3/40 - Loss: 1.1779
2025-04-14 11:33:16,451 - INFO - Epoch 4/40 - Loss: 1.1634
2025-04-14 11:33:16,560 - INFO - Epoch 5/40 - Loss: 1.1492
2025-04-14 11:33:16,671 - INFO - Epoch 6/40 - Loss: 1.1353
2025-04-14 11:33:16,778 - INFO - Epoch 7/40 - Loss: 1.1210
2025-04-14 11:33:16,888 - INFO - Epoch 8/40 - Loss: 1.1065
2025-04-14 11:33:16,998 - INFO - Epoch 9/40 - Loss: 1.0919
2025-04-14 11:33:17,109 - INFO - Epoch 10/40 - Loss: 1.0770
2025-04-14 11:33:17,220 - INFO - Epoch 11/40 - Loss: 1.0616
2025-04-14 11:33:17,329 - INFO - Epoch 12/40 - Loss: 1.0454
2025-04-14 11:33:17,440 - INFO - Epoch 13/40 - Loss: 1.0281
2025-04-14 11:33:17,549 - INFO - Epoch 14/40 - Loss: 1.0097
2025-04-14 11:33:17,660 - INFO - Epoch 15/40 - Loss: 0.9899
2025-04-14 11:33:17,766 - INFO - Epoch 16/40 - Loss: 0.9700
2025-04-14 11:33:17,877 - INFO - Epoch 17/40 - Loss: 0.9486
2025-04-14 11:33:17,983 - INFO - Epoch 18/40 - Loss: 0.9253
2025-04-14 11:33:18,094 - INFO - Epoch 19/40 - Loss: 0.9007
2025-04-14 11:33:18,202 - INFO - Epoch 20/40 - Loss: 0.8704
2025-04-14 11:33:18,313 - INFO - Epoch 21/40 - Loss: 0.8328
2025-04-14 11:33:18,421 - INFO - Epoch 22/40 - Loss: 0.7867
2025-04-14 11:33:18,530 - INFO - Epoch 23/40 - Loss: 0.7214
2025-04-14 11:33:18,640 - INFO - Epoch 24/40 - Loss: 0.6420
2025-04-14 11:33:18,748 - INFO - Epoch 25/40 - Loss: 0.5723
2025-04-14 11:33:18,856 - INFO - Epoch 26/40 - Loss: 0.4943
2025-04-14 11:33:18,967 - INFO - Epoch 27/40 - Loss: 0.3911
2025-04-14 11:33:19,081 - INFO - Epoch 28/40 - Loss: 0.3115
2025-04-14 11:33:19,195 - INFO - Epoch 29/40 - Loss: 0.2433
2025-04-14 11:33:19,320 - INFO - Epoch 30/40 - Loss: 0.2663
2025-04-14 11:33:19,457 - INFO - Epoch 31/40 - Loss: 0.2494
2025-04-14 11:33:19,586 - INFO - Epoch 32/40 - Loss: 0.1530
2025-04-14 11:33:19,720 - INFO - Epoch 33/40 - Loss: 0.1122
2025-04-14 11:33:19,867 - INFO - Epoch 34/40 - Loss: 0.1349
2025-04-14 11:33:20,013 - INFO - Epoch 35/40 - Loss: 0.1143
2025-04-14 11:33:20,169 - INFO - Epoch 36/40 - Loss: 0.1197
2025-04-14 11:33:20,321 - INFO - Epoch 37/40 - Loss: 0.1076
2025-04-14 11:33:20,469 - INFO - Epoch 38/40 - Loss: 0.0719
2025-04-14 11:33:20,631 - INFO - Epoch 39/40 - Loss: 0.1348
2025-04-14 11:33:20,793 - INFO - Epoch 40/40 - Loss: 0.1559
2025-04-14 11:33:21,354 - INFO - Validation R² (Fold 2): 0.9476
2025-04-14 11:33:21,354 - INFO - 
Fold 3/4
2025-04-14 11:33:21,462 - INFO - Epoch 1/40 - Loss: 1.2126
2025-04-14 11:33:21,569 - INFO - Epoch 2/40 - Loss: 1.1976
2025-04-14 11:33:21,678 - INFO - Epoch 3/40 - Loss: 1.1831
2025-04-14 11:33:21,789 - INFO - Epoch 4/40 - Loss: 1.1692
2025-04-14 11:33:21,899 - INFO - Epoch 5/40 - Loss: 1.1556
2025-04-14 11:33:22,009 - INFO - Epoch 6/40 - Loss: 1.1419
2025-04-14 11:33:22,118 - INFO - Epoch 7/40 - Loss: 1.1280
2025-04-14 11:33:22,229 - INFO - Epoch 8/40 - Loss: 1.1137
2025-04-14 11:33:22,339 - INFO - Epoch 9/40 - Loss: 1.0998
2025-04-14 11:33:22,448 - INFO - Epoch 10/40 - Loss: 1.0856
2025-04-14 11:33:22,559 - INFO - Epoch 11/40 - Loss: 1.0707
2025-04-14 11:33:22,667 - INFO - Epoch 12/40 - Loss: 1.0550
2025-04-14 11:33:22,773 - INFO - Epoch 13/40 - Loss: 1.0382
2025-04-14 11:33:22,881 - INFO - Epoch 14/40 - Loss: 1.0200
2025-04-14 11:33:22,993 - INFO - Epoch 15/40 - Loss: 1.0009
2025-04-14 11:33:23,101 - INFO - Epoch 16/40 - Loss: 0.9811
2025-04-14 11:33:23,211 - INFO - Epoch 17/40 - Loss: 0.9603
2025-04-14 11:33:23,317 - INFO - Epoch 18/40 - Loss: 0.9369
2025-04-14 11:33:23,429 - INFO - Epoch 19/40 - Loss: 0.9121
2025-04-14 11:33:23,539 - INFO - Epoch 20/40 - Loss: 0.8825
2025-04-14 11:33:23,651 - INFO - Epoch 21/40 - Loss: 0.8447
2025-04-14 11:33:23,762 - INFO - Epoch 22/40 - Loss: 0.7997
2025-04-14 11:33:23,869 - INFO - Epoch 23/40 - Loss: 0.7376
2025-04-14 11:33:23,979 - INFO - Epoch 24/40 - Loss: 0.6558
2025-04-14 11:33:24,090 - INFO - Epoch 25/40 - Loss: 0.5892
2025-04-14 11:33:24,200 - INFO - Epoch 26/40 - Loss: 0.5070
2025-04-14 11:33:24,311 - INFO - Epoch 27/40 - Loss: 0.4046
2025-04-14 11:33:24,424 - INFO - Epoch 28/40 - Loss: 0.3298
2025-04-14 11:33:24,541 - INFO - Epoch 29/40 - Loss: 0.3000
2025-04-14 11:33:24,668 - INFO - Epoch 30/40 - Loss: 0.2810
2025-04-14 11:33:24,802 - INFO - Epoch 31/40 - Loss: 0.2515
2025-04-14 11:33:24,931 - INFO - Epoch 32/40 - Loss: 0.1707
2025-04-14 11:33:25,071 - INFO - Epoch 33/40 - Loss: 0.1712
2025-04-14 11:33:25,217 - INFO - Epoch 34/40 - Loss: 0.1434
2025-04-14 11:33:25,359 - INFO - Epoch 35/40 - Loss: 0.0967
2025-04-14 11:33:25,509 - INFO - Epoch 36/40 - Loss: 0.1103
2025-04-14 11:33:25,658 - INFO - Epoch 37/40 - Loss: 0.0908
2025-04-14 11:33:25,802 - INFO - Epoch 38/40 - Loss: 0.0782
2025-04-14 11:33:25,956 - INFO - Epoch 39/40 - Loss: 0.1144
2025-04-14 11:33:26,120 - INFO - Epoch 40/40 - Loss: 0.1734
2025-04-14 11:33:26,670 - INFO - Validation R² (Fold 3): 0.9523
2025-04-14 11:33:26,671 - INFO - 
Fold 4/4
2025-04-14 11:33:26,780 - INFO - Epoch 1/40 - Loss: 1.2114
2025-04-14 11:33:26,887 - INFO - Epoch 2/40 - Loss: 1.1959
2025-04-14 11:33:26,997 - INFO - Epoch 3/40 - Loss: 1.1809
2025-04-14 11:33:27,106 - INFO - Epoch 4/40 - Loss: 1.1665
2025-04-14 11:33:27,216 - INFO - Epoch 5/40 - Loss: 1.1526
2025-04-14 11:33:27,321 - INFO - Epoch 6/40 - Loss: 1.1386
2025-04-14 11:33:27,429 - INFO - Epoch 7/40 - Loss: 1.1243
2025-04-14 11:33:27,538 - INFO - Epoch 8/40 - Loss: 1.1100
2025-04-14 11:33:27,649 - INFO - Epoch 9/40 - Loss: 1.0957
2025-04-14 11:33:27,759 - INFO - Epoch 10/40 - Loss: 1.0810
2025-04-14 11:33:27,869 - INFO - Epoch 11/40 - Loss: 1.0663
2025-04-14 11:33:27,978 - INFO - Epoch 12/40 - Loss: 1.0505
2025-04-14 11:33:28,089 - INFO - Epoch 13/40 - Loss: 1.0334
2025-04-14 11:33:28,201 - INFO - Epoch 14/40 - Loss: 1.0147
2025-04-14 11:33:28,310 - INFO - Epoch 15/40 - Loss: 0.9955
2025-04-14 11:33:28,421 - INFO - Epoch 16/40 - Loss: 0.9751
2025-04-14 11:33:28,530 - INFO - Epoch 17/40 - Loss: 0.9541
2025-04-14 11:33:28,639 - INFO - Epoch 18/40 - Loss: 0.9308
2025-04-14 11:33:28,750 - INFO - Epoch 19/40 - Loss: 0.9061
2025-04-14 11:33:28,860 - INFO - Epoch 20/40 - Loss: 0.8746
2025-04-14 11:33:28,970 - INFO - Epoch 21/40 - Loss: 0.8362
2025-04-14 11:33:29,080 - INFO - Epoch 22/40 - Loss: 0.7914
2025-04-14 11:33:29,189 - INFO - Epoch 23/40 - Loss: 0.7270
2025-04-14 11:33:29,300 - INFO - Epoch 24/40 - Loss: 0.6467
2025-04-14 11:33:29,410 - INFO - Epoch 25/40 - Loss: 0.5796
2025-04-14 11:33:29,520 - INFO - Epoch 26/40 - Loss: 0.4992
2025-04-14 11:33:29,633 - INFO - Epoch 27/40 - Loss: 0.3942
2025-04-14 11:33:29,749 - INFO - Epoch 28/40 - Loss: 0.3416
2025-04-14 11:33:29,872 - INFO - Epoch 29/40 - Loss: 0.3330
2025-04-14 11:33:29,998 - INFO - Epoch 30/40 - Loss: 0.2677
2025-04-14 11:33:30,126 - INFO - Epoch 31/40 - Loss: 0.2292
2025-04-14 11:33:30,251 - INFO - Epoch 32/40 - Loss: 0.1268
2025-04-14 11:33:30,398 - INFO - Epoch 33/40 - Loss: 0.1735
2025-04-14 11:33:30,542 - INFO - Epoch 34/40 - Loss: 0.1294
2025-04-14 11:33:30,689 - INFO - Epoch 35/40 - Loss: 0.1091
2025-04-14 11:33:30,840 - INFO - Epoch 36/40 - Loss: 0.1075
2025-04-14 11:33:30,997 - INFO - Epoch 37/40 - Loss: 0.1183
2025-04-14 11:33:31,150 - INFO - Epoch 38/40 - Loss: 0.1096
2025-04-14 11:33:31,315 - INFO - Epoch 39/40 - Loss: 0.1497
2025-04-14 11:33:31,478 - INFO - Epoch 40/40 - Loss: 0.1432
2025-04-14 11:33:32,030 - INFO - Validation R² (Fold 4): 0.9478
2025-04-14 11:33:32,030 - INFO - 
Average R² across folds: 0.9492
2025-04-14 11:33:32,030 - INFO - Best R² across folds: 0.9523
2025-04-14 11:33:32,032 - INFO - 

2025-04-14 11:33:32,032 - INFO - 
Fold 1/4
2025-04-14 11:33:32,143 - INFO - Epoch 1/30 - Loss: 1.1927
2025-04-14 11:33:32,249 - INFO - Epoch 2/30 - Loss: 1.1322
2025-04-14 11:33:32,355 - INFO - Epoch 3/30 - Loss: 1.0854
2025-04-14 11:33:32,472 - INFO - Epoch 4/30 - Loss: 1.0452
2025-04-14 11:33:32,587 - INFO - Epoch 5/30 - Loss: 1.0078
2025-04-14 11:33:32,701 - INFO - Epoch 6/30 - Loss: 0.9711
2025-04-14 11:33:32,817 - INFO - Epoch 7/30 - Loss: 0.9349
2025-04-14 11:33:32,934 - INFO - Epoch 8/30 - Loss: 0.8973
2025-04-14 11:33:33,052 - INFO - Epoch 9/30 - Loss: 0.8583
2025-04-14 11:33:33,167 - INFO - Epoch 10/30 - Loss: 0.8157
2025-04-14 11:33:33,284 - INFO - Epoch 11/30 - Loss: 0.7637
2025-04-14 11:33:33,401 - INFO - Epoch 12/30 - Loss: 0.7017
2025-04-14 11:33:33,516 - INFO - Epoch 13/30 - Loss: 0.6256
2025-04-14 11:33:33,634 - INFO - Epoch 14/30 - Loss: 0.5567
2025-04-14 11:33:33,753 - INFO - Epoch 15/30 - Loss: 0.4651
2025-04-14 11:33:33,868 - INFO - Epoch 16/30 - Loss: 0.3882
2025-04-14 11:33:33,982 - INFO - Epoch 17/30 - Loss: 0.2886
2025-04-14 11:33:34,098 - INFO - Epoch 18/30 - Loss: 0.2251
2025-04-14 11:33:34,216 - INFO - Epoch 19/30 - Loss: 0.1643
2025-04-14 11:33:34,335 - INFO - Epoch 20/30 - Loss: 0.1439
2025-04-14 11:33:34,462 - INFO - Epoch 21/30 - Loss: 0.1540
2025-04-14 11:33:34,596 - INFO - Epoch 22/30 - Loss: 0.1529
2025-04-14 11:33:34,735 - INFO - Epoch 23/30 - Loss: 0.1717
2025-04-14 11:33:34,904 - INFO - Epoch 24/30 - Loss: 0.2247
2025-04-14 11:33:35,064 - INFO - Epoch 25/30 - Loss: 0.1965
2025-04-14 11:33:35,243 - INFO - Epoch 26/30 - Loss: 0.2399
2025-04-14 11:33:35,401 - INFO - Epoch 27/30 - Loss: 0.2310
2025-04-14 11:33:35,579 - INFO - Epoch 28/30 - Loss: 0.2716
2025-04-14 11:33:35,794 - INFO - Epoch 29/30 - Loss: 0.3294
2025-04-14 11:33:36,016 - INFO - Epoch 30/30 - Loss: 0.3558
2025-04-14 11:33:37,352 - INFO - Validation R² (Fold 1): 0.9338
2025-04-14 11:33:37,353 - INFO - 
Fold 2/4
2025-04-14 11:33:37,475 - INFO - Epoch 1/30 - Loss: 1.1441
2025-04-14 11:33:37,587 - INFO - Epoch 2/30 - Loss: 1.0963
2025-04-14 11:33:37,701 - INFO - Epoch 3/30 - Loss: 1.0549
2025-04-14 11:33:37,821 - INFO - Epoch 4/30 - Loss: 1.0175
2025-04-14 11:33:37,939 - INFO - Epoch 5/30 - Loss: 0.9815
2025-04-14 11:33:38,058 - INFO - Epoch 6/30 - Loss: 0.9462
2025-04-14 11:33:38,175 - INFO - Epoch 7/30 - Loss: 0.9103
2025-04-14 11:33:38,294 - INFO - Epoch 8/30 - Loss: 0.8730
2025-04-14 11:33:38,412 - INFO - Epoch 9/30 - Loss: 0.8324
2025-04-14 11:33:38,529 - INFO - Epoch 10/30 - Loss: 0.7887
2025-04-14 11:33:38,647 - INFO - Epoch 11/30 - Loss: 0.7403
2025-04-14 11:33:38,765 - INFO - Epoch 12/30 - Loss: 0.6720
2025-04-14 11:33:38,884 - INFO - Epoch 13/30 - Loss: 0.5855
2025-04-14 11:33:39,003 - INFO - Epoch 14/30 - Loss: 0.4973
2025-04-14 11:33:39,119 - INFO - Epoch 15/30 - Loss: 0.4049
2025-04-14 11:33:39,237 - INFO - Epoch 16/30 - Loss: 0.3516
2025-04-14 11:33:39,355 - INFO - Epoch 17/30 - Loss: 0.2545
2025-04-14 11:33:39,473 - INFO - Epoch 18/30 - Loss: 0.2058
2025-04-14 11:33:39,600 - INFO - Epoch 19/30 - Loss: 0.1924
2025-04-14 11:33:39,722 - INFO - Epoch 20/30 - Loss: 0.1705
2025-04-14 11:33:39,855 - INFO - Epoch 21/30 - Loss: 0.1958
2025-04-14 11:33:39,995 - INFO - Epoch 22/30 - Loss: 0.1915
2025-04-14 11:33:40,138 - INFO - Epoch 23/30 - Loss: 0.2092
2025-04-14 11:33:40,294 - INFO - Epoch 24/30 - Loss: 0.2295
2025-04-14 11:33:40,446 - INFO - Epoch 25/30 - Loss: 0.2310
2025-04-14 11:33:40,611 - INFO - Epoch 26/30 - Loss: 0.2275
2025-04-14 11:33:40,778 - INFO - Epoch 27/30 - Loss: 0.2447
2025-04-14 11:33:40,968 - INFO - Epoch 28/30 - Loss: 0.2587
2025-04-14 11:33:41,148 - INFO - Epoch 29/30 - Loss: 0.2233
2025-04-14 11:33:41,359 - INFO - Epoch 30/30 - Loss: 0.2806
2025-04-14 11:33:42,676 - INFO - Validation R² (Fold 2): 0.9217
2025-04-14 11:33:42,677 - INFO - 
Fold 3/4
2025-04-14 11:33:42,795 - INFO - Epoch 1/30 - Loss: 1.2526
2025-04-14 11:33:42,908 - INFO - Epoch 2/30 - Loss: 1.1611
2025-04-14 11:33:43,025 - INFO - Epoch 3/30 - Loss: 1.1101
2025-04-14 11:33:43,143 - INFO - Epoch 4/30 - Loss: 1.0699
2025-04-14 11:33:43,261 - INFO - Epoch 5/30 - Loss: 1.0341
2025-04-14 11:33:43,377 - INFO - Epoch 6/30 - Loss: 1.0008
2025-04-14 11:33:43,495 - INFO - Epoch 7/30 - Loss: 0.9680
2025-04-14 11:33:43,613 - INFO - Epoch 8/30 - Loss: 0.9343
2025-04-14 11:33:43,733 - INFO - Epoch 9/30 - Loss: 0.9011
2025-04-14 11:33:43,853 - INFO - Epoch 10/30 - Loss: 0.8649
2025-04-14 11:33:43,972 - INFO - Epoch 11/30 - Loss: 0.8260
2025-04-14 11:33:44,088 - INFO - Epoch 12/30 - Loss: 0.7789
2025-04-14 11:33:44,203 - INFO - Epoch 13/30 - Loss: 0.7238
2025-04-14 11:33:44,318 - INFO - Epoch 14/30 - Loss: 0.6539
2025-04-14 11:33:44,436 - INFO - Epoch 15/30 - Loss: 0.5723
2025-04-14 11:33:44,555 - INFO - Epoch 16/30 - Loss: 0.4747
2025-04-14 11:33:44,675 - INFO - Epoch 17/30 - Loss: 0.3796
2025-04-14 11:33:44,794 - INFO - Epoch 18/30 - Loss: 0.2850
2025-04-14 11:33:44,909 - INFO - Epoch 19/30 - Loss: 0.2088
2025-04-14 11:33:45,037 - INFO - Epoch 20/30 - Loss: 0.1936
2025-04-14 11:33:45,165 - INFO - Epoch 21/30 - Loss: 0.1442
2025-04-14 11:33:45,297 - INFO - Epoch 22/30 - Loss: 0.1273
2025-04-14 11:33:45,453 - INFO - Epoch 23/30 - Loss: 0.1982
2025-04-14 11:33:45,623 - INFO - Epoch 24/30 - Loss: 0.2289
2025-04-14 11:33:45,784 - INFO - Epoch 25/30 - Loss: 0.1887
2025-04-14 11:33:45,977 - INFO - Epoch 26/30 - Loss: 0.2710
2025-04-14 11:33:46,167 - INFO - Epoch 27/30 - Loss: 0.2914
2025-04-14 11:33:46,377 - INFO - Epoch 28/30 - Loss: 0.3793
2025-04-14 11:33:46,589 - INFO - Epoch 29/30 - Loss: 0.3989
2025-04-14 11:33:46,857 - INFO - Epoch 30/30 - Loss: 0.5177
2025-04-14 11:33:48,195 - INFO - Validation R² (Fold 3): 0.9410
2025-04-14 11:33:48,196 - INFO - 
Fold 4/4
2025-04-14 11:33:48,313 - INFO - Epoch 1/30 - Loss: 1.0902
2025-04-14 11:33:48,427 - INFO - Epoch 2/30 - Loss: 1.0567
2025-04-14 11:33:48,546 - INFO - Epoch 3/30 - Loss: 1.0237
2025-04-14 11:33:48,664 - INFO - Epoch 4/30 - Loss: 0.9913
2025-04-14 11:33:48,783 - INFO - Epoch 5/30 - Loss: 0.9577
2025-04-14 11:33:48,898 - INFO - Epoch 6/30 - Loss: 0.9239
2025-04-14 11:33:49,017 - INFO - Epoch 7/30 - Loss: 0.8884
2025-04-14 11:33:49,135 - INFO - Epoch 8/30 - Loss: 0.8496
2025-04-14 11:33:49,254 - INFO - Epoch 9/30 - Loss: 0.8080
2025-04-14 11:33:49,372 - INFO - Epoch 10/30 - Loss: 0.7551
2025-04-14 11:33:49,489 - INFO - Epoch 11/30 - Loss: 0.7006
2025-04-14 11:33:49,607 - INFO - Epoch 12/30 - Loss: 0.6301
2025-04-14 11:33:49,726 - INFO - Epoch 13/30 - Loss: 0.5499
2025-04-14 11:33:49,846 - INFO - Epoch 14/30 - Loss: 0.4703
2025-04-14 11:33:49,964 - INFO - Epoch 15/30 - Loss: 0.3880
2025-04-14 11:33:50,083 - INFO - Epoch 16/30 - Loss: 0.3131
2025-04-14 11:33:50,202 - INFO - Epoch 17/30 - Loss: 0.2517
2025-04-14 11:33:50,318 - INFO - Epoch 18/30 - Loss: 0.2130
2025-04-14 11:33:50,438 - INFO - Epoch 19/30 - Loss: 0.2027
2025-04-14 11:33:50,558 - INFO - Epoch 20/30 - Loss: 0.1837
2025-04-14 11:33:50,685 - INFO - Epoch 21/30 - Loss: 0.1687
2025-04-14 11:33:50,827 - INFO - Epoch 22/30 - Loss: 0.1962
2025-04-14 11:33:50,976 - INFO - Epoch 23/30 - Loss: 0.2085
2025-04-14 11:33:51,116 - INFO - Epoch 24/30 - Loss: 0.1762
2025-04-14 11:33:51,267 - INFO - Epoch 25/30 - Loss: 0.1862
2025-04-14 11:33:51,427 - INFO - Epoch 26/30 - Loss: 0.2029
2025-04-14 11:33:51,582 - INFO - Epoch 27/30 - Loss: 0.1520
2025-04-14 11:33:51,736 - INFO - Epoch 28/30 - Loss: 0.1250
2025-04-14 11:33:51,896 - INFO - Epoch 29/30 - Loss: 0.1217
2025-04-14 11:33:52,049 - INFO - Epoch 30/30 - Loss: 0.1405
2025-04-14 11:33:53,380 - INFO - Validation R² (Fold 4): 0.9343
2025-04-14 11:33:53,380 - INFO - 
Average R² across folds: 0.9327
2025-04-14 11:33:53,380 - INFO - Best R² across folds: 0.9410
2025-04-14 11:33:53,382 - INFO - Generated 924 points with 500m resolution
