2025-04-14 12:35:00,294 - INFO - Logging initialized for city: Oklahoma
2025-04-14 12:35:00,342 - INFO - Original dataset size: 71386. Randomly selecting 20000 samples.
2025-04-14 12:35:00,537 - INFO - Using device: cuda
2025-04-14 12:35:00,539 - INFO - 
Fold 1/4
2025-04-14 12:35:05,153 - INFO - Epoch 1/40 - Loss: 0.8459
2025-04-14 12:35:05,335 - INFO - Epoch 2/40 - Loss: 0.8118
2025-04-14 12:35:05,517 - INFO - Epoch 3/40 - Loss: 0.7770
2025-04-14 12:35:05,696 - INFO - Epoch 4/40 - Loss: 0.7414
2025-04-14 12:35:05,881 - INFO - Epoch 5/40 - Loss: 0.7059
2025-04-14 12:35:06,063 - INFO - Epoch 6/40 - Loss: 0.6703
2025-04-14 12:35:06,244 - INFO - Epoch 7/40 - Loss: 0.6339
2025-04-14 12:35:06,426 - INFO - Epoch 8/40 - Loss: 0.5976
2025-04-14 12:35:06,606 - INFO - Epoch 9/40 - Loss: 0.5617
2025-04-14 12:35:06,785 - INFO - Epoch 10/40 - Loss: 0.5249
2025-04-14 12:35:06,965 - INFO - Epoch 11/40 - Loss: 0.4885
2025-04-14 12:35:07,146 - INFO - Epoch 12/40 - Loss: 0.4516
2025-04-14 12:35:07,326 - INFO - Epoch 13/40 - Loss: 0.4139
2025-04-14 12:35:07,508 - INFO - Epoch 14/40 - Loss: 0.3753
2025-04-14 12:35:07,692 - INFO - Epoch 15/40 - Loss: 0.3350
2025-04-14 12:35:07,873 - INFO - Epoch 16/40 - Loss: 0.2943
2025-04-14 12:35:08,051 - INFO - Epoch 17/40 - Loss: 0.2459
2025-04-14 12:35:08,233 - INFO - Epoch 18/40 - Loss: 0.1962
2025-04-14 12:35:08,414 - INFO - Epoch 19/40 - Loss: 0.1412
2025-04-14 12:35:08,597 - INFO - Epoch 20/40 - Loss: 0.0926
2025-04-14 12:35:08,776 - INFO - Epoch 21/40 - Loss: 0.0361
2025-04-14 12:35:08,968 - INFO - Epoch 22/40 - Loss: 0.0013
2025-04-14 12:35:09,164 - INFO - Epoch 23/40 - Loss: -0.0259
2025-04-14 12:35:09,377 - INFO - Epoch 24/40 - Loss: -0.0431
2025-04-14 12:35:09,596 - INFO - Epoch 25/40 - Loss: -0.0695
2025-04-14 12:35:09,828 - INFO - Epoch 26/40 - Loss: -0.0834
2025-04-14 12:35:10,070 - INFO - Epoch 27/40 - Loss: -0.1087
2025-04-14 12:35:10,315 - INFO - Epoch 28/40 - Loss: -0.1384
2025-04-14 12:35:10,575 - INFO - Epoch 29/40 - Loss: -0.1452
2025-04-14 12:35:10,853 - INFO - Epoch 30/40 - Loss: -0.1555
2025-04-14 12:35:11,132 - INFO - Epoch 31/40 - Loss: -0.1756
2025-04-14 12:35:11,417 - INFO - Epoch 32/40 - Loss: -0.1895
2025-04-14 12:35:11,704 - INFO - Epoch 33/40 - Loss: -0.1947
2025-04-14 12:35:11,993 - INFO - Epoch 34/40 - Loss: -0.2080
2025-04-14 12:35:12,287 - INFO - Epoch 35/40 - Loss: -0.2132
2025-04-14 12:35:12,596 - INFO - Epoch 36/40 - Loss: -0.2236
2025-04-14 12:35:12,889 - INFO - Epoch 37/40 - Loss: -0.2490
2025-04-14 12:35:13,195 - INFO - Epoch 38/40 - Loss: -0.2519
2025-04-14 12:35:13,519 - INFO - Epoch 39/40 - Loss: -0.2670
2025-04-14 12:35:13,852 - INFO - Epoch 40/40 - Loss: -0.2682
2025-04-14 12:35:14,966 - INFO - Validation R² (Fold 1): 0.9929
2025-04-14 12:35:14,967 - INFO - 
Fold 2/4
2025-04-14 12:35:15,154 - INFO - Epoch 1/40 - Loss: 0.8452
2025-04-14 12:35:15,337 - INFO - Epoch 2/40 - Loss: 0.8108
2025-04-14 12:35:15,524 - INFO - Epoch 3/40 - Loss: 0.7759
2025-04-14 12:35:15,712 - INFO - Epoch 4/40 - Loss: 0.7408
2025-04-14 12:35:15,903 - INFO - Epoch 5/40 - Loss: 0.7046
2025-04-14 12:35:16,092 - INFO - Epoch 6/40 - Loss: 0.6687
2025-04-14 12:35:16,281 - INFO - Epoch 7/40 - Loss: 0.6328
2025-04-14 12:35:16,467 - INFO - Epoch 8/40 - Loss: 0.5967
2025-04-14 12:35:16,654 - INFO - Epoch 9/40 - Loss: 0.5600
2025-04-14 12:35:16,840 - INFO - Epoch 10/40 - Loss: 0.5236
2025-04-14 12:35:17,029 - INFO - Epoch 11/40 - Loss: 0.4865
2025-04-14 12:35:17,217 - INFO - Epoch 12/40 - Loss: 0.4494
2025-04-14 12:35:17,405 - INFO - Epoch 13/40 - Loss: 0.4121
2025-04-14 12:35:17,593 - INFO - Epoch 14/40 - Loss: 0.3739
2025-04-14 12:35:17,782 - INFO - Epoch 15/40 - Loss: 0.3346
2025-04-14 12:35:17,971 - INFO - Epoch 16/40 - Loss: 0.2920
2025-04-14 12:35:18,160 - INFO - Epoch 17/40 - Loss: 0.2492
2025-04-14 12:35:18,347 - INFO - Epoch 18/40 - Loss: 0.1996
2025-04-14 12:35:18,535 - INFO - Epoch 19/40 - Loss: 0.1412
2025-04-14 12:35:18,723 - INFO - Epoch 20/40 - Loss: 0.0950
2025-04-14 12:35:18,915 - INFO - Epoch 21/40 - Loss: 0.0408
2025-04-14 12:35:19,112 - INFO - Epoch 22/40 - Loss: -0.0091
2025-04-14 12:35:19,315 - INFO - Epoch 23/40 - Loss: -0.0219
2025-04-14 12:35:19,523 - INFO - Epoch 24/40 - Loss: -0.0588
2025-04-14 12:35:19,737 - INFO - Epoch 25/40 - Loss: -0.0875
2025-04-14 12:35:19,974 - INFO - Epoch 26/40 - Loss: -0.0878
2025-04-14 12:35:20,238 - INFO - Epoch 27/40 - Loss: -0.0966
2025-04-14 12:35:20,494 - INFO - Epoch 28/40 - Loss: -0.1305
2025-04-14 12:35:20,761 - INFO - Epoch 29/40 - Loss: -0.1502
2025-04-14 12:35:21,035 - INFO - Epoch 30/40 - Loss: -0.1669
2025-04-14 12:35:21,321 - INFO - Epoch 31/40 - Loss: -0.1786
2025-04-14 12:35:21,603 - INFO - Epoch 32/40 - Loss: -0.1921
2025-04-14 12:35:21,900 - INFO - Epoch 33/40 - Loss: -0.2047
2025-04-14 12:35:22,191 - INFO - Epoch 34/40 - Loss: -0.2221
2025-04-14 12:35:22,476 - INFO - Epoch 35/40 - Loss: -0.2381
2025-04-14 12:35:22,776 - INFO - Epoch 36/40 - Loss: -0.2403
2025-04-14 12:35:23,075 - INFO - Epoch 37/40 - Loss: -0.2527
2025-04-14 12:35:23,386 - INFO - Epoch 38/40 - Loss: -0.2710
2025-04-14 12:35:23,704 - INFO - Epoch 39/40 - Loss: -0.2718
2025-04-14 12:35:24,023 - INFO - Epoch 40/40 - Loss: -0.2835
2025-04-14 12:35:25,143 - INFO - Validation R² (Fold 2): 0.9924
2025-04-14 12:35:25,144 - INFO - 
Fold 3/4
2025-04-14 12:35:25,335 - INFO - Epoch 1/40 - Loss: 0.8455
2025-04-14 12:35:25,519 - INFO - Epoch 2/40 - Loss: 0.8112
2025-04-14 12:35:25,701 - INFO - Epoch 3/40 - Loss: 0.7763
2025-04-14 12:35:25,883 - INFO - Epoch 4/40 - Loss: 0.7408
2025-04-14 12:35:26,065 - INFO - Epoch 5/40 - Loss: 0.7051
2025-04-14 12:35:26,244 - INFO - Epoch 6/40 - Loss: 0.6690
2025-04-14 12:35:26,425 - INFO - Epoch 7/40 - Loss: 0.6331
2025-04-14 12:35:26,606 - INFO - Epoch 8/40 - Loss: 0.5969
2025-04-14 12:35:26,787 - INFO - Epoch 9/40 - Loss: 0.5605
2025-04-14 12:35:26,969 - INFO - Epoch 10/40 - Loss: 0.5245
2025-04-14 12:35:27,152 - INFO - Epoch 11/40 - Loss: 0.4876
2025-04-14 12:35:27,334 - INFO - Epoch 12/40 - Loss: 0.4499
2025-04-14 12:35:27,515 - INFO - Epoch 13/40 - Loss: 0.4134
2025-04-14 12:35:27,695 - INFO - Epoch 14/40 - Loss: 0.3744
2025-04-14 12:35:27,877 - INFO - Epoch 15/40 - Loss: 0.3341
2025-04-14 12:35:28,059 - INFO - Epoch 16/40 - Loss: 0.2934
2025-04-14 12:35:28,239 - INFO - Epoch 17/40 - Loss: 0.2482
2025-04-14 12:35:28,422 - INFO - Epoch 18/40 - Loss: 0.1998
2025-04-14 12:35:28,602 - INFO - Epoch 19/40 - Loss: 0.1474
2025-04-14 12:35:28,785 - INFO - Epoch 20/40 - Loss: 0.0932
2025-04-14 12:35:28,968 - INFO - Epoch 21/40 - Loss: 0.0388
2025-04-14 12:35:29,170 - INFO - Epoch 22/40 - Loss: 0.0190
2025-04-14 12:35:29,365 - INFO - Epoch 23/40 - Loss: -0.0228
2025-04-14 12:35:29,571 - INFO - Epoch 24/40 - Loss: -0.0570
2025-04-14 12:35:29,782 - INFO - Epoch 25/40 - Loss: -0.0801
2025-04-14 12:35:30,016 - INFO - Epoch 26/40 - Loss: -0.0774
2025-04-14 12:35:30,256 - INFO - Epoch 27/40 - Loss: -0.1164
2025-04-14 12:35:30,502 - INFO - Epoch 28/40 - Loss: -0.1411
2025-04-14 12:35:30,767 - INFO - Epoch 29/40 - Loss: -0.1449
2025-04-14 12:35:31,035 - INFO - Epoch 30/40 - Loss: -0.1578
2025-04-14 12:35:31,303 - INFO - Epoch 31/40 - Loss: -0.1841
2025-04-14 12:35:31,589 - INFO - Epoch 32/40 - Loss: -0.1960
2025-04-14 12:35:31,871 - INFO - Epoch 33/40 - Loss: -0.2082
2025-04-14 12:35:32,146 - INFO - Epoch 34/40 - Loss: -0.2320
2025-04-14 12:35:32,432 - INFO - Epoch 35/40 - Loss: -0.2367
2025-04-14 12:35:32,732 - INFO - Epoch 36/40 - Loss: -0.2395
2025-04-14 12:35:33,027 - INFO - Epoch 37/40 - Loss: -0.2504
2025-04-14 12:35:33,332 - INFO - Epoch 38/40 - Loss: -0.2661
2025-04-14 12:35:33,634 - INFO - Epoch 39/40 - Loss: -0.2778
2025-04-14 12:35:33,951 - INFO - Epoch 40/40 - Loss: -0.2835
2025-04-14 12:35:35,064 - INFO - Validation R² (Fold 3): 0.9925
2025-04-14 12:35:35,065 - INFO - 
Fold 4/4
2025-04-14 12:35:35,246 - INFO - Epoch 1/40 - Loss: 0.8434
2025-04-14 12:35:35,425 - INFO - Epoch 2/40 - Loss: 0.8091
2025-04-14 12:35:35,604 - INFO - Epoch 3/40 - Loss: 0.7741
2025-04-14 12:35:35,783 - INFO - Epoch 4/40 - Loss: 0.7387
2025-04-14 12:35:35,964 - INFO - Epoch 5/40 - Loss: 0.7030
2025-04-14 12:35:36,141 - INFO - Epoch 6/40 - Loss: 0.6672
2025-04-14 12:35:36,322 - INFO - Epoch 7/40 - Loss: 0.6312
2025-04-14 12:35:36,503 - INFO - Epoch 8/40 - Loss: 0.5950
2025-04-14 12:35:36,684 - INFO - Epoch 9/40 - Loss: 0.5585
2025-04-14 12:35:36,865 - INFO - Epoch 10/40 - Loss: 0.5224
2025-04-14 12:35:37,048 - INFO - Epoch 11/40 - Loss: 0.4854
2025-04-14 12:35:37,226 - INFO - Epoch 12/40 - Loss: 0.4485
2025-04-14 12:35:37,404 - INFO - Epoch 13/40 - Loss: 0.4124
2025-04-14 12:35:37,583 - INFO - Epoch 14/40 - Loss: 0.3742
2025-04-14 12:35:37,761 - INFO - Epoch 15/40 - Loss: 0.3342
2025-04-14 12:35:37,941 - INFO - Epoch 16/40 - Loss: 0.2940
2025-04-14 12:35:38,122 - INFO - Epoch 17/40 - Loss: 0.2493
2025-04-14 12:35:38,302 - INFO - Epoch 18/40 - Loss: 0.2004
2025-04-14 12:35:38,482 - INFO - Epoch 19/40 - Loss: 0.1427
2025-04-14 12:35:38,664 - INFO - Epoch 20/40 - Loss: 0.0946
2025-04-14 12:35:38,844 - INFO - Epoch 21/40 - Loss: 0.0362
2025-04-14 12:35:39,034 - INFO - Epoch 22/40 - Loss: -0.0045
2025-04-14 12:35:39,236 - INFO - Epoch 23/40 - Loss: -0.0141
2025-04-14 12:35:39,441 - INFO - Epoch 24/40 - Loss: -0.0595
2025-04-14 12:35:39,660 - INFO - Epoch 25/40 - Loss: -0.0748
2025-04-14 12:35:39,892 - INFO - Epoch 26/40 - Loss: -0.0852
2025-04-14 12:35:40,126 - INFO - Epoch 27/40 - Loss: -0.1142
2025-04-14 12:35:40,384 - INFO - Epoch 28/40 - Loss: -0.1262
2025-04-14 12:35:40,650 - INFO - Epoch 29/40 - Loss: -0.1432
2025-04-14 12:35:40,918 - INFO - Epoch 30/40 - Loss: -0.1703
2025-04-14 12:35:41,199 - INFO - Epoch 31/40 - Loss: -0.1703
2025-04-14 12:35:41,474 - INFO - Epoch 32/40 - Loss: -0.1949
2025-04-14 12:35:41,742 - INFO - Epoch 33/40 - Loss: -0.2182
2025-04-14 12:35:42,023 - INFO - Epoch 34/40 - Loss: -0.2186
2025-04-14 12:35:42,315 - INFO - Epoch 35/40 - Loss: -0.2260
2025-04-14 12:35:42,612 - INFO - Epoch 36/40 - Loss: -0.2332
2025-04-14 12:35:42,917 - INFO - Epoch 37/40 - Loss: -0.2433
2025-04-14 12:35:43,222 - INFO - Epoch 38/40 - Loss: -0.2627
2025-04-14 12:35:43,523 - INFO - Epoch 39/40 - Loss: -0.2736
2025-04-14 12:35:43,855 - INFO - Epoch 40/40 - Loss: -0.2741
2025-04-14 12:35:44,974 - INFO - Validation R² (Fold 4): 0.9924
2025-04-14 12:35:44,975 - INFO - 
Average R² across folds: 0.9926
2025-04-14 12:35:44,975 - INFO - Best R² across folds: 0.9929
2025-04-14 12:35:44,977 - INFO - 

2025-04-14 12:35:44,978 - INFO - 
Fold 1/4
2025-04-14 12:35:45,163 - INFO - Epoch 1/30 - Loss: 0.8112
2025-04-14 12:35:45,345 - INFO - Epoch 2/30 - Loss: 0.7752
2025-04-14 12:35:45,525 - INFO - Epoch 3/30 - Loss: 0.7394
2025-04-14 12:35:45,704 - INFO - Epoch 4/30 - Loss: 0.7047
2025-04-14 12:35:45,885 - INFO - Epoch 5/30 - Loss: 0.6671
2025-04-14 12:35:46,064 - INFO - Epoch 6/30 - Loss: 0.6313
2025-04-14 12:35:46,246 - INFO - Epoch 7/30 - Loss: 0.5927
2025-04-14 12:35:46,426 - INFO - Epoch 8/30 - Loss: 0.5518
2025-04-14 12:35:46,607 - INFO - Epoch 9/30 - Loss: 0.5108
2025-04-14 12:35:46,789 - INFO - Epoch 10/30 - Loss: 0.4722
2025-04-14 12:35:46,969 - INFO - Epoch 11/30 - Loss: 0.4306
2025-04-14 12:35:47,152 - INFO - Epoch 12/30 - Loss: 0.3920
2025-04-14 12:35:47,334 - INFO - Epoch 13/30 - Loss: 0.3563
2025-04-14 12:35:47,514 - INFO - Epoch 14/30 - Loss: 0.3184
2025-04-14 12:35:47,695 - INFO - Epoch 15/30 - Loss: 0.2746
2025-04-14 12:35:47,877 - INFO - Epoch 16/30 - Loss: 0.2306
2025-04-14 12:35:48,057 - INFO - Epoch 17/30 - Loss: 0.1881
2025-04-14 12:35:48,244 - INFO - Epoch 18/30 - Loss: 0.1445
2025-04-14 12:35:48,424 - INFO - Epoch 19/30 - Loss: 0.1037
2025-04-14 12:35:48,605 - INFO - Epoch 20/30 - Loss: 0.0609
2025-04-14 12:35:48,787 - INFO - Epoch 21/30 - Loss: 0.0220
2025-04-14 12:35:48,968 - INFO - Epoch 22/30 - Loss: -0.0228
2025-04-14 12:35:49,149 - INFO - Epoch 23/30 - Loss: -0.0633
2025-04-14 12:35:49,329 - INFO - Epoch 24/30 - Loss: -0.1059
2025-04-14 12:35:49,509 - INFO - Epoch 25/30 - Loss: -0.1560
2025-04-14 12:35:49,689 - INFO - Epoch 26/30 - Loss: -0.1900
2025-04-14 12:35:49,871 - INFO - Epoch 27/30 - Loss: -0.2319
2025-04-14 12:35:50,052 - INFO - Epoch 28/30 - Loss: -0.2744
2025-04-14 12:35:50,232 - INFO - Epoch 29/30 - Loss: -0.3188
2025-04-14 12:35:50,414 - INFO - Epoch 30/30 - Loss: -0.3609
2025-04-14 12:35:51,257 - INFO - Validation R² (Fold 1): 0.9695
2025-04-14 12:35:51,257 - INFO - 
Fold 2/4
2025-04-14 12:35:51,442 - INFO - Epoch 1/30 - Loss: 0.8262
2025-04-14 12:35:51,629 - INFO - Epoch 2/30 - Loss: 0.7832
2025-04-14 12:35:51,816 - INFO - Epoch 3/30 - Loss: 0.7447
2025-04-14 12:35:51,995 - INFO - Epoch 4/30 - Loss: 0.7076
2025-04-14 12:35:52,176 - INFO - Epoch 5/30 - Loss: 0.6719
2025-04-14 12:35:52,357 - INFO - Epoch 6/30 - Loss: 0.6348
2025-04-14 12:35:52,543 - INFO - Epoch 7/30 - Loss: 0.5962
2025-04-14 12:35:52,726 - INFO - Epoch 8/30 - Loss: 0.5585
2025-04-14 12:35:52,907 - INFO - Epoch 9/30 - Loss: 0.5187
2025-04-14 12:35:53,088 - INFO - Epoch 10/30 - Loss: 0.4772
2025-04-14 12:35:53,268 - INFO - Epoch 11/30 - Loss: 0.4339
2025-04-14 12:35:53,448 - INFO - Epoch 12/30 - Loss: 0.3899
2025-04-14 12:35:53,627 - INFO - Epoch 13/30 - Loss: 0.3510
2025-04-14 12:35:53,808 - INFO - Epoch 14/30 - Loss: 0.3096
2025-04-14 12:35:53,993 - INFO - Epoch 15/30 - Loss: 0.2746
2025-04-14 12:35:54,176 - INFO - Epoch 16/30 - Loss: 0.2364
2025-04-14 12:35:54,358 - INFO - Epoch 17/30 - Loss: 0.1963
2025-04-14 12:35:54,541 - INFO - Epoch 18/30 - Loss: 0.1466
2025-04-14 12:35:54,724 - INFO - Epoch 19/30 - Loss: 0.1042
2025-04-14 12:35:54,906 - INFO - Epoch 20/30 - Loss: 0.0626
2025-04-14 12:35:55,088 - INFO - Epoch 21/30 - Loss: 0.0116
2025-04-14 12:35:55,267 - INFO - Epoch 22/30 - Loss: -0.0268
2025-04-14 12:35:55,449 - INFO - Epoch 23/30 - Loss: -0.0705
2025-04-14 12:35:55,632 - INFO - Epoch 24/30 - Loss: -0.1082
2025-04-14 12:35:55,814 - INFO - Epoch 25/30 - Loss: -0.1506
2025-04-14 12:35:55,996 - INFO - Epoch 26/30 - Loss: -0.1956
2025-04-14 12:35:56,177 - INFO - Epoch 27/30 - Loss: -0.2390
2025-04-14 12:35:56,358 - INFO - Epoch 28/30 - Loss: -0.2722
2025-04-14 12:35:56,554 - INFO - Epoch 29/30 - Loss: -0.2918
2025-04-14 12:35:56,736 - INFO - Epoch 30/30 - Loss: -0.3555
2025-04-14 12:35:57,947 - INFO - Validation R² (Fold 2): 0.9724
2025-04-14 12:35:57,948 - INFO - 
Fold 3/4
2025-04-14 12:35:58,139 - INFO - Epoch 1/30 - Loss: 1.0058
2025-04-14 12:35:58,318 - INFO - Epoch 2/30 - Loss: 0.8747
2025-04-14 12:35:58,504 - INFO - Epoch 3/30 - Loss: 0.8117
2025-04-14 12:35:58,685 - INFO - Epoch 4/30 - Loss: 0.7943
2025-04-14 12:35:58,866 - INFO - Epoch 5/30 - Loss: 0.7461
2025-04-14 12:35:59,046 - INFO - Epoch 6/30 - Loss: 0.7228
2025-04-14 12:35:59,226 - INFO - Epoch 7/30 - Loss: 0.6816
2025-04-14 12:35:59,405 - INFO - Epoch 8/30 - Loss: 0.6483
2025-04-14 12:35:59,586 - INFO - Epoch 9/30 - Loss: 0.6149
2025-04-14 12:35:59,767 - INFO - Epoch 10/30 - Loss: 0.5770
2025-04-14 12:35:59,948 - INFO - Epoch 11/30 - Loss: 0.5473
2025-04-14 12:36:00,133 - INFO - Epoch 12/30 - Loss: 0.5091
2025-04-14 12:36:00,316 - INFO - Epoch 13/30 - Loss: 0.4773
2025-04-14 12:36:00,496 - INFO - Epoch 14/30 - Loss: 0.4423
2025-04-14 12:36:00,676 - INFO - Epoch 15/30 - Loss: 0.4099
2025-04-14 12:36:00,859 - INFO - Epoch 16/30 - Loss: 0.3790
2025-04-14 12:36:01,041 - INFO - Epoch 17/30 - Loss: 0.3437
2025-04-14 12:36:01,224 - INFO - Epoch 18/30 - Loss: 0.3145
2025-04-14 12:36:01,405 - INFO - Epoch 19/30 - Loss: 0.2815
2025-04-14 12:36:01,586 - INFO - Epoch 20/30 - Loss: 0.2512
2025-04-14 12:36:01,766 - INFO - Epoch 21/30 - Loss: 0.2205
2025-04-14 12:36:01,951 - INFO - Epoch 22/30 - Loss: 0.1838
2025-04-14 12:36:02,135 - INFO - Epoch 23/30 - Loss: 0.1545
2025-04-14 12:36:02,316 - INFO - Epoch 24/30 - Loss: 0.1223
2025-04-14 12:36:02,495 - INFO - Epoch 25/30 - Loss: 0.0854
2025-04-14 12:36:02,676 - INFO - Epoch 26/30 - Loss: 0.0427
2025-04-14 12:36:02,858 - INFO - Epoch 27/30 - Loss: 0.0164
2025-04-14 12:36:03,040 - INFO - Epoch 28/30 - Loss: -0.0380
2025-04-14 12:36:03,223 - INFO - Epoch 29/30 - Loss: -0.0776
2025-04-14 12:36:03,405 - INFO - Epoch 30/30 - Loss: -0.1287
2025-04-14 12:36:03,879 - INFO - Validation R² (Fold 3): 0.9656
2025-04-14 12:36:03,880 - INFO - 
Fold 4/4
2025-04-14 12:36:04,062 - INFO - Epoch 1/30 - Loss: 0.8172
2025-04-14 12:36:04,244 - INFO - Epoch 2/30 - Loss: 0.7795
2025-04-14 12:36:04,426 - INFO - Epoch 3/30 - Loss: 0.7420
2025-04-14 12:36:04,605 - INFO - Epoch 4/30 - Loss: 0.7059
2025-04-14 12:36:04,786 - INFO - Epoch 5/30 - Loss: 0.6700
2025-04-14 12:36:04,967 - INFO - Epoch 6/30 - Loss: 0.6327
2025-04-14 12:36:05,148 - INFO - Epoch 7/30 - Loss: 0.5955
2025-04-14 12:36:05,332 - INFO - Epoch 8/30 - Loss: 0.5559
2025-04-14 12:36:05,514 - INFO - Epoch 9/30 - Loss: 0.5164
2025-04-14 12:36:05,694 - INFO - Epoch 10/30 - Loss: 0.4761
2025-04-14 12:36:05,875 - INFO - Epoch 11/30 - Loss: 0.4307
2025-04-14 12:36:06,055 - INFO - Epoch 12/30 - Loss: 0.3895
2025-04-14 12:36:06,236 - INFO - Epoch 13/30 - Loss: 0.3524
2025-04-14 12:36:06,419 - INFO - Epoch 14/30 - Loss: 0.3149
2025-04-14 12:36:06,599 - INFO - Epoch 15/30 - Loss: 0.2770
2025-04-14 12:36:06,781 - INFO - Epoch 16/30 - Loss: 0.2322
2025-04-14 12:36:06,962 - INFO - Epoch 17/30 - Loss: 0.1905
2025-04-14 12:36:07,145 - INFO - Epoch 18/30 - Loss: 0.1459
2025-04-14 12:36:07,326 - INFO - Epoch 19/30 - Loss: 0.1002
2025-04-14 12:36:07,506 - INFO - Epoch 20/30 - Loss: 0.0610
2025-04-14 12:36:07,687 - INFO - Epoch 21/30 - Loss: 0.0187
2025-04-14 12:36:07,867 - INFO - Epoch 22/30 - Loss: -0.0253
2025-04-14 12:36:08,048 - INFO - Epoch 23/30 - Loss: -0.0684
2025-04-14 12:36:08,228 - INFO - Epoch 24/30 - Loss: -0.1129
2025-04-14 12:36:08,408 - INFO - Epoch 25/30 - Loss: -0.1534
2025-04-14 12:36:08,588 - INFO - Epoch 26/30 - Loss: -0.1960
2025-04-14 12:36:08,769 - INFO - Epoch 27/30 - Loss: -0.2330
2025-04-14 12:36:08,950 - INFO - Epoch 28/30 - Loss: -0.2760
2025-04-14 12:36:09,132 - INFO - Epoch 29/30 - Loss: -0.3159
2025-04-14 12:36:09,314 - INFO - Epoch 30/30 - Loss: -0.3597
2025-04-14 12:36:10,509 - INFO - Validation R² (Fold 4): 0.9713
2025-04-14 12:36:10,509 - INFO - 
Average R² across folds: 0.9697
2025-04-14 12:36:10,509 - INFO - Best R² across folds: 0.9724
2025-04-14 12:36:10,517 - INFO - Generated 9600 points with 500m resolution
