2025-04-14 11:02:19,928 - INFO - Logging initialized for city: Raleigh
2025-04-14 11:02:20,246 - INFO - Using device: cuda
2025-04-14 11:02:20,248 - INFO - 
Fold 1/4
2025-04-14 11:02:23,786 - INFO - Epoch 1/40 - Loss: 1.3254
2025-04-14 11:02:23,966 - INFO - Epoch 2/40 - Loss: 1.3123
2025-04-14 11:02:24,147 - INFO - Epoch 3/40 - Loss: 1.3021
2025-04-14 11:02:24,326 - INFO - Epoch 4/40 - Loss: 1.2917
2025-04-14 11:02:24,504 - INFO - Epoch 5/40 - Loss: 1.2791
2025-04-14 11:02:24,684 - INFO - Epoch 6/40 - Loss: 1.2636
2025-04-14 11:02:24,866 - INFO - Epoch 7/40 - Loss: 1.2459
2025-04-14 11:02:25,045 - INFO - Epoch 8/40 - Loss: 1.2257
2025-04-14 11:02:25,227 - INFO - Epoch 9/40 - Loss: 1.2038
2025-04-14 11:02:25,406 - INFO - Epoch 10/40 - Loss: 1.1797
2025-04-14 11:02:25,587 - INFO - Epoch 11/40 - Loss: 1.1540
2025-04-14 11:02:25,767 - INFO - Epoch 12/40 - Loss: 1.1272
2025-04-14 11:02:25,950 - INFO - Epoch 13/40 - Loss: 1.0990
2025-04-14 11:02:26,132 - INFO - Epoch 14/40 - Loss: 1.0681
2025-04-14 11:02:26,309 - INFO - Epoch 15/40 - Loss: 1.0350
2025-04-14 11:02:26,490 - INFO - Epoch 16/40 - Loss: 0.9982
2025-04-14 11:02:26,672 - INFO - Epoch 17/40 - Loss: 0.9558
2025-04-14 11:02:26,854 - INFO - Epoch 18/40 - Loss: 0.9032
2025-04-14 11:02:27,034 - INFO - Epoch 19/40 - Loss: 0.8380
2025-04-14 11:02:27,214 - INFO - Epoch 20/40 - Loss: 0.7633
2025-04-14 11:02:27,395 - INFO - Epoch 21/40 - Loss: 0.6667
2025-04-14 11:02:27,576 - INFO - Epoch 22/40 - Loss: 0.5869
2025-04-14 11:02:27,754 - INFO - Epoch 23/40 - Loss: 0.4945
2025-04-14 11:02:27,943 - INFO - Epoch 24/40 - Loss: 0.4494
2025-04-14 11:02:28,136 - INFO - Epoch 25/40 - Loss: 0.3752
2025-04-14 11:02:28,329 - INFO - Epoch 26/40 - Loss: 0.3133
2025-04-14 11:02:28,525 - INFO - Epoch 27/40 - Loss: 0.2401
2025-04-14 11:02:28,742 - INFO - Epoch 28/40 - Loss: 0.2208
2025-04-14 11:02:28,959 - INFO - Epoch 29/40 - Loss: 0.1598
2025-04-14 11:02:29,178 - INFO - Epoch 30/40 - Loss: 0.1098
2025-04-14 11:02:29,401 - INFO - Epoch 31/40 - Loss: 0.0672
2025-04-14 11:02:29,637 - INFO - Epoch 32/40 - Loss: 0.0528
2025-04-14 11:02:29,880 - INFO - Epoch 33/40 - Loss: 0.0137
2025-04-14 11:02:30,132 - INFO - Epoch 34/40 - Loss: 0.0113
2025-04-14 11:02:30,382 - INFO - Epoch 35/40 - Loss: -0.0241
2025-04-14 11:02:30,638 - INFO - Epoch 36/40 - Loss: -0.0301
2025-04-14 11:02:30,895 - INFO - Epoch 37/40 - Loss: -0.0450
2025-04-14 11:02:31,157 - INFO - Epoch 38/40 - Loss: -0.0342
2025-04-14 11:02:31,427 - INFO - Epoch 39/40 - Loss: -0.0314
2025-04-14 11:02:31,705 - INFO - Epoch 40/40 - Loss: -0.0146
2025-04-14 11:02:32,629 - INFO - Validation R² (Fold 1): 0.9719
2025-04-14 11:02:32,630 - INFO - 
Fold 2/4
2025-04-14 11:02:32,816 - INFO - Epoch 1/40 - Loss: 1.3229
2025-04-14 11:02:32,999 - INFO - Epoch 2/40 - Loss: 1.3104
2025-04-14 11:02:33,177 - INFO - Epoch 3/40 - Loss: 1.3006
2025-04-14 11:02:33,357 - INFO - Epoch 4/40 - Loss: 1.2907
2025-04-14 11:02:33,537 - INFO - Epoch 5/40 - Loss: 1.2786
2025-04-14 11:02:33,715 - INFO - Epoch 6/40 - Loss: 1.2633
2025-04-14 11:02:33,895 - INFO - Epoch 7/40 - Loss: 1.2459
2025-04-14 11:02:34,076 - INFO - Epoch 8/40 - Loss: 1.2259
2025-04-14 11:02:34,257 - INFO - Epoch 9/40 - Loss: 1.2042
2025-04-14 11:02:34,436 - INFO - Epoch 10/40 - Loss: 1.1802
2025-04-14 11:02:34,615 - INFO - Epoch 11/40 - Loss: 1.1544
2025-04-14 11:02:34,796 - INFO - Epoch 12/40 - Loss: 1.1274
2025-04-14 11:02:34,976 - INFO - Epoch 13/40 - Loss: 1.0983
2025-04-14 11:02:35,156 - INFO - Epoch 14/40 - Loss: 1.0669
2025-04-14 11:02:35,335 - INFO - Epoch 15/40 - Loss: 1.0332
2025-04-14 11:02:35,516 - INFO - Epoch 16/40 - Loss: 0.9968
2025-04-14 11:02:35,697 - INFO - Epoch 17/40 - Loss: 0.9530
2025-04-14 11:02:35,877 - INFO - Epoch 18/40 - Loss: 0.8988
2025-04-14 11:02:36,059 - INFO - Epoch 19/40 - Loss: 0.8392
2025-04-14 11:02:36,237 - INFO - Epoch 20/40 - Loss: 0.7569
2025-04-14 11:02:36,416 - INFO - Epoch 21/40 - Loss: 0.6682
2025-04-14 11:02:36,595 - INFO - Epoch 22/40 - Loss: 0.5876
2025-04-14 11:02:36,775 - INFO - Epoch 23/40 - Loss: 0.5058
2025-04-14 11:02:36,963 - INFO - Epoch 24/40 - Loss: 0.4395
2025-04-14 11:02:37,162 - INFO - Epoch 25/40 - Loss: 0.3880
2025-04-14 11:02:37,359 - INFO - Epoch 26/40 - Loss: 0.3236
2025-04-14 11:02:37,558 - INFO - Epoch 27/40 - Loss: 0.2536
2025-04-14 11:02:37,777 - INFO - Epoch 28/40 - Loss: 0.2195
2025-04-14 11:02:37,998 - INFO - Epoch 29/40 - Loss: 0.1592
2025-04-14 11:02:38,222 - INFO - Epoch 30/40 - Loss: 0.1056
2025-04-14 11:02:38,453 - INFO - Epoch 31/40 - Loss: 0.0706
2025-04-14 11:02:38,687 - INFO - Epoch 32/40 - Loss: 0.0400
2025-04-14 11:02:38,937 - INFO - Epoch 33/40 - Loss: 0.0278
2025-04-14 11:02:39,194 - INFO - Epoch 34/40 - Loss: 0.0048
2025-04-14 11:02:39,446 - INFO - Epoch 35/40 - Loss: -0.0184
2025-04-14 11:02:39,712 - INFO - Epoch 36/40 - Loss: -0.0185
2025-04-14 11:02:39,989 - INFO - Epoch 37/40 - Loss: -0.0170
2025-04-14 11:02:40,271 - INFO - Epoch 38/40 - Loss: -0.0073
2025-04-14 11:02:40,563 - INFO - Epoch 39/40 - Loss: -0.0143
2025-04-14 11:02:40,855 - INFO - Epoch 40/40 - Loss: -0.0132
2025-04-14 11:02:41,781 - INFO - Validation R² (Fold 2): 0.9721
2025-04-14 11:02:41,781 - INFO - 
Fold 3/4
2025-04-14 11:02:41,972 - INFO - Epoch 1/40 - Loss: 1.3166
2025-04-14 11:02:42,157 - INFO - Epoch 2/40 - Loss: 1.3044
2025-04-14 11:02:42,345 - INFO - Epoch 3/40 - Loss: 1.2948
2025-04-14 11:02:42,532 - INFO - Epoch 4/40 - Loss: 1.2844
2025-04-14 11:02:42,719 - INFO - Epoch 5/40 - Loss: 1.2717
2025-04-14 11:02:42,906 - INFO - Epoch 6/40 - Loss: 1.2564
2025-04-14 11:02:43,094 - INFO - Epoch 7/40 - Loss: 1.2387
2025-04-14 11:02:43,279 - INFO - Epoch 8/40 - Loss: 1.2186
2025-04-14 11:02:43,466 - INFO - Epoch 9/40 - Loss: 1.1972
2025-04-14 11:02:43,654 - INFO - Epoch 10/40 - Loss: 1.1739
2025-04-14 11:02:43,843 - INFO - Epoch 11/40 - Loss: 1.1487
2025-04-14 11:02:44,028 - INFO - Epoch 12/40 - Loss: 1.1226
2025-04-14 11:02:44,216 - INFO - Epoch 13/40 - Loss: 1.0942
2025-04-14 11:02:44,405 - INFO - Epoch 14/40 - Loss: 1.0640
2025-04-14 11:02:44,592 - INFO - Epoch 15/40 - Loss: 1.0310
2025-04-14 11:02:44,779 - INFO - Epoch 16/40 - Loss: 0.9941
2025-04-14 11:02:44,967 - INFO - Epoch 17/40 - Loss: 0.9507
2025-04-14 11:02:45,155 - INFO - Epoch 18/40 - Loss: 0.8968
2025-04-14 11:02:45,345 - INFO - Epoch 19/40 - Loss: 0.8323
2025-04-14 11:02:45,534 - INFO - Epoch 20/40 - Loss: 0.7513
2025-04-14 11:02:45,722 - INFO - Epoch 21/40 - Loss: 0.6504
2025-04-14 11:02:45,909 - INFO - Epoch 22/40 - Loss: 0.5719
2025-04-14 11:02:46,096 - INFO - Epoch 23/40 - Loss: 0.4894
2025-04-14 11:02:46,285 - INFO - Epoch 24/40 - Loss: 0.4052
2025-04-14 11:02:46,484 - INFO - Epoch 25/40 - Loss: 0.3665
2025-04-14 11:02:46,702 - INFO - Epoch 26/40 - Loss: 0.3371
2025-04-14 11:02:46,926 - INFO - Epoch 27/40 - Loss: 0.2793
2025-04-14 11:02:47,149 - INFO - Epoch 28/40 - Loss: 0.2139
2025-04-14 11:02:47,376 - INFO - Epoch 29/40 - Loss: 0.1500
2025-04-14 11:02:47,616 - INFO - Epoch 30/40 - Loss: 0.1170
2025-04-14 11:02:47,854 - INFO - Epoch 31/40 - Loss: 0.0704
2025-04-14 11:02:48,095 - INFO - Epoch 32/40 - Loss: 0.0396
2025-04-14 11:02:48,337 - INFO - Epoch 33/40 - Loss: 0.0054
2025-04-14 11:02:48,594 - INFO - Epoch 34/40 - Loss: 0.0036
2025-04-14 11:02:48,849 - INFO - Epoch 35/40 - Loss: -0.0156
2025-04-14 11:02:49,113 - INFO - Epoch 36/40 - Loss: -0.0245
2025-04-14 11:02:49,384 - INFO - Epoch 37/40 - Loss: -0.0208
2025-04-14 11:02:49,662 - INFO - Epoch 38/40 - Loss: -0.0165
2025-04-14 11:02:49,936 - INFO - Epoch 39/40 - Loss: -0.0192
2025-04-14 11:02:50,221 - INFO - Epoch 40/40 - Loss: 0.0056
2025-04-14 11:02:51,139 - INFO - Validation R² (Fold 3): 0.9728
2025-04-14 11:02:51,139 - INFO - 
Fold 4/4
2025-04-14 11:02:51,320 - INFO - Epoch 1/40 - Loss: 1.3103
2025-04-14 11:02:51,500 - INFO - Epoch 2/40 - Loss: 1.2983
2025-04-14 11:02:51,678 - INFO - Epoch 3/40 - Loss: 1.2889
2025-04-14 11:02:51,858 - INFO - Epoch 4/40 - Loss: 1.2777
2025-04-14 11:02:52,037 - INFO - Epoch 5/40 - Loss: 1.2642
2025-04-14 11:02:52,215 - INFO - Epoch 6/40 - Loss: 1.2483
2025-04-14 11:02:52,394 - INFO - Epoch 7/40 - Loss: 1.2297
2025-04-14 11:02:52,575 - INFO - Epoch 8/40 - Loss: 1.2094
2025-04-14 11:02:52,755 - INFO - Epoch 9/40 - Loss: 1.1874
2025-04-14 11:02:52,935 - INFO - Epoch 10/40 - Loss: 1.1641
2025-04-14 11:02:53,114 - INFO - Epoch 11/40 - Loss: 1.1394
2025-04-14 11:02:53,294 - INFO - Epoch 12/40 - Loss: 1.1129
2025-04-14 11:02:53,474 - INFO - Epoch 13/40 - Loss: 1.0843
2025-04-14 11:02:53,655 - INFO - Epoch 14/40 - Loss: 1.0550
2025-04-14 11:02:53,835 - INFO - Epoch 15/40 - Loss: 1.0221
2025-04-14 11:02:54,016 - INFO - Epoch 16/40 - Loss: 0.9849
2025-04-14 11:02:54,195 - INFO - Epoch 17/40 - Loss: 0.9390
2025-04-14 11:02:54,373 - INFO - Epoch 18/40 - Loss: 0.8823
2025-04-14 11:02:54,552 - INFO - Epoch 19/40 - Loss: 0.8210
2025-04-14 11:02:54,733 - INFO - Epoch 20/40 - Loss: 0.7362
2025-04-14 11:02:54,912 - INFO - Epoch 21/40 - Loss: 0.6369
2025-04-14 11:02:55,093 - INFO - Epoch 22/40 - Loss: 0.5519
2025-04-14 11:02:55,275 - INFO - Epoch 23/40 - Loss: 0.4834
2025-04-14 11:02:55,465 - INFO - Epoch 24/40 - Loss: 0.4243
2025-04-14 11:02:55,652 - INFO - Epoch 25/40 - Loss: 0.3378
2025-04-14 11:02:55,855 - INFO - Epoch 26/40 - Loss: 0.3069
2025-04-14 11:02:56,062 - INFO - Epoch 27/40 - Loss: 0.2530
2025-04-14 11:02:56,278 - INFO - Epoch 28/40 - Loss: 0.2094
2025-04-14 11:02:56,496 - INFO - Epoch 29/40 - Loss: 0.1378
2025-04-14 11:02:56,729 - INFO - Epoch 30/40 - Loss: 0.1157
2025-04-14 11:02:56,960 - INFO - Epoch 31/40 - Loss: 0.0599
2025-04-14 11:02:57,202 - INFO - Epoch 32/40 - Loss: 0.0369
2025-04-14 11:02:57,435 - INFO - Epoch 33/40 - Loss: -0.0083
2025-04-14 11:02:57,691 - INFO - Epoch 34/40 - Loss: -0.0098
2025-04-14 11:02:57,945 - INFO - Epoch 35/40 - Loss: -0.0339
2025-04-14 11:02:58,204 - INFO - Epoch 36/40 - Loss: -0.0430
2025-04-14 11:02:58,469 - INFO - Epoch 37/40 - Loss: -0.0344
2025-04-14 11:02:58,727 - INFO - Epoch 38/40 - Loss: -0.0452
2025-04-14 11:02:59,007 - INFO - Epoch 39/40 - Loss: -0.0209
2025-04-14 11:02:59,277 - INFO - Epoch 40/40 - Loss: -0.0308
2025-04-14 11:03:00,207 - INFO - Validation R² (Fold 4): 0.9708
2025-04-14 11:03:00,207 - INFO - 
Average R² across folds: 0.9719
2025-04-14 11:03:00,207 - INFO - Best R² across folds: 0.9728
2025-04-14 11:03:00,211 - INFO - 

2025-04-14 11:03:00,212 - INFO - 
Fold 1/4
2025-04-14 11:03:00,402 - INFO - Epoch 1/30 - Loss: 1.0829
2025-04-14 11:03:00,581 - INFO - Epoch 2/30 - Loss: 1.0454
2025-04-14 11:03:00,761 - INFO - Epoch 3/30 - Loss: 1.0053
2025-04-14 11:03:00,942 - INFO - Epoch 4/30 - Loss: 0.9607
2025-04-14 11:03:01,122 - INFO - Epoch 5/30 - Loss: 0.9108
2025-04-14 11:03:01,304 - INFO - Epoch 6/30 - Loss: 0.8484
2025-04-14 11:03:01,486 - INFO - Epoch 7/30 - Loss: 0.7892
2025-04-14 11:03:01,666 - INFO - Epoch 8/30 - Loss: 0.7195
2025-04-14 11:03:01,849 - INFO - Epoch 9/30 - Loss: 0.6453
2025-04-14 11:03:02,029 - INFO - Epoch 10/30 - Loss: 0.5759
2025-04-14 11:03:02,211 - INFO - Epoch 11/30 - Loss: 0.5140
2025-04-14 11:03:02,391 - INFO - Epoch 12/30 - Loss: 0.4606
2025-04-14 11:03:02,571 - INFO - Epoch 13/30 - Loss: 0.4263
2025-04-14 11:03:02,758 - INFO - Epoch 14/30 - Loss: 0.4032
2025-04-14 11:03:02,965 - INFO - Epoch 15/30 - Loss: 0.4093
2025-04-14 11:03:03,158 - INFO - Epoch 16/30 - Loss: 0.3637
2025-04-14 11:03:03,378 - INFO - Epoch 17/30 - Loss: 0.3874
2025-04-14 11:03:03,604 - INFO - Epoch 18/30 - Loss: 0.3618
2025-04-14 11:03:03,815 - INFO - Epoch 19/30 - Loss: 0.3291
2025-04-14 11:03:04,039 - INFO - Epoch 20/30 - Loss: 0.2944
2025-04-14 11:03:04,266 - INFO - Epoch 21/30 - Loss: 0.2826
2025-04-14 11:03:04,478 - INFO - Epoch 22/30 - Loss: 0.2390
2025-04-14 11:03:04,715 - INFO - Epoch 23/30 - Loss: 0.2371
2025-04-14 11:03:04,918 - INFO - Epoch 24/30 - Loss: 0.1514
2025-04-14 11:03:05,124 - INFO - Epoch 25/30 - Loss: 0.1323
2025-04-14 11:03:05,355 - INFO - Epoch 26/30 - Loss: 0.1094
2025-04-14 11:03:06,021 - INFO - Epoch 27/30 - Loss: 0.3972
2025-04-14 11:03:06,230 - INFO - Epoch 28/30 - Loss: -0.0212
2025-04-14 11:03:06,620 - INFO - Epoch 29/30 - Loss: 0.2307
2025-04-14 11:03:09,118 - INFO - Epoch 30/30 - Loss: 0.4776
2025-04-14 11:03:11,362 - INFO - Validation R² (Fold 1): 0.9294
2025-04-14 11:03:11,363 - INFO - 
Fold 2/4
2025-04-14 11:03:11,545 - INFO - Epoch 1/30 - Loss: 1.1192
2025-04-14 11:03:11,727 - INFO - Epoch 2/30 - Loss: 1.0796
2025-04-14 11:03:11,907 - INFO - Epoch 3/30 - Loss: 1.0389
2025-04-14 11:03:12,089 - INFO - Epoch 4/30 - Loss: 0.9970
2025-04-14 11:03:12,268 - INFO - Epoch 5/30 - Loss: 0.9530
2025-04-14 11:03:12,449 - INFO - Epoch 6/30 - Loss: 0.9004
2025-04-14 11:03:12,632 - INFO - Epoch 7/30 - Loss: 0.8337
2025-04-14 11:03:12,816 - INFO - Epoch 8/30 - Loss: 0.7644
2025-04-14 11:03:12,997 - INFO - Epoch 9/30 - Loss: 0.6883
2025-04-14 11:03:13,177 - INFO - Epoch 10/30 - Loss: 0.6150
2025-04-14 11:03:13,358 - INFO - Epoch 11/30 - Loss: 0.5369
2025-04-14 11:03:13,540 - INFO - Epoch 12/30 - Loss: 0.4765
2025-04-14 11:03:13,720 - INFO - Epoch 13/30 - Loss: 0.4277
2025-04-14 11:03:13,914 - INFO - Epoch 14/30 - Loss: 0.4137
2025-04-14 11:03:14,118 - INFO - Epoch 15/30 - Loss: 0.3874
2025-04-14 11:03:14,328 - INFO - Epoch 16/30 - Loss: 0.3728
2025-04-14 11:03:14,547 - INFO - Epoch 17/30 - Loss: 0.3850
2025-04-14 11:03:14,769 - INFO - Epoch 18/30 - Loss: 0.3604
2025-04-14 11:03:15,006 - INFO - Epoch 19/30 - Loss: 0.3670
2025-04-14 11:03:15,251 - INFO - Epoch 20/30 - Loss: 0.3518
2025-04-14 11:03:15,508 - INFO - Epoch 21/30 - Loss: 0.3427
2025-04-14 11:03:15,754 - INFO - Epoch 22/30 - Loss: 0.3360
2025-04-14 11:03:16,018 - INFO - Epoch 23/30 - Loss: 0.3120
2025-04-14 11:03:16,274 - INFO - Epoch 24/30 - Loss: 0.2910
2025-04-14 11:03:16,558 - INFO - Epoch 25/30 - Loss: 0.2803
2025-04-14 11:03:16,839 - INFO - Epoch 26/30 - Loss: 0.2320
2025-04-14 11:03:17,094 - INFO - Epoch 27/30 - Loss: 0.2100
2025-04-14 11:03:17,379 - INFO - Epoch 28/30 - Loss: 0.1812
2025-04-14 11:03:17,630 - INFO - Epoch 29/30 - Loss: 0.0992
2025-04-14 11:03:17,894 - INFO - Epoch 30/30 - Loss: 0.0662
2025-04-14 11:03:20,145 - INFO - Validation R² (Fold 2): 0.9574
2025-04-14 11:03:20,146 - INFO - 
Fold 3/4
2025-04-14 11:03:20,343 - INFO - Epoch 1/30 - Loss: 1.3806
2025-04-14 11:03:20,530 - INFO - Epoch 2/30 - Loss: 1.2873
2025-04-14 11:03:20,717 - INFO - Epoch 3/30 - Loss: 1.2260
2025-04-14 11:03:20,906 - INFO - Epoch 4/30 - Loss: 1.1784
2025-04-14 11:03:21,091 - INFO - Epoch 5/30 - Loss: 1.1357
2025-04-14 11:03:21,281 - INFO - Epoch 6/30 - Loss: 1.0964
2025-04-14 11:03:21,468 - INFO - Epoch 7/30 - Loss: 1.0583
2025-04-14 11:03:21,655 - INFO - Epoch 8/30 - Loss: 1.0183
2025-04-14 11:03:21,844 - INFO - Epoch 9/30 - Loss: 0.9729
2025-04-14 11:03:22,031 - INFO - Epoch 10/30 - Loss: 0.9218
2025-04-14 11:03:22,219 - INFO - Epoch 11/30 - Loss: 0.8725
2025-04-14 11:03:22,407 - INFO - Epoch 12/30 - Loss: 0.8044
2025-04-14 11:03:22,595 - INFO - Epoch 13/30 - Loss: 0.7364
2025-04-14 11:03:22,784 - INFO - Epoch 14/30 - Loss: 0.6591
2025-04-14 11:03:22,971 - INFO - Epoch 15/30 - Loss: 0.5972
2025-04-14 11:03:23,164 - INFO - Epoch 16/30 - Loss: 0.5471
2025-04-14 11:03:23,358 - INFO - Epoch 17/30 - Loss: 0.5036
2025-04-14 11:03:23,565 - INFO - Epoch 18/30 - Loss: 0.4827
2025-04-14 11:03:23,780 - INFO - Epoch 19/30 - Loss: 0.4598
2025-04-14 11:03:23,998 - INFO - Epoch 20/30 - Loss: 0.4328
2025-04-14 11:03:24,243 - INFO - Epoch 21/30 - Loss: 0.4276
2025-04-14 11:03:24,482 - INFO - Epoch 22/30 - Loss: 0.4069
2025-04-14 11:03:24,746 - INFO - Epoch 23/30 - Loss: 0.4168
2025-04-14 11:03:25,015 - INFO - Epoch 24/30 - Loss: 0.4014
2025-04-14 11:03:25,305 - INFO - Epoch 25/30 - Loss: 0.4154
2025-04-14 11:03:25,604 - INFO - Epoch 26/30 - Loss: 0.3957
2025-04-14 11:03:25,917 - INFO - Epoch 27/30 - Loss: 0.4065
2025-04-14 11:03:26,227 - INFO - Epoch 28/30 - Loss: 0.4093
2025-04-14 11:03:26,542 - INFO - Epoch 29/30 - Loss: 0.3932
2025-04-14 11:03:26,849 - INFO - Epoch 30/30 - Loss: 0.3367
2025-04-14 11:03:29,109 - INFO - Validation R² (Fold 3): 0.9664
2025-04-14 11:03:29,109 - INFO - 
Fold 4/4
2025-04-14 11:03:29,291 - INFO - Epoch 1/30 - Loss: 1.1693
2025-04-14 11:03:29,473 - INFO - Epoch 2/30 - Loss: 1.1229
2025-04-14 11:03:29,654 - INFO - Epoch 3/30 - Loss: 1.0780
2025-04-14 11:03:29,835 - INFO - Epoch 4/30 - Loss: 1.0342
2025-04-14 11:03:30,016 - INFO - Epoch 5/30 - Loss: 0.9889
2025-04-14 11:03:30,196 - INFO - Epoch 6/30 - Loss: 0.9385
2025-04-14 11:03:30,377 - INFO - Epoch 7/30 - Loss: 0.8834
2025-04-14 11:03:30,558 - INFO - Epoch 8/30 - Loss: 0.8114
2025-04-14 11:03:30,741 - INFO - Epoch 9/30 - Loss: 0.7274
2025-04-14 11:03:30,923 - INFO - Epoch 10/30 - Loss: 0.6518
2025-04-14 11:03:31,103 - INFO - Epoch 11/30 - Loss: 0.5684
2025-04-14 11:03:31,283 - INFO - Epoch 12/30 - Loss: 0.5011
2025-04-14 11:03:31,463 - INFO - Epoch 13/30 - Loss: 0.4373
2025-04-14 11:03:31,647 - INFO - Epoch 14/30 - Loss: 0.3961
2025-04-14 11:03:31,829 - INFO - Epoch 15/30 - Loss: 0.3560
2025-04-14 11:03:32,037 - INFO - Epoch 16/30 - Loss: 0.3494
2025-04-14 11:03:32,258 - INFO - Epoch 17/30 - Loss: 0.3496
2025-04-14 11:03:32,476 - INFO - Epoch 18/30 - Loss: 0.3223
2025-04-14 11:03:32,698 - INFO - Epoch 19/30 - Loss: 0.3305
2025-04-14 11:03:32,943 - INFO - Epoch 20/30 - Loss: 0.3550
2025-04-14 11:03:33,205 - INFO - Epoch 21/30 - Loss: 0.3500
2025-04-14 11:03:33,464 - INFO - Epoch 22/30 - Loss: 0.3159
2025-04-14 11:03:33,730 - INFO - Epoch 23/30 - Loss: 0.3329
2025-04-14 11:03:34,004 - INFO - Epoch 24/30 - Loss: 0.3198
2025-04-14 11:03:34,257 - INFO - Epoch 25/30 - Loss: 0.2949
2025-04-14 11:03:34,523 - INFO - Epoch 26/30 - Loss: 0.2840
2025-04-14 11:03:34,806 - INFO - Epoch 27/30 - Loss: 0.2664
2025-04-14 11:03:35,070 - INFO - Epoch 28/30 - Loss: 0.2197
2025-04-14 11:03:35,340 - INFO - Epoch 29/30 - Loss: 0.1879
2025-04-14 11:03:35,654 - INFO - Epoch 30/30 - Loss: 0.1826
2025-04-14 11:03:37,897 - INFO - Validation R² (Fold 4): 0.9570
2025-04-14 11:03:37,897 - INFO - 
Average R² across folds: 0.9526
2025-04-14 11:03:37,897 - INFO - Best R² across folds: 0.9664
2025-04-14 11:03:37,899 - INFO - Generated 2401 points with 500m resolution
