2025-04-14 09:43:07,248 - INFO - Logging initialized for city: San Francisco
2025-04-14 09:43:07,810 - INFO - Using device: cuda
2025-04-14 09:43:07,811 - INFO - 
Fold 1/4
2025-04-14 09:43:12,731 - INFO - Epoch 1/40 - Loss: 0.9350
2025-04-14 09:43:12,803 - INFO - Epoch 2/40 - Loss: 0.8975
2025-04-14 09:43:12,877 - INFO - Epoch 3/40 - Loss: 0.8590
2025-04-14 09:43:12,949 - INFO - Epoch 4/40 - Loss: 0.8203
2025-04-14 09:43:13,021 - INFO - Epoch 5/40 - Loss: 0.7805
2025-04-14 09:43:13,093 - INFO - Epoch 6/40 - Loss: 0.7398
2025-04-14 09:43:13,171 - INFO - Epoch 7/40 - Loss: 0.6986
2025-04-14 09:43:13,246 - INFO - Epoch 8/40 - Loss: 0.6564
2025-04-14 09:43:13,323 - INFO - Epoch 9/40 - Loss: 0.6134
2025-04-14 09:43:13,396 - INFO - Epoch 10/40 - Loss: 0.5699
2025-04-14 09:43:13,474 - INFO - Epoch 11/40 - Loss: 0.5275
2025-04-14 09:43:13,551 - INFO - Epoch 12/40 - Loss: 0.4843
2025-04-14 09:43:13,626 - INFO - Epoch 13/40 - Loss: 0.4418
2025-04-14 09:43:13,703 - INFO - Epoch 14/40 - Loss: 0.4007
2025-04-14 09:43:13,781 - INFO - Epoch 15/40 - Loss: 0.3598
2025-04-14 09:43:13,856 - INFO - Epoch 16/40 - Loss: 0.3136
2025-04-14 09:43:13,929 - INFO - Epoch 17/40 - Loss: 0.2658
2025-04-14 09:43:14,005 - INFO - Epoch 18/40 - Loss: 0.2120
2025-04-14 09:43:14,083 - INFO - Epoch 19/40 - Loss: 0.1618
2025-04-14 09:43:14,157 - INFO - Epoch 20/40 - Loss: 0.1080
2025-04-14 09:43:14,233 - INFO - Epoch 21/40 - Loss: 0.0597
2025-04-14 09:43:14,310 - INFO - Epoch 22/40 - Loss: 0.0028
2025-04-14 09:43:14,385 - INFO - Epoch 23/40 - Loss: -0.0381
2025-04-14 09:43:14,464 - INFO - Epoch 24/40 - Loss: -0.0690
2025-04-14 09:43:14,545 - INFO - Epoch 25/40 - Loss: -0.1078
2025-04-14 09:43:14,627 - INFO - Epoch 26/40 - Loss: -0.1358
2025-04-14 09:43:14,714 - INFO - Epoch 27/40 - Loss: -0.1473
2025-04-14 09:43:14,810 - INFO - Epoch 28/40 - Loss: -0.1633
2025-04-14 09:43:14,905 - INFO - Epoch 29/40 - Loss: -0.1935
2025-04-14 09:43:15,001 - INFO - Epoch 30/40 - Loss: -0.2140
2025-04-14 09:43:15,102 - INFO - Epoch 31/40 - Loss: -0.2191
2025-04-14 09:43:15,204 - INFO - Epoch 32/40 - Loss: -0.2320
2025-04-14 09:43:15,312 - INFO - Epoch 33/40 - Loss: -0.2294
2025-04-14 09:43:15,426 - INFO - Epoch 34/40 - Loss: -0.2248
2025-04-14 09:43:15,540 - INFO - Epoch 35/40 - Loss: -0.2202
2025-04-14 09:43:15,646 - INFO - Epoch 36/40 - Loss: -0.2542
2025-04-14 09:43:15,753 - INFO - Epoch 37/40 - Loss: -0.2540
2025-04-14 09:43:15,871 - INFO - Epoch 38/40 - Loss: -0.2262
2025-04-14 09:43:15,985 - INFO - Epoch 39/40 - Loss: -0.2440
2025-04-14 09:43:16,104 - INFO - Epoch 40/40 - Loss: -0.2240
2025-04-14 09:43:16,358 - INFO - Validation R² (Fold 1): 0.9805
2025-04-14 09:43:16,358 - INFO - 
Fold 2/4
2025-04-14 09:43:16,453 - INFO - Epoch 1/40 - Loss: 0.9325
2025-04-14 09:43:16,551 - INFO - Epoch 2/40 - Loss: 0.8947
2025-04-14 09:43:16,624 - INFO - Epoch 3/40 - Loss: 0.8561
2025-04-14 09:43:16,695 - INFO - Epoch 4/40 - Loss: 0.8170
2025-04-14 09:43:16,765 - INFO - Epoch 5/40 - Loss: 0.7772
2025-04-14 09:43:16,836 - INFO - Epoch 6/40 - Loss: 0.7370
2025-04-14 09:43:16,908 - INFO - Epoch 7/40 - Loss: 0.6956
2025-04-14 09:43:16,979 - INFO - Epoch 8/40 - Loss: 0.6535
2025-04-14 09:43:17,050 - INFO - Epoch 9/40 - Loss: 0.6115
2025-04-14 09:43:17,122 - INFO - Epoch 10/40 - Loss: 0.5687
2025-04-14 09:43:17,193 - INFO - Epoch 11/40 - Loss: 0.5262
2025-04-14 09:43:17,264 - INFO - Epoch 12/40 - Loss: 0.4833
2025-04-14 09:43:17,336 - INFO - Epoch 13/40 - Loss: 0.4411
2025-04-14 09:43:17,407 - INFO - Epoch 14/40 - Loss: 0.3996
2025-04-14 09:43:17,479 - INFO - Epoch 15/40 - Loss: 0.3557
2025-04-14 09:43:17,550 - INFO - Epoch 16/40 - Loss: 0.3135
2025-04-14 09:43:17,622 - INFO - Epoch 17/40 - Loss: 0.2698
2025-04-14 09:43:17,693 - INFO - Epoch 18/40 - Loss: 0.2206
2025-04-14 09:43:17,765 - INFO - Epoch 19/40 - Loss: 0.1706
2025-04-14 09:43:17,836 - INFO - Epoch 20/40 - Loss: 0.1188
2025-04-14 09:43:17,908 - INFO - Epoch 21/40 - Loss: 0.0535
2025-04-14 09:43:17,979 - INFO - Epoch 22/40 - Loss: 0.0103
2025-04-14 09:43:18,051 - INFO - Epoch 23/40 - Loss: -0.0364
2025-04-14 09:43:18,122 - INFO - Epoch 24/40 - Loss: -0.0770
2025-04-14 09:43:18,199 - INFO - Epoch 25/40 - Loss: -0.1035
2025-04-14 09:43:18,279 - INFO - Epoch 26/40 - Loss: -0.1271
2025-04-14 09:43:18,364 - INFO - Epoch 27/40 - Loss: -0.1450
2025-04-14 09:43:18,447 - INFO - Epoch 28/40 - Loss: -0.1824
2025-04-14 09:43:18,536 - INFO - Epoch 29/40 - Loss: -0.1952
2025-04-14 09:43:18,622 - INFO - Epoch 30/40 - Loss: -0.2205
2025-04-14 09:43:18,717 - INFO - Epoch 31/40 - Loss: -0.2103
2025-04-14 09:43:18,810 - INFO - Epoch 32/40 - Loss: -0.2372
2025-04-14 09:43:18,910 - INFO - Epoch 33/40 - Loss: -0.2318
2025-04-14 09:43:19,008 - INFO - Epoch 34/40 - Loss: -0.2468
2025-04-14 09:43:19,114 - INFO - Epoch 35/40 - Loss: -0.2300
2025-04-14 09:43:19,225 - INFO - Epoch 36/40 - Loss: -0.2291
2025-04-14 09:43:19,334 - INFO - Epoch 37/40 - Loss: -0.2400
2025-04-14 09:43:19,439 - INFO - Epoch 38/40 - Loss: -0.2445
2025-04-14 09:43:19,551 - INFO - Epoch 39/40 - Loss: -0.2186
2025-04-14 09:43:19,660 - INFO - Epoch 40/40 - Loss: -0.2238
2025-04-14 09:43:19,895 - INFO - Validation R² (Fold 2): 0.9813
2025-04-14 09:43:19,896 - INFO - 
Fold 3/4
2025-04-14 09:43:20,005 - INFO - Epoch 1/40 - Loss: 0.9328
2025-04-14 09:43:20,104 - INFO - Epoch 2/40 - Loss: 0.8951
2025-04-14 09:43:20,175 - INFO - Epoch 3/40 - Loss: 0.8566
2025-04-14 09:43:20,247 - INFO - Epoch 4/40 - Loss: 0.8174
2025-04-14 09:43:20,324 - INFO - Epoch 5/40 - Loss: 0.7781
2025-04-14 09:43:20,402 - INFO - Epoch 6/40 - Loss: 0.7377
2025-04-14 09:43:20,476 - INFO - Epoch 7/40 - Loss: 0.6964
2025-04-14 09:43:20,554 - INFO - Epoch 8/40 - Loss: 0.6551
2025-04-14 09:43:20,632 - INFO - Epoch 9/40 - Loss: 0.6123
2025-04-14 09:43:20,712 - INFO - Epoch 10/40 - Loss: 0.5690
2025-04-14 09:43:20,791 - INFO - Epoch 11/40 - Loss: 0.5264
2025-04-14 09:43:20,870 - INFO - Epoch 12/40 - Loss: 0.4848
2025-04-14 09:43:20,945 - INFO - Epoch 13/40 - Loss: 0.4407
2025-04-14 09:43:21,022 - INFO - Epoch 14/40 - Loss: 0.4000
2025-04-14 09:43:21,102 - INFO - Epoch 15/40 - Loss: 0.3583
2025-04-14 09:43:21,182 - INFO - Epoch 16/40 - Loss: 0.3125
2025-04-14 09:43:21,261 - INFO - Epoch 17/40 - Loss: 0.2674
2025-04-14 09:43:21,340 - INFO - Epoch 18/40 - Loss: 0.2196
2025-04-14 09:43:21,419 - INFO - Epoch 19/40 - Loss: 0.1686
2025-04-14 09:43:21,495 - INFO - Epoch 20/40 - Loss: 0.1153
2025-04-14 09:43:21,572 - INFO - Epoch 21/40 - Loss: 0.0536
2025-04-14 09:43:21,653 - INFO - Epoch 22/40 - Loss: 0.0032
2025-04-14 09:43:21,731 - INFO - Epoch 23/40 - Loss: -0.0368
2025-04-14 09:43:21,811 - INFO - Epoch 24/40 - Loss: -0.0809
2025-04-14 09:43:21,894 - INFO - Epoch 25/40 - Loss: -0.1052
2025-04-14 09:43:21,974 - INFO - Epoch 26/40 - Loss: -0.1367
2025-04-14 09:43:22,064 - INFO - Epoch 27/40 - Loss: -0.1457
2025-04-14 09:43:22,155 - INFO - Epoch 28/40 - Loss: -0.1675
2025-04-14 09:43:22,243 - INFO - Epoch 29/40 - Loss: -0.2059
2025-04-14 09:43:22,337 - INFO - Epoch 30/40 - Loss: -0.2162
2025-04-14 09:43:22,427 - INFO - Epoch 31/40 - Loss: -0.2415
2025-04-14 09:43:22,523 - INFO - Epoch 32/40 - Loss: -0.2501
2025-04-14 09:43:22,623 - INFO - Epoch 33/40 - Loss: -0.2547
2025-04-14 09:43:22,731 - INFO - Epoch 34/40 - Loss: -0.2697
2025-04-14 09:43:22,842 - INFO - Epoch 35/40 - Loss: -0.2548
2025-04-14 09:43:22,955 - INFO - Epoch 36/40 - Loss: -0.2604
2025-04-14 09:43:23,063 - INFO - Epoch 37/40 - Loss: -0.2728
2025-04-14 09:43:23,173 - INFO - Epoch 38/40 - Loss: -0.2777
2025-04-14 09:43:23,285 - INFO - Epoch 39/40 - Loss: -0.2661
2025-04-14 09:43:23,396 - INFO - Epoch 40/40 - Loss: -0.2701
2025-04-14 09:43:23,639 - INFO - Validation R² (Fold 3): 0.9807
2025-04-14 09:43:23,639 - INFO - 
Fold 4/4
2025-04-14 09:43:23,726 - INFO - Epoch 1/40 - Loss: 0.9329
2025-04-14 09:43:23,826 - INFO - Epoch 2/40 - Loss: 0.8953
2025-04-14 09:43:23,903 - INFO - Epoch 3/40 - Loss: 0.8568
2025-04-14 09:43:23,976 - INFO - Epoch 4/40 - Loss: 0.8178
2025-04-14 09:43:24,053 - INFO - Epoch 5/40 - Loss: 0.7782
2025-04-14 09:43:24,132 - INFO - Epoch 6/40 - Loss: 0.7376
2025-04-14 09:43:24,212 - INFO - Epoch 7/40 - Loss: 0.6963
2025-04-14 09:43:24,292 - INFO - Epoch 8/40 - Loss: 0.6545
2025-04-14 09:43:24,371 - INFO - Epoch 9/40 - Loss: 0.6125
2025-04-14 09:43:24,452 - INFO - Epoch 10/40 - Loss: 0.5692
2025-04-14 09:43:24,531 - INFO - Epoch 11/40 - Loss: 0.5268
2025-04-14 09:43:24,610 - INFO - Epoch 12/40 - Loss: 0.4854
2025-04-14 09:43:24,686 - INFO - Epoch 13/40 - Loss: 0.4434
2025-04-14 09:43:24,764 - INFO - Epoch 14/40 - Loss: 0.4021
2025-04-14 09:43:24,842 - INFO - Epoch 15/40 - Loss: 0.3591
2025-04-14 09:43:24,921 - INFO - Epoch 16/40 - Loss: 0.3162
2025-04-14 09:43:24,995 - INFO - Epoch 17/40 - Loss: 0.2688
2025-04-14 09:43:25,072 - INFO - Epoch 18/40 - Loss: 0.2205
2025-04-14 09:43:25,152 - INFO - Epoch 19/40 - Loss: 0.1715
2025-04-14 09:43:25,232 - INFO - Epoch 20/40 - Loss: 0.1183
2025-04-14 09:43:25,312 - INFO - Epoch 21/40 - Loss: 0.0542
2025-04-14 09:43:25,391 - INFO - Epoch 22/40 - Loss: 0.0047
2025-04-14 09:43:25,470 - INFO - Epoch 23/40 - Loss: -0.0415
2025-04-14 09:43:25,545 - INFO - Epoch 24/40 - Loss: -0.0765
2025-04-14 09:43:25,623 - INFO - Epoch 25/40 - Loss: -0.1190
2025-04-14 09:43:25,711 - INFO - Epoch 26/40 - Loss: -0.1251
2025-04-14 09:43:25,801 - INFO - Epoch 27/40 - Loss: -0.1528
2025-04-14 09:43:25,886 - INFO - Epoch 28/40 - Loss: -0.1825
2025-04-14 09:43:25,974 - INFO - Epoch 29/40 - Loss: -0.2086
2025-04-14 09:43:26,071 - INFO - Epoch 30/40 - Loss: -0.2103
2025-04-14 09:43:26,171 - INFO - Epoch 31/40 - Loss: -0.2254
2025-04-14 09:43:26,275 - INFO - Epoch 32/40 - Loss: -0.2372
2025-04-14 09:43:26,376 - INFO - Epoch 33/40 - Loss: -0.2502
2025-04-14 09:43:26,483 - INFO - Epoch 34/40 - Loss: -0.2491
2025-04-14 09:43:26,595 - INFO - Epoch 35/40 - Loss: -0.2478
2025-04-14 09:43:26,705 - INFO - Epoch 36/40 - Loss: -0.2482
2025-04-14 09:43:26,821 - INFO - Epoch 37/40 - Loss: -0.2560
2025-04-14 09:43:26,941 - INFO - Epoch 38/40 - Loss: -0.2362
2025-04-14 09:43:27,055 - INFO - Epoch 39/40 - Loss: -0.2531
2025-04-14 09:43:27,174 - INFO - Epoch 40/40 - Loss: -0.2272
2025-04-14 09:43:27,414 - INFO - Validation R² (Fold 4): 0.9805
2025-04-14 09:43:27,415 - INFO - 
Average R² across folds: 0.9808
2025-04-14 09:43:27,415 - INFO - Best R² across folds: 0.9813
2025-04-14 09:43:27,417 - INFO - 

2025-04-14 09:43:27,418 - INFO - 
Fold 1/4
2025-04-14 09:43:27,504 - INFO - Epoch 1/30 - Loss: 0.8663
2025-04-14 09:43:27,609 - INFO - Epoch 2/30 - Loss: 0.8156
2025-04-14 09:43:27,688 - INFO - Epoch 3/30 - Loss: 0.7707
2025-04-14 09:43:27,766 - INFO - Epoch 4/30 - Loss: 0.7292
2025-04-14 09:43:27,846 - INFO - Epoch 5/30 - Loss: 0.6908
2025-04-14 09:43:27,925 - INFO - Epoch 6/30 - Loss: 0.6503
2025-04-14 09:43:28,005 - INFO - Epoch 7/30 - Loss: 0.6111
2025-04-14 09:43:28,079 - INFO - Epoch 8/30 - Loss: 0.5730
2025-04-14 09:43:28,156 - INFO - Epoch 9/30 - Loss: 0.5319
2025-04-14 09:43:28,236 - INFO - Epoch 10/30 - Loss: 0.4932
2025-04-14 09:43:28,315 - INFO - Epoch 11/30 - Loss: 0.4542
2025-04-14 09:43:28,395 - INFO - Epoch 12/30 - Loss: 0.4073
2025-04-14 09:43:28,474 - INFO - Epoch 13/30 - Loss: 0.3706
2025-04-14 09:43:28,554 - INFO - Epoch 14/30 - Loss: 0.3373
2025-04-14 09:43:28,629 - INFO - Epoch 15/30 - Loss: 0.2953
2025-04-14 09:43:28,706 - INFO - Epoch 16/30 - Loss: 0.2625
2025-04-14 09:43:28,786 - INFO - Epoch 17/30 - Loss: 0.2157
2025-04-14 09:43:28,866 - INFO - Epoch 18/30 - Loss: 0.1743
2025-04-14 09:43:28,945 - INFO - Epoch 19/30 - Loss: 0.1279
2025-04-14 09:43:29,025 - INFO - Epoch 20/30 - Loss: 0.0856
2025-04-14 09:43:29,104 - INFO - Epoch 21/30 - Loss: 0.0440
2025-04-14 09:43:29,180 - INFO - Epoch 22/30 - Loss: -0.0050
2025-04-14 09:43:29,257 - INFO - Epoch 23/30 - Loss: -0.0383
2025-04-14 09:43:29,336 - INFO - Epoch 24/30 - Loss: -0.0886
2025-04-14 09:43:29,415 - INFO - Epoch 25/30 - Loss: -0.1197
2025-04-14 09:43:29,494 - INFO - Epoch 26/30 - Loss: -0.1580
2025-04-14 09:43:29,575 - INFO - Epoch 27/30 - Loss: -0.2040
2025-04-14 09:43:29,655 - INFO - Epoch 28/30 - Loss: -0.2502
2025-04-14 09:43:29,734 - INFO - Epoch 29/30 - Loss: -0.2914
2025-04-14 09:43:29,813 - INFO - Epoch 30/30 - Loss: -0.3284
2025-04-14 09:43:30,030 - INFO - Validation R² (Fold 1): 0.9728
2025-04-14 09:43:30,030 - INFO - 
Fold 2/4
2025-04-14 09:43:30,115 - INFO - Epoch 1/30 - Loss: 0.8539
2025-04-14 09:43:30,195 - INFO - Epoch 2/30 - Loss: 0.8080
2025-04-14 09:43:30,286 - INFO - Epoch 3/30 - Loss: 0.7654
2025-04-14 09:43:30,364 - INFO - Epoch 4/30 - Loss: 0.7245
2025-04-14 09:43:30,438 - INFO - Epoch 5/30 - Loss: 0.6866
2025-04-14 09:43:30,515 - INFO - Epoch 6/30 - Loss: 0.6476
2025-04-14 09:43:30,594 - INFO - Epoch 7/30 - Loss: 0.6103
2025-04-14 09:43:30,674 - INFO - Epoch 8/30 - Loss: 0.5698
2025-04-14 09:43:30,754 - INFO - Epoch 9/30 - Loss: 0.5321
2025-04-14 09:43:30,834 - INFO - Epoch 10/30 - Loss: 0.4908
2025-04-14 09:43:30,915 - INFO - Epoch 11/30 - Loss: 0.4502
2025-04-14 09:43:30,996 - INFO - Epoch 12/30 - Loss: 0.4122
2025-04-14 09:43:31,076 - INFO - Epoch 13/30 - Loss: 0.3690
2025-04-14 09:43:31,154 - INFO - Epoch 14/30 - Loss: 0.3316
2025-04-14 09:43:31,234 - INFO - Epoch 15/30 - Loss: 0.2965
2025-04-14 09:43:31,314 - INFO - Epoch 16/30 - Loss: 0.2587
2025-04-14 09:43:31,393 - INFO - Epoch 17/30 - Loss: 0.2172
2025-04-14 09:43:31,473 - INFO - Epoch 18/30 - Loss: 0.1740
2025-04-14 09:43:31,553 - INFO - Epoch 19/30 - Loss: 0.1258
2025-04-14 09:43:31,634 - INFO - Epoch 20/30 - Loss: 0.0817
2025-04-14 09:43:31,713 - INFO - Epoch 21/30 - Loss: 0.0373
2025-04-14 09:43:31,794 - INFO - Epoch 22/30 - Loss: -0.0054
2025-04-14 09:43:31,874 - INFO - Epoch 23/30 - Loss: -0.0452
2025-04-14 09:43:31,954 - INFO - Epoch 24/30 - Loss: -0.0833
2025-04-14 09:43:32,034 - INFO - Epoch 25/30 - Loss: -0.1246
2025-04-14 09:43:32,115 - INFO - Epoch 26/30 - Loss: -0.1713
2025-04-14 09:43:32,195 - INFO - Epoch 27/30 - Loss: -0.2141
2025-04-14 09:43:32,275 - INFO - Epoch 28/30 - Loss: -0.2559
2025-04-14 09:43:32,354 - INFO - Epoch 29/30 - Loss: -0.2860
2025-04-14 09:43:32,433 - INFO - Epoch 30/30 - Loss: -0.3313
2025-04-14 09:43:32,731 - INFO - Validation R² (Fold 2): 0.9721
2025-04-14 09:43:32,731 - INFO - 
Fold 3/4
2025-04-14 09:43:32,847 - INFO - Epoch 1/30 - Loss: 0.8401
2025-04-14 09:43:32,948 - INFO - Epoch 2/30 - Loss: 0.7991
2025-04-14 09:43:33,026 - INFO - Epoch 3/30 - Loss: 0.7596
2025-04-14 09:43:33,105 - INFO - Epoch 4/30 - Loss: 0.7214
2025-04-14 09:43:33,184 - INFO - Epoch 5/30 - Loss: 0.6828
2025-04-14 09:43:33,265 - INFO - Epoch 6/30 - Loss: 0.6451
2025-04-14 09:43:33,343 - INFO - Epoch 7/30 - Loss: 0.6065
2025-04-14 09:43:33,425 - INFO - Epoch 8/30 - Loss: 0.5692
2025-04-14 09:43:33,504 - INFO - Epoch 9/30 - Loss: 0.5262
2025-04-14 09:43:33,583 - INFO - Epoch 10/30 - Loss: 0.4891
2025-04-14 09:43:33,660 - INFO - Epoch 11/30 - Loss: 0.4513
2025-04-14 09:43:33,737 - INFO - Epoch 12/30 - Loss: 0.4166
2025-04-14 09:43:33,816 - INFO - Epoch 13/30 - Loss: 0.3721
2025-04-14 09:43:33,896 - INFO - Epoch 14/30 - Loss: 0.3318
2025-04-14 09:43:33,975 - INFO - Epoch 15/30 - Loss: 0.2942
2025-04-14 09:43:34,055 - INFO - Epoch 16/30 - Loss: 0.2524
2025-04-14 09:43:34,134 - INFO - Epoch 17/30 - Loss: 0.2042
2025-04-14 09:43:34,215 - INFO - Epoch 18/30 - Loss: 0.1673
2025-04-14 09:43:34,295 - INFO - Epoch 19/30 - Loss: 0.1264
2025-04-14 09:43:34,374 - INFO - Epoch 20/30 - Loss: 0.0828
2025-04-14 09:43:34,454 - INFO - Epoch 21/30 - Loss: 0.0387
2025-04-14 09:43:34,534 - INFO - Epoch 22/30 - Loss: -0.0066
2025-04-14 09:43:34,614 - INFO - Epoch 23/30 - Loss: -0.0480
2025-04-14 09:43:34,694 - INFO - Epoch 24/30 - Loss: -0.0860
2025-04-14 09:43:34,774 - INFO - Epoch 25/30 - Loss: -0.1279
2025-04-14 09:43:34,855 - INFO - Epoch 26/30 - Loss: -0.1700
2025-04-14 09:43:34,935 - INFO - Epoch 27/30 - Loss: -0.2124
2025-04-14 09:43:35,016 - INFO - Epoch 28/30 - Loss: -0.2514
2025-04-14 09:43:35,096 - INFO - Epoch 29/30 - Loss: -0.2870
2025-04-14 09:43:35,175 - INFO - Epoch 30/30 - Loss: -0.3230
2025-04-14 09:43:35,390 - INFO - Validation R² (Fold 3): 0.9724
2025-04-14 09:43:35,390 - INFO - 
Fold 4/4
2025-04-14 09:43:35,511 - INFO - Epoch 1/30 - Loss: 0.8181
2025-04-14 09:43:35,613 - INFO - Epoch 2/30 - Loss: 0.7841
2025-04-14 09:43:35,688 - INFO - Epoch 3/30 - Loss: 0.7491
2025-04-14 09:43:35,766 - INFO - Epoch 4/30 - Loss: 0.7125
2025-04-14 09:43:35,846 - INFO - Epoch 5/30 - Loss: 0.6772
2025-04-14 09:43:35,924 - INFO - Epoch 6/30 - Loss: 0.6393
2025-04-14 09:43:36,004 - INFO - Epoch 7/30 - Loss: 0.6019
2025-04-14 09:43:36,079 - INFO - Epoch 8/30 - Loss: 0.5647
2025-04-14 09:43:36,156 - INFO - Epoch 9/30 - Loss: 0.5321
2025-04-14 09:43:36,236 - INFO - Epoch 10/30 - Loss: 0.4870
2025-04-14 09:43:36,315 - INFO - Epoch 11/30 - Loss: 0.4490
2025-04-14 09:43:36,394 - INFO - Epoch 12/30 - Loss: 0.4095
2025-04-14 09:43:36,474 - INFO - Epoch 13/30 - Loss: 0.3715
2025-04-14 09:43:36,555 - INFO - Epoch 14/30 - Loss: 0.3284
2025-04-14 09:43:36,635 - INFO - Epoch 15/30 - Loss: 0.2888
2025-04-14 09:43:36,715 - INFO - Epoch 16/30 - Loss: 0.2502
2025-04-14 09:43:36,795 - INFO - Epoch 17/30 - Loss: 0.2081
2025-04-14 09:43:36,875 - INFO - Epoch 18/30 - Loss: 0.1688
2025-04-14 09:43:36,956 - INFO - Epoch 19/30 - Loss: 0.1280
2025-04-14 09:43:37,035 - INFO - Epoch 20/30 - Loss: 0.0836
2025-04-14 09:43:37,115 - INFO - Epoch 21/30 - Loss: 0.0412
2025-04-14 09:43:37,196 - INFO - Epoch 22/30 - Loss: -0.0005
2025-04-14 09:43:37,276 - INFO - Epoch 23/30 - Loss: -0.0442
2025-04-14 09:43:37,356 - INFO - Epoch 24/30 - Loss: -0.0791
2025-04-14 09:43:37,436 - INFO - Epoch 25/30 - Loss: -0.1269
2025-04-14 09:43:37,516 - INFO - Epoch 26/30 - Loss: -0.1696
2025-04-14 09:43:37,596 - INFO - Epoch 27/30 - Loss: -0.2081
2025-04-14 09:43:37,676 - INFO - Epoch 28/30 - Loss: -0.2392
2025-04-14 09:43:37,756 - INFO - Epoch 29/30 - Loss: -0.2857
2025-04-14 09:43:37,836 - INFO - Epoch 30/30 - Loss: -0.3234
2025-04-14 09:43:38,041 - INFO - Validation R² (Fold 4): 0.9721
2025-04-14 09:43:38,041 - INFO - 
Average R² across folds: 0.9723
2025-04-14 09:43:38,041 - INFO - Best R² across folds: 0.9728
2025-04-14 09:43:38,044 - INFO - Generated 1260 points with 500m resolution
