2025-04-14 09:43:58,400 - INFO - Logging initialized for city: Seattle
2025-04-14 09:44:00,205 - INFO - Using device: cuda
2025-04-14 09:44:00,206 - INFO - 
Fold 1/4
2025-04-14 09:44:04,402 - INFO - Epoch 1/40 - Loss: 1.0921
2025-04-14 09:44:04,477 - INFO - Epoch 2/40 - Loss: 1.0696
2025-04-14 09:44:04,553 - INFO - Epoch 3/40 - Loss: 1.0465
2025-04-14 09:44:04,631 - INFO - Epoch 4/40 - Loss: 1.0228
2025-04-14 09:44:04,705 - INFO - Epoch 5/40 - Loss: 0.9993
2025-04-14 09:44:04,782 - INFO - Epoch 6/40 - Loss: 0.9748
2025-04-14 09:44:04,857 - INFO - Epoch 7/40 - Loss: 0.9507
2025-04-14 09:44:04,933 - INFO - Epoch 8/40 - Loss: 0.9258
2025-04-14 09:44:05,011 - INFO - Epoch 9/40 - Loss: 0.8999
2025-04-14 09:44:05,086 - INFO - Epoch 10/40 - Loss: 0.8742
2025-04-14 09:44:05,164 - INFO - Epoch 11/40 - Loss: 0.8474
2025-04-14 09:44:05,243 - INFO - Epoch 12/40 - Loss: 0.8192
2025-04-14 09:44:05,321 - INFO - Epoch 13/40 - Loss: 0.7905
2025-04-14 09:44:05,396 - INFO - Epoch 14/40 - Loss: 0.7601
2025-04-14 09:44:05,474 - INFO - Epoch 15/40 - Loss: 0.7286
2025-04-14 09:44:05,553 - INFO - Epoch 16/40 - Loss: 0.6950
2025-04-14 09:44:05,631 - INFO - Epoch 17/40 - Loss: 0.6621
2025-04-14 09:44:05,711 - INFO - Epoch 18/40 - Loss: 0.6197
2025-04-14 09:44:05,792 - INFO - Epoch 19/40 - Loss: 0.5694
2025-04-14 09:44:05,872 - INFO - Epoch 20/40 - Loss: 0.5278
2025-04-14 09:44:05,952 - INFO - Epoch 21/40 - Loss: 0.4633
2025-04-14 09:44:06,032 - INFO - Epoch 22/40 - Loss: 0.3649
2025-04-14 09:44:06,113 - INFO - Epoch 23/40 - Loss: 0.3135
2025-04-14 09:44:06,193 - INFO - Epoch 24/40 - Loss: 0.2466
2025-04-14 09:44:06,273 - INFO - Epoch 25/40 - Loss: 0.1860
2025-04-14 09:44:06,356 - INFO - Epoch 26/40 - Loss: 0.1115
2025-04-14 09:44:06,437 - INFO - Epoch 27/40 - Loss: 0.0488
2025-04-14 09:44:06,523 - INFO - Epoch 28/40 - Loss: 0.0101
2025-04-14 09:44:06,615 - INFO - Epoch 29/40 - Loss: -0.0308
2025-04-14 09:44:06,712 - INFO - Epoch 30/40 - Loss: -0.0336
2025-04-14 09:44:06,812 - INFO - Epoch 31/40 - Loss: -0.0745
2025-04-14 09:44:06,915 - INFO - Epoch 32/40 - Loss: -0.0937
2025-04-14 09:44:07,025 - INFO - Epoch 33/40 - Loss: -0.0929
2025-04-14 09:44:07,133 - INFO - Epoch 34/40 - Loss: -0.1381
2025-04-14 09:44:07,252 - INFO - Epoch 35/40 - Loss: -0.1351
2025-04-14 09:44:07,374 - INFO - Epoch 36/40 - Loss: -0.1513
2025-04-14 09:44:07,497 - INFO - Epoch 37/40 - Loss: -0.1451
2025-04-14 09:44:07,623 - INFO - Epoch 38/40 - Loss: -0.1482
2025-04-14 09:44:07,754 - INFO - Epoch 39/40 - Loss: -0.1464
2025-04-14 09:44:07,887 - INFO - Epoch 40/40 - Loss: -0.1149
2025-04-14 09:44:08,227 - INFO - Validation R² (Fold 1): 0.9890
2025-04-14 09:44:08,227 - INFO - 
Fold 2/4
2025-04-14 09:44:08,337 - INFO - Epoch 1/40 - Loss: 1.0989
2025-04-14 09:44:08,435 - INFO - Epoch 2/40 - Loss: 1.0756
2025-04-14 09:44:08,511 - INFO - Epoch 3/40 - Loss: 1.0515
2025-04-14 09:44:08,585 - INFO - Epoch 4/40 - Loss: 1.0269
2025-04-14 09:44:08,662 - INFO - Epoch 5/40 - Loss: 1.0017
2025-04-14 09:44:08,735 - INFO - Epoch 6/40 - Loss: 0.9764
2025-04-14 09:44:08,813 - INFO - Epoch 7/40 - Loss: 0.9503
2025-04-14 09:44:08,892 - INFO - Epoch 8/40 - Loss: 0.9243
2025-04-14 09:44:08,973 - INFO - Epoch 9/40 - Loss: 0.8974
2025-04-14 09:44:09,053 - INFO - Epoch 10/40 - Loss: 0.8705
2025-04-14 09:44:09,133 - INFO - Epoch 11/40 - Loss: 0.8439
2025-04-14 09:44:09,213 - INFO - Epoch 12/40 - Loss: 0.8161
2025-04-14 09:44:09,294 - INFO - Epoch 13/40 - Loss: 0.7874
2025-04-14 09:44:09,374 - INFO - Epoch 14/40 - Loss: 0.7579
2025-04-14 09:44:09,453 - INFO - Epoch 15/40 - Loss: 0.7280
2025-04-14 09:44:09,532 - INFO - Epoch 16/40 - Loss: 0.6970
2025-04-14 09:44:09,613 - INFO - Epoch 17/40 - Loss: 0.6648
2025-04-14 09:44:09,693 - INFO - Epoch 18/40 - Loss: 0.6256
2025-04-14 09:44:09,774 - INFO - Epoch 19/40 - Loss: 0.5783
2025-04-14 09:44:09,854 - INFO - Epoch 20/40 - Loss: 0.5303
2025-04-14 09:44:09,933 - INFO - Epoch 21/40 - Loss: 0.4555
2025-04-14 09:44:10,012 - INFO - Epoch 22/40 - Loss: 0.3942
2025-04-14 09:44:10,092 - INFO - Epoch 23/40 - Loss: 0.3270
2025-04-14 09:44:10,172 - INFO - Epoch 24/40 - Loss: 0.2530
2025-04-14 09:44:10,253 - INFO - Epoch 25/40 - Loss: 0.1879
2025-04-14 09:44:10,332 - INFO - Epoch 26/40 - Loss: 0.1026
2025-04-14 09:44:10,418 - INFO - Epoch 27/40 - Loss: 0.0500
2025-04-14 09:44:10,505 - INFO - Epoch 28/40 - Loss: -0.0036
2025-04-14 09:44:10,593 - INFO - Epoch 29/40 - Loss: -0.0475
2025-04-14 09:44:10,683 - INFO - Epoch 30/40 - Loss: -0.1043
2025-04-14 09:44:10,783 - INFO - Epoch 31/40 - Loss: -0.0911
2025-04-14 09:44:10,885 - INFO - Epoch 32/40 - Loss: -0.1248
2025-04-14 09:44:10,993 - INFO - Epoch 33/40 - Loss: -0.1327
2025-04-14 09:44:11,104 - INFO - Epoch 34/40 - Loss: -0.1596
2025-04-14 09:44:11,217 - INFO - Epoch 35/40 - Loss: -0.1711
2025-04-14 09:44:11,332 - INFO - Epoch 36/40 - Loss: -0.1855
2025-04-14 09:44:11,444 - INFO - Epoch 37/40 - Loss: -0.2089
2025-04-14 09:44:11,564 - INFO - Epoch 38/40 - Loss: -0.2068
2025-04-14 09:44:11,692 - INFO - Epoch 39/40 - Loss: -0.2069
2025-04-14 09:44:11,827 - INFO - Epoch 40/40 - Loss: -0.1820
2025-04-14 09:44:12,161 - INFO - Validation R² (Fold 2): 0.9810
2025-04-14 09:44:12,161 - INFO - 
Fold 3/4
2025-04-14 09:44:12,270 - INFO - Epoch 1/40 - Loss: 1.1035
2025-04-14 09:44:12,368 - INFO - Epoch 2/40 - Loss: 1.0805
2025-04-14 09:44:12,444 - INFO - Epoch 3/40 - Loss: 1.0566
2025-04-14 09:44:12,521 - INFO - Epoch 4/40 - Loss: 1.0323
2025-04-14 09:44:12,595 - INFO - Epoch 5/40 - Loss: 1.0072
2025-04-14 09:44:12,671 - INFO - Epoch 6/40 - Loss: 0.9821
2025-04-14 09:44:12,746 - INFO - Epoch 7/40 - Loss: 0.9566
2025-04-14 09:44:12,824 - INFO - Epoch 8/40 - Loss: 0.9305
2025-04-14 09:44:12,903 - INFO - Epoch 9/40 - Loss: 0.9045
2025-04-14 09:44:12,983 - INFO - Epoch 10/40 - Loss: 0.8781
2025-04-14 09:44:13,063 - INFO - Epoch 11/40 - Loss: 0.8519
2025-04-14 09:44:13,143 - INFO - Epoch 12/40 - Loss: 0.8246
2025-04-14 09:44:13,223 - INFO - Epoch 13/40 - Loss: 0.7968
2025-04-14 09:44:13,302 - INFO - Epoch 14/40 - Loss: 0.7683
2025-04-14 09:44:13,382 - INFO - Epoch 15/40 - Loss: 0.7384
2025-04-14 09:44:13,462 - INFO - Epoch 16/40 - Loss: 0.7073
2025-04-14 09:44:13,537 - INFO - Epoch 17/40 - Loss: 0.6742
2025-04-14 09:44:13,615 - INFO - Epoch 18/40 - Loss: 0.6382
2025-04-14 09:44:13,692 - INFO - Epoch 19/40 - Loss: 0.5933
2025-04-14 09:44:13,772 - INFO - Epoch 20/40 - Loss: 0.5363
2025-04-14 09:44:13,852 - INFO - Epoch 21/40 - Loss: 0.4692
2025-04-14 09:44:13,933 - INFO - Epoch 22/40 - Loss: 0.3976
2025-04-14 09:44:14,012 - INFO - Epoch 23/40 - Loss: 0.3450
2025-04-14 09:44:14,092 - INFO - Epoch 24/40 - Loss: 0.2777
2025-04-14 09:44:14,172 - INFO - Epoch 25/40 - Loss: 0.1968
2025-04-14 09:44:14,253 - INFO - Epoch 26/40 - Loss: 0.1211
2025-04-14 09:44:14,334 - INFO - Epoch 27/40 - Loss: 0.0563
2025-04-14 09:44:14,422 - INFO - Epoch 28/40 - Loss: 0.0087
2025-04-14 09:44:14,506 - INFO - Epoch 29/40 - Loss: -0.0393
2025-04-14 09:44:14,595 - INFO - Epoch 30/40 - Loss: -0.0915
2025-04-14 09:44:14,693 - INFO - Epoch 31/40 - Loss: -0.0545
2025-04-14 09:44:14,787 - INFO - Epoch 32/40 - Loss: -0.1254
2025-04-14 09:44:14,887 - INFO - Epoch 33/40 - Loss: -0.1251
2025-04-14 09:44:14,995 - INFO - Epoch 34/40 - Loss: -0.1342
2025-04-14 09:44:15,102 - INFO - Epoch 35/40 - Loss: -0.1601
2025-04-14 09:44:15,215 - INFO - Epoch 36/40 - Loss: -0.1856
2025-04-14 09:44:15,325 - INFO - Epoch 37/40 - Loss: -0.2022
2025-04-14 09:44:15,443 - INFO - Epoch 38/40 - Loss: -0.1862
2025-04-14 09:44:15,567 - INFO - Epoch 39/40 - Loss: -0.1716
2025-04-14 09:44:15,695 - INFO - Epoch 40/40 - Loss: -0.1748
2025-04-14 09:44:16,013 - INFO - Validation R² (Fold 3): 0.9853
2025-04-14 09:44:16,013 - INFO - 
Fold 4/4
2025-04-14 09:44:16,095 - INFO - Epoch 1/40 - Loss: 1.1090
2025-04-14 09:44:16,168 - INFO - Epoch 2/40 - Loss: 1.0867
2025-04-14 09:44:16,245 - INFO - Epoch 3/40 - Loss: 1.0637
2025-04-14 09:44:16,316 - INFO - Epoch 4/40 - Loss: 1.0403
2025-04-14 09:44:16,391 - INFO - Epoch 5/40 - Loss: 1.0167
2025-04-14 09:44:16,466 - INFO - Epoch 6/40 - Loss: 0.9927
2025-04-14 09:44:16,543 - INFO - Epoch 7/40 - Loss: 0.9682
2025-04-14 09:44:16,622 - INFO - Epoch 8/40 - Loss: 0.9432
2025-04-14 09:44:16,695 - INFO - Epoch 9/40 - Loss: 0.9176
2025-04-14 09:44:16,774 - INFO - Epoch 10/40 - Loss: 0.8920
2025-04-14 09:44:16,854 - INFO - Epoch 11/40 - Loss: 0.8650
2025-04-14 09:44:16,932 - INFO - Epoch 12/40 - Loss: 0.8372
2025-04-14 09:44:17,013 - INFO - Epoch 13/40 - Loss: 0.8092
2025-04-14 09:44:17,093 - INFO - Epoch 14/40 - Loss: 0.7801
2025-04-14 09:44:17,173 - INFO - Epoch 15/40 - Loss: 0.7500
2025-04-14 09:44:17,253 - INFO - Epoch 16/40 - Loss: 0.7198
2025-04-14 09:44:17,332 - INFO - Epoch 17/40 - Loss: 0.6853
2025-04-14 09:44:17,413 - INFO - Epoch 18/40 - Loss: 0.6508
2025-04-14 09:44:17,493 - INFO - Epoch 19/40 - Loss: 0.6043
2025-04-14 09:44:17,573 - INFO - Epoch 20/40 - Loss: 0.5513
2025-04-14 09:44:17,653 - INFO - Epoch 21/40 - Loss: 0.4890
2025-04-14 09:44:17,733 - INFO - Epoch 22/40 - Loss: 0.4235
2025-04-14 09:44:17,813 - INFO - Epoch 23/40 - Loss: 0.3773
2025-04-14 09:44:17,893 - INFO - Epoch 24/40 - Loss: 0.3012
2025-04-14 09:44:17,974 - INFO - Epoch 25/40 - Loss: 0.2170
2025-04-14 09:44:18,053 - INFO - Epoch 26/40 - Loss: 0.1285
2025-04-14 09:44:18,127 - INFO - Epoch 27/40 - Loss: 0.0563
2025-04-14 09:44:18,207 - INFO - Epoch 28/40 - Loss: 0.0164
2025-04-14 09:44:18,295 - INFO - Epoch 29/40 - Loss: 0.0055
2025-04-14 09:44:18,392 - INFO - Epoch 30/40 - Loss: 0.0042
2025-04-14 09:44:18,488 - INFO - Epoch 31/40 - Loss: -0.0607
2025-04-14 09:44:18,594 - INFO - Epoch 32/40 - Loss: -0.0766
2025-04-14 09:44:18,697 - INFO - Epoch 33/40 - Loss: -0.1146
2025-04-14 09:44:18,814 - INFO - Epoch 34/40 - Loss: -0.1130
2025-04-14 09:44:18,926 - INFO - Epoch 35/40 - Loss: -0.1351
2025-04-14 09:44:19,036 - INFO - Epoch 36/40 - Loss: -0.1566
2025-04-14 09:44:19,146 - INFO - Epoch 37/40 - Loss: -0.1727
2025-04-14 09:44:19,264 - INFO - Epoch 38/40 - Loss: -0.1663
2025-04-14 09:44:19,387 - INFO - Epoch 39/40 - Loss: -0.1583
2025-04-14 09:44:19,513 - INFO - Epoch 40/40 - Loss: -0.1488
2025-04-14 09:44:19,826 - INFO - Validation R² (Fold 4): 0.9883
2025-04-14 09:44:19,826 - INFO - 
Average R² across folds: 0.9859
2025-04-14 09:44:19,827 - INFO - Best R² across folds: 0.9890
2025-04-14 09:44:19,829 - INFO - 

2025-04-14 09:44:19,830 - INFO - 
Fold 1/4
2025-04-14 09:44:19,914 - INFO - Epoch 1/30 - Loss: 1.0323
2025-04-14 09:44:20,014 - INFO - Epoch 2/30 - Loss: 0.9819
2025-04-14 09:44:20,096 - INFO - Epoch 3/30 - Loss: 0.9369
2025-04-14 09:44:20,176 - INFO - Epoch 4/30 - Loss: 0.8936
2025-04-14 09:44:20,255 - INFO - Epoch 5/30 - Loss: 0.8525
2025-04-14 09:44:20,335 - INFO - Epoch 6/30 - Loss: 0.8127
2025-04-14 09:44:20,415 - INFO - Epoch 7/30 - Loss: 0.7732
2025-04-14 09:44:20,495 - INFO - Epoch 8/30 - Loss: 0.7329
2025-04-14 09:44:20,574 - INFO - Epoch 9/30 - Loss: 0.6897
2025-04-14 09:44:20,654 - INFO - Epoch 10/30 - Loss: 0.6453
2025-04-14 09:44:20,729 - INFO - Epoch 11/30 - Loss: 0.5946
2025-04-14 09:44:20,806 - INFO - Epoch 12/30 - Loss: 0.5429
2025-04-14 09:44:20,884 - INFO - Epoch 13/30 - Loss: 0.4766
2025-04-14 09:44:20,964 - INFO - Epoch 14/30 - Loss: 0.4232
2025-04-14 09:44:21,038 - INFO - Epoch 15/30 - Loss: 0.3601
2025-04-14 09:44:21,116 - INFO - Epoch 16/30 - Loss: 0.3015
2025-04-14 09:44:21,195 - INFO - Epoch 17/30 - Loss: 0.2638
2025-04-14 09:44:21,276 - INFO - Epoch 18/30 - Loss: 0.2322
2025-04-14 09:44:21,357 - INFO - Epoch 19/30 - Loss: 0.2274
2025-04-14 09:44:21,439 - INFO - Epoch 20/30 - Loss: 0.2152
2025-04-14 09:44:21,518 - INFO - Epoch 21/30 - Loss: 0.1751
2025-04-14 09:44:21,608 - INFO - Epoch 22/30 - Loss: 0.2023
2025-04-14 09:44:21,705 - INFO - Epoch 23/30 - Loss: 0.1480
2025-04-14 09:44:21,796 - INFO - Epoch 24/30 - Loss: 0.1036
2025-04-14 09:44:21,879 - INFO - Epoch 25/30 - Loss: 0.0435
2025-04-14 09:44:21,960 - INFO - Epoch 26/30 - Loss: -0.0140
2025-04-14 09:44:22,047 - INFO - Epoch 27/30 - Loss: -0.0410
2025-04-14 09:44:22,127 - INFO - Epoch 28/30 - Loss: -0.1153
2025-04-14 09:44:22,206 - INFO - Epoch 29/30 - Loss: -0.1881
2025-04-14 09:44:22,284 - INFO - Epoch 30/30 - Loss: -0.2393
2025-04-14 09:44:22,636 - INFO - Validation R² (Fold 1): 0.9503
2025-04-14 09:44:22,637 - INFO - 
Fold 2/4
2025-04-14 09:44:22,760 - INFO - Epoch 1/30 - Loss: 0.9804
2025-04-14 09:44:22,863 - INFO - Epoch 2/30 - Loss: 0.9409
2025-04-14 09:44:22,939 - INFO - Epoch 3/30 - Loss: 0.9018
2025-04-14 09:44:23,017 - INFO - Epoch 4/30 - Loss: 0.8646
2025-04-14 09:44:23,096 - INFO - Epoch 5/30 - Loss: 0.8263
2025-04-14 09:44:23,175 - INFO - Epoch 6/30 - Loss: 0.7881
2025-04-14 09:44:23,256 - INFO - Epoch 7/30 - Loss: 0.7503
2025-04-14 09:44:23,334 - INFO - Epoch 8/30 - Loss: 0.7083
2025-04-14 09:44:23,414 - INFO - Epoch 9/30 - Loss: 0.6644
2025-04-14 09:44:23,494 - INFO - Epoch 10/30 - Loss: 0.6121
2025-04-14 09:44:23,569 - INFO - Epoch 11/30 - Loss: 0.5559
2025-04-14 09:44:23,646 - INFO - Epoch 12/30 - Loss: 0.4974
2025-04-14 09:44:23,725 - INFO - Epoch 13/30 - Loss: 0.4352
2025-04-14 09:44:23,804 - INFO - Epoch 14/30 - Loss: 0.3900
2025-04-14 09:44:23,880 - INFO - Epoch 15/30 - Loss: 0.3436
2025-04-14 09:44:23,957 - INFO - Epoch 16/30 - Loss: 0.3067
2025-04-14 09:44:24,036 - INFO - Epoch 17/30 - Loss: 0.2859
2025-04-14 09:44:24,115 - INFO - Epoch 18/30 - Loss: 0.2624
2025-04-14 09:44:24,194 - INFO - Epoch 19/30 - Loss: 0.2389
2025-04-14 09:44:24,278 - INFO - Epoch 20/30 - Loss: 0.2091
2025-04-14 09:44:24,357 - INFO - Epoch 21/30 - Loss: 0.1565
2025-04-14 09:44:24,446 - INFO - Epoch 22/30 - Loss: 0.1524
2025-04-14 09:44:24,526 - INFO - Epoch 23/30 - Loss: 0.0683
2025-04-14 09:44:24,606 - INFO - Epoch 24/30 - Loss: 0.0155
2025-04-14 09:44:24,687 - INFO - Epoch 25/30 - Loss: -0.0261
2025-04-14 09:44:24,766 - INFO - Epoch 26/30 - Loss: -0.0760
2025-04-14 09:44:24,846 - INFO - Epoch 27/30 - Loss: -0.1250
2025-04-14 09:44:24,926 - INFO - Epoch 28/30 - Loss: -0.1795
2025-04-14 09:44:25,006 - INFO - Epoch 29/30 - Loss: -0.2109
2025-04-14 09:44:25,085 - INFO - Epoch 30/30 - Loss: -0.2281
2025-04-14 09:44:25,508 - INFO - Validation R² (Fold 2): 0.9292
2025-04-14 09:44:25,508 - INFO - 
Fold 3/4
2025-04-14 09:44:25,626 - INFO - Epoch 1/30 - Loss: 0.9818
2025-04-14 09:44:25,727 - INFO - Epoch 2/30 - Loss: 0.9425
2025-04-14 09:44:25,806 - INFO - Epoch 3/30 - Loss: 0.9043
2025-04-14 09:44:25,884 - INFO - Epoch 4/30 - Loss: 0.8669
2025-04-14 09:44:25,966 - INFO - Epoch 5/30 - Loss: 0.8291
2025-04-14 09:44:26,047 - INFO - Epoch 6/30 - Loss: 0.7914
2025-04-14 09:44:26,125 - INFO - Epoch 7/30 - Loss: 0.7523
2025-04-14 09:44:26,206 - INFO - Epoch 8/30 - Loss: 0.7089
2025-04-14 09:44:26,286 - INFO - Epoch 9/30 - Loss: 0.6651
2025-04-14 09:44:26,366 - INFO - Epoch 10/30 - Loss: 0.6131
2025-04-14 09:44:26,447 - INFO - Epoch 11/30 - Loss: 0.5557
2025-04-14 09:44:26,525 - INFO - Epoch 12/30 - Loss: 0.5038
2025-04-14 09:44:26,606 - INFO - Epoch 13/30 - Loss: 0.4446
2025-04-14 09:44:26,685 - INFO - Epoch 14/30 - Loss: 0.3917
2025-04-14 09:44:26,764 - INFO - Epoch 15/30 - Loss: 0.3404
2025-04-14 09:44:26,845 - INFO - Epoch 16/30 - Loss: 0.3105
2025-04-14 09:44:26,925 - INFO - Epoch 17/30 - Loss: 0.2854
2025-04-14 09:44:27,007 - INFO - Epoch 18/30 - Loss: 0.2806
2025-04-14 09:44:27,094 - INFO - Epoch 19/30 - Loss: 0.2752
2025-04-14 09:44:27,175 - INFO - Epoch 20/30 - Loss: 0.2266
2025-04-14 09:44:27,259 - INFO - Epoch 21/30 - Loss: 0.1985
2025-04-14 09:44:27,338 - INFO - Epoch 22/30 - Loss: 0.1566
2025-04-14 09:44:27,417 - INFO - Epoch 23/30 - Loss: 0.0943
2025-04-14 09:44:27,496 - INFO - Epoch 24/30 - Loss: 0.0182
2025-04-14 09:44:27,577 - INFO - Epoch 25/30 - Loss: -0.0233
2025-04-14 09:44:27,657 - INFO - Epoch 26/30 - Loss: -0.0672
2025-04-14 09:44:27,736 - INFO - Epoch 27/30 - Loss: -0.1106
2025-04-14 09:44:27,816 - INFO - Epoch 28/30 - Loss: -0.1604
2025-04-14 09:44:27,896 - INFO - Epoch 29/30 - Loss: -0.1984
2025-04-14 09:44:27,976 - INFO - Epoch 30/30 - Loss: -0.2372
2025-04-14 09:44:28,384 - INFO - Validation R² (Fold 3): 0.9347
2025-04-14 09:44:28,384 - INFO - 
Fold 4/4
2025-04-14 09:44:28,501 - INFO - Epoch 1/30 - Loss: 1.0688
2025-04-14 09:44:28,627 - INFO - Epoch 2/30 - Loss: 1.0111
2025-04-14 09:44:28,706 - INFO - Epoch 3/30 - Loss: 0.9615
2025-04-14 09:44:28,786 - INFO - Epoch 4/30 - Loss: 0.9160
2025-04-14 09:44:28,866 - INFO - Epoch 5/30 - Loss: 0.8733
2025-04-14 09:44:28,946 - INFO - Epoch 6/30 - Loss: 0.8312
2025-04-14 09:44:29,021 - INFO - Epoch 7/30 - Loss: 0.7914
2025-04-14 09:44:29,095 - INFO - Epoch 8/30 - Loss: 0.7506
2025-04-14 09:44:29,173 - INFO - Epoch 9/30 - Loss: 0.7091
2025-04-14 09:44:29,255 - INFO - Epoch 10/30 - Loss: 0.6668
2025-04-14 09:44:29,336 - INFO - Epoch 11/30 - Loss: 0.6117
2025-04-14 09:44:29,416 - INFO - Epoch 12/30 - Loss: 0.5538
2025-04-14 09:44:29,495 - INFO - Epoch 13/30 - Loss: 0.4914
2025-04-14 09:44:29,575 - INFO - Epoch 14/30 - Loss: 0.4247
2025-04-14 09:44:29,656 - INFO - Epoch 15/30 - Loss: 0.3627
2025-04-14 09:44:29,736 - INFO - Epoch 16/30 - Loss: 0.3093
2025-04-14 09:44:29,816 - INFO - Epoch 17/30 - Loss: 0.2697
2025-04-14 09:44:29,896 - INFO - Epoch 18/30 - Loss: 0.2253
2025-04-14 09:44:29,976 - INFO - Epoch 19/30 - Loss: 0.2005
2025-04-14 09:44:30,058 - INFO - Epoch 20/30 - Loss: 0.2002
2025-04-14 09:44:30,138 - INFO - Epoch 21/30 - Loss: 0.1866
2025-04-14 09:44:30,235 - INFO - Epoch 22/30 - Loss: 0.1830
2025-04-14 09:44:30,324 - INFO - Epoch 23/30 - Loss: 0.1363
2025-04-14 09:44:30,408 - INFO - Epoch 24/30 - Loss: 0.0909
2025-04-14 09:44:30,496 - INFO - Epoch 25/30 - Loss: 0.0663
2025-04-14 09:44:30,588 - INFO - Epoch 26/30 - Loss: 0.0322
2025-04-14 09:44:30,668 - INFO - Epoch 27/30 - Loss: -0.0435
2025-04-14 09:44:30,764 - INFO - Epoch 28/30 - Loss: -0.0271
2025-04-14 09:44:30,854 - INFO - Epoch 29/30 - Loss: -0.1004
2025-04-14 09:44:30,936 - INFO - Epoch 30/30 - Loss: -0.1870
2025-04-14 09:44:31,278 - INFO - Validation R² (Fold 4): 0.9574
2025-04-14 09:44:31,279 - INFO - 
Average R² across folds: 0.9429
2025-04-14 09:44:31,279 - INFO - Best R² across folds: 0.9574
2025-04-14 09:44:31,282 - INFO - Generated 29223 points with 500m resolution
