2025-04-14 12:43:36,353 - INFO - Logging initialized for city: Washington DC
2025-04-14 12:43:36,374 - INFO - Original dataset size: 13910. Using all samples.
2025-04-14 12:43:36,573 - INFO - Using device: cuda
2025-04-14 12:43:36,575 - INFO - 
Fold 1/4
2025-04-14 12:43:40,841 - INFO - Epoch 1/40 - Loss: 1.2386
2025-04-14 12:43:40,940 - INFO - Epoch 2/40 - Loss: 1.2304
2025-04-14 12:43:41,039 - INFO - Epoch 3/40 - Loss: 1.2222
2025-04-14 12:43:41,138 - INFO - Epoch 4/40 - Loss: 1.2134
2025-04-14 12:43:41,237 - INFO - Epoch 5/40 - Loss: 1.2043
2025-04-14 12:43:41,336 - INFO - Epoch 6/40 - Loss: 1.1945
2025-04-14 12:43:41,435 - INFO - Epoch 7/40 - Loss: 1.1842
2025-04-14 12:43:41,535 - INFO - Epoch 8/40 - Loss: 1.1731
2025-04-14 12:43:41,635 - INFO - Epoch 9/40 - Loss: 1.1614
2025-04-14 12:43:41,729 - INFO - Epoch 10/40 - Loss: 1.1486
2025-04-14 12:43:41,824 - INFO - Epoch 11/40 - Loss: 1.1350
2025-04-14 12:43:41,917 - INFO - Epoch 12/40 - Loss: 1.1206
2025-04-14 12:43:42,011 - INFO - Epoch 13/40 - Loss: 1.1042
2025-04-14 12:43:42,106 - INFO - Epoch 14/40 - Loss: 1.0862
2025-04-14 12:43:42,199 - INFO - Epoch 15/40 - Loss: 1.0652
2025-04-14 12:43:42,292 - INFO - Epoch 16/40 - Loss: 1.0409
2025-04-14 12:43:42,387 - INFO - Epoch 17/40 - Loss: 1.0119
2025-04-14 12:43:42,481 - INFO - Epoch 18/40 - Loss: 0.9751
2025-04-14 12:43:42,574 - INFO - Epoch 19/40 - Loss: 0.9327
2025-04-14 12:43:42,671 - INFO - Epoch 20/40 - Loss: 0.8767
2025-04-14 12:43:42,769 - INFO - Epoch 21/40 - Loss: 0.8135
2025-04-14 12:43:42,868 - INFO - Epoch 22/40 - Loss: 0.7549
2025-04-14 12:43:42,962 - INFO - Epoch 23/40 - Loss: 0.6953
2025-04-14 12:43:43,060 - INFO - Epoch 24/40 - Loss: 0.6169
2025-04-14 12:43:43,159 - INFO - Epoch 25/40 - Loss: 0.5497
2025-04-14 12:43:43,262 - INFO - Epoch 26/40 - Loss: 0.5316
2025-04-14 12:43:43,368 - INFO - Epoch 27/40 - Loss: 0.5161
2025-04-14 12:43:43,481 - INFO - Epoch 28/40 - Loss: 0.5144
2025-04-14 12:43:43,591 - INFO - Epoch 29/40 - Loss: 0.4424
2025-04-14 12:43:43,703 - INFO - Epoch 30/40 - Loss: 0.4530
2025-04-14 12:43:43,823 - INFO - Epoch 31/40 - Loss: 0.4401
2025-04-14 12:43:43,948 - INFO - Epoch 32/40 - Loss: 0.4701
2025-04-14 12:43:44,079 - INFO - Epoch 33/40 - Loss: 0.4777
2025-04-14 12:43:44,209 - INFO - Epoch 34/40 - Loss: 0.4605
2025-04-14 12:43:44,343 - INFO - Epoch 35/40 - Loss: 0.4468
2025-04-14 12:43:44,480 - INFO - Epoch 36/40 - Loss: 0.4642
2025-04-14 12:43:44,617 - INFO - Epoch 37/40 - Loss: 0.4445
2025-04-14 12:43:44,753 - INFO - Epoch 38/40 - Loss: 0.4400
2025-04-14 12:43:44,901 - INFO - Epoch 39/40 - Loss: 0.4747
2025-04-14 12:43:45,044 - INFO - Epoch 40/40 - Loss: 0.4375
2025-04-14 12:43:45,465 - INFO - Validation R² (Fold 1): 0.9181
2025-04-14 12:43:45,466 - INFO - 
Fold 2/4
2025-04-14 12:43:45,578 - INFO - Epoch 1/40 - Loss: 1.2464
2025-04-14 12:43:45,677 - INFO - Epoch 2/40 - Loss: 1.2383
2025-04-14 12:43:45,780 - INFO - Epoch 3/40 - Loss: 1.2295
2025-04-14 12:43:45,880 - INFO - Epoch 4/40 - Loss: 1.2207
2025-04-14 12:43:45,981 - INFO - Epoch 5/40 - Loss: 1.2114
2025-04-14 12:43:46,082 - INFO - Epoch 6/40 - Loss: 1.2013
2025-04-14 12:43:46,183 - INFO - Epoch 7/40 - Loss: 1.1907
2025-04-14 12:43:46,288 - INFO - Epoch 8/40 - Loss: 1.1796
2025-04-14 12:43:46,391 - INFO - Epoch 9/40 - Loss: 1.1673
2025-04-14 12:43:46,496 - INFO - Epoch 10/40 - Loss: 1.1545
2025-04-14 12:43:46,601 - INFO - Epoch 11/40 - Loss: 1.1402
2025-04-14 12:43:46,702 - INFO - Epoch 12/40 - Loss: 1.1254
2025-04-14 12:43:46,807 - INFO - Epoch 13/40 - Loss: 1.1085
2025-04-14 12:43:46,912 - INFO - Epoch 14/40 - Loss: 1.0904
2025-04-14 12:43:47,017 - INFO - Epoch 15/40 - Loss: 1.0688
2025-04-14 12:43:47,121 - INFO - Epoch 16/40 - Loss: 1.0446
2025-04-14 12:43:47,226 - INFO - Epoch 17/40 - Loss: 1.0148
2025-04-14 12:43:47,332 - INFO - Epoch 18/40 - Loss: 0.9793
2025-04-14 12:43:47,437 - INFO - Epoch 19/40 - Loss: 0.9380
2025-04-14 12:43:47,542 - INFO - Epoch 20/40 - Loss: 0.8813
2025-04-14 12:43:47,646 - INFO - Epoch 21/40 - Loss: 0.8281
2025-04-14 12:43:47,751 - INFO - Epoch 22/40 - Loss: 0.7604
2025-04-14 12:43:47,856 - INFO - Epoch 23/40 - Loss: 0.7070
2025-04-14 12:43:47,960 - INFO - Epoch 24/40 - Loss: 0.6219
2025-04-14 12:43:48,062 - INFO - Epoch 25/40 - Loss: 0.5649
2025-04-14 12:43:48,170 - INFO - Epoch 26/40 - Loss: 0.5427
2025-04-14 12:43:48,282 - INFO - Epoch 27/40 - Loss: 0.5224
2025-04-14 12:43:48,397 - INFO - Epoch 28/40 - Loss: 0.4862
2025-04-14 12:43:48,520 - INFO - Epoch 29/40 - Loss: 0.5063
2025-04-14 12:43:48,638 - INFO - Epoch 30/40 - Loss: 0.4352
2025-04-14 12:43:48,761 - INFO - Epoch 31/40 - Loss: 0.4512
2025-04-14 12:43:48,893 - INFO - Epoch 32/40 - Loss: 0.5083
2025-04-14 12:43:49,031 - INFO - Epoch 33/40 - Loss: 0.5067
2025-04-14 12:43:49,169 - INFO - Epoch 34/40 - Loss: 0.4990
2025-04-14 12:43:49,309 - INFO - Epoch 35/40 - Loss: 0.4907
2025-04-14 12:43:49,445 - INFO - Epoch 36/40 - Loss: 0.4854
2025-04-14 12:43:49,578 - INFO - Epoch 37/40 - Loss: 0.4601
2025-04-14 12:43:49,723 - INFO - Epoch 38/40 - Loss: 0.5029
2025-04-14 12:43:49,862 - INFO - Epoch 39/40 - Loss: 0.4731
2025-04-14 12:43:50,001 - INFO - Epoch 40/40 - Loss: 0.4865
2025-04-14 12:43:50,405 - INFO - Validation R² (Fold 2): 0.9305
2025-04-14 12:43:50,405 - INFO - 
Fold 3/4
2025-04-14 12:43:50,510 - INFO - Epoch 1/40 - Loss: 1.2525
2025-04-14 12:43:50,603 - INFO - Epoch 2/40 - Loss: 1.2451
2025-04-14 12:43:50,699 - INFO - Epoch 3/40 - Loss: 1.2362
2025-04-14 12:43:50,792 - INFO - Epoch 4/40 - Loss: 1.2282
2025-04-14 12:43:50,889 - INFO - Epoch 5/40 - Loss: 1.2190
2025-04-14 12:43:50,983 - INFO - Epoch 6/40 - Loss: 1.2093
2025-04-14 12:43:51,080 - INFO - Epoch 7/40 - Loss: 1.1991
2025-04-14 12:43:51,177 - INFO - Epoch 8/40 - Loss: 1.1883
2025-04-14 12:43:51,276 - INFO - Epoch 9/40 - Loss: 1.1767
2025-04-14 12:43:51,373 - INFO - Epoch 10/40 - Loss: 1.1643
2025-04-14 12:43:51,470 - INFO - Epoch 11/40 - Loss: 1.1509
2025-04-14 12:43:51,571 - INFO - Epoch 12/40 - Loss: 1.1369
2025-04-14 12:43:51,672 - INFO - Epoch 13/40 - Loss: 1.1202
2025-04-14 12:43:51,776 - INFO - Epoch 14/40 - Loss: 1.1026
2025-04-14 12:43:51,881 - INFO - Epoch 15/40 - Loss: 1.0806
2025-04-14 12:43:51,983 - INFO - Epoch 16/40 - Loss: 1.0568
2025-04-14 12:43:52,088 - INFO - Epoch 17/40 - Loss: 1.0290
2025-04-14 12:43:52,191 - INFO - Epoch 18/40 - Loss: 0.9954
2025-04-14 12:43:52,292 - INFO - Epoch 19/40 - Loss: 0.9524
2025-04-14 12:43:52,396 - INFO - Epoch 20/40 - Loss: 0.9002
2025-04-14 12:43:52,497 - INFO - Epoch 21/40 - Loss: 0.8421
2025-04-14 12:43:52,597 - INFO - Epoch 22/40 - Loss: 0.7820
2025-04-14 12:43:52,700 - INFO - Epoch 23/40 - Loss: 0.7236
2025-04-14 12:43:52,802 - INFO - Epoch 24/40 - Loss: 0.6458
2025-04-14 12:43:52,907 - INFO - Epoch 25/40 - Loss: 0.5978
2025-04-14 12:43:53,010 - INFO - Epoch 26/40 - Loss: 0.5269
2025-04-14 12:43:53,121 - INFO - Epoch 27/40 - Loss: 0.5448
2025-04-14 12:43:53,237 - INFO - Epoch 28/40 - Loss: 0.5111
2025-04-14 12:43:53,353 - INFO - Epoch 29/40 - Loss: 0.4875
2025-04-14 12:43:53,471 - INFO - Epoch 30/40 - Loss: 0.4623
2025-04-14 12:43:53,599 - INFO - Epoch 31/40 - Loss: 0.4860
2025-04-14 12:43:53,730 - INFO - Epoch 32/40 - Loss: 0.4878
2025-04-14 12:43:53,869 - INFO - Epoch 33/40 - Loss: 0.5021
2025-04-14 12:43:54,001 - INFO - Epoch 34/40 - Loss: 0.4802
2025-04-14 12:43:54,131 - INFO - Epoch 35/40 - Loss: 0.4465
2025-04-14 12:43:54,270 - INFO - Epoch 36/40 - Loss: 0.4487
2025-04-14 12:43:54,407 - INFO - Epoch 37/40 - Loss: 0.4481
2025-04-14 12:43:54,554 - INFO - Epoch 38/40 - Loss: 0.4807
2025-04-14 12:43:54,698 - INFO - Epoch 39/40 - Loss: 0.4794
2025-04-14 12:43:54,835 - INFO - Epoch 40/40 - Loss: 0.4339
2025-04-14 12:43:55,254 - INFO - Validation R² (Fold 3): 0.9223
2025-04-14 12:43:55,254 - INFO - 
Fold 4/4
2025-04-14 12:43:55,363 - INFO - Epoch 1/40 - Loss: 1.2550
2025-04-14 12:43:55,462 - INFO - Epoch 2/40 - Loss: 1.2478
2025-04-14 12:43:55,562 - INFO - Epoch 3/40 - Loss: 1.2390
2025-04-14 12:43:55,662 - INFO - Epoch 4/40 - Loss: 1.2313
2025-04-14 12:43:55,762 - INFO - Epoch 5/40 - Loss: 1.2225
2025-04-14 12:43:55,866 - INFO - Epoch 6/40 - Loss: 1.2126
2025-04-14 12:43:55,970 - INFO - Epoch 7/40 - Loss: 1.2023
2025-04-14 12:43:56,074 - INFO - Epoch 8/40 - Loss: 1.1918
2025-04-14 12:43:56,178 - INFO - Epoch 9/40 - Loss: 1.1802
2025-04-14 12:43:56,281 - INFO - Epoch 10/40 - Loss: 1.1681
2025-04-14 12:43:56,381 - INFO - Epoch 11/40 - Loss: 1.1546
2025-04-14 12:43:56,482 - INFO - Epoch 12/40 - Loss: 1.1398
2025-04-14 12:43:56,583 - INFO - Epoch 13/40 - Loss: 1.1244
2025-04-14 12:43:56,684 - INFO - Epoch 14/40 - Loss: 1.1064
2025-04-14 12:43:56,784 - INFO - Epoch 15/40 - Loss: 1.0863
2025-04-14 12:43:56,885 - INFO - Epoch 16/40 - Loss: 1.0618
2025-04-14 12:43:56,986 - INFO - Epoch 17/40 - Loss: 1.0333
2025-04-14 12:43:57,087 - INFO - Epoch 18/40 - Loss: 0.9997
2025-04-14 12:43:57,187 - INFO - Epoch 19/40 - Loss: 0.9605
2025-04-14 12:43:57,288 - INFO - Epoch 20/40 - Loss: 0.9108
2025-04-14 12:43:57,390 - INFO - Epoch 21/40 - Loss: 0.8579
2025-04-14 12:43:57,491 - INFO - Epoch 22/40 - Loss: 0.7903
2025-04-14 12:43:57,592 - INFO - Epoch 23/40 - Loss: 0.7312
2025-04-14 12:43:57,693 - INFO - Epoch 24/40 - Loss: 0.6607
2025-04-14 12:43:57,794 - INFO - Epoch 25/40 - Loss: 0.6061
2025-04-14 12:43:57,898 - INFO - Epoch 26/40 - Loss: 0.5677
2025-04-14 12:43:58,007 - INFO - Epoch 27/40 - Loss: 0.5564
2025-04-14 12:43:58,118 - INFO - Epoch 28/40 - Loss: 0.5044
2025-04-14 12:43:58,233 - INFO - Epoch 29/40 - Loss: 0.4915
2025-04-14 12:43:58,350 - INFO - Epoch 30/40 - Loss: 0.4785
2025-04-14 12:43:58,468 - INFO - Epoch 31/40 - Loss: 0.4566
2025-04-14 12:43:58,595 - INFO - Epoch 32/40 - Loss: 0.4917
2025-04-14 12:43:58,719 - INFO - Epoch 33/40 - Loss: 0.4900
2025-04-14 12:43:58,845 - INFO - Epoch 34/40 - Loss: 0.4600
2025-04-14 12:43:58,976 - INFO - Epoch 35/40 - Loss: 0.4658
2025-04-14 12:43:59,109 - INFO - Epoch 36/40 - Loss: 0.4409
2025-04-14 12:43:59,236 - INFO - Epoch 37/40 - Loss: 0.4258
2025-04-14 12:43:59,369 - INFO - Epoch 38/40 - Loss: 0.4281
2025-04-14 12:43:59,506 - INFO - Epoch 39/40 - Loss: 0.4488
2025-04-14 12:43:59,640 - INFO - Epoch 40/40 - Loss: 0.4548
2025-04-14 12:44:00,049 - INFO - Validation R² (Fold 4): 0.9200
2025-04-14 12:44:00,050 - INFO - 
Average R² across folds: 0.9227
2025-04-14 12:44:00,050 - INFO - Best R² across folds: 0.9305
2025-04-14 12:44:00,052 - INFO - 

2025-04-14 12:44:00,053 - INFO - 
Fold 1/4
2025-04-14 12:44:00,160 - INFO - Epoch 1/30 - Loss: 1.3371
2025-04-14 12:44:00,260 - INFO - Epoch 2/30 - Loss: 1.2338
2025-04-14 12:44:00,360 - INFO - Epoch 3/30 - Loss: 1.1910
2025-04-14 12:44:00,462 - INFO - Epoch 4/30 - Loss: 1.1605
2025-04-14 12:44:00,565 - INFO - Epoch 5/30 - Loss: 1.1309
2025-04-14 12:44:00,667 - INFO - Epoch 6/30 - Loss: 1.1012
2025-04-14 12:44:00,768 - INFO - Epoch 7/30 - Loss: 1.0698
2025-04-14 12:44:00,870 - INFO - Epoch 8/30 - Loss: 1.0379
2025-04-14 12:44:00,971 - INFO - Epoch 9/30 - Loss: 1.0035
2025-04-14 12:44:01,073 - INFO - Epoch 10/30 - Loss: 0.9677
2025-04-14 12:44:01,174 - INFO - Epoch 11/30 - Loss: 0.9281
2025-04-14 12:44:01,275 - INFO - Epoch 12/30 - Loss: 0.8859
2025-04-14 12:44:01,376 - INFO - Epoch 13/30 - Loss: 0.8369
2025-04-14 12:44:01,477 - INFO - Epoch 14/30 - Loss: 0.7784
2025-04-14 12:44:01,578 - INFO - Epoch 15/30 - Loss: 0.7137
2025-04-14 12:44:01,679 - INFO - Epoch 16/30 - Loss: 0.6426
2025-04-14 12:44:01,781 - INFO - Epoch 17/30 - Loss: 0.5641
2025-04-14 12:44:01,882 - INFO - Epoch 18/30 - Loss: 0.4982
2025-04-14 12:44:01,991 - INFO - Epoch 19/30 - Loss: 0.4831
2025-04-14 12:44:02,102 - INFO - Epoch 20/30 - Loss: 0.4171
2025-04-14 12:44:02,228 - INFO - Epoch 21/30 - Loss: 0.4554
2025-04-14 12:44:02,357 - INFO - Epoch 22/30 - Loss: 0.4273
2025-04-14 12:44:02,491 - INFO - Epoch 23/30 - Loss: 0.4567
2025-04-14 12:44:02,638 - INFO - Epoch 24/30 - Loss: 0.4560
2025-04-14 12:44:02,797 - INFO - Epoch 25/30 - Loss: 0.5502
2025-04-14 12:44:02,978 - INFO - Epoch 26/30 - Loss: 0.6293
2025-04-14 12:44:03,154 - INFO - Epoch 27/30 - Loss: 0.6041
2025-04-14 12:44:03,362 - INFO - Epoch 28/30 - Loss: 0.6925
2025-04-14 12:44:03,577 - INFO - Epoch 29/30 - Loss: 0.7472
2025-04-14 12:44:03,805 - INFO - Epoch 30/30 - Loss: 0.7949
2025-04-14 12:44:04,940 - INFO - Validation R² (Fold 1): 0.9146
2025-04-14 12:44:04,941 - INFO - 
Fold 2/4
2025-04-14 12:44:05,047 - INFO - Epoch 1/30 - Loss: 1.0803
2025-04-14 12:44:05,149 - INFO - Epoch 2/30 - Loss: 1.0506
2025-04-14 12:44:05,251 - INFO - Epoch 3/30 - Loss: 1.0180
2025-04-14 12:44:05,352 - INFO - Epoch 4/30 - Loss: 0.9842
2025-04-14 12:44:05,452 - INFO - Epoch 5/30 - Loss: 0.9473
2025-04-14 12:44:05,553 - INFO - Epoch 6/30 - Loss: 0.9070
2025-04-14 12:44:05,654 - INFO - Epoch 7/30 - Loss: 0.8614
2025-04-14 12:44:05,758 - INFO - Epoch 8/30 - Loss: 0.8098
2025-04-14 12:44:05,864 - INFO - Epoch 9/30 - Loss: 0.7441
2025-04-14 12:44:05,967 - INFO - Epoch 10/30 - Loss: 0.6798
2025-04-14 12:44:06,073 - INFO - Epoch 11/30 - Loss: 0.6021
2025-04-14 12:44:06,177 - INFO - Epoch 12/30 - Loss: 0.5438
2025-04-14 12:44:06,282 - INFO - Epoch 13/30 - Loss: 0.4792
2025-04-14 12:44:06,387 - INFO - Epoch 14/30 - Loss: 0.4347
2025-04-14 12:44:06,495 - INFO - Epoch 15/30 - Loss: 0.3997
2025-04-14 12:44:06,608 - INFO - Epoch 16/30 - Loss: 0.4141
2025-04-14 12:44:06,734 - INFO - Epoch 17/30 - Loss: 0.4488
2025-04-14 12:44:06,861 - INFO - Epoch 18/30 - Loss: 0.4439
2025-04-14 12:44:07,018 - INFO - Epoch 19/30 - Loss: 0.5714
2025-04-14 12:44:07,153 - INFO - Epoch 20/30 - Loss: 0.4888
2025-04-14 12:44:07,327 - INFO - Epoch 21/30 - Loss: 0.6341
2025-04-14 12:44:07,527 - INFO - Epoch 22/30 - Loss: 0.7090
2025-04-14 12:44:07,734 - INFO - Epoch 23/30 - Loss: 0.7769
2025-04-14 12:44:07,985 - INFO - Epoch 24/30 - Loss: 0.8912
2025-04-14 12:44:08,276 - INFO - Epoch 25/30 - Loss: 1.0269
2025-04-14 12:44:08,545 - INFO - Epoch 26/30 - Loss: 1.0263
2025-04-14 12:44:08,866 - INFO - Epoch 27/30 - Loss: 1.1448
2025-04-14 12:44:09,197 - INFO - Epoch 28/30 - Loss: 1.2077
2025-04-14 12:44:09,560 - INFO - Epoch 29/30 - Loss: 1.3155
2025-04-14 12:44:09,977 - INFO - Epoch 30/30 - Loss: 1.4016
2025-04-14 12:44:11,109 - INFO - Validation R² (Fold 2): 0.1038
2025-04-14 12:44:11,109 - INFO - 
Fold 3/4
2025-04-14 12:44:11,214 - INFO - Epoch 1/30 - Loss: 1.2319
2025-04-14 12:44:11,308 - INFO - Epoch 2/30 - Loss: 1.1875
2025-04-14 12:44:11,405 - INFO - Epoch 3/30 - Loss: 1.1500
2025-04-14 12:44:11,504 - INFO - Epoch 4/30 - Loss: 1.1143
2025-04-14 12:44:11,604 - INFO - Epoch 5/30 - Loss: 1.0781
2025-04-14 12:44:11,703 - INFO - Epoch 6/30 - Loss: 1.0404
2025-04-14 12:44:11,798 - INFO - Epoch 7/30 - Loss: 1.0016
2025-04-14 12:44:11,895 - INFO - Epoch 8/30 - Loss: 0.9613
2025-04-14 12:44:11,996 - INFO - Epoch 9/30 - Loss: 0.9167
2025-04-14 12:44:12,095 - INFO - Epoch 10/30 - Loss: 0.8607
2025-04-14 12:44:12,193 - INFO - Epoch 11/30 - Loss: 0.8032
2025-04-14 12:44:12,288 - INFO - Epoch 12/30 - Loss: 0.7376
2025-04-14 12:44:12,394 - INFO - Epoch 13/30 - Loss: 0.6332
2025-04-14 12:44:12,499 - INFO - Epoch 14/30 - Loss: 0.5468
2025-04-14 12:44:12,604 - INFO - Epoch 15/30 - Loss: 0.4645
2025-04-14 12:44:12,714 - INFO - Epoch 16/30 - Loss: 0.4259
2025-04-14 12:44:12,818 - INFO - Epoch 17/30 - Loss: 0.3482
2025-04-14 12:44:12,936 - INFO - Epoch 18/30 - Loss: 0.3867
2025-04-14 12:44:13,064 - INFO - Epoch 19/30 - Loss: 0.3960
2025-04-14 12:44:13,188 - INFO - Epoch 20/30 - Loss: 0.3696
2025-04-14 12:44:13,343 - INFO - Epoch 21/30 - Loss: 0.4835
2025-04-14 12:44:13,497 - INFO - Epoch 22/30 - Loss: 0.4751
2025-04-14 12:44:13,666 - INFO - Epoch 23/30 - Loss: 0.5455
2025-04-14 12:44:13,873 - INFO - Epoch 24/30 - Loss: 0.6892
2025-04-14 12:44:14,087 - INFO - Epoch 25/30 - Loss: 0.7421
2025-04-14 12:44:14,294 - INFO - Epoch 26/30 - Loss: 0.7681
2025-04-14 12:44:14,525 - INFO - Epoch 27/30 - Loss: 0.8471
2025-04-14 12:44:14,763 - INFO - Epoch 28/30 - Loss: 0.8801
2025-04-14 12:44:15,025 - INFO - Epoch 29/30 - Loss: 0.9592
2025-04-14 12:44:15,287 - INFO - Epoch 30/30 - Loss: 0.9973
2025-04-14 12:44:16,435 - INFO - Validation R² (Fold 3): 0.8638
2025-04-14 12:44:16,435 - INFO - 
Fold 4/4
2025-04-14 12:44:16,546 - INFO - Epoch 1/30 - Loss: 1.2363
2025-04-14 12:44:16,647 - INFO - Epoch 2/30 - Loss: 1.1881
2025-04-14 12:44:16,752 - INFO - Epoch 3/30 - Loss: 1.1526
2025-04-14 12:44:16,857 - INFO - Epoch 4/30 - Loss: 1.1192
2025-04-14 12:44:16,962 - INFO - Epoch 5/30 - Loss: 1.0850
2025-04-14 12:44:17,067 - INFO - Epoch 6/30 - Loss: 1.0499
2025-04-14 12:44:17,173 - INFO - Epoch 7/30 - Loss: 1.0124
2025-04-14 12:44:17,276 - INFO - Epoch 8/30 - Loss: 0.9728
2025-04-14 12:44:17,383 - INFO - Epoch 9/30 - Loss: 0.9299
2025-04-14 12:44:17,490 - INFO - Epoch 10/30 - Loss: 0.8808
2025-04-14 12:44:17,595 - INFO - Epoch 11/30 - Loss: 0.8221
2025-04-14 12:44:17,698 - INFO - Epoch 12/30 - Loss: 0.7335
2025-04-14 12:44:17,804 - INFO - Epoch 13/30 - Loss: 0.6674
2025-04-14 12:44:17,907 - INFO - Epoch 14/30 - Loss: 0.5736
2025-04-14 12:44:18,013 - INFO - Epoch 15/30 - Loss: 0.4794
2025-04-14 12:44:18,117 - INFO - Epoch 16/30 - Loss: 0.4273
2025-04-14 12:44:18,224 - INFO - Epoch 17/30 - Loss: 0.3427
2025-04-14 12:44:18,345 - INFO - Epoch 18/30 - Loss: 0.3967
2025-04-14 12:44:18,471 - INFO - Epoch 19/30 - Loss: 0.3787
2025-04-14 12:44:18,604 - INFO - Epoch 20/30 - Loss: 0.3783
2025-04-14 12:44:18,748 - INFO - Epoch 21/30 - Loss: 0.4536
2025-04-14 12:44:18,907 - INFO - Epoch 22/30 - Loss: 0.5022
2025-04-14 12:44:19,087 - INFO - Epoch 23/30 - Loss: 0.6146
2025-04-14 12:44:19,305 - INFO - Epoch 24/30 - Loss: 0.7448
2025-04-14 12:44:19,507 - INFO - Epoch 25/30 - Loss: 0.7347
2025-04-14 12:44:19,723 - INFO - Epoch 26/30 - Loss: 0.7736
2025-04-14 12:44:19,957 - INFO - Epoch 27/30 - Loss: 0.8239
2025-04-14 12:44:20,187 - INFO - Epoch 28/30 - Loss: 0.8672
2025-04-14 12:44:20,447 - INFO - Epoch 29/30 - Loss: 0.9289
2025-04-14 12:44:20,704 - INFO - Epoch 30/30 - Loss: 0.9565
2025-04-14 12:44:21,853 - INFO - Validation R² (Fold 4): 0.7496
2025-04-14 12:44:21,853 - INFO - 
Average R² across folds: 0.6579
2025-04-14 12:44:21,853 - INFO - Best R² across folds: 0.9146
2025-04-14 12:44:21,856 - INFO - Generated 2193 points with 500m resolution
