2024-11-30 19:54:14,561 - INFO - Namespace(data_dir='data', city='San Francisco', fixed_noise=0.1, output_dir='results', log_level='DEBUG')
2024-11-30 19:54:14,750 - INFO - Training data shape: torch.Size([20724, 2]), torch.Size([20724])
2024-11-30 19:54:15,857 - INFO - Starting training
2024-11-30 19:55:58,409 - INFO - Iter 1/50 - Loss:  0.577    0.693
2024-11-30 19:57:17,432 - INFO - Iter 2/50 - Loss:  0.521    0.644
2024-11-30 19:58:21,246 - INFO - Iter 3/50 - Loss:  0.468    0.598
2024-11-30 19:59:30,957 - INFO - Iter 4/50 - Loss:  0.419    0.555
2024-11-30 20:00:42,023 - INFO - Iter 5/50 - Loss:  0.375    0.514
2024-11-30 20:02:02,272 - INFO - Iter 6/50 - Loss:  0.333    0.475
2024-11-30 20:03:05,793 - INFO - Iter 7/50 - Loss:  0.295    0.440
2024-11-30 20:04:13,190 - INFO - Iter 8/50 - Loss:  0.262    0.406
2024-11-30 20:05:27,286 - INFO - Iter 9/50 - Loss:  0.231    0.375
2024-11-30 20:06:40,538 - INFO - Iter 10/50 - Loss:  0.201    0.347
2024-11-30 20:07:38,213 - INFO - Iter 11/50 - Loss:  0.169    0.320
2024-11-30 20:08:49,675 - INFO - Iter 12/50 - Loss:  0.134    0.296
2024-11-30 20:09:52,515 - INFO - Iter 13/50 - Loss:  0.096    0.272
2024-11-30 20:11:21,192 - INFO - Iter 14/50 - Loss:  0.067    0.250
2024-11-30 20:14:34,554 - INFO - Iter 15/50 - Loss:  0.021    0.230
2024-11-30 20:21:29,474 - INFO - Iter 16/50 - Loss:  0.000    0.210
2024-11-30 20:47:46,265 - INFO - Iter 17/50 - Loss: -0.039    0.193
2024-11-30 21:53:03,414 - INFO - Iter 18/50 - Loss: -0.061    0.176
2024-11-30 22:58:29,652 - INFO - Iter 19/50 - Loss: -0.099    0.161
2024-11-30 23:10:15,024 - INFO - Iter 20/50 - Loss: -0.099    0.147
2024-11-30 23:49:24,929 - INFO - Iter 21/50 - Loss: -0.117    0.135
2024-12-01 00:01:53,206 - INFO - Iter 22/50 - Loss: -0.111    0.124
2024-12-01 00:11:42,316 - INFO - Iter 23/50 - Loss: -0.113    0.114
2024-12-01 00:43:24,780 - INFO - Iter 24/50 - Loss: -0.107    0.106
2024-12-01 00:44:39,522 - INFO - Iter 25/50 - Loss: -0.109    0.098
